{"D:\\TechWorld\\All Projects\\ATS RESUME BUILDER\\server\\src\\config\\agent.tools.js": {"path":"D:\\TechWorld\\All Projects\\ATS RESUME BUILDER\\server\\src\\config\\agent.tools.js","statementMap":{"0":{"start":{"line":7,"column":32},"end":{"line":121,"column":1}},"1":{"start":{"line":9,"column":34},"end":{"line":47,"column":4}},"2":{"start":{"line":33,"column":8},"end":{"line":37,"column":23}},"3":{"start":{"line":39,"column":6},"end":{"line":41,"column":9}},"4":{"start":{"line":43,"column":6},"end":{"line":43,"column":77}},"5":{"start":{"line":45,"column":6},"end":{"line":45,"column":60}},"6":{"start":{"line":50,"column":34},"end":{"line":71,"column":4}},"7":{"start":{"line":62,"column":21},"end":{"line":68,"column":8}},"8":{"start":{"line":69,"column":6},"end":{"line":69,"column":36}},"9":{"start":{"line":74,"column":26},"end":{"line":96,"column":4}},"10":{"start":{"line":85,"column":21},"end":{"line":85,"column":60}},"11":{"start":{"line":86,"column":21},"end":{"line":90,"column":8}},"12":{"start":{"line":91,"column":6},"end":{"line":94,"column":9}},"13":{"start":{"line":99,"column":30},"end":{"line":113,"column":4}},"14":{"start":{"line":105,"column":21},"end":{"line":105,"column":60}},"15":{"start":{"line":106,"column":21},"end":{"line":110,"column":8}},"16":{"start":{"line":111,"column":6},"end":{"line":111,"column":36}},"17":{"start":{"line":115,"column":2},"end":{"line":120,"column":4}}},"fnMap":{"0":{"name":"(anonymous_0)","decl":{"start":{"line":7,"column":32},"end":{"line":7,"column":33}},"loc":{"start":{"line":7,"column":56},"end":{"line":121,"column":1}},"line":7},"1":{"name":"(anonymous_1)","decl":{"start":{"line":31,"column":10},"end":{"line":31,"column":11}},"loc":{"start":{"line":31,"column":50},"end":{"line":46,"column":5}},"line":31},"2":{"name":"(anonymous_2)","decl":{"start":{"line":61,"column":10},"end":{"line":61,"column":11}},"loc":{"start":{"line":61,"column":54},"end":{"line":70,"column":5}},"line":61},"3":{"name":"(anonymous_3)","decl":{"start":{"line":84,"column":10},"end":{"line":84,"column":11}},"loc":{"start":{"line":84,"column":40},"end":{"line":95,"column":5}},"line":84},"4":{"name":"(anonymous_4)","decl":{"start":{"line":104,"column":10},"end":{"line":104,"column":11}},"loc":{"start":{"line":104,"column":22},"end":{"line":112,"column":5}},"line":104}},"branchMap":{"0":{"loc":{"start":{"line":33,"column":8},"end":{"line":37,"column":23}},"type":"cond-expr","locations":[{"start":{"line":36,"column":12},"end":{"line":36,"column":28}},{"start":{"line":37,"column":12},"end":{"line":37,"column":23}}],"line":33},"1":{"loc":{"start":{"line":33,"column":8},"end":{"line":35,"column":24}},"type":"binary-expr","locations":[{"start":{"line":33,"column":8},"end":{"line":33,"column":33}},{"start":{"line":34,"column":8},"end":{"line":34,"column":39}},{"start":{"line":35,"column":8},"end":{"line":35,"column":24}}],"line":33},"2":{"loc":{"start":{"line":63,"column":23},"end":{"line":63,"column":42}},"type":"binary-expr","locations":[{"start":{"line":63,"column":23},"end":{"line":63,"column":36}},{"start":{"line":63,"column":40},"end":{"line":63,"column":42}}],"line":63},"3":{"loc":{"start":{"line":64,"column":17},"end":{"line":64,"column":30}},"type":"binary-expr","locations":[{"start":{"line":64,"column":17},"end":{"line":64,"column":24}},{"start":{"line":64,"column":28},"end":{"line":64,"column":30}}],"line":64},"4":{"loc":{"start":{"line":65,"column":14},"end":{"line":65,"column":24}},"type":"binary-expr","locations":[{"start":{"line":65,"column":14},"end":{"line":65,"column":18}},{"start":{"line":65,"column":22},"end":{"line":65,"column":24}}],"line":65},"5":{"loc":{"start":{"line":66,"column":20},"end":{"line":66,"column":44}},"type":"binary-expr","locations":[{"start":{"line":66,"column":20},"end":{"line":66,"column":38}},{"start":{"line":66,"column":42},"end":{"line":66,"column":44}}],"line":66},"6":{"loc":{"start":{"line":67,"column":24},"end":{"line":67,"column":52}},"type":"binary-expr","locations":[{"start":{"line":67,"column":24},"end":{"line":67,"column":46}},{"start":{"line":67,"column":50},"end":{"line":67,"column":52}}],"line":67},"7":{"loc":{"start":{"line":87,"column":18},"end":{"line":87,"column":40}},"type":"binary-expr","locations":[{"start":{"line":87,"column":18},"end":{"line":87,"column":34}},{"start":{"line":87,"column":38},"end":{"line":87,"column":40}}],"line":87},"8":{"loc":{"start":{"line":88,"column":24},"end":{"line":88,"column":70}},"type":"binary-expr","locations":[{"start":{"line":88,"column":24},"end":{"line":88,"column":38}},{"start":{"line":88,"column":42},"end":{"line":88,"column":64}},{"start":{"line":88,"column":68},"end":{"line":88,"column":70}}],"line":88},"9":{"loc":{"start":{"line":89,"column":20},"end":{"line":89,"column":44}},"type":"binary-expr","locations":[{"start":{"line":89,"column":20},"end":{"line":89,"column":38}},{"start":{"line":89,"column":42},"end":{"line":89,"column":44}}],"line":89},"10":{"loc":{"start":{"line":93,"column":21},"end":{"line":93,"column":45}},"type":"binary-expr","locations":[{"start":{"line":93,"column":21},"end":{"line":93,"column":39}},{"start":{"line":93,"column":43},"end":{"line":93,"column":45}}],"line":93},"11":{"loc":{"start":{"line":107,"column":18},"end":{"line":107,"column":40}},"type":"binary-expr","locations":[{"start":{"line":107,"column":18},"end":{"line":107,"column":34}},{"start":{"line":107,"column":38},"end":{"line":107,"column":40}}],"line":107},"12":{"loc":{"start":{"line":108,"column":20},"end":{"line":108,"column":44}},"type":"binary-expr","locations":[{"start":{"line":108,"column":20},"end":{"line":108,"column":38}},{"start":{"line":108,"column":42},"end":{"line":108,"column":44}}],"line":108},"13":{"loc":{"start":{"line":109,"column":24},"end":{"line":109,"column":52}},"type":"binary-expr","locations":[{"start":{"line":109,"column":24},"end":{"line":109,"column":46}},{"start":{"line":109,"column":50},"end":{"line":109,"column":52}}],"line":109}},"s":{"0":0,"1":0,"2":0,"3":0,"4":0,"5":0,"6":0,"7":0,"8":0,"9":0,"10":0,"11":0,"12":0,"13":0,"14":0,"15":0,"16":0,"17":0},"f":{"0":0,"1":0,"2":0,"3":0,"4":0},"b":{"0":[0,0],"1":[0,0,0],"2":[0,0],"3":[0,0],"4":[0,0],"5":[0,0],"6":[0,0],"7":[0,0],"8":[0,0,0],"9":[0,0],"10":[0,0],"11":[0,0],"12":[0,0],"13":[0,0]},"inputSourceMap":null}
,"D:\\TechWorld\\All Projects\\ATS RESUME BUILDER\\server\\src\\config\\db.config.js": {"path":"D:\\TechWorld\\All Projects\\ATS RESUME BUILDER\\server\\src\\config\\db.config.js","statementMap":{"0":{"start":{"line":9,"column":18},"end":{"line":23,"column":1}},"1":{"start":{"line":10,"column":2},"end":{"line":22,"column":3}},"2":{"start":{"line":11,"column":21},"end":{"line":11,"column":44}},"3":{"start":{"line":13,"column":4},"end":{"line":15,"column":5}},"4":{"start":{"line":14,"column":6},"end":{"line":14,"column":70}},"5":{"start":{"line":17,"column":17},"end":{"line":17,"column":49}},"6":{"start":{"line":18,"column":4},"end":{"line":18,"column":62}},"7":{"start":{"line":20,"column":4},"end":{"line":20,"column":63}},"8":{"start":{"line":21,"column":4},"end":{"line":21,"column":20}}},"fnMap":{"0":{"name":"(anonymous_0)","decl":{"start":{"line":9,"column":18},"end":{"line":9,"column":19}},"loc":{"start":{"line":9,"column":30},"end":{"line":23,"column":1}},"line":9}},"branchMap":{"0":{"loc":{"start":{"line":13,"column":4},"end":{"line":15,"column":5}},"type":"if","locations":[{"start":{"line":13,"column":4},"end":{"line":15,"column":5}},{"start":{},"end":{}}],"line":13}},"s":{"0":0,"1":0,"2":0,"3":0,"4":0,"5":0,"6":0,"7":0,"8":0},"f":{"0":0},"b":{"0":[0,0]},"inputSourceMap":null}
,"D:\\TechWorld\\All Projects\\ATS RESUME BUILDER\\server\\src\\config\\gemini.config.js": {"path":"D:\\TechWorld\\All Projects\\ATS RESUME BUILDER\\server\\src\\config\\gemini.config.js","statementMap":{"0":{"start":{"line":4,"column":19},"end":{"line":4,"column":54}},"1":{"start":{"line":6,"column":18},"end":{"line":9,"column":1}},"2":{"start":{"line":11,"column":13},"end":{"line":11,"column":17}},"3":{"start":{"line":12,"column":24},"end":{"line":21,"column":1}},"4":{"start":{"line":13,"column":2},"end":{"line":19,"column":3}},"5":{"start":{"line":14,"column":4},"end":{"line":18,"column":7}},"6":{"start":{"line":20,"column":2},"end":{"line":20,"column":16}},"7":{"start":{"line":26,"column":24},"end":{"line":74,"column":1}},"8":{"start":{"line":27,"column":2},"end":{"line":29,"column":3}},"9":{"start":{"line":28,"column":4},"end":{"line":28,"column":131}},"10":{"start":{"line":31,"column":2},"end":{"line":33,"column":3}},"11":{"start":{"line":32,"column":4},"end":{"line":32,"column":51}},"12":{"start":{"line":35,"column":17},"end":{"line":35,"column":34}},"13":{"start":{"line":37,"column":2},"end":{"line":73,"column":3}},"14":{"start":{"line":38,"column":23},"end":{"line":50,"column":6}},"15":{"start":{"line":52,"column":20},"end":{"line":52,"column":61}},"16":{"start":{"line":54,"column":4},"end":{"line":56,"column":5}},"17":{"start":{"line":55,"column":6},"end":{"line":55,"column":70}},"18":{"start":{"line":58,"column":4},"end":{"line":58,"column":19}},"19":{"start":{"line":61,"column":4},"end":{"line":68,"column":6}},"20":{"start":{"line":70,"column":4},"end":{"line":72,"column":6}}},"fnMap":{"0":{"name":"(anonymous_0)","decl":{"start":{"line":12,"column":24},"end":{"line":12,"column":25}},"loc":{"start":{"line":12,"column":30},"end":{"line":21,"column":1}},"line":12},"1":{"name":"(anonymous_1)","decl":{"start":{"line":26,"column":24},"end":{"line":26,"column":25}},"loc":{"start":{"line":26,"column":42},"end":{"line":74,"column":1}},"line":26}},"branchMap":{"0":{"loc":{"start":{"line":7,"column":2},"end":{"line":7,"column":39}},"type":"binary-expr","locations":[{"start":{"line":7,"column":2},"end":{"line":7,"column":28}},{"start":{"line":7,"column":32},"end":{"line":7,"column":39}}],"line":7},"1":{"loc":{"start":{"line":13,"column":2},"end":{"line":19,"column":3}},"type":"if","locations":[{"start":{"line":13,"column":2},"end":{"line":19,"column":3}},{"start":{},"end":{}}],"line":13},"2":{"loc":{"start":{"line":15,"column":14},"end":{"line":15,"column":81}},"type":"cond-expr","locations":[{"start":{"line":15,"column":43},"end":{"line":15,"column":76}},{"start":{"line":15,"column":79},"end":{"line":15,"column":81}}],"line":15},"3":{"loc":{"start":{"line":27,"column":2},"end":{"line":29,"column":3}},"type":"if","locations":[{"start":{"line":27,"column":2},"end":{"line":29,"column":3}},{"start":{},"end":{}}],"line":27},"4":{"loc":{"start":{"line":31,"column":2},"end":{"line":33,"column":3}},"type":"if","locations":[{"start":{"line":31,"column":2},"end":{"line":33,"column":3}},{"start":{},"end":{}}],"line":31},"5":{"loc":{"start":{"line":31,"column":6},"end":{"line":31,"column":43}},"type":"binary-expr","locations":[{"start":{"line":31,"column":6},"end":{"line":31,"column":13}},{"start":{"line":31,"column":17},"end":{"line":31,"column":43}}],"line":31},"6":{"loc":{"start":{"line":54,"column":4},"end":{"line":56,"column":5}},"type":"if","locations":[{"start":{"line":54,"column":4},"end":{"line":56,"column":5}},{"start":{},"end":{}}],"line":54}},"s":{"0":1,"1":1,"2":1,"3":1,"4":0,"5":0,"6":0,"7":1,"8":0,"9":0,"10":0,"11":0,"12":0,"13":0,"14":0,"15":0,"16":0,"17":0,"18":0,"19":0,"20":0},"f":{"0":0,"1":0},"b":{"0":[1,1],"1":[0,0],"2":[0,0],"3":[0,0],"4":[0,0],"5":[0,0],"6":[0,0]},"inputSourceMap":null,"_coverageSchema":"1a1c01bbd47fc00a2c39e90264f33305004495a9","hash":"dbbe4d536d5872a92924d34a7fb9762a6d1dc3e3"}
,"D:\\TechWorld\\All Projects\\ATS RESUME BUILDER\\server\\src\\config\\google.config.js": {"path":"D:\\TechWorld\\All Projects\\ATS RESUME BUILDER\\server\\src\\config\\google.config.js","statementMap":{"0":{"start":{"line":8,"column":21},"end":{"line":8,"column":67}},"1":{"start":{"line":11,"column":26},"end":{"line":66,"column":1}},"2":{"start":{"line":12,"column":2},"end":{"line":65,"column":3}},"3":{"start":{"line":14,"column":4},"end":{"line":59,"column":5}},"4":{"start":{"line":15,"column":21},"end":{"line":18,"column":8}},"5":{"start":{"line":19,"column":22},"end":{"line":19,"column":41}},"6":{"start":{"line":20,"column":6},"end":{"line":25,"column":8}},"7":{"start":{"line":27,"column":23},"end":{"line":51,"column":8}},"8":{"start":{"line":28,"column":24},"end":{"line":35,"column":9}},"9":{"start":{"line":37,"column":20},"end":{"line":47,"column":10}},"10":{"start":{"line":38,"column":21},"end":{"line":38,"column":23}},"11":{"start":{"line":39,"column":10},"end":{"line":39,"column":56}},"12":{"start":{"line":39,"column":38},"end":{"line":39,"column":52}},"13":{"start":{"line":40,"column":10},"end":{"line":46,"column":13}},"14":{"start":{"line":41,"column":12},"end":{"line":45,"column":13}},"15":{"start":{"line":42,"column":14},"end":{"line":42,"column":73}},"16":{"start":{"line":42,"column":20},"end":{"line":42,"column":46}},"17":{"start":{"line":42,"column":61},"end":{"line":42,"column":71}},"18":{"start":{"line":44,"column":14},"end":{"line":44,"column":90}},"19":{"start":{"line":49,"column":8},"end":{"line":49,"column":42}},"20":{"start":{"line":49,"column":31},"end":{"line":49,"column":40}},"21":{"start":{"line":50,"column":8},"end":{"line":50,"column":18}},"22":{"start":{"line":53,"column":6},"end":{"line":58,"column":8}},"23":{"start":{"line":62,"column":22},"end":{"line":62,"column":55}},"24":{"start":{"line":63,"column":4},"end":{"line":63,"column":31}},"25":{"start":{"line":64,"column":4},"end":{"line":64,"column":20}}},"fnMap":{"0":{"name":"(anonymous_0)","decl":{"start":{"line":11,"column":26},"end":{"line":11,"column":27}},"loc":{"start":{"line":11,"column":43},"end":{"line":66,"column":1}},"line":11},"1":{"name":"(anonymous_1)","decl":{"start":{"line":27,"column":41},"end":{"line":27,"column":42}},"loc":{"start":{"line":27,"column":62},"end":{"line":51,"column":7}},"line":27},"2":{"name":"(anonymous_2)","decl":{"start":{"line":37,"column":43},"end":{"line":37,"column":44}},"loc":{"start":{"line":37,"column":52},"end":{"line":47,"column":9}},"line":37},"3":{"name":"(anonymous_3)","decl":{"start":{"line":39,"column":25},"end":{"line":39,"column":26}},"loc":{"start":{"line":39,"column":36},"end":{"line":39,"column":54}},"line":39},"4":{"name":"(anonymous_4)","decl":{"start":{"line":40,"column":24},"end":{"line":40,"column":25}},"loc":{"start":{"line":40,"column":30},"end":{"line":46,"column":11}},"line":40},"5":{"name":"(anonymous_5)","decl":{"start":{"line":49,"column":24},"end":{"line":49,"column":25}},"loc":{"start":{"line":49,"column":31},"end":{"line":49,"column":40}},"line":49}},"branchMap":{"0":{"loc":{"start":{"line":41,"column":12},"end":{"line":45,"column":13}},"type":"if","locations":[{"start":{"line":41,"column":12},"end":{"line":45,"column":13}},{"start":{"line":43,"column":19},"end":{"line":45,"column":13}}],"line":41},"1":{"loc":{"start":{"line":41,"column":16},"end":{"line":41,"column":61}},"type":"binary-expr","locations":[{"start":{"line":41,"column":16},"end":{"line":41,"column":37}},{"start":{"line":41,"column":41},"end":{"line":41,"column":61}}],"line":41}},"s":{"0":0,"1":0,"2":0,"3":0,"4":0,"5":0,"6":0,"7":0,"8":0,"9":0,"10":0,"11":0,"12":0,"13":0,"14":0,"15":0,"16":0,"17":0,"18":0,"19":0,"20":0,"21":0,"22":0,"23":0,"24":0,"25":0},"f":{"0":0,"1":0,"2":0,"3":0,"4":0,"5":0},"b":{"0":[0,0],"1":[0,0]},"inputSourceMap":null}
,"D:\\TechWorld\\All Projects\\ATS RESUME BUILDER\\server\\src\\constants\\prompts.js": {"path":"D:\\TechWorld\\All Projects\\ATS RESUME BUILDER\\server\\src\\constants\\prompts.js","statementMap":{"0":{"start":{"line":1,"column":34},"end":{"line":48,"column":161}},"1":{"start":{"line":3,"column":5},"end":{"line":48,"column":161}},"2":{"start":{"line":50,"column":34},"end":{"line":78,"column":2}},"3":{"start":{"line":52,"column":5},"end":{"line":78,"column":2}},"4":{"start":{"line":80,"column":35},"end":{"line":101,"column":2}},"5":{"start":{"line":82,"column":5},"end":{"line":101,"column":2}},"6":{"start":{"line":103,"column":31},"end":{"line":138,"column":2}},"7":{"start":{"line":105,"column":5},"end":{"line":138,"column":2}},"8":{"start":{"line":140,"column":30},"end":{"line":173,"column":58}},"9":{"start":{"line":142,"column":5},"end":{"line":173,"column":58}},"10":{"start":{"line":175,"column":30},"end":{"line":206,"column":2}},"11":{"start":{"line":177,"column":5},"end":{"line":206,"column":2}},"12":{"start":{"line":208,"column":31},"end":{"line":230,"column":2}},"13":{"start":{"line":210,"column":5},"end":{"line":230,"column":2}}},"fnMap":{"0":{"name":"(anonymous_0)","decl":{"start":{"line":1,"column":34},"end":{"line":1,"column":35}},"loc":{"start":{"line":3,"column":5},"end":{"line":48,"column":161}},"line":3},"1":{"name":"(anonymous_1)","decl":{"start":{"line":50,"column":34},"end":{"line":50,"column":35}},"loc":{"start":{"line":52,"column":5},"end":{"line":78,"column":2}},"line":52},"2":{"name":"(anonymous_2)","decl":{"start":{"line":80,"column":35},"end":{"line":80,"column":36}},"loc":{"start":{"line":82,"column":5},"end":{"line":101,"column":2}},"line":82},"3":{"name":"(anonymous_3)","decl":{"start":{"line":103,"column":31},"end":{"line":103,"column":32}},"loc":{"start":{"line":105,"column":5},"end":{"line":138,"column":2}},"line":105},"4":{"name":"(anonymous_4)","decl":{"start":{"line":140,"column":30},"end":{"line":140,"column":31}},"loc":{"start":{"line":142,"column":5},"end":{"line":173,"column":58}},"line":142},"5":{"name":"(anonymous_5)","decl":{"start":{"line":175,"column":30},"end":{"line":175,"column":31}},"loc":{"start":{"line":177,"column":5},"end":{"line":206,"column":2}},"line":177},"6":{"name":"(anonymous_6)","decl":{"start":{"line":208,"column":31},"end":{"line":208,"column":32}},"loc":{"start":{"line":210,"column":5},"end":{"line":230,"column":2}},"line":210}},"branchMap":{"0":{"loc":{"start":{"line":55,"column":10},"end":{"line":55,"column":25}},"type":"binary-expr","locations":[{"start":{"line":55,"column":10},"end":{"line":55,"column":19}},{"start":{"line":55,"column":23},"end":{"line":55,"column":25}}],"line":55},"1":{"loc":{"start":{"line":55,"column":32},"end":{"line":55,"column":50}},"type":"binary-expr","locations":[{"start":{"line":55,"column":32},"end":{"line":55,"column":44}},{"start":{"line":55,"column":48},"end":{"line":55,"column":50}}],"line":55},"2":{"loc":{"start":{"line":56,"column":21},"end":{"line":56,"column":42}},"type":"binary-expr","locations":[{"start":{"line":56,"column":21},"end":{"line":56,"column":36}},{"start":{"line":56,"column":40},"end":{"line":56,"column":42}}],"line":56},"3":{"loc":{"start":{"line":57,"column":30},"end":{"line":57,"column":55}},"type":"binary-expr","locations":[{"start":{"line":57,"column":30},"end":{"line":57,"column":49}},{"start":{"line":57,"column":53},"end":{"line":57,"column":55}}],"line":57},"4":{"loc":{"start":{"line":60,"column":2},"end":{"line":60,"column":26}},"type":"binary-expr","locations":[{"start":{"line":60,"column":2},"end":{"line":60,"column":20}},{"start":{"line":60,"column":24},"end":{"line":60,"column":26}}],"line":60},"5":{"loc":{"start":{"line":85,"column":17},"end":{"line":85,"column":36}},"type":"binary-expr","locations":[{"start":{"line":85,"column":17},"end":{"line":85,"column":30}},{"start":{"line":85,"column":34},"end":{"line":85,"column":36}}],"line":85},"6":{"loc":{"start":{"line":87,"column":15},"end":{"line":87,"column":36}},"type":"binary-expr","locations":[{"start":{"line":87,"column":15},"end":{"line":87,"column":30}},{"start":{"line":87,"column":34},"end":{"line":87,"column":36}}],"line":87},"7":{"loc":{"start":{"line":88,"column":19},"end":{"line":88,"column":44}},"type":"binary-expr","locations":[{"start":{"line":88,"column":19},"end":{"line":88,"column":38}},{"start":{"line":88,"column":42},"end":{"line":88,"column":44}}],"line":88},"8":{"loc":{"start":{"line":108,"column":17},"end":{"line":108,"column":36}},"type":"binary-expr","locations":[{"start":{"line":108,"column":17},"end":{"line":108,"column":30}},{"start":{"line":108,"column":34},"end":{"line":108,"column":36}}],"line":108},"9":{"loc":{"start":{"line":111,"column":2},"end":{"line":111,"column":27}},"type":"binary-expr","locations":[{"start":{"line":111,"column":2},"end":{"line":111,"column":21}},{"start":{"line":111,"column":25},"end":{"line":111,"column":27}}],"line":111},"10":{"loc":{"start":{"line":113,"column":15},"end":{"line":113,"column":36}},"type":"binary-expr","locations":[{"start":{"line":113,"column":15},"end":{"line":113,"column":30}},{"start":{"line":113,"column":34},"end":{"line":113,"column":36}}],"line":113},"11":{"loc":{"start":{"line":116,"column":17},"end":{"line":116,"column":46}},"type":"binary-expr","locations":[{"start":{"line":116,"column":17},"end":{"line":116,"column":40}},{"start":{"line":116,"column":44},"end":{"line":116,"column":46}}],"line":116},"12":{"loc":{"start":{"line":142,"column":67},"end":{"line":142,"column":95}},"type":"binary-expr","locations":[{"start":{"line":142,"column":67},"end":{"line":142,"column":82}},{"start":{"line":142,"column":86},"end":{"line":142,"column":95}}],"line":142},"13":{"loc":{"start":{"line":145,"column":17},"end":{"line":145,"column":36}},"type":"binary-expr","locations":[{"start":{"line":145,"column":17},"end":{"line":145,"column":30}},{"start":{"line":145,"column":34},"end":{"line":145,"column":36}}],"line":145},"14":{"loc":{"start":{"line":147,"column":2},"end":{"line":147,"column":115}},"type":"cond-expr","locations":[{"start":{"line":147,"column":24},"end":{"line":147,"column":73}},{"start":{"line":147,"column":76},"end":{"line":147,"column":115}}],"line":147},"15":{"loc":{"start":{"line":180,"column":17},"end":{"line":180,"column":36}},"type":"binary-expr","locations":[{"start":{"line":180,"column":17},"end":{"line":180,"column":30}},{"start":{"line":180,"column":34},"end":{"line":180,"column":36}}],"line":180},"16":{"loc":{"start":{"line":183,"column":2},"end":{"line":183,"column":27}},"type":"binary-expr","locations":[{"start":{"line":183,"column":2},"end":{"line":183,"column":21}},{"start":{"line":183,"column":25},"end":{"line":183,"column":27}}],"line":183},"17":{"loc":{"start":{"line":185,"column":15},"end":{"line":185,"column":36}},"type":"binary-expr","locations":[{"start":{"line":185,"column":15},"end":{"line":185,"column":30}},{"start":{"line":185,"column":34},"end":{"line":185,"column":36}}],"line":185},"18":{"loc":{"start":{"line":213,"column":17},"end":{"line":213,"column":34}},"type":"binary-expr","locations":[{"start":{"line":213,"column":17},"end":{"line":213,"column":28}},{"start":{"line":213,"column":32},"end":{"line":213,"column":34}}],"line":213},"19":{"loc":{"start":{"line":216,"column":2},"end":{"line":216,"column":27}},"type":"binary-expr","locations":[{"start":{"line":216,"column":2},"end":{"line":216,"column":21}},{"start":{"line":216,"column":25},"end":{"line":216,"column":27}}],"line":216}},"s":{"0":1,"1":0,"2":1,"3":0,"4":1,"5":0,"6":1,"7":0,"8":1,"9":0,"10":1,"11":0,"12":1,"13":0},"f":{"0":0,"1":0,"2":0,"3":0,"4":0,"5":0,"6":0},"b":{"0":[0,0],"1":[0,0],"2":[0,0],"3":[0,0],"4":[0,0],"5":[0,0],"6":[0,0],"7":[0,0],"8":[0,0],"9":[0,0],"10":[0,0],"11":[0,0],"12":[0,0],"13":[0,0],"14":[0,0],"15":[0,0],"16":[0,0],"17":[0,0],"18":[0,0],"19":[0,0]},"inputSourceMap":null,"_coverageSchema":"1a1c01bbd47fc00a2c39e90264f33305004495a9","hash":"e61402d3142a7f0de315c6d17c07062bcab88e82"}
,"D:\\TechWorld\\All Projects\\ATS RESUME BUILDER\\server\\src\\controllers\\ai.controller.js": {"path":"D:\\TechWorld\\All Projects\\ATS RESUME BUILDER\\server\\src\\controllers\\ai.controller.js","statementMap":{"0":{"start":{"line":5,"column":20},"end":{"line":55,"column":1}},"1":{"start":{"line":6,"column":2},"end":{"line":54,"column":3}},"2":{"start":{"line":7,"column":51},"end":{"line":7,"column":59}},"3":{"start":{"line":9,"column":4},"end":{"line":16,"column":5}},"4":{"start":{"line":10,"column":6},"end":{"line":15,"column":11}},"5":{"start":{"line":18,"column":22},"end":{"line":22,"column":6}},"6":{"start":{"line":24,"column":4},"end":{"line":32,"column":5}},"7":{"start":{"line":25,"column":6},"end":{"line":31,"column":9}},"8":{"start":{"line":34,"column":4},"end":{"line":34,"column":66}},"9":{"start":{"line":36,"column":19},"end":{"line":36,"column":50}},"10":{"start":{"line":38,"column":19},"end":{"line":46,"column":6}},"11":{"start":{"line":48,"column":4},"end":{"line":48,"column":78}},"12":{"start":{"line":49,"column":4},"end":{"line":49,"column":29}},"13":{"start":{"line":51,"column":4},"end":{"line":51,"column":53}},"14":{"start":{"line":53,"column":4},"end":{"line":53,"column":16}},"15":{"start":{"line":57,"column":31},"end":{"line":81,"column":1}},"16":{"start":{"line":58,"column":2},"end":{"line":80,"column":3}},"17":{"start":{"line":59,"column":55},"end":{"line":59,"column":63}},"18":{"start":{"line":61,"column":4},"end":{"line":65,"column":5}},"19":{"start":{"line":62,"column":6},"end":{"line":64,"column":73}},"20":{"start":{"line":67,"column":19},"end":{"line":67,"column":68}},"21":{"start":{"line":69,"column":19},"end":{"line":75,"column":6}},"22":{"start":{"line":77,"column":4},"end":{"line":77,"column":53}},"23":{"start":{"line":79,"column":4},"end":{"line":79,"column":16}},"24":{"start":{"line":83,"column":31},"end":{"line":113,"column":1}},"25":{"start":{"line":84,"column":2},"end":{"line":112,"column":3}},"26":{"start":{"line":85,"column":25},"end":{"line":85,"column":33}},"27":{"start":{"line":87,"column":4},"end":{"line":91,"column":5}},"28":{"start":{"line":88,"column":6},"end":{"line":90,"column":68}},"29":{"start":{"line":93,"column":19},"end":{"line":96,"column":6}},"30":{"start":{"line":97,"column":4},"end":{"line":101,"column":5}},"31":{"start":{"line":98,"column":6},"end":{"line":100,"column":64}},"32":{"start":{"line":103,"column":19},"end":{"line":107,"column":6}},"33":{"start":{"line":109,"column":4},"end":{"line":109,"column":53}},"34":{"start":{"line":111,"column":4},"end":{"line":111,"column":16}},"35":{"start":{"line":115,"column":24},"end":{"line":165,"column":1}},"36":{"start":{"line":116,"column":2},"end":{"line":164,"column":3}},"37":{"start":{"line":117,"column":41},"end":{"line":117,"column":49}},"38":{"start":{"line":119,"column":4},"end":{"line":123,"column":5}},"39":{"start":{"line":120,"column":6},"end":{"line":122,"column":68}},"40":{"start":{"line":125,"column":19},"end":{"line":128,"column":6}},"41":{"start":{"line":129,"column":4},"end":{"line":133,"column":5}},"42":{"start":{"line":130,"column":6},"end":{"line":132,"column":64}},"43":{"start":{"line":135,"column":4},"end":{"line":137,"column":5}},"44":{"start":{"line":136,"column":6},"end":{"line":136,"column":45}},"45":{"start":{"line":139,"column":19},"end":{"line":143,"column":6}},"46":{"start":{"line":145,"column":29},"end":{"line":145,"column":31}},"47":{"start":{"line":146,"column":4},"end":{"line":151,"column":5}},"48":{"start":{"line":147,"column":6},"end":{"line":150,"column":7}},"49":{"start":{"line":148,"column":8},"end":{"line":149,"column":62}},"50":{"start":{"line":153,"column":4},"end":{"line":158,"column":6}},"51":{"start":{"line":159,"column":4},"end":{"line":159,"column":24}},"52":{"start":{"line":161,"column":4},"end":{"line":161,"column":53}},"53":{"start":{"line":163,"column":4},"end":{"line":163,"column":16}},"54":{"start":{"line":167,"column":22},"end":{"line":197,"column":1}},"55":{"start":{"line":168,"column":2},"end":{"line":196,"column":3}},"56":{"start":{"line":169,"column":25},"end":{"line":169,"column":33}},"57":{"start":{"line":171,"column":4},"end":{"line":175,"column":5}},"58":{"start":{"line":172,"column":6},"end":{"line":174,"column":68}},"59":{"start":{"line":177,"column":19},"end":{"line":180,"column":6}},"60":{"start":{"line":181,"column":4},"end":{"line":185,"column":5}},"61":{"start":{"line":182,"column":6},"end":{"line":184,"column":64}},"62":{"start":{"line":187,"column":19},"end":{"line":191,"column":6}},"63":{"start":{"line":193,"column":4},"end":{"line":193,"column":53}},"64":{"start":{"line":195,"column":4},"end":{"line":195,"column":16}},"65":{"start":{"line":199,"column":24},"end":{"line":235,"column":1}},"66":{"start":{"line":200,"column":2},"end":{"line":234,"column":3}},"67":{"start":{"line":201,"column":41},"end":{"line":201,"column":49}},"68":{"start":{"line":203,"column":4},"end":{"line":210,"column":5}},"69":{"start":{"line":204,"column":6},"end":{"line":209,"column":11}},"70":{"start":{"line":212,"column":19},"end":{"line":215,"column":6}},"71":{"start":{"line":216,"column":4},"end":{"line":220,"column":5}},"72":{"start":{"line":217,"column":6},"end":{"line":219,"column":64}},"73":{"start":{"line":222,"column":4},"end":{"line":222,"column":43}},"74":{"start":{"line":223,"column":4},"end":{"line":223,"column":24}},"75":{"start":{"line":225,"column":19},"end":{"line":229,"column":6}},"76":{"start":{"line":231,"column":4},"end":{"line":231,"column":53}},"77":{"start":{"line":233,"column":4},"end":{"line":233,"column":16}},"78":{"start":{"line":237,"column":25},"end":{"line":266,"column":1}},"79":{"start":{"line":238,"column":2},"end":{"line":265,"column":3}},"80":{"start":{"line":239,"column":41},"end":{"line":239,"column":49}},"81":{"start":{"line":241,"column":4},"end":{"line":245,"column":5}},"82":{"start":{"line":242,"column":6},"end":{"line":244,"column":68}},"83":{"start":{"line":247,"column":19},"end":{"line":250,"column":6}},"84":{"start":{"line":251,"column":4},"end":{"line":255,"column":5}},"85":{"start":{"line":252,"column":6},"end":{"line":254,"column":64}},"86":{"start":{"line":257,"column":19},"end":{"line":260,"column":6}},"87":{"start":{"line":262,"column":4},"end":{"line":262,"column":53}},"88":{"start":{"line":264,"column":4},"end":{"line":264,"column":16}},"89":{"start":{"line":268,"column":30},"end":{"line":281,"column":1}},"90":{"start":{"line":269,"column":2},"end":{"line":280,"column":3}},"91":{"start":{"line":270,"column":25},"end":{"line":270,"column":35}},"92":{"start":{"line":272,"column":22},"end":{"line":275,"column":30}},"93":{"start":{"line":277,"column":4},"end":{"line":277,"column":56}},"94":{"start":{"line":279,"column":4},"end":{"line":279,"column":16}}},"fnMap":{"0":{"name":"(anonymous_0)","decl":{"start":{"line":5,"column":20},"end":{"line":5,"column":21}},"loc":{"start":{"line":5,"column":46},"end":{"line":55,"column":1}},"line":5},"1":{"name":"(anonymous_1)","decl":{"start":{"line":57,"column":31},"end":{"line":57,"column":32}},"loc":{"start":{"line":57,"column":57},"end":{"line":81,"column":1}},"line":57},"2":{"name":"(anonymous_2)","decl":{"start":{"line":83,"column":31},"end":{"line":83,"column":32}},"loc":{"start":{"line":83,"column":57},"end":{"line":113,"column":1}},"line":83},"3":{"name":"(anonymous_3)","decl":{"start":{"line":115,"column":24},"end":{"line":115,"column":25}},"loc":{"start":{"line":115,"column":50},"end":{"line":165,"column":1}},"line":115},"4":{"name":"(anonymous_4)","decl":{"start":{"line":167,"column":22},"end":{"line":167,"column":23}},"loc":{"start":{"line":167,"column":48},"end":{"line":197,"column":1}},"line":167},"5":{"name":"(anonymous_5)","decl":{"start":{"line":199,"column":24},"end":{"line":199,"column":25}},"loc":{"start":{"line":199,"column":50},"end":{"line":235,"column":1}},"line":199},"6":{"name":"(anonymous_6)","decl":{"start":{"line":237,"column":25},"end":{"line":237,"column":26}},"loc":{"start":{"line":237,"column":51},"end":{"line":266,"column":1}},"line":237},"7":{"name":"(anonymous_7)","decl":{"start":{"line":268,"column":30},"end":{"line":268,"column":31}},"loc":{"start":{"line":268,"column":56},"end":{"line":281,"column":1}},"line":268}},"branchMap":{"0":{"loc":{"start":{"line":9,"column":4},"end":{"line":16,"column":5}},"type":"if","locations":[{"start":{"line":9,"column":4},"end":{"line":16,"column":5}},{"start":{},"end":{}}],"line":9},"1":{"loc":{"start":{"line":9,"column":8},"end":{"line":9,"column":29}},"type":"binary-expr","locations":[{"start":{"line":9,"column":8},"end":{"line":9,"column":17}},{"start":{"line":9,"column":21},"end":{"line":9,"column":29}}],"line":9},"2":{"loc":{"start":{"line":24,"column":4},"end":{"line":32,"column":5}},"type":"if","locations":[{"start":{"line":24,"column":4},"end":{"line":32,"column":5}},{"start":{},"end":{}}],"line":24},"3":{"loc":{"start":{"line":30,"column":37},"end":{"line":30,"column":58}},"type":"binary-expr","locations":[{"start":{"line":30,"column":37},"end":{"line":30,"column":52}},{"start":{"line":30,"column":56},"end":{"line":30,"column":58}}],"line":30},"4":{"loc":{"start":{"line":41,"column":23},"end":{"line":41,"column":45}},"type":"binary-expr","locations":[{"start":{"line":41,"column":23},"end":{"line":41,"column":39}},{"start":{"line":41,"column":43},"end":{"line":41,"column":45}}],"line":41},"5":{"loc":{"start":{"line":42,"column":23},"end":{"line":42,"column":44}},"type":"binary-expr","locations":[{"start":{"line":42,"column":23},"end":{"line":42,"column":38}},{"start":{"line":42,"column":42},"end":{"line":42,"column":44}}],"line":42},"6":{"loc":{"start":{"line":43,"column":18},"end":{"line":43,"column":42}},"type":"binary-expr","locations":[{"start":{"line":43,"column":18},"end":{"line":43,"column":36}},{"start":{"line":43,"column":40},"end":{"line":43,"column":42}}],"line":43},"7":{"loc":{"start":{"line":45,"column":22},"end":{"line":45,"column":50}},"type":"binary-expr","locations":[{"start":{"line":45,"column":22},"end":{"line":45,"column":44}},{"start":{"line":45,"column":48},"end":{"line":45,"column":50}}],"line":45},"8":{"loc":{"start":{"line":61,"column":4},"end":{"line":65,"column":5}},"type":"if","locations":[{"start":{"line":61,"column":4},"end":{"line":65,"column":5}},{"start":{},"end":{}}],"line":61},"9":{"loc":{"start":{"line":67,"column":19},"end":{"line":67,"column":68}},"type":"cond-expr","locations":[{"start":{"line":67,"column":30},"end":{"line":67,"column":61}},{"start":{"line":67,"column":64},"end":{"line":67,"column":68}}],"line":67},"10":{"loc":{"start":{"line":71,"column":12},"end":{"line":71,"column":22}},"type":"binary-expr","locations":[{"start":{"line":71,"column":12},"end":{"line":71,"column":16}},{"start":{"line":71,"column":20},"end":{"line":71,"column":22}}],"line":71},"11":{"loc":{"start":{"line":72,"column":15},"end":{"line":72,"column":28}},"type":"binary-expr","locations":[{"start":{"line":72,"column":15},"end":{"line":72,"column":22}},{"start":{"line":72,"column":26},"end":{"line":72,"column":28}}],"line":72},"12":{"loc":{"start":{"line":73,"column":18},"end":{"line":73,"column":42}},"type":"binary-expr","locations":[{"start":{"line":73,"column":18},"end":{"line":73,"column":36}},{"start":{"line":73,"column":40},"end":{"line":73,"column":42}}],"line":73},"13":{"loc":{"start":{"line":74,"column":22},"end":{"line":74,"column":50}},"type":"binary-expr","locations":[{"start":{"line":74,"column":22},"end":{"line":74,"column":44}},{"start":{"line":74,"column":48},"end":{"line":74,"column":50}}],"line":74},"14":{"loc":{"start":{"line":87,"column":4},"end":{"line":91,"column":5}},"type":"if","locations":[{"start":{"line":87,"column":4},"end":{"line":91,"column":5}},{"start":{},"end":{}}],"line":87},"15":{"loc":{"start":{"line":97,"column":4},"end":{"line":101,"column":5}},"type":"if","locations":[{"start":{"line":97,"column":4},"end":{"line":101,"column":5}},{"start":{},"end":{}}],"line":97},"16":{"loc":{"start":{"line":119,"column":4},"end":{"line":123,"column":5}},"type":"if","locations":[{"start":{"line":119,"column":4},"end":{"line":123,"column":5}},{"start":{},"end":{}}],"line":119},"17":{"loc":{"start":{"line":129,"column":4},"end":{"line":133,"column":5}},"type":"if","locations":[{"start":{"line":129,"column":4},"end":{"line":133,"column":5}},{"start":{},"end":{}}],"line":129},"18":{"loc":{"start":{"line":135,"column":4},"end":{"line":137,"column":5}},"type":"if","locations":[{"start":{"line":135,"column":4},"end":{"line":137,"column":5}},{"start":{},"end":{}}],"line":135},"19":{"loc":{"start":{"line":141,"column":22},"end":{"line":141,"column":61}},"type":"binary-expr","locations":[{"start":{"line":141,"column":22},"end":{"line":141,"column":36}},{"start":{"line":141,"column":40},"end":{"line":141,"column":61}}],"line":141},"20":{"loc":{"start":{"line":146,"column":4},"end":{"line":151,"column":5}},"type":"if","locations":[{"start":{"line":146,"column":4},"end":{"line":151,"column":5}},{"start":{},"end":{}}],"line":146},"21":{"loc":{"start":{"line":149,"column":10},"end":{"line":149,"column":61}},"type":"cond-expr","locations":[{"start":{"line":149,"column":36},"end":{"line":149,"column":50}},{"start":{"line":149,"column":53},"end":{"line":149,"column":61}}],"line":149},"22":{"loc":{"start":{"line":149,"column":36},"end":{"line":149,"column":50}},"type":"binary-expr","locations":[{"start":{"line":149,"column":36},"end":{"line":149,"column":45}},{"start":{"line":149,"column":49},"end":{"line":149,"column":50}}],"line":149},"23":{"loc":{"start":{"line":149,"column":53},"end":{"line":149,"column":61}},"type":"binary-expr","locations":[{"start":{"line":149,"column":53},"end":{"line":149,"column":56}},{"start":{"line":149,"column":60},"end":{"line":149,"column":61}}],"line":149},"24":{"loc":{"start":{"line":154,"column":15},"end":{"line":154,"column":34}},"type":"binary-expr","locations":[{"start":{"line":154,"column":15},"end":{"line":154,"column":29}},{"start":{"line":154,"column":33},"end":{"line":154,"column":34}}],"line":154},"25":{"loc":{"start":{"line":156,"column":23},"end":{"line":156,"column":51}},"type":"binary-expr","locations":[{"start":{"line":156,"column":23},"end":{"line":156,"column":45}},{"start":{"line":156,"column":49},"end":{"line":156,"column":51}}],"line":156},"26":{"loc":{"start":{"line":157,"column":19},"end":{"line":157,"column":43}},"type":"binary-expr","locations":[{"start":{"line":157,"column":19},"end":{"line":157,"column":37}},{"start":{"line":157,"column":41},"end":{"line":157,"column":43}}],"line":157},"27":{"loc":{"start":{"line":171,"column":4},"end":{"line":175,"column":5}},"type":"if","locations":[{"start":{"line":171,"column":4},"end":{"line":175,"column":5}},{"start":{},"end":{}}],"line":171},"28":{"loc":{"start":{"line":181,"column":4},"end":{"line":185,"column":5}},"type":"if","locations":[{"start":{"line":181,"column":4},"end":{"line":185,"column":5}},{"start":{},"end":{}}],"line":181},"29":{"loc":{"start":{"line":203,"column":4},"end":{"line":210,"column":5}},"type":"if","locations":[{"start":{"line":203,"column":4},"end":{"line":210,"column":5}},{"start":{},"end":{}}],"line":203},"30":{"loc":{"start":{"line":203,"column":8},"end":{"line":203,"column":36}},"type":"binary-expr","locations":[{"start":{"line":203,"column":8},"end":{"line":203,"column":17}},{"start":{"line":203,"column":21},"end":{"line":203,"column":36}}],"line":203},"31":{"loc":{"start":{"line":216,"column":4},"end":{"line":220,"column":5}},"type":"if","locations":[{"start":{"line":216,"column":4},"end":{"line":220,"column":5}},{"start":{},"end":{}}],"line":216},"32":{"loc":{"start":{"line":241,"column":4},"end":{"line":245,"column":5}},"type":"if","locations":[{"start":{"line":241,"column":4},"end":{"line":245,"column":5}},{"start":{},"end":{}}],"line":241},"33":{"loc":{"start":{"line":251,"column":4},"end":{"line":255,"column":5}},"type":"if","locations":[{"start":{"line":251,"column":4},"end":{"line":255,"column":5}},{"start":{},"end":{}}],"line":251},"34":{"loc":{"start":{"line":259,"column":22},"end":{"line":259,"column":61}},"type":"binary-expr","locations":[{"start":{"line":259,"column":22},"end":{"line":259,"column":36}},{"start":{"line":259,"column":40},"end":{"line":259,"column":61}}],"line":259}},"s":{"0":1,"1":4,"2":4,"3":4,"4":1,"5":3,"6":2,"7":1,"8":2,"9":2,"10":0,"11":0,"12":0,"13":0,"14":3,"15":1,"16":4,"17":4,"18":4,"19":1,"20":3,"21":2,"22":1,"23":2,"24":1,"25":4,"26":4,"27":4,"28":1,"29":3,"30":0,"31":0,"32":0,"33":0,"34":3,"35":1,"36":5,"37":5,"38":5,"39":1,"40":4,"41":0,"42":0,"43":0,"44":0,"45":0,"46":0,"47":0,"48":0,"49":0,"50":0,"51":0,"52":0,"53":4,"54":1,"55":4,"56":4,"57":4,"58":1,"59":3,"60":0,"61":0,"62":0,"63":0,"64":3,"65":1,"66":4,"67":4,"68":4,"69":1,"70":3,"71":0,"72":0,"73":0,"74":0,"75":0,"76":0,"77":3,"78":1,"79":5,"80":5,"81":5,"82":1,"83":4,"84":0,"85":0,"86":0,"87":0,"88":4,"89":1,"90":2,"91":2,"92":2,"93":1,"94":1},"f":{"0":4,"1":4,"2":4,"3":5,"4":4,"5":4,"6":5,"7":2},"b":{"0":[1,3],"1":[4,4],"2":[1,1],"3":[1,1],"4":[0,0],"5":[0,0],"6":[0,0],"7":[0,0],"8":[1,3],"9":[1,2],"10":[2,1],"11":[2,1],"12":[2,2],"13":[2,2],"14":[1,3],"15":[0,0],"16":[1,4],"17":[0,0],"18":[0,0],"19":[0,0],"20":[0,0],"21":[0,0],"22":[0,0],"23":[0,0],"24":[0,0],"25":[0,0],"26":[0,0],"27":[1,3],"28":[0,0],"29":[1,3],"30":[4,4],"31":[0,0],"32":[1,4],"33":[0,0],"34":[0,0]},"inputSourceMap":null,"_coverageSchema":"1a1c01bbd47fc00a2c39e90264f33305004495a9","hash":"ae0c9df4129b73e3bdacdc5b4954d4be93ffb100"}
,"D:\\TechWorld\\All Projects\\ATS RESUME BUILDER\\server\\src\\controllers\\auth.controller.js": {"path":"D:\\TechWorld\\All Projects\\ATS RESUME BUILDER\\server\\src\\controllers\\auth.controller.js","statementMap":{"0":{"start":{"line":11,"column":28},"end":{"line":28,"column":1}},"1":{"start":{"line":12,"column":2},"end":{"line":27,"column":3}},"2":{"start":{"line":13,"column":38},"end":{"line":13,"column":46}},"3":{"start":{"line":15,"column":4},"end":{"line":17,"column":5}},"4":{"start":{"line":16,"column":6},"end":{"line":16,"column":106}},"5":{"start":{"line":18,"column":4},"end":{"line":20,"column":5}},"6":{"start":{"line":19,"column":6},"end":{"line":19,"column":106}},"7":{"start":{"line":22,"column":19},"end":{"line":22,"column":68}},"8":{"start":{"line":23,"column":4},"end":{"line":23,"column":65}},"9":{"start":{"line":25,"column":4},"end":{"line":25,"column":111}},"10":{"start":{"line":25,"column":26},"end":{"line":25,"column":111}},"11":{"start":{"line":26,"column":4},"end":{"line":26,"column":16}},"12":{"start":{"line":30,"column":25},"end":{"line":44,"column":1}},"13":{"start":{"line":31,"column":2},"end":{"line":43,"column":3}},"14":{"start":{"line":32,"column":32},"end":{"line":32,"column":40}},"15":{"start":{"line":34,"column":4},"end":{"line":36,"column":5}},"16":{"start":{"line":35,"column":6},"end":{"line":35,"column":99}},"17":{"start":{"line":38,"column":19},"end":{"line":38,"column":64}},"18":{"start":{"line":39,"column":4},"end":{"line":39,"column":53}},"19":{"start":{"line":41,"column":4},"end":{"line":41,"column":111}},"20":{"start":{"line":41,"column":26},"end":{"line":41,"column":111}},"21":{"start":{"line":42,"column":4},"end":{"line":42,"column":16}},"22":{"start":{"line":46,"column":26},"end":{"line":59,"column":1}},"23":{"start":{"line":47,"column":2},"end":{"line":58,"column":3}},"24":{"start":{"line":48,"column":27},"end":{"line":48,"column":35}},"25":{"start":{"line":50,"column":4},"end":{"line":52,"column":5}},"26":{"start":{"line":51,"column":6},"end":{"line":51,"column":97}},"27":{"start":{"line":54,"column":19},"end":{"line":54,"column":60}},"28":{"start":{"line":55,"column":4},"end":{"line":55,"column":53}},"29":{"start":{"line":57,"column":4},"end":{"line":57,"column":16}},"30":{"start":{"line":61,"column":21},"end":{"line":68,"column":1}},"31":{"start":{"line":62,"column":2},"end":{"line":67,"column":3}},"32":{"start":{"line":63,"column":17},"end":{"line":63,"column":63}},"33":{"start":{"line":64,"column":4},"end":{"line":64,"column":51}},"34":{"start":{"line":66,"column":4},"end":{"line":66,"column":16}},"35":{"start":{"line":70,"column":22},"end":{"line":76,"column":1}},"36":{"start":{"line":71,"column":2},"end":{"line":75,"column":3}},"37":{"start":{"line":72,"column":4},"end":{"line":72,"column":85}},"38":{"start":{"line":74,"column":4},"end":{"line":74,"column":16}}},"fnMap":{"0":{"name":"(anonymous_0)","decl":{"start":{"line":11,"column":28},"end":{"line":11,"column":29}},"loc":{"start":{"line":11,"column":54},"end":{"line":28,"column":1}},"line":11},"1":{"name":"(anonymous_1)","decl":{"start":{"line":30,"column":25},"end":{"line":30,"column":26}},"loc":{"start":{"line":30,"column":51},"end":{"line":44,"column":1}},"line":30},"2":{"name":"(anonymous_2)","decl":{"start":{"line":46,"column":26},"end":{"line":46,"column":27}},"loc":{"start":{"line":46,"column":52},"end":{"line":59,"column":1}},"line":46},"3":{"name":"(anonymous_3)","decl":{"start":{"line":61,"column":21},"end":{"line":61,"column":22}},"loc":{"start":{"line":61,"column":47},"end":{"line":68,"column":1}},"line":61},"4":{"name":"(anonymous_4)","decl":{"start":{"line":70,"column":22},"end":{"line":70,"column":23}},"loc":{"start":{"line":70,"column":48},"end":{"line":76,"column":1}},"line":70}},"branchMap":{"0":{"loc":{"start":{"line":15,"column":4},"end":{"line":17,"column":5}},"type":"if","locations":[{"start":{"line":15,"column":4},"end":{"line":17,"column":5}},{"start":{},"end":{}}],"line":15},"1":{"loc":{"start":{"line":15,"column":8},"end":{"line":15,"column":36}},"type":"binary-expr","locations":[{"start":{"line":15,"column":8},"end":{"line":15,"column":13}},{"start":{"line":15,"column":17},"end":{"line":15,"column":23}},{"start":{"line":15,"column":27},"end":{"line":15,"column":36}}],"line":15},"2":{"loc":{"start":{"line":18,"column":4},"end":{"line":20,"column":5}},"type":"if","locations":[{"start":{"line":18,"column":4},"end":{"line":20,"column":5}},{"start":{},"end":{}}],"line":18},"3":{"loc":{"start":{"line":25,"column":4},"end":{"line":25,"column":111}},"type":"if","locations":[{"start":{"line":25,"column":4},"end":{"line":25,"column":111}},{"start":{},"end":{}}],"line":25},"4":{"loc":{"start":{"line":34,"column":4},"end":{"line":36,"column":5}},"type":"if","locations":[{"start":{"line":34,"column":4},"end":{"line":36,"column":5}},{"start":{},"end":{}}],"line":34},"5":{"loc":{"start":{"line":34,"column":8},"end":{"line":34,"column":27}},"type":"binary-expr","locations":[{"start":{"line":34,"column":8},"end":{"line":34,"column":14}},{"start":{"line":34,"column":18},"end":{"line":34,"column":27}}],"line":34},"6":{"loc":{"start":{"line":41,"column":4},"end":{"line":41,"column":111}},"type":"if","locations":[{"start":{"line":41,"column":4},"end":{"line":41,"column":111}},{"start":{},"end":{}}],"line":41},"7":{"loc":{"start":{"line":50,"column":4},"end":{"line":52,"column":5}},"type":"if","locations":[{"start":{"line":50,"column":4},"end":{"line":52,"column":5}},{"start":{},"end":{}}],"line":50}},"s":{"0":1,"1":5,"2":5,"3":5,"4":1,"5":4,"6":1,"7":3,"8":1,"9":2,"10":1,"11":1,"12":1,"13":4,"14":4,"15":4,"16":1,"17":3,"18":1,"19":2,"20":1,"21":1,"22":1,"23":3,"24":3,"25":3,"26":1,"27":2,"28":1,"29":1,"30":1,"31":2,"32":2,"33":1,"34":1,"35":1,"36":2,"37":2,"38":1},"f":{"0":5,"1":4,"2":3,"3":2,"4":2},"b":{"0":[1,4],"1":[5,4,4],"2":[1,3],"3":[1,1],"4":[1,3],"5":[4,4],"6":[1,1],"7":[1,2]},"inputSourceMap":null,"_coverageSchema":"1a1c01bbd47fc00a2c39e90264f33305004495a9","hash":"a76cdc99157dbf6b32275def62a3be858493b8c9"}
,"D:\\TechWorld\\All Projects\\ATS RESUME BUILDER\\server\\src\\controllers\\resume.controller.js": {"path":"D:\\TechWorld\\All Projects\\ATS RESUME BUILDER\\server\\src\\controllers\\resume.controller.js","statementMap":{"0":{"start":{"line":6,"column":28},"end":{"line":13,"column":1}},"1":{"start":{"line":7,"column":2},"end":{"line":12,"column":3}},"2":{"start":{"line":8,"column":19},"end":{"line":8,"column":75}},"3":{"start":{"line":9,"column":4},"end":{"line":9,"column":65}},"4":{"start":{"line":11,"column":4},"end":{"line":11,"column":16}},"5":{"start":{"line":15,"column":26},"end":{"line":22,"column":1}},"6":{"start":{"line":16,"column":2},"end":{"line":21,"column":3}},"7":{"start":{"line":17,"column":20},"end":{"line":17,"column":70}},"8":{"start":{"line":18,"column":4},"end":{"line":18,"column":54}},"9":{"start":{"line":20,"column":4},"end":{"line":20,"column":16}},"10":{"start":{"line":24,"column":25},"end":{"line":38,"column":1}},"11":{"start":{"line":25,"column":2},"end":{"line":37,"column":3}},"12":{"start":{"line":26,"column":19},"end":{"line":29,"column":5}},"13":{"start":{"line":30,"column":4},"end":{"line":30,"column":53}},"14":{"start":{"line":32,"column":4},"end":{"line":35,"column":58}},"15":{"start":{"line":33,"column":6},"end":{"line":35,"column":58}},"16":{"start":{"line":36,"column":4},"end":{"line":36,"column":16}},"17":{"start":{"line":40,"column":28},"end":{"line":55,"column":1}},"18":{"start":{"line":41,"column":2},"end":{"line":54,"column":3}},"19":{"start":{"line":42,"column":19},"end":{"line":46,"column":5}},"20":{"start":{"line":47,"column":4},"end":{"line":47,"column":53}},"21":{"start":{"line":49,"column":4},"end":{"line":52,"column":58}},"22":{"start":{"line":50,"column":6},"end":{"line":52,"column":58}},"23":{"start":{"line":53,"column":4},"end":{"line":53,"column":16}},"24":{"start":{"line":57,"column":29},"end":{"line":89,"column":1}},"25":{"start":{"line":58,"column":2},"end":{"line":88,"column":3}},"26":{"start":{"line":59,"column":24},"end":{"line":59,"column":34}},"27":{"start":{"line":60,"column":26},"end":{"line":68,"column":5}},"28":{"start":{"line":69,"column":4},"end":{"line":73,"column":5}},"29":{"start":{"line":70,"column":6},"end":{"line":72,"column":74}},"30":{"start":{"line":75,"column":19},"end":{"line":80,"column":5}},"31":{"start":{"line":81,"column":4},"end":{"line":81,"column":53}},"32":{"start":{"line":83,"column":4},"end":{"line":86,"column":58}},"33":{"start":{"line":84,"column":6},"end":{"line":86,"column":58}},"34":{"start":{"line":87,"column":4},"end":{"line":87,"column":16}},"35":{"start":{"line":91,"column":30},"end":{"line":120,"column":1}},"36":{"start":{"line":92,"column":2},"end":{"line":119,"column":3}},"37":{"start":{"line":93,"column":27},"end":{"line":93,"column":35}},"38":{"start":{"line":94,"column":27},"end":{"line":100,"column":5}},"39":{"start":{"line":101,"column":4},"end":{"line":105,"column":5}},"40":{"start":{"line":102,"column":6},"end":{"line":104,"column":78}},"41":{"start":{"line":107,"column":19},"end":{"line":111,"column":5}},"42":{"start":{"line":112,"column":4},"end":{"line":112,"column":53}},"43":{"start":{"line":114,"column":4},"end":{"line":117,"column":58}},"44":{"start":{"line":115,"column":6},"end":{"line":117,"column":58}},"45":{"start":{"line":118,"column":4},"end":{"line":118,"column":16}},"46":{"start":{"line":122,"column":28},"end":{"line":136,"column":1}},"47":{"start":{"line":123,"column":2},"end":{"line":135,"column":3}},"48":{"start":{"line":124,"column":4},"end":{"line":124,"column":66}},"49":{"start":{"line":125,"column":4},"end":{"line":128,"column":7}},"50":{"start":{"line":130,"column":4},"end":{"line":133,"column":58}},"51":{"start":{"line":131,"column":6},"end":{"line":133,"column":58}},"52":{"start":{"line":134,"column":4},"end":{"line":134,"column":16}},"53":{"start":{"line":138,"column":28},"end":{"line":183,"column":1}},"54":{"start":{"line":139,"column":2},"end":{"line":182,"column":3}},"55":{"start":{"line":140,"column":4},"end":{"line":144,"column":5}},"56":{"start":{"line":141,"column":6},"end":{"line":143,"column":68}},"57":{"start":{"line":147,"column":26},"end":{"line":147,"column":67}},"58":{"start":{"line":148,"column":4},"end":{"line":153,"column":5}},"59":{"start":{"line":149,"column":6},"end":{"line":152,"column":9}},"60":{"start":{"line":156,"column":27},"end":{"line":158,"column":6}},"61":{"start":{"line":161,"column":4},"end":{"line":171,"column":5}},"62":{"start":{"line":162,"column":6},"end":{"line":165,"column":8}},"63":{"start":{"line":166,"column":6},"end":{"line":170,"column":9}},"64":{"start":{"line":174,"column":19},"end":{"line":177,"column":5}},"65":{"start":{"line":179,"column":4},"end":{"line":179,"column":65}},"66":{"start":{"line":181,"column":4},"end":{"line":181,"column":16}}},"fnMap":{"0":{"name":"(anonymous_0)","decl":{"start":{"line":6,"column":28},"end":{"line":6,"column":29}},"loc":{"start":{"line":6,"column":54},"end":{"line":13,"column":1}},"line":6},"1":{"name":"(anonymous_1)","decl":{"start":{"line":15,"column":26},"end":{"line":15,"column":27}},"loc":{"start":{"line":15,"column":52},"end":{"line":22,"column":1}},"line":15},"2":{"name":"(anonymous_2)","decl":{"start":{"line":24,"column":25},"end":{"line":24,"column":26}},"loc":{"start":{"line":24,"column":51},"end":{"line":38,"column":1}},"line":24},"3":{"name":"(anonymous_3)","decl":{"start":{"line":40,"column":28},"end":{"line":40,"column":29}},"loc":{"start":{"line":40,"column":54},"end":{"line":55,"column":1}},"line":40},"4":{"name":"(anonymous_4)","decl":{"start":{"line":57,"column":29},"end":{"line":57,"column":30}},"loc":{"start":{"line":57,"column":55},"end":{"line":89,"column":1}},"line":57},"5":{"name":"(anonymous_5)","decl":{"start":{"line":91,"column":30},"end":{"line":91,"column":31}},"loc":{"start":{"line":91,"column":56},"end":{"line":120,"column":1}},"line":91},"6":{"name":"(anonymous_6)","decl":{"start":{"line":122,"column":28},"end":{"line":122,"column":29}},"loc":{"start":{"line":122,"column":54},"end":{"line":136,"column":1}},"line":122},"7":{"name":"(anonymous_7)","decl":{"start":{"line":138,"column":28},"end":{"line":138,"column":29}},"loc":{"start":{"line":138,"column":54},"end":{"line":183,"column":1}},"line":138}},"branchMap":{"0":{"loc":{"start":{"line":32,"column":4},"end":{"line":35,"column":58}},"type":"if","locations":[{"start":{"line":32,"column":4},"end":{"line":35,"column":58}},{"start":{},"end":{}}],"line":32},"1":{"loc":{"start":{"line":49,"column":4},"end":{"line":52,"column":58}},"type":"if","locations":[{"start":{"line":49,"column":4},"end":{"line":52,"column":58}},{"start":{},"end":{}}],"line":49},"2":{"loc":{"start":{"line":69,"column":4},"end":{"line":73,"column":5}},"type":"if","locations":[{"start":{"line":69,"column":4},"end":{"line":73,"column":5}},{"start":{},"end":{}}],"line":69},"3":{"loc":{"start":{"line":83,"column":4},"end":{"line":86,"column":58}},"type":"if","locations":[{"start":{"line":83,"column":4},"end":{"line":86,"column":58}},{"start":{},"end":{}}],"line":83},"4":{"loc":{"start":{"line":101,"column":4},"end":{"line":105,"column":5}},"type":"if","locations":[{"start":{"line":101,"column":4},"end":{"line":105,"column":5}},{"start":{},"end":{}}],"line":101},"5":{"loc":{"start":{"line":114,"column":4},"end":{"line":117,"column":58}},"type":"if","locations":[{"start":{"line":114,"column":4},"end":{"line":117,"column":58}},{"start":{},"end":{}}],"line":114},"6":{"loc":{"start":{"line":130,"column":4},"end":{"line":133,"column":58}},"type":"if","locations":[{"start":{"line":130,"column":4},"end":{"line":133,"column":58}},{"start":{},"end":{}}],"line":130},"7":{"loc":{"start":{"line":140,"column":4},"end":{"line":144,"column":5}},"type":"if","locations":[{"start":{"line":140,"column":4},"end":{"line":144,"column":5}},{"start":{},"end":{}}],"line":140},"8":{"loc":{"start":{"line":148,"column":4},"end":{"line":153,"column":5}},"type":"if","locations":[{"start":{"line":148,"column":4},"end":{"line":153,"column":5}},{"start":{},"end":{}}],"line":148},"9":{"loc":{"start":{"line":148,"column":8},"end":{"line":148,"column":51}},"type":"binary-expr","locations":[{"start":{"line":148,"column":8},"end":{"line":148,"column":22}},{"start":{"line":148,"column":26},"end":{"line":148,"column":51}}],"line":148},"10":{"loc":{"start":{"line":161,"column":4},"end":{"line":171,"column":5}},"type":"if","locations":[{"start":{"line":161,"column":4},"end":{"line":171,"column":5}},{"start":{},"end":{}}],"line":161},"11":{"loc":{"start":{"line":161,"column":8},"end":{"line":161,"column":47}},"type":"binary-expr","locations":[{"start":{"line":161,"column":8},"end":{"line":161,"column":23}},{"start":{"line":161,"column":27},"end":{"line":161,"column":47}}],"line":161},"12":{"loc":{"start":{"line":163,"column":15},"end":{"line":163,"column":66}},"type":"binary-expr","locations":[{"start":{"line":163,"column":15},"end":{"line":163,"column":51}},{"start":{"line":163,"column":55},"end":{"line":163,"column":66}}],"line":163}},"s":{"0":1,"1":2,"2":2,"3":1,"4":1,"5":1,"6":2,"7":2,"8":1,"9":1,"10":1,"11":3,"12":3,"13":1,"14":2,"15":1,"16":1,"17":1,"18":3,"19":3,"20":1,"21":2,"22":1,"23":1,"24":1,"25":4,"26":4,"27":4,"28":4,"29":1,"30":3,"31":1,"32":2,"33":1,"34":1,"35":1,"36":4,"37":4,"38":4,"39":4,"40":4,"41":0,"42":0,"43":0,"44":0,"45":0,"46":1,"47":3,"48":3,"49":1,"50":2,"51":1,"52":1,"53":1,"54":6,"55":6,"56":1,"57":5,"58":4,"59":1,"60":3,"61":3,"62":2,"63":2,"64":1,"65":1,"66":1},"f":{"0":2,"1":2,"2":3,"3":3,"4":4,"5":4,"6":3,"7":6},"b":{"0":[1,1],"1":[1,1],"2":[1,3],"3":[1,1],"4":[4,0],"5":[0,0],"6":[1,1],"7":[1,5],"8":[1,3],"9":[4,4],"10":[2,1],"11":[3,2],"12":[2,1]},"inputSourceMap":null,"_coverageSchema":"1a1c01bbd47fc00a2c39e90264f33305004495a9","hash":"eb58037718b278d3cb7e855c95bc04e50c4a8cab"}
,"D:\\TechWorld\\All Projects\\ATS RESUME BUILDER\\server\\src\\controllers\\version.controller.js": {"path":"D:\\TechWorld\\All Projects\\ATS RESUME BUILDER\\server\\src\\controllers\\version.controller.js","statementMap":{"0":{"start":{"line":3,"column":27},"end":{"line":19,"column":1}},"1":{"start":{"line":4,"column":2},"end":{"line":18,"column":3}},"2":{"start":{"line":5,"column":22},"end":{"line":5,"column":30}},"3":{"start":{"line":6,"column":20},"end":{"line":10,"column":5}},"4":{"start":{"line":11,"column":4},"end":{"line":11,"column":66}},"5":{"start":{"line":13,"column":4},"end":{"line":16,"column":58}},"6":{"start":{"line":14,"column":6},"end":{"line":16,"column":58}},"7":{"start":{"line":17,"column":4},"end":{"line":17,"column":16}},"8":{"start":{"line":21,"column":27},"end":{"line":31,"column":1}},"9":{"start":{"line":22,"column":2},"end":{"line":30,"column":3}},"10":{"start":{"line":23,"column":21},"end":{"line":26,"column":5}},"11":{"start":{"line":27,"column":4},"end":{"line":27,"column":55}},"12":{"start":{"line":29,"column":4},"end":{"line":29,"column":16}},"13":{"start":{"line":33,"column":26},"end":{"line":48,"column":1}},"14":{"start":{"line":34,"column":2},"end":{"line":47,"column":3}},"15":{"start":{"line":35,"column":20},"end":{"line":39,"column":5}},"16":{"start":{"line":40,"column":4},"end":{"line":40,"column":54}},"17":{"start":{"line":42,"column":4},"end":{"line":45,"column":58}},"18":{"start":{"line":43,"column":6},"end":{"line":45,"column":58}},"19":{"start":{"line":46,"column":4},"end":{"line":46,"column":16}},"20":{"start":{"line":50,"column":30},"end":{"line":65,"column":1}},"21":{"start":{"line":51,"column":2},"end":{"line":64,"column":3}},"22":{"start":{"line":52,"column":19},"end":{"line":56,"column":5}},"23":{"start":{"line":57,"column":4},"end":{"line":57,"column":53}},"24":{"start":{"line":59,"column":4},"end":{"line":62,"column":58}},"25":{"start":{"line":60,"column":6},"end":{"line":62,"column":58}},"26":{"start":{"line":63,"column":4},"end":{"line":63,"column":16}},"27":{"start":{"line":67,"column":29},"end":{"line":85,"column":1}},"28":{"start":{"line":68,"column":2},"end":{"line":84,"column":3}},"29":{"start":{"line":69,"column":4},"end":{"line":73,"column":6}},"30":{"start":{"line":74,"column":4},"end":{"line":77,"column":7}},"31":{"start":{"line":79,"column":4},"end":{"line":82,"column":58}},"32":{"start":{"line":80,"column":6},"end":{"line":82,"column":58}},"33":{"start":{"line":83,"column":4},"end":{"line":83,"column":16}}},"fnMap":{"0":{"name":"(anonymous_0)","decl":{"start":{"line":3,"column":27},"end":{"line":3,"column":28}},"loc":{"start":{"line":3,"column":53},"end":{"line":19,"column":1}},"line":3},"1":{"name":"(anonymous_1)","decl":{"start":{"line":21,"column":27},"end":{"line":21,"column":28}},"loc":{"start":{"line":21,"column":53},"end":{"line":31,"column":1}},"line":21},"2":{"name":"(anonymous_2)","decl":{"start":{"line":33,"column":26},"end":{"line":33,"column":27}},"loc":{"start":{"line":33,"column":52},"end":{"line":48,"column":1}},"line":33},"3":{"name":"(anonymous_3)","decl":{"start":{"line":50,"column":30},"end":{"line":50,"column":31}},"loc":{"start":{"line":50,"column":56},"end":{"line":65,"column":1}},"line":50},"4":{"name":"(anonymous_4)","decl":{"start":{"line":67,"column":29},"end":{"line":67,"column":30}},"loc":{"start":{"line":67,"column":55},"end":{"line":85,"column":1}},"line":67}},"branchMap":{"0":{"loc":{"start":{"line":13,"column":4},"end":{"line":16,"column":58}},"type":"if","locations":[{"start":{"line":13,"column":4},"end":{"line":16,"column":58}},{"start":{},"end":{}}],"line":13},"1":{"loc":{"start":{"line":42,"column":4},"end":{"line":45,"column":58}},"type":"if","locations":[{"start":{"line":42,"column":4},"end":{"line":45,"column":58}},{"start":{},"end":{}}],"line":42},"2":{"loc":{"start":{"line":59,"column":4},"end":{"line":62,"column":58}},"type":"if","locations":[{"start":{"line":59,"column":4},"end":{"line":62,"column":58}},{"start":{},"end":{}}],"line":59},"3":{"loc":{"start":{"line":79,"column":4},"end":{"line":82,"column":58}},"type":"if","locations":[{"start":{"line":79,"column":4},"end":{"line":82,"column":58}},{"start":{},"end":{}}],"line":79}},"s":{"0":1,"1":3,"2":3,"3":3,"4":1,"5":2,"6":1,"7":1,"8":1,"9":2,"10":2,"11":1,"12":1,"13":1,"14":3,"15":3,"16":1,"17":2,"18":1,"19":1,"20":1,"21":3,"22":3,"23":1,"24":2,"25":1,"26":1,"27":1,"28":3,"29":3,"30":1,"31":2,"32":1,"33":1},"f":{"0":3,"1":2,"2":3,"3":3,"4":3},"b":{"0":[1,1],"1":[1,1],"2":[1,1],"3":[1,1]},"inputSourceMap":null,"_coverageSchema":"1a1c01bbd47fc00a2c39e90264f33305004495a9","hash":"0eecabcda71a0c7d04581a705480e8d7771235fd"}
,"D:\\TechWorld\\All Projects\\ATS RESUME BUILDER\\server\\src\\middleware\\auth.middleware.js": {"path":"D:\\TechWorld\\All Projects\\ATS RESUME BUILDER\\server\\src\\middleware\\auth.middleware.js","statementMap":{"0":{"start":{"line":12,"column":21},"end":{"line":42,"column":1}},"1":{"start":{"line":13,"column":2},"end":{"line":41,"column":3}},"2":{"start":{"line":14,"column":23},"end":{"line":14,"column":48}},"3":{"start":{"line":16,"column":4},"end":{"line":21,"column":5}},"4":{"start":{"line":17,"column":6},"end":{"line":20,"column":9}},"5":{"start":{"line":23,"column":18},"end":{"line":23,"column":42}},"6":{"start":{"line":24,"column":20},"end":{"line":24,"column":38}},"7":{"start":{"line":25,"column":17},"end":{"line":25,"column":48}},"8":{"start":{"line":27,"column":4},"end":{"line":32,"column":5}},"9":{"start":{"line":28,"column":6},"end":{"line":31,"column":9}},"10":{"start":{"line":34,"column":4},"end":{"line":34,"column":20}},"11":{"start":{"line":35,"column":4},"end":{"line":35,"column":11}},"12":{"start":{"line":37,"column":4},"end":{"line":40,"column":7}}},"fnMap":{"0":{"name":"(anonymous_0)","decl":{"start":{"line":12,"column":21},"end":{"line":12,"column":22}},"loc":{"start":{"line":12,"column":47},"end":{"line":42,"column":1}},"line":12}},"branchMap":{"0":{"loc":{"start":{"line":16,"column":4},"end":{"line":21,"column":5}},"type":"if","locations":[{"start":{"line":16,"column":4},"end":{"line":21,"column":5}},{"start":{},"end":{}}],"line":16},"1":{"loc":{"start":{"line":16,"column":8},"end":{"line":16,"column":56}},"type":"binary-expr","locations":[{"start":{"line":16,"column":8},"end":{"line":16,"column":19}},{"start":{"line":16,"column":23},"end":{"line":16,"column":56}}],"line":16},"2":{"loc":{"start":{"line":27,"column":4},"end":{"line":32,"column":5}},"type":"if","locations":[{"start":{"line":27,"column":4},"end":{"line":32,"column":5}},{"start":{},"end":{}}],"line":27}},"s":{"0":1,"1":5,"2":5,"3":5,"4":2,"5":3,"6":3,"7":2,"8":2,"9":1,"10":1,"11":1,"12":1},"f":{"0":5},"b":{"0":[2,3],"1":[5,4],"2":[1,1]},"inputSourceMap":null,"_coverageSchema":"1a1c01bbd47fc00a2c39e90264f33305004495a9","hash":"9e611fe67a53743999edffe49c5abdac7901c2a0"}
,"D:\\TechWorld\\All Projects\\ATS RESUME BUILDER\\server\\src\\middleware\\error.middleware.js": {"path":"D:\\TechWorld\\All Projects\\ATS RESUME BUILDER\\server\\src\\middleware\\error.middleware.js","statementMap":{"0":{"start":{"line":8,"column":31},"end":{"line":13,"column":1}},"1":{"start":{"line":9,"column":2},"end":{"line":12,"column":5}},"2":{"start":{"line":16,"column":28},"end":{"line":31,"column":1}},"3":{"start":{"line":17,"column":21},"end":{"line":17,"column":42}},"4":{"start":{"line":20,"column":2},"end":{"line":24,"column":3}},"5":{"start":{"line":21,"column":4},"end":{"line":21,"column":103}},"6":{"start":{"line":23,"column":4},"end":{"line":23,"column":89}},"7":{"start":{"line":26,"column":2},"end":{"line":30,"column":5}}},"fnMap":{"0":{"name":"(anonymous_0)","decl":{"start":{"line":8,"column":31},"end":{"line":8,"column":32}},"loc":{"start":{"line":8,"column":51},"end":{"line":13,"column":1}},"line":8},"1":{"name":"(anonymous_1)","decl":{"start":{"line":16,"column":28},"end":{"line":16,"column":29}},"loc":{"start":{"line":16,"column":53},"end":{"line":31,"column":1}},"line":16}},"branchMap":{"0":{"loc":{"start":{"line":17,"column":21},"end":{"line":17,"column":42}},"type":"binary-expr","locations":[{"start":{"line":17,"column":21},"end":{"line":17,"column":35}},{"start":{"line":17,"column":39},"end":{"line":17,"column":42}}],"line":17},"1":{"loc":{"start":{"line":20,"column":2},"end":{"line":24,"column":3}},"type":"if","locations":[{"start":{"line":20,"column":2},"end":{"line":24,"column":3}},{"start":{"line":22,"column":9},"end":{"line":24,"column":3}}],"line":20},"2":{"loc":{"start":{"line":28,"column":13},"end":{"line":28,"column":65}},"type":"binary-expr","locations":[{"start":{"line":28,"column":13},"end":{"line":28,"column":24}},{"start":{"line":28,"column":28},"end":{"line":28,"column":65}}],"line":28},"3":{"loc":{"start":{"line":29,"column":8},"end":{"line":29,"column":69}},"type":"binary-expr","locations":[{"start":{"line":29,"column":8},"end":{"line":29,"column":45}},{"start":{"line":29,"column":49},"end":{"line":29,"column":69}}],"line":29}},"s":{"0":1,"1":1,"2":1,"3":2,"4":2,"5":1,"6":1,"7":2},"f":{"0":1,"1":2},"b":{"0":[2,1],"1":[1,1],"2":[2,1],"3":[2,1]},"inputSourceMap":null,"_coverageSchema":"1a1c01bbd47fc00a2c39e90264f33305004495a9","hash":"205a4742b0d8f9a75399efeabd2887645e085610"}
,"D:\\TechWorld\\All Projects\\ATS RESUME BUILDER\\server\\src\\middleware\\rateLimiter.middleware.js": {"path":"D:\\TechWorld\\All Projects\\ATS RESUME BUILDER\\server\\src\\middleware\\rateLimiter.middleware.js","statementMap":{"0":{"start":{"line":4,"column":22},"end":{"line":14,"column":1}},"1":{"start":{"line":5,"column":2},"end":{"line":13,"column":5}},"2":{"start":{"line":9,"column":6},"end":{"line":9,"column":80}},"3":{"start":{"line":10,"column":6},"end":{"line":10,"column":59}},"4":{"start":{"line":17,"column":29},"end":{"line":24,"column":2}},"5":{"start":{"line":27,"column":29},"end":{"line":34,"column":2}}},"fnMap":{"0":{"name":"(anonymous_0)","decl":{"start":{"line":4,"column":22},"end":{"line":4,"column":23}},"loc":{"start":{"line":4,"column":35},"end":{"line":14,"column":1}},"line":4},"1":{"name":"(anonymous_1)","decl":{"start":{"line":8,"column":13},"end":{"line":8,"column":14}},"loc":{"start":{"line":8,"column":42},"end":{"line":11,"column":5}},"line":8}},"branchMap":{"0":{"loc":{"start":{"line":19,"column":16},"end":{"line":19,"column":58}},"type":"binary-expr","locations":[{"start":{"line":19,"column":16},"end":{"line":19,"column":49}},{"start":{"line":19,"column":53},"end":{"line":19,"column":58}}],"line":19},"1":{"loc":{"start":{"line":29,"column":16},"end":{"line":29,"column":56}},"type":"binary-expr","locations":[{"start":{"line":29,"column":16},"end":{"line":29,"column":49}},{"start":{"line":29,"column":53},"end":{"line":29,"column":56}}],"line":29}},"s":{"0":1,"1":2,"2":1,"3":1,"4":1,"5":1},"f":{"0":2,"1":1},"b":{"0":[1,1],"1":[1,1]},"inputSourceMap":null,"_coverageSchema":"1a1c01bbd47fc00a2c39e90264f33305004495a9","hash":"27b076c28f66998a94913c836847a2715cb3590e"}
,"D:\\TechWorld\\All Projects\\ATS RESUME BUILDER\\server\\src\\middleware\\upload.middleware.js": {"path":"D:\\TechWorld\\All Projects\\ATS RESUME BUILDER\\server\\src\\middleware\\upload.middleware.js","statementMap":{"0":{"start":{"line":3,"column":16},"end":{"line":3,"column":38}},"1":{"start":{"line":5,"column":19},"end":{"line":11,"column":1}},"2":{"start":{"line":6,"column":2},"end":{"line":10,"column":3}},"3":{"start":{"line":7,"column":4},"end":{"line":7,"column":19}},"4":{"start":{"line":9,"column":4},"end":{"line":9,"column":55}},"5":{"start":{"line":13,"column":15},"end":{"line":17,"column":2}}},"fnMap":{"0":{"name":"(anonymous_0)","decl":{"start":{"line":5,"column":19},"end":{"line":5,"column":20}},"loc":{"start":{"line":5,"column":38},"end":{"line":11,"column":1}},"line":5}},"branchMap":{"0":{"loc":{"start":{"line":6,"column":2},"end":{"line":10,"column":3}},"type":"if","locations":[{"start":{"line":6,"column":2},"end":{"line":10,"column":3}},{"start":{"line":8,"column":9},"end":{"line":10,"column":3}}],"line":6}},"s":{"0":1,"1":1,"2":2,"3":1,"4":1,"5":1},"f":{"0":2},"b":{"0":[1,1]},"inputSourceMap":null,"_coverageSchema":"1a1c01bbd47fc00a2c39e90264f33305004495a9","hash":"8cac625f7cfe896edbcafc6428c7ff81131b1448"}
,"D:\\TechWorld\\All Projects\\ATS RESUME BUILDER\\server\\src\\models\\ChatHistory.model.js": {"path":"D:\\TechWorld\\All Projects\\ATS RESUME BUILDER\\server\\src\\models\\ChatHistory.model.js","statementMap":{"0":{"start":{"line":3,"column":22},"end":{"line":20,"column":1}},"1":{"start":{"line":22,"column":26},"end":{"line":48,"column":1}},"2":{"start":{"line":50,"column":0},"end":{"line":50,"column":55}},"3":{"start":{"line":52,"column":20},"end":{"line":52,"column":68}}},"fnMap":{},"branchMap":{},"s":{"0":0,"1":0,"2":0,"3":0},"f":{},"b":{},"inputSourceMap":null}
,"D:\\TechWorld\\All Projects\\ATS RESUME BUILDER\\server\\src\\models\\ResumeVersion.model.js": {"path":"D:\\TechWorld\\All Projects\\ATS RESUME BUILDER\\server\\src\\models\\ResumeVersion.model.js","statementMap":{"0":{"start":{"line":3,"column":28},"end":{"line":44,"column":1}},"1":{"start":{"line":46,"column":0},"end":{"line":46,"column":62}},"2":{"start":{"line":48,"column":22},"end":{"line":48,"column":74}}},"fnMap":{},"branchMap":{},"s":{"0":0,"1":0,"2":0},"f":{},"b":{},"inputSourceMap":null}
,"D:\\TechWorld\\All Projects\\ATS RESUME BUILDER\\server\\src\\models\\User.model.js": {"path":"D:\\TechWorld\\All Projects\\ATS RESUME BUILDER\\server\\src\\models\\User.model.js","statementMap":{"0":{"start":{"line":10,"column":19},"end":{"line":44,"column":1}},"1":{"start":{"line":46,"column":13},"end":{"line":46,"column":47}}},"fnMap":{},"branchMap":{},"s":{"0":0,"1":0},"f":{},"b":{},"inputSourceMap":null}
,"D:\\TechWorld\\All Projects\\ATS RESUME BUILDER\\server\\src\\models\\resume.model.js": {"path":"D:\\TechWorld\\All Projects\\ATS RESUME BUILDER\\server\\src\\models\\resume.model.js","statementMap":{"0":{"start":{"line":4,"column":25},"end":{"line":14,"column":1}},"1":{"start":{"line":16,"column":24},"end":{"line":26,"column":1}},"2":{"start":{"line":28,"column":22},"end":{"line":37,"column":1}},"3":{"start":{"line":39,"column":28},"end":{"line":47,"column":1}},"4":{"start":{"line":49,"column":27},"end":{"line":63,"column":1}},"5":{"start":{"line":65,"column":21},"end":{"line":124,"column":1}},"6":{"start":{"line":112,"column":61},"end":{"line":112,"column":63}},"7":{"start":{"line":126,"column":0},"end":{"line":126,"column":49}},"8":{"start":{"line":128,"column":15},"end":{"line":128,"column":53}}},"fnMap":{"0":{"name":"(anonymous_0)","decl":{"start":{"line":112,"column":54},"end":{"line":112,"column":55}},"loc":{"start":{"line":112,"column":61},"end":{"line":112,"column":63}},"line":112}},"branchMap":{},"s":{"0":3,"1":3,"2":3,"3":3,"4":3,"5":3,"6":5,"7":3,"8":3},"f":{"0":5},"b":{},"inputSourceMap":null,"_coverageSchema":"1a1c01bbd47fc00a2c39e90264f33305004495a9","hash":"1ee0f8c03515ba419f062a07177e23a30849417a"}
,"D:\\TechWorld\\All Projects\\ATS RESUME BUILDER\\server\\src\\routes\\ai.routes.js": {"path":"D:\\TechWorld\\All Projects\\ATS RESUME BUILDER\\server\\src\\routes\\ai.routes.js","statementMap":{"0":{"start":{"line":15,"column":15},"end":{"line":15,"column":23}},"1":{"start":{"line":17,"column":0},"end":{"line":17,"column":25}},"2":{"start":{"line":19,"column":0},"end":{"line":19,"column":42}},"3":{"start":{"line":20,"column":0},"end":{"line":20,"column":65}},"4":{"start":{"line":21,"column":0},"end":{"line":21,"column":65}},"5":{"start":{"line":22,"column":0},"end":{"line":22,"column":51}},"6":{"start":{"line":23,"column":0},"end":{"line":23,"column":46}},"7":{"start":{"line":24,"column":0},"end":{"line":24,"column":51}},"8":{"start":{"line":25,"column":0},"end":{"line":25,"column":53}},"9":{"start":{"line":26,"column":0},"end":{"line":26,"column":54}}},"fnMap":{},"branchMap":{},"s":{"0":0,"1":0,"2":0,"3":0,"4":0,"5":0,"6":0,"7":0,"8":0,"9":0},"f":{},"b":{},"inputSourceMap":null}
,"D:\\TechWorld\\All Projects\\ATS RESUME BUILDER\\server\\src\\routes\\auth.routes.js": {"path":"D:\\TechWorld\\All Projects\\ATS RESUME BUILDER\\server\\src\\routes\\auth.routes.js","statementMap":{"0":{"start":{"line":9,"column":15},"end":{"line":9,"column":23}},"1":{"start":{"line":12,"column":0},"end":{"line":12,"column":39}},"2":{"start":{"line":13,"column":0},"end":{"line":13,"column":33}},"3":{"start":{"line":14,"column":0},"end":{"line":14,"column":35}},"4":{"start":{"line":17,"column":0},"end":{"line":17,"column":39}},"5":{"start":{"line":18,"column":0},"end":{"line":18,"column":45}}},"fnMap":{},"branchMap":{},"s":{"0":0,"1":0,"2":0,"3":0,"4":0,"5":0},"f":{},"b":{},"inputSourceMap":null}
,"D:\\TechWorld\\All Projects\\ATS RESUME BUILDER\\server\\src\\routes\\index.js": {"path":"D:\\TechWorld\\All Projects\\ATS RESUME BUILDER\\server\\src\\routes\\index.js","statementMap":{"0":{"start":{"line":25,"column":15},"end":{"line":25,"column":23}},"1":{"start":{"line":28,"column":0},"end":{"line":28,"column":32}},"2":{"start":{"line":31,"column":0},"end":{"line":31,"column":37}},"3":{"start":{"line":32,"column":0},"end":{"line":32,"column":28}},"4":{"start":{"line":33,"column":0},"end":{"line":33,"column":39}}},"fnMap":{},"branchMap":{},"s":{"0":0,"1":0,"2":0,"3":0,"4":0},"f":{},"b":{},"inputSourceMap":null}
,"D:\\TechWorld\\All Projects\\ATS RESUME BUILDER\\server\\src\\routes\\resume.routes.js": {"path":"D:\\TechWorld\\All Projects\\ATS RESUME BUILDER\\server\\src\\routes\\resume.routes.js","statementMap":{"0":{"start":{"line":16,"column":15},"end":{"line":16,"column":23}},"1":{"start":{"line":18,"column":0},"end":{"line":18,"column":25}},"2":{"start":{"line":20,"column":0},"end":{"line":20,"column":75}},"3":{"start":{"line":21,"column":0},"end":{"line":21,"column":31}},"4":{"start":{"line":22,"column":0},"end":{"line":22,"column":28}},"5":{"start":{"line":23,"column":0},"end":{"line":23,"column":30}},"6":{"start":{"line":24,"column":0},"end":{"line":24,"column":33}},"7":{"start":{"line":25,"column":0},"end":{"line":25,"column":52}},"8":{"start":{"line":26,"column":0},"end":{"line":26,"column":44}},"9":{"start":{"line":27,"column":0},"end":{"line":27,"column":36}}},"fnMap":{},"branchMap":{},"s":{"0":0,"1":0,"2":0,"3":0,"4":0,"5":0,"6":0,"7":0,"8":0,"9":0},"f":{},"b":{},"inputSourceMap":null}
,"D:\\TechWorld\\All Projects\\ATS RESUME BUILDER\\server\\src\\routes\\version.routes.js": {"path":"D:\\TechWorld\\All Projects\\ATS RESUME BUILDER\\server\\src\\routes\\version.routes.js","statementMap":{"0":{"start":{"line":11,"column":15},"end":{"line":11,"column":23}},"1":{"start":{"line":13,"column":0},"end":{"line":13,"column":25}},"2":{"start":{"line":15,"column":0},"end":{"line":15,"column":39}},"3":{"start":{"line":16,"column":0},"end":{"line":16,"column":38}},"4":{"start":{"line":17,"column":0},"end":{"line":17,"column":48}},"5":{"start":{"line":18,"column":0},"end":{"line":18,"column":61}},"6":{"start":{"line":19,"column":0},"end":{"line":19,"column":54}}},"fnMap":{},"branchMap":{},"s":{"0":0,"1":0,"2":0,"3":0,"4":0,"5":0,"6":0},"f":{},"b":{},"inputSourceMap":null}
,"D:\\TechWorld\\All Projects\\ATS RESUME BUILDER\\server\\src\\services\\agent.service.js": {"path":"D:\\TechWorld\\All Projects\\ATS RESUME BUILDER\\server\\src\\services\\agent.service.js","statementMap":{"0":{"start":{"line":7,"column":14},"end":{"line":10,"column":2}},"1":{"start":{"line":12,"column":31},"end":{"line":39,"column":98}},"2":{"start":{"line":14,"column":5},"end":{"line":39,"column":98}},"3":{"start":{"line":41,"column":33},"end":{"line":82,"column":1}},"4":{"start":{"line":42,"column":18},"end":{"line":47,"column":3}},"5":{"start":{"line":49,"column":16},"end":{"line":49,"column":52}},"6":{"start":{"line":51,"column":16},"end":{"line":55,"column":4}},"7":{"start":{"line":57,"column":19},"end":{"line":57,"column":21}},"8":{"start":{"line":59,"column":2},"end":{"line":65,"column":3}},"9":{"start":{"line":60,"column":4},"end":{"line":60,"column":70}},"10":{"start":{"line":60,"column":61},"end":{"line":60,"column":70}},"11":{"start":{"line":61,"column":4},"end":{"line":64,"column":7}},"12":{"start":{"line":67,"column":2},"end":{"line":67,"column":57}},"13":{"start":{"line":69,"column":17},"end":{"line":69,"column":49}},"14":{"start":{"line":71,"column":22},"end":{"line":71,"column":65}},"15":{"start":{"line":73,"column":4},"end":{"line":75,"column":74}},"16":{"start":{"line":77,"column":2},"end":{"line":81,"column":4}}},"fnMap":{"0":{"name":"(anonymous_0)","decl":{"start":{"line":12,"column":31},"end":{"line":12,"column":32}},"loc":{"start":{"line":14,"column":5},"end":{"line":39,"column":98}},"line":14},"1":{"name":"(anonymous_1)","decl":{"start":{"line":41,"column":33},"end":{"line":41,"column":34}},"loc":{"start":{"line":41,"column":49},"end":{"line":82,"column":1}},"line":41}},"branchMap":{"0":{"loc":{"start":{"line":17,"column":17},"end":{"line":17,"column":43}},"type":"binary-expr","locations":[{"start":{"line":17,"column":17},"end":{"line":17,"column":37}},{"start":{"line":17,"column":41},"end":{"line":17,"column":43}}],"line":17},"1":{"loc":{"start":{"line":19,"column":15},"end":{"line":19,"column":49}},"type":"binary-expr","locations":[{"start":{"line":19,"column":15},"end":{"line":19,"column":30}},{"start":{"line":19,"column":34},"end":{"line":19,"column":49}}],"line":19},"2":{"loc":{"start":{"line":20,"column":23},"end":{"line":20,"column":56}},"type":"binary-expr","locations":[{"start":{"line":20,"column":23},"end":{"line":20,"column":43}},{"start":{"line":20,"column":47},"end":{"line":20,"column":56}}],"line":20},"3":{"loc":{"start":{"line":44,"column":16},"end":{"line":44,"column":37}},"type":"binary-expr","locations":[{"start":{"line":44,"column":16},"end":{"line":44,"column":31}},{"start":{"line":44,"column":35},"end":{"line":44,"column":37}}],"line":44},"4":{"loc":{"start":{"line":45,"column":20},"end":{"line":45,"column":45}},"type":"binary-expr","locations":[{"start":{"line":45,"column":20},"end":{"line":45,"column":39}},{"start":{"line":45,"column":43},"end":{"line":45,"column":45}}],"line":45},"5":{"loc":{"start":{"line":59,"column":20},"end":{"line":59,"column":50}},"type":"binary-expr","locations":[{"start":{"line":59,"column":20},"end":{"line":59,"column":44}},{"start":{"line":59,"column":48},"end":{"line":59,"column":50}}],"line":59},"6":{"loc":{"start":{"line":60,"column":4},"end":{"line":60,"column":70}},"type":"if","locations":[{"start":{"line":60,"column":4},"end":{"line":60,"column":70}},{"start":{},"end":{}}],"line":60},"7":{"loc":{"start":{"line":60,"column":8},"end":{"line":60,"column":59}},"type":"binary-expr","locations":[{"start":{"line":60,"column":8},"end":{"line":60,"column":36}},{"start":{"line":60,"column":40},"end":{"line":60,"column":59}}],"line":60},"8":{"loc":{"start":{"line":62,"column":12},"end":{"line":62,"column":54}},"type":"cond-expr","locations":[{"start":{"line":62,"column":34},"end":{"line":62,"column":40}},{"start":{"line":62,"column":43},"end":{"line":62,"column":54}}],"line":62},"9":{"loc":{"start":{"line":73,"column":4},"end":{"line":75,"column":74}},"type":"cond-expr","locations":[{"start":{"line":74,"column":8},"end":{"line":74,"column":27}},{"start":{"line":75,"column":8},"end":{"line":75,"column":74}}],"line":73}},"s":{"0":1,"1":1,"2":3,"3":1,"4":3,"5":3,"6":3,"7":3,"8":3,"9":3,"10":1,"11":2,"12":3,"13":3,"14":3,"15":3,"16":3},
[...]
105,"column":67}},"18":{"start":{"line":106,"column":18},"end":{"line":106,"column":69}},"19":{"start":{"line":106,"column":46},"end":{"line":106,"column":68}},"20":{"start":{"line":107,"column":16},"end":{"line":107,"column":41}},"21":{"start":{"line":109,"column":2},"end":{"line":114,"column":4}}},"fnMap":{"0":{"name":"(anonymous_0)","decl":{"start":{"line":83,"column":24},"end":{"line":83,"column":25}},"loc":{"start":{"line":83,"column":34},"end":{"line":86,"column":1}},"line":83},"1":{"name":"(anonymous_1)","decl":{"start":{"line":85,"column":22},"end":{"line":85,"column":23}},"loc":{"start":{"line":85,"column":29},"end":{"line":85,"column":47}},"line":85},"2":{"name":"(anonymous_2)","decl":{"start":{"line":88,"column":24},"end":{"line":88,"column":25}},"loc":{"start":{"line":88,"column":56},"end":{"line":115,"column":1}},"line":88},"3":{"name":"(anonymous_3)","decl":{"start":{"line":101,"column":10},"end":{"line":101,"column":11}},"loc":{"start":{"line":101,"column":20},"end":{"line":101,"column":31}},"line":101},"4":{"name":"(anonymous_4)","decl":{"start":{"line":103,"column":9},"end":{"line":103,"column":10}},"loc":{"start":{"line":103,"column":21},"end":{"line":103,"column":25}},"line":103},"5":{"name":"(anonymous_5)","decl":{"start":{"line":105,"column":39},"end":{"line":105,"column":40}},"loc":{"start":{"line":105,"column":46},"end":{"line":105,"column":67}},"line":105},"6":{"name":"(anonymous_6)","decl":{"start":{"line":106,"column":39},"end":{"line":106,"column":40}},"loc":{"start":{"line":106,"column":46},"end":{"line":106,"column":68}},"line":106}},"branchMap":{"0":{"loc":{"start":{"line":84,"column":16},"end":{"line":84,"column":74}},"type":"binary-expr","locations":[{"start":{"line":84,"column":16},"end":{"line":84,"column":68}},{"start":{"line":84,"column":72},"end":{"line":84,"column":74}}],"line":84},"1":{"loc":{"start":{"line":89,"column":2},"end":{"line":91,"column":3}},"type":"if","locations":[{"start":{"line":89,"column":2},"end":{"line":91,"column":3}},{"start":{},"end":{}}],"line":89},"2":{"loc":{"start":{"line":98,"column":15},"end":{"line":98,"column":27}},"type":"binary-expr","locations":[{"start":{"line":98,"column":15},"end":{"line":98,"column":22}},{"start":{"line":98,"column":26},"end":{"line":98,"column":27}}],"line":98},"3":{"loc":{"start":{"line":107,"column":16},"end":{"line":107,"column":41}},"type":"binary-expr","locations":[{"start":{"line":107,"column":16},"end":{"line":107,"column":36}},{"start":{"line":107,"column":40},"end":{"line":107,"column":41}}],"line":107}},"s":{"0":2,"1":2,"2":8,"3":8,"4":161,"5":2,"6":5,"7":1,"8":4,"9":4,"10":4,"11":4,"12":44,"13":4,"14":42,"15":34,"16":4,"17":34,"18":4,"19":34,"20":4,"21":4},"f":{"0":8,"1":161,"2":5,"3":42,"4":34,"5":34,"6":34},"b":{"0":[8,2],"1":[1,4],"2":[44,44],"3":[4,2]},"inputSourceMap":null,"_coverageSchema":"1a1c01bbd47fc00a2c39e90264f33305004495a9","hash":"0c5175300baa916bce1290fccafe850a03806e3c"}
,"D:\\TechWorld\\All Projects\\ATS RESUME BUILDER\\server\\src\\utils\\logger.js": {"path":"D:\\TechWorld\\All Projects\\ATS RESUME BUILDER\\server\\src\\utils\\logger.js","statementMap":{"0":{"start":{"line":3,"column":15},"end":{"line":13,"column":2}}},"fnMap":{},"branchMap":{"0":{"loc":{"start":{"line":4,"column":9},"end":{"line":4,"column":40}},"type":"binary-expr","locations":[{"start":{"line":4,"column":9},"end":{"line":4,"column":30}},{"start":{"line":4,"column":34},"end":{"line":4,"column":40}}],"line":4},"1":{"loc":{"start":{"line":5,"column":13},"end":{"line":12,"column":15}},"type":"cond-expr","locations":[{"start":{"line":5,"column":53},"end":{"line":12,"column":3}},{"start":{"line":12,"column":6},"end":{"line":12,"column":15}}],"line":5}},"s":{"0":3},"f":{},"b":{"0":[3,2],"1":[2,1]},"inputSourceMap":null,"_coverageSchema":"1a1c01bbd47fc00a2c39e90264f33305004495a9","hash":"ff5f842dab62fef9daa9c62957dfb664934a16a2"}
,"D:\\TechWorld\\All Projects\\ATS RESUME BUILDER\\server\\src\\utils\\normalizeCertifications.js": {"path":"D:\\TechWorld\\All Projects\\ATS RESUME BUILDER\\server\\src\\utils\\normalizeCertifications.js","statementMap":{"0":{"start":{"line":19,"column":19},"end":{"line":22,"column":1}},"1":{"start":{"line":20,"column":16},"end":{"line":20,"column":47}},"2":{"start":{"line":21,"column":2},"end":{"line":21,"column":38}},"3":{"start":{"line":25,"column":20},"end":{"line":28,"column":1}},"4":{"start":{"line":26,"column":16},"end":{"line":26,"column":45}},"5":{"start":{"line":27,"column":2},"end":{"line":27,"column":31}},"6":{"start":{"line":34,"column":19},"end":{"line":39,"column":1}},"7":{"start":{"line":45,"column":33},"end":{"line":85,"column":1}},"8":{"start":{"line":46,"column":2},"end":{"line":84,"column":3}},"9":{"start":{"line":48,"column":17},"end":{"line":48,"column":32}},"10":{"start":{"line":49,"column":17},"end":{"line":49,"column":33}},"11":{"start":{"line":52,"column":15},"end":{"line":56,"column":30}},"12":{"start":{"line":59,"column":4},"end":{"line":72,"column":5}},"13":{"start":{"line":60,"column":20},"end":{"line":60,"column":72}},"14":{"start":{"line":60,"column":47},"end":{"line":60,"column":55}},"15":{"start":{"line":61,"column":6},"end":{"line":71,"column":7}},"16":{"start":{"line":64,"column":33},"end":{"line":64,"column":38}},"17":{"start":{"line":65,"column":8},"end":{"line":70,"column":10}},"18":{"start":{"line":75,"column":4},"end":{"line":80,"column":6}},"19":{"start":{"line":83,"column":4},"end":{"line":83,"column":79}},"20":{"start":{"line":91,"column":27},"end":{"line":96,"column":2}},"21":{"start":{"line":91,"column":37},"end":{"line":96,"column":1}},"22":{"start":{"line":106,"column":32},"end":{"line":151,"column":1}},"23":{"start":{"line":107,"column":2},"end":{"line":150,"column":3}},"24":{"start":{"line":109,"column":4},"end":{"line":109,"column":49}},"25":{"start":{"line":109,"column":39},"end":{"line":109,"column":49}},"26":{"start":{"line":112,"column":4},"end":{"line":134,"column":5}},"27":{"start":{"line":113,"column":6},"end":{"line":133,"column":11}},"28":{"start":{"line":115,"column":10},"end":{"line":115,"column":38}},"29":{"start":{"line":115,"column":28},"end":{"line":115,"column":38}},"30":{"start":{"line":118,"column":10},"end":{"line":123,"column":11}},"31":{"start":{"line":120,"column":69},"end":{"line":120,"column":73}},"32":{"start":{"line":121,"column":12},"end":{"line":121,"column":62}},"33":{"start":{"line":121,"column":52},"end":{"line":121,"column":62}},"34":{"start":{"line":122,"column":12},"end":{"line":122,"column":46}},"35":{"start":{"line":126,"column":10},"end":{"line":130,"column":11}},"36":{"start":{"line":127,"column":28},"end":{"line":127,"column":39}},"37":{"start":{"line":128,"column":12},"end":{"line":128,"column":36}},"38":{"start":{"line":128,"column":26},"end":{"line":128,"column":36}},"39":{"start":{"line":129,"column":12},"end":{"line":129,"column":55}},"40":{"start":{"line":132,"column":10},"end":{"line":132,"column":20}},"41":{"start":{"line":137,"column":4},"end":{"line":143,"column":5}},"42":{"start":{"line":138,"column":6},"end":{"line":142,"column":39}},"43":{"start":{"line":140,"column":23},"end":{"line":140,"column":34}},"44":{"start":{"line":146,"column":4},"end":{"line":146,"column":14}},"45":{"start":{"line":149,"column":4},"end":{"line":149,"column":14}}},"fnMap":{"0":{"name":"(anonymous_0)","decl":{"start":{"line":19,"column":19},"end":{"line":19,"column":20}},"loc":{"start":{"line":19,"column":28},"end":{"line":22,"column":1}},"line":19},"1":{"name":"(anonymous_1)","decl":{"start":{"line":25,"column":20},"end":{"line":25,"column":21}},"loc":{"start":{"line":25,"column":29},"end":{"line":28,"column":1}},"line":25},"2":{"name":"(anonymous_2)","decl":{"start":{"line":45,"column":33},"end":{"line":45,"column":34}},"loc":{"start":{"line":45,"column":42},"end":{"line":85,"column":1}},"line":45},"3":{"name":"(anonymous_3)","decl":{"start":{"line":60,"column":40},"end":{"line":60,"column":41}},"loc":{"start":{"line":60,"column":47},"end":{"line":60,"column":55}},"line":60},"4":{"name":"(anonymous_4)","decl":{"start":{"line":91,"column":27},"end":{"line":91,"column":28}},"loc":{"start":{"line":91,"column":37},"end":{"line":96,"column":1}},"line":91},"5":{"name":"(anonymous_5)","decl":{"start":{"line":106,"column":32},"end":{"line":106,"column":33}},"loc":{"start":{"line":106,"column":43},"end":{"line":151,"column":1}},"line":106},"6":{"name":"(anonymous_6)","decl":{"start":{"line":114,"column":17},"end":{"line":114,"column":18}},"loc":{"start":{"line":114,"column":27},"end":{"line":133,"column":9}},"line":114},"7":{"name":"(anonymous_7)","decl":{"start":{"line":140,"column":13},"end":{"line":140,"column":14}},"loc":{"start":{"line":140,"column":23},"end":{"line":140,"column":34}},"line":140}},"branchMap":{"0":{"loc":{"start":{"line":21,"column":9},"end":{"line":21,"column":37}},"type":"cond-expr","locations":[{"start":{"line":21,"column":17},"end":{"line":21,"column":32}},{"start":{"line":21,"column":35},"end":{"line":21,"column":37}}],"line":21},"1":{"loc":{"start":{"line":27,"column":9},"end":{"line":27,"column":30}},"type":"cond-expr","locations":[{"start":{"line":27,"column":17},"end":{"line":27,"column":25}},{"start":{"line":27,"column":28},"end":{"line":27,"column":30}}],"line":27},"2":{"loc":{"start":{"line":61,"column":6},"end":{"line":71,"column":7}},"type":"if","locations":[{"start":{"line":61,"column":6},"end":{"line":71,"column":7}},{"start":{},"end":{}}],"line":61},"3":{"loc":{"start":{"line":76,"column":12},"end":{"line":76,"column":30}},"type":"binary-expr","locations":[{"start":{"line":76,"column":12},"end":{"line":76,"column":16}},{"start":{"line":76,"column":20},"end":{"line":76,"column":30}}],"line":76},"4":{"loc":{"start":{"line":92,"column":15},"end":{"line":92,"column":29}},"type":"binary-expr","locations":[{"start":{"line":92,"column":15},"end":{"line":92,"column":23}},{"start":{"line":92,"column":27},"end":{"line":92,"column":29}}],"line":92},"5":{"loc":{"start":{"line":93,"column":10},"end":{"line":93,"column":61}},"type":"binary-expr","locations":[{"start":{"line":93,"column":10},"end":{"line":93,"column":48}},{"start":{"line":93,"column":52},"end":{"line":93,"column":61}}],"line":93},"6":{"loc":{"start":{"line":93,"column":17},"end":{"line":93,"column":40}},"type":"binary-expr","locations":[{"start":{"line":93,"column":17},"end":{"line":93,"column":27}},{"start":{"line":93,"column":31},"end":{"line":93,"column":40}}],"line":93},"7":{"loc":{"start":{"line":94,"column":15},"end":{"line":94,"column":29}},"type":"binary-expr","locations":[{"start":{"line":94,"column":15},"end":{"line":94,"column":23}},{"start":{"line":94,"column":27},"end":{"line":94,"column":29}}],"line":94},"8":{"loc":{"start":{"line":95,"column":15},"end":{"line":95,"column":29}},"type":"binary-expr","locations":[{"start":{"line":95,"column":15},"end":{"line":95,"column":23}},{"start":{"line":95,"column":27},"end":{"line":95,"column":29}}],"line":95},"9":{"loc":{"start":{"line":109,"column":4},"end":{"line":109,"column":49}},"type":"if","locations":[{"start":{"line":109,"column":4},"end":{"line":109,"column":49}},{"start":{},"end":{}}],"line":109},"10":{"loc":{"start":{"line":109,"column":8},"end":{"line":109,"column":37}},"type":"binary-expr","locations":[{"start":{"line":109,"column":8},"end":{"line":109,"column":21}},{"start":{"line":109,"column":25},"end":{"line":109,"column":37}}],"line":109},"11":{"loc":{"start":{"line":112,"column":4},"end":{"line":134,"column":5}},"type":"if","locations":[{"start":{"line":112,"column":4},"end":{"line":134,"column":5}},{"start":{},"end":{}}],"line":112},"12":{"loc":{"start":{"line":115,"column":10},"end":{"line":115,"column":38}},"type":"if","locations":[{"start":{"line":115,"column":10},"end":{"line":115,"column":38}},{"start":{},"end":{}}],"line":115},"13":{"loc":{"start":{"line":118,"column":10},"end":{"line":123,"column":11}},"type":"if","locations":[{"start":{"line":118,"column":10},"end":{"line":123,"column":11}},{"start":{},"end":{}}],"line":118},"14":{"loc":{"start":{"line":118,"column":14},"end":{"line":118,"column":62}},"type":"binary-expr","locations":[{"start":{"line":118,"column":14},"end":{"line":118,"column":38}},{"start":{"line":118,"column":42},"end":{"line":118,"column":62}}],"line":118},"15":{"loc":{"start":{"line":120,"column":20},"end":{"line":120,"column":29}},"type":"default-arg","locations":[{"start":{"line":120,"column":27},"end":{"line":120,"column":29}}],"line":120},"16":{"loc":{"start":{"line":120,"column":31},"end":{"line":120,"column":42}},"type":"default-arg","locations":[{"start":{"line":120,"column":40},"end":{"line":120,"column":42}}],"line":120},"17":{"loc":{"start":{"line":120,"column":44},"end":{"line":120,"column":53}},"type":"default-arg","locations":[{"start":{"line":120,"column":51},"end":{"line":120,"column":53}}],"line":120},"18":{"loc":{"start":{"line":120,"column":55},"end":{"line":120,"column":64}},"type":"default-arg","locations":[{"start":{"line":120,"column":62},"end":{"line":120,"column":64}}],"line":120},"19":{"loc":{"start":{"line":121,"column":12},"end":{"line":121,"column":62}},"type":"if","locations":[{"start":{"line":121,"column":12},"end":{"line":121,"column":62}},{"start":{},"end":{}}],"line":121},"20":{"loc":{"start":{"line":121,"column":16},"end":{"line":121,"column":50}},"type":"binary-expr","locations":[{"start":{"line":121,"column":16},"end":{"line":121,"column":21}},{"start":{"line":121,"column":25},"end":{"line":121,"column":32}},{"start":{"line":121,"column":36},"end":{"line":121,"column":41}},{"start":{"line":121,"column":45},"end":{"line":121,"column":50}}],"line":121},"21":{"loc":{"start":{"line":126,"column":10},"end":{"line":130,"column":11}},"type":"if","locations":[{"start":{"line":126,"column":10},"end":{"line":130,"column":11}},{"start":{},"end":{}}],"line":126},"22":{"loc":{"start":{"line":128,"column":12},"end":{"line":128,"column":36}},"type":"if","locations":[{"start":{"line":128,"column":12},"end":{"line":128,"column":36}},{"start":{},"end":{}}],"line":128},"23":{"loc":{"start":{"line":137,"column":4},"end":{"line":143,"column":5}},"type":"if","locations":[{"start":{"line":137,"column":4},"end":{"line":143,"column":5}},{"start":{},"end":{}}],"line":137}},"s":{"0":1,"1":12,"2":11,"3":1,"4":11,"5":11,"6":1,"7":1,"8":12,"9":12,"10":11,"11":11,"12":11,"13":30,"14":37,"15":30,"16":7,"17":7,"18":4,"19":1,"20":1,"21":4,"22":1,"23":17,"24":17,"25":3,"26":14,"27":5,"28":10,"29":1,"30":9,"31":5,"32":5,"33":1,"34":4,"35":4,"36":3,"37":3,"38":1,"39":2,"40":1,"41":9,"42":8,"43":12,"44":1,"45":1},"f":{"0":12,"1":11,"2":12,"3":37,"4":4,"5":17,"6":10,"7":12},"b":{"0":[2,9],"1":[3,8],"2":[7,23],"3":[4,0],"4":[4,0],"5":[4,1],"6":[4,2],"7":[4,3],"8":[4,3],"9":[3,14],"10":[17,15],"11":[5,9],"12":[1,9],"13":[5,4],"14":[9,5],"15":[1],"16":[3],"17":[4],"18":[4],"19":[1,4],"20":[5,1,1,1],"21":[3,1],"22":[1,2],"23":[8,1]},"inputSourceMap":null,"_coverageSchema":"1a1c01bbd47fc00a2c39e90264f33305004495a9","hash":"0cc62c55b4e72e6cd49434bb7b417bac3423f416"}
,"D:\\TechWorld\\All Projects\\ATS RESUME BUILDER\\server\\src\\utils\\resumeParser.js": {"path":"D:\\TechWorld\\All Projects\\ATS RESUME BUILDER\\server\\src\\utils\\resumeParser.js","statementMap":{"0":{"start":{"line":3,"column":27},"end":{"line":14,"column":1}},"1":{"start":{"line":4,"column":21},"end":{"line":4,"column":43}},"2":{"start":{"line":5,"column":14},"end":{"line":5,"column":61}},"3":{"start":{"line":6,"column":17},"end":{"line":6,"column":19}},"4":{"start":{"line":7,"column":2},"end":{"line":12,"column":3}},"5":{"start":{"line":7,"column":15},"end":{"line":7,"column":16}},"6":{"start":{"line":8,"column":17},"end":{"line":8,"column":37}},"7":{"start":{"line":9,"column":20},"end":{"line":9,"column":47}},"8":{"start":{"line":10,"column":21},"end":{"line":10,"column":68}},"9":{"start":{"line":10,"column":49},"end":{"line":10,"column":57}},"10":{"start":{"line":11,"column":4},"end":{"line":11,"column":32}},"11":{"start":{"line":13,"column":2},"end":{"line":13,"column":25}}},"fnMap":{"0":{"name":"(anonymous_0)","decl":{"start":{"line":3,"column":27},"end":{"line":3,"column":28}},"loc":{"start":{"line":3,"column":45},"end":{"line":14,"column":1}},"line":3},"1":{"name":"(anonymous_1)","decl":{"start":{"line":10,"column":39},"end":{"line":10,"column":40}},"loc":{"start":{"line":10,"column":49},"end":{"line":10,"column":57}},"line":10}},"branchMap":{},"s":{"0":1,"1":1,"2":1,"3":1,"4":1,"5":1,"6":2,"7":2,"8":2,"9":4,"10":2,"11":1},"f":{"0":1,"1":4},"b":{},"inputSourceMap":null,"_coverageSchema":"1a1c01bbd47fc00a2c39e90264f33305004495a9","hash":"7e15af1556da17a71cfd5fc1c2d3312057e6c1fd"}
,"D:\\TechWorld\\All Projects\\ATS RESUME BUILDER\\server\\src\\utils\\scoreCalculator.js": {"path":"D:\\TechWorld\\All Projects\\ATS RESUME BUILDER\\server\\src\\utils\\scoreCalculator.js","statementMap":{"0":{"start":{"line":1,"column":16},"end":{"line":12,"column":1}},"1":{"start":{"line":14,"column":30},"end":{"line":22,"column":1}},"2":{"start":{"line":15,"column":16},"end":{"line":15,"column":17}},"3":{"start":{"line":16,"column":2},"end":{"line":20,"column":3}},"4":{"start":{"line":17,"column":16},"end":{"line":17,"column":36}},"5":{"start":{"line":18,"column":4},"end":{"line":18,"column":60}},"6":{"start":{"line":18,"column":35},"end":{"line":18,"column":60}},"7":{"start":{"line":19,"column":4},"end":{"line":19,"column":30}},"8":{"start":{"line":21,"column":2},"end":{"line":21,"column":29}},"9":{"start":{"line":24,"column":25},"end":{"line":29,"column":1}},"10":{"start":{"line":25,"column":2},"end":{"line":25,"column":35}},"11":{"start":{"line":25,"column":19},"end":{"line":25,"column":35}},"12":{"start":{"line":26,"column":2},"end":{"line":26,"column":33}},"13":{"start":{"line":26,"column":19},"end":{"line":26,"column":33}},"14":{"start":{"line":27,"column":2},"end":{"line":27,"column":39}},"15":{"start":{"line":27,"column":19},"end":{"line":27,"column":39}},"16":{"start":{"line":28,"column":2},"end":{"line":28,"column":16}}},"fnMap":{"0":{"name":"(anonymous_0)","decl":{"start":{"line":14,"column":30},"end":{"line":14,"column":31}},"loc":{"start":{"line":14,"column":43},"end":{"line":22,"column":1}},"line":14},"1":{"name":"(anonymous_1)","decl":{"start":{"line":24,"column":25},"end":{"line":24,"column":26}},"loc":{"start":{"line":24,"column":36},"end":{"line":29,"column":1}},"line":24}},"branchMap":{"0":{"loc":{"start":{"line":17,"column":16},"end":{"line":17,"column":36}},"type":"binary-expr","locations":[{"start":{"line":17,"column":16},"end":{"line":17,"column":31}},{"start":{"line":17,"column":35},"end":{"line":17,"column":36}}],"line":17},"1":{"loc":{"start":{"line":18,"column":4},"end":{"line":18,"column":60}},"type":"if","locations":[{"start":{"line":18,"column":4},"end":{"line":18,"column":60}},{"start":{},"end":{}}],"line":18},"2":{"loc":{"start":{"line":18,"column":43},"end":{"line":18,"column":59}},"type":"binary-expr","locations":[{"start":{"line":18,"column":43},"end":{"line":18,"column":54}},{"start":{"line":18,"column":58},"end":{"line":18,"column":59}}],"line":18},"3":{"loc":{"start":{"line":25,"column":2},"end":{"line":25,"column":35}},"type":"if","locations":[{"start":{"line":25,"column":2},"end":{"line":25,"column":35}},{"start":{},"end":{}}],"line":25},"4":{"loc":{"start":{"line":26,"column":2},"end":{"line":26,"column":33}},"type":"if","locations":[{"start":{"line":26,"column":2},"end":{"line":26,"column":33}},{"start":{},"end":{}}],"line":26},"5":{"loc":{"start":{"line":27,"column":2},"end":{"line":27,"column":39}},"type":"if","locations":[{"start":{"line":27,"column":2},"end":{"line":27,"column":39}},{"start":{},"end":{}}],"line":27}},"s":{"0":2,"1":2,"2":4,"3":4,"4":40,"5":40,"6":3,"7":40,"8":4,"9":2,"10":8,"11":2,"12":6,"13":2,"14":4,"15":2,"16":2},"f":{"0":4,"1":8},"b":{"0":[40,26],"1":[3,37],"2":[3,1],"3":[2,6],"4":[2,4],"5":[2,2]},"inputSourceMap":null,"_coverageSchema":"1a1c01bbd47fc00a2c39e90264f33305004495a9","hash":"9925d5fc2f57e42db48873535705657e15e374fc"}
}
