TN:
SF:src\config\agent.tools.js
FN:7,(anonymous_0)
FN:31,(anonymous_1)
FN:61,(anonymous_2)
FN:84,(anonymous_3)
FN:104,(anonymous_4)
FNF:5
FNH:0
FNDA:0,(anonymous_0)
FNDA:0,(anonymous_1)
FNDA:0,(anonymous_2)
FNDA:0,(anonymous_3)
FNDA:0,(anonymous_4)
DA:7,0
DA:9,0
DA:33,0
DA:39,0
DA:43,0
DA:45,0
DA:50,0
DA:62,0
DA:69,0
DA:74,0
DA:85,0
DA:86,0
DA:91,0
DA:99,0
DA:105,0
DA:106,0
DA:111,0
DA:115,0
LF:18
LH:0
BRDA:33,0,0,0
BRDA:33,0,1,0
BRDA:33,1,0,0
BRDA:33,1,1,0
BRDA:33,1,2,0
BRDA:63,2,0,0
BRDA:63,2,1,0
BRDA:64,3,0,0
BRDA:64,3,1,0
BRDA:65,4,0,0
BRDA:65,4,1,0
BRDA:66,5,0,0
BRDA:66,5,1,0
BRDA:67,6,0,0
BRDA:67,6,1,0
BRDA:87,7,0,0
BRDA:87,7,1,0
BRDA:88,8,0,0
BRDA:88,8,1,0
BRDA:88,8,2,0
BRDA:89,9,0,0
BRDA:89,9,1,0
BRDA:93,10,0,0
BRDA:93,10,1,0
BRDA:107,11,0,0
BRDA:107,11,1,0
BRDA:108,12,0,0
BRDA:108,12,1,0
BRDA:109,13,0,0
BRDA:109,13,1,0
BRF:30
BRH:0
end_of_record
TN:
SF:src\config\db.config.js
FN:9,(anonymous_0)
FNF:1
FNH:0
FNDA:0,(anonymous_0)
DA:9,0
DA:10,0
DA:11,0
DA:13,0
DA:14,0
DA:17,0
DA:18,0
DA:20,0
DA:21,0
LF:9
LH:0
BRDA:13,0,0,0
BRDA:13,0,1,0
BRF:2
BRH:0
end_of_record
TN:
SF:src\config\gemini.config.js
FN:12,(anonymous_0)
FN:26,(anonymous_1)
FNF:2
FNH:0
FNDA:0,(anonymous_0)
FNDA:0,(anonymous_1)
DA:4,1
DA:6,1
DA:11,1
DA:12,1
DA:13,0
DA:14,0
DA:20,0
DA:26,1
DA:27,0
DA:28,0
DA:31,0
DA:32,0
DA:35,0
DA:37,0
DA:38,0
DA:52,0
DA:54,0
DA:55,0
DA:58,0
DA:61,0
DA:70,0
LF:21
LH:5
BRDA:7,0,0,1
BRDA:7,0,1,1
BRDA:13,1,0,0
BRDA:13,1,1,0
BRDA:15,2,0,0
BRDA:15,2,1,0
BRDA:27,3,0,0
BRDA:27,3,1,0
BRDA:31,4,0,0
BRDA:31,4,1,0
BRDA:31,5,0,0
BRDA:31,5,1,0
BRDA:54,6,0,0
BRDA:54,6,1,0
BRF:14
BRH:2
end_of_record
TN:
SF:src\config\google.config.js
FN:11,(anonymous_0)
FN:27,(anonymous_1)
FN:37,(anonymous_2)
FN:39,(anonymous_3)
FN:40,(anonymous_4)
FN:49,(anonymous_5)
FNF:6
FNH:0
FNDA:0,(anonymous_0)
FNDA:0,(anonymous_1)
FNDA:0,(anonymous_2)
FNDA:0,(anonymous_3)
FNDA:0,(anonymous_4)
FNDA:0,(anonymous_5)
DA:8,0
DA:11,0
DA:12,0
DA:14,0
DA:15,0
DA:19,0
DA:20,0
DA:27,0
DA:28,0
DA:37,0
DA:38,0
DA:39,0
DA:40,0
DA:41,0
DA:42,0
DA:44,0
DA:49,0
DA:50,0
DA:53,0
DA:62,0
DA:63,0
DA:64,0
LF:22
LH:0
BRDA:41,0,0,0
BRDA:41,0,1,0
BRDA:41,1,0,0
BRDA:41,1,1,0
BRF:4
BRH:0
end_of_record
TN:
SF:src\constants\prompts.js
FN:1,(anonymous_0)
FN:50,(anonymous_1)
FN:80,(anonymous_2)
FN:103,(anonymous_3)
FN:140,(anonymous_4)
FN:175,(anonymous_5)
FN:208,(anonymous_6)
FNF:7
FNH:0
FNDA:0,(anonymous_0)
FNDA:0,(anonymous_1)
FNDA:0,(anonymous_2)
FNDA:0,(anonymous_3)
FNDA:0,(anonymous_4)
FNDA:0,(anonymous_5)
FNDA:0,(anonymous_6)
DA:1,1
DA:3,0
DA:50,1
DA:52,0
DA:80,1
DA:82,0
DA:103,1
DA:105,0
DA:140,1
DA:142,0
DA:175,1
DA:177,0
DA:208,1
DA:210,0
LF:14
LH:7
BRDA:55,0,0,0
BRDA:55,0,1,0
BRDA:55,1,0,0
BRDA:55,1,1,0
BRDA:56,2,0,0
BRDA:56,2,1,0
BRDA:57,3,0,0
BRDA:57,3,1,0
BRDA:60,4,0,0
BRDA:60,4,1,0
BRDA:85,5,0,0
BRDA:85,5,1,0
BRDA:87,6,0,0
BRDA:87,6,1,0
BRDA:88,7,0,0
BRDA:88,7,1,0
BRDA:108,8,0,0
BRDA:108,8,1,0
BRDA:111,9,0,0
BRDA:111,9,1,0
BRDA:113,10,0,0
BRDA:113,10,1,0
BRDA:116,11,0,0
BRDA:116,11,1,0
BRDA:142,12,0,0
BRDA:142,12,1,0
BRDA:145,13,0,0
BRDA:145,13,1,0
BRDA:147,14,0,0
BRDA:147,14,1,0
BRDA:180,15,0,0
BRDA:180,15,1,0
BRDA:183,16,0,0
BRDA:183,16,1,0
BRDA:185,17,0,0
BRDA:185,17,1,0
BRDA:213,18,0,0
BRDA:213,18,1,0
BRDA:216,19,0,0
BRDA:216,19,1,0
BRF:40
BRH:0
end_of_record
TN:
SF:src\controllers\ai.controller.js
FN:5,(anonymous_0)
FN:57,(anonymous_1)
FN:83,(anonymous_2)
FN:115,(anonymous_3)
FN:167,(anonymous_4)
FN:199,(anonymous_5)
FN:237,(anonymous_6)
FN:268,(anonymous_7)
FNF:8
FNH:8
FNDA:4,(anonymous_0)
FNDA:4,(anonymous_1)
FNDA:4,(anonymous_2)
FNDA:5,(anonymous_3)
FNDA:4,(anonymous_4)
FNDA:4,(anonymous_5)
FNDA:5,(anonymous_6)
FNDA:2,(anonymous_7)
DA:5,1
DA:6,4
DA:7,4
DA:9,4
DA:10,1
DA:18,3
DA:24,2
DA:25,1
DA:34,2
DA:36,2
DA:38,2
DA:48,2
DA:49,2
DA:51,2
DA:53,1
DA:57,1
DA:58,4
DA:59,4
DA:61,4
DA:62,1
DA:67,3
DA:69,3
DA:77,2
DA:79,1
DA:83,1
DA:84,4
DA:85,4
DA:87,4
DA:88,1
DA:93,3
DA:97,2
DA:98,1
DA:103,1
DA:109,1
DA:111,1
DA:115,1
DA:116,5
DA:117,5
DA:119,5
DA:120,1
DA:125,4
DA:129,3
DA:130,1
DA:135,2
DA:136,1
DA:139,2
DA:145,2
DA:146,2
DA:147,1
DA:148,4
DA:153,2
DA:159,2
DA:161,2
DA:163,1
DA:167,1
DA:168,4
DA:169,4
DA:171,4
DA:172,1
DA:177,3
DA:181,2
DA:182,1
DA:187,1
DA:193,1
DA:195,1
DA:199,1
DA:200,4
DA:201,4
DA:203,4
DA:204,1
DA:212,3
DA:216,2
DA:217,1
DA:222,1
DA:223,1
DA:225,1
DA:231,1
DA:233,1
DA:237,1
DA:238,5
DA:239,5
DA:241,5
DA:242,1
DA:247,4
DA:251,3
DA:252,1
DA:257,2
DA:262,2
DA:264,1
DA:268,1
DA:269,2
DA:270,2
DA:272,2
DA:277,1
DA:279,1
LF:95
LH:95
BRDA:9,0,0,1
BRDA:9,0,1,3
BRDA:9,1,0,4
BRDA:9,1,1,4
BRDA:24,2,0,1
BRDA:24,2,1,1
BRDA:30,3,0,1
BRDA:30,3,1,1
BRDA:41,4,0,2
BRDA:41,4,1,1
BRDA:42,5,0,2
BRDA:42,5,1,1
BRDA:43,6,0,2
BRDA:43,6,1,1
BRDA:45,7,0,2
BRDA:45,7,1,2
BRDA:61,8,0,1
BRDA:61,8,1,3
BRDA:67,9,0,1
BRDA:67,9,1,2
BRDA:71,10,0,3
BRDA:71,10,1,2
BRDA:72,11,0,3
BRDA:72,11,1,2
BRDA:73,12,0,3
BRDA:73,12,1,2
BRDA:74,13,0,3
BRDA:74,13,1,3
BRDA:87,14,0,1
BRDA:87,14,1,3
BRDA:97,15,0,1
BRDA:97,15,1,1
BRDA:119,16,0,1
BRDA:119,16,1,4
BRDA:129,17,0,1
BRDA:129,17,1,2
BRDA:135,18,0,1
BRDA:135,18,1,1
BRDA:141,19,0,2
BRDA:141,19,1,1
BRDA:146,20,0,1
BRDA:146,20,1,1
BRDA:149,21,0,2
BRDA:149,21,1,2
BRDA:149,22,0,2
BRDA:149,22,1,1
BRDA:149,23,0,2
BRDA:149,23,1,1
BRDA:154,24,0,2
BRDA:154,24,1,1
BRDA:156,25,0,2
BRDA:156,25,1,1
BRDA:157,26,0,2
BRDA:157,26,1,1
BRDA:171,27,0,1
BRDA:171,27,1,3
BRDA:181,28,0,1
BRDA:181,28,1,1
BRDA:203,29,0,1
BRDA:203,29,1,3
BRDA:203,30,0,4
BRDA:203,30,1,4
BRDA:216,31,0,1
BRDA:216,31,1,1
BRDA:241,32,0,1
BRDA:241,32,1,4
BRDA:251,33,0,1
BRDA:251,33,1,2
BRDA:259,34,0,2
BRDA:259,34,1,1
BRF:70
BRH:70
end_of_record
TN:
SF:src\controllers\auth.controller.js
FN:11,(anonymous_0)
FN:30,(anonymous_1)
FN:46,(anonymous_2)
FN:61,(anonymous_3)
FN:70,(anonymous_4)
FNF:5
FNH:5
FNDA:5,(anonymous_0)
FNDA:4,(anonymous_1)
FNDA:3,(anonymous_2)
FNDA:2,(anonymous_3)
FNDA:2,(anonymous_4)
DA:11,1
DA:12,5
DA:13,5
DA:15,5
DA:16,1
DA:18,4
DA:19,1
DA:22,3
DA:23,1
DA:25,2
DA:26,1
DA:30,1
DA:31,4
DA:32,4
DA:34,4
DA:35,1
DA:38,3
DA:39,1
DA:41,2
DA:42,1
DA:46,1
DA:47,3
DA:48,3
DA:50,3
DA:51,1
DA:54,2
DA:55,1
DA:57,1
DA:61,1
DA:62,2
DA:63,2
DA:64,1
DA:66,1
DA:70,1
DA:71,2
DA:72,2
DA:74,1
LF:37
LH:37
BRDA:15,0,0,1
BRDA:15,0,1,4
BRDA:15,1,0,5
BRDA:15,1,1,4
BRDA:15,1,2,4
BRDA:18,2,0,1
BRDA:18,2,1,3
BRDA:25,3,0,1
BRDA:25,3,1,1
BRDA:34,4,0,1
BRDA:34,4,1,3
BRDA:34,5,0,4
BRDA:34,5,1,4
BRDA:41,6,0,1
BRDA:41,6,1,1
BRDA:50,7,0,1
BRDA:50,7,1,2
BRF:17
BRH:17
end_of_record
TN:
SF:src\controllers\resume.controller.js
FN:6,(anonymous_0)
FN:15,(anonymous_1)
FN:24,(anonymous_2)
FN:40,(anonymous_3)
FN:57,(anonymous_4)
FN:91,(anonymous_5)
FN:122,(anonymous_6)
FN:138,(anonymous_7)
FNF:8
FNH:8
FNDA:2,(anonymous_0)
FNDA:2,(anonymous_1)
FNDA:3,(anonymous_2)
FNDA:3,(anonymous_3)
FNDA:4,(anonymous_4)
FNDA:4,(anonymous_5)
FNDA:3,(anonymous_6)
FNDA:6,(anonymous_7)
DA:6,1
DA:7,2
DA:8,2
DA:9,1
DA:11,1
DA:15,1
DA:16,2
DA:17,2
DA:18,1
DA:20,1
DA:24,1
DA:25,3
DA:26,3
DA:30,1
DA:32,2
DA:33,1
DA:36,1
DA:40,1
DA:41,3
DA:42,3
DA:47,1
DA:49,2
DA:50,1
DA:53,1
DA:57,1
DA:58,4
DA:59,4
DA:60,4
DA:69,4
DA:70,1
DA:75,3
DA:81,1
DA:83,2
DA:84,1
DA:87,1
DA:91,1
DA:92,4
DA:93,4
DA:94,4
DA:101,4
DA:102,1
DA:107,3
DA:112,1
DA:114,2
DA:115,1
DA:118,1
DA:122,1
DA:123,3
DA:124,3
DA:125,1
DA:130,2
DA:131,1
DA:134,1
DA:138,1
DA:139,6
DA:140,6
DA:141,1
DA:147,5
DA:148,4
DA:149,1
DA:156,3
DA:161,3
DA:162,2
DA:166,2
DA:174,1
DA:179,1
DA:181,1
LF:67
LH:67
BRDA:32,0,0,1
BRDA:32,0,1,1
BRDA:49,1,0,1
BRDA:49,1,1,1
BRDA:69,2,0,1
BRDA:69,2,1,3
BRDA:83,3,0,1
BRDA:83,3,1,1
BRDA:101,4,0,1
BRDA:101,4,1,3
BRDA:114,5,0,1
BRDA:114,5,1,1
BRDA:130,6,0,1
BRDA:130,6,1,1
BRDA:140,7,0,1
BRDA:140,7,1,5
BRDA:148,8,0,1
BRDA:148,8,1,3
BRDA:148,9,0,4
BRDA:148,9,1,4
BRDA:161,10,0,2
BRDA:161,10,1,1
BRDA:161,11,0,3
BRDA:161,11,1,2
BRDA:163,12,0,2
BRDA:163,12,1,1
BRF:26
BRH:26
end_of_record
TN:
SF:src\controllers\version.controller.js
FN:3,(anonymous_0)
FN:21,(anonymous_1)
FN:33,(anonymous_2)
FN:50,(anonymous_3)
FN:67,(anonymous_4)
FNF:5
FNH:5
FNDA:3,(anonymous_0)
FNDA:2,(anonymous_1)
FNDA:3,(anonymous_2)
FNDA:3,(anonymous_3)
FNDA:3,(anonymous_4)
DA:3,1
DA:4,3
DA:5,3
DA:6,3
DA:11,1
DA:13,2
DA:14,1
DA:17,1
DA:21,1
DA:22,2
DA:23,2
DA:27,1
DA:29,1
DA:33,1
DA:34,3
DA:35,3
DA:40,1
DA:42,2
DA:43,1
DA:46,1
DA:50,1
DA:51,3
DA:52,3
DA:57,1
DA:59,2
DA:60,1
DA:63,1
DA:67,1
DA:68,3
DA:69,3
DA:74,1
DA:79,2
DA:80,1
DA:83,1
LF:34
LH:34
BRDA:13,0,0,1
BRDA:13,0,1,1
BRDA:42,1,0,1
BRDA:42,1,1,1
BRDA:59,2,0,1
BRDA:59,2,1,1
BRDA:79,3,0,1
BRDA:79,3,1,1
BRF:8
BRH:8
end_of_record
TN:
SF:src\middleware\auth.middleware.js
FN:12,(anonymous_0)
FNF:1
FNH:1
FNDA:5,(anonymous_0)
DA:12,1
DA:13,5
DA:14,5
DA:16,5
DA:17,2
DA:23,3
DA:24,3
DA:25,2
DA:27,2
DA:28,1
DA:34,1
DA:35,1
DA:37,1
LF:13
LH:13
BRDA:16,0,0,2
BRDA:16,0,1,3
BRDA:16,1,0,5
BRDA:16,1,1,4
BRDA:27,2,0,1
BRDA:27,2,1,1
BRF:6
BRH:6
end_of_record
TN:
SF:src\middleware\error.middleware.js
FN:8,(anonymous_0)
FN:16,(anonymous_1)
FNF:2
FNH:2
FNDA:1,(anonymous_0)
FNDA:2,(anonymous_1)
DA:8,1
DA:9,1
DA:16,1
DA:17,2
DA:20,2
DA:21,1
DA:23,1
DA:26,2
LF:8
LH:8
BRDA:17,0,0,2
BRDA:17,0,1,1
BRDA:20,1,0,1
BRDA:20,1,1,1
BRDA:28,2,0,2
BRDA:28,2,1,1
BRDA:29,3,0,2
BRDA:29,3,1,1
BRF:8
BRH:8
end_of_record
TN:
SF:src\middleware\rateLimiter.middleware.js
FN:4,(anonymous_0)
FN:8,(anonymous_1)
FNF:2
FNH:2
FNDA:2,(anonymous_0)
FNDA:1,(anonymous_1)
DA:4,1
DA:5,2
DA:9,1
DA:10,1
DA:17,1
DA:27,1
LF:6
LH:6
BRDA:19,0,0,1
BRDA:19,0,1,1
BRDA:29,1,0,1
BRDA:29,1,1,1
BRF:4
BRH:4
end_of_record
TN:
SF:src\middleware\upload.middleware.js
FN:5,(anonymous_0)
FNF:1
FNH:1
FNDA:2,(anonymous_0)
DA:3,1
DA:5,1
DA:6,2
DA:7,1
DA:9,1
DA:13,1
LF:6
LH:6
BRDA:6,0,0,1
BRDA:6,0,1,1
BRF:2
BRH:2
end_of_record
TN:
SF:src\models\ChatHistory.model.js
FNF:0
FNH:0
DA:3,0
DA:22,0
DA:50,0
DA:52,0
LF:4
LH:0
BRF:0
BRH:0
end_of_record
TN:
SF:src\models\ResumeVersion.model.js
FNF:0
FNH:0
DA:3,0
DA:46,0
DA:48,0
LF:3
LH:0
BRF:0
BRH:0
end_of_record
TN:
SF:src\models\User.model.js
FNF:0
FNH:0
DA:10,0
DA:46,0
LF:2
LH:0
BRF:0
BRH:0
end_of_record
TN:
SF:src\models\resume.model.js
FN:112,(anonymous_0)
FNF:1
FNH:0
FNDA:0,(anonymous_0)
DA:4,0
DA:16,0
DA:28,0
DA:39,0
DA:49,0
DA:65,0
DA:112,0
DA:126,0
DA:128,0
LF:9
LH:0
BRF:0
BRH:0
end_of_record
TN:
SF:src\routes\ai.routes.js
FNF:0
FNH:0
DA:15,0
DA:17,0
DA:19,0
DA:20,0
DA:21,0
DA:22,0
DA:23,0
DA:24,0
DA:25,0
DA:26,0
LF:10
LH:0
BRF:0
BRH:0
end_of_record
TN:
SF:src\routes\auth.routes.js
FNF:0
FNH:0
DA:9,0
DA:12,0
DA:13,0
DA:14,0
DA:17,0
DA:18,0
LF:6
LH:0
BRF:0
BRH:0
end_of_record
TN:
SF:src\routes\index.js
FNF:0
FNH:0
DA:25,0
DA:28,0
DA:31,0
DA:32,0
DA:33,0
LF:5
LH:0
BRF:0
BRH:0
end_of_record
TN:
SF:src\routes\resume.routes.js
FNF:0
FNH:0
DA:16,0
DA:18,0
DA:20,0
DA:21,0
DA:22,0
DA:23,0
DA:24,0
DA:25,0
DA:26,0
DA:27,0
LF:10
LH:0
BRF:0
BRH:0
end_of_record
TN:
SF:src\routes\version.routes.js
FNF:0
FNH:0
DA:11,0
DA:13,0
DA:15,0
DA:16,0
DA:17,0
DA:18,0
DA:19,0
LF:7
LH:0
BRF:0
BRH:0
end_of_record
TN:
SF:src\services\agent.service.js
FN:12,(anonymous_0)
FN:41,(anonymous_1)
FNF:2
FNH:2
FNDA:3,(anonymous_0)
FNDA:3,(anonymous_1)
DA:7,1
DA:12,1
DA:14,3
DA:41,1
DA:42,3
DA:49,3
DA:51,3
DA:57,3
DA:59,3
DA:60,3
DA:61,2
DA:67,3
DA:69,3
DA:71,3
DA:73,3
DA:77,3
LF:16
LH:16
BRDA:17,0,0,3
BRDA:17,0,1,3
BRDA:19,1,0,3
BRDA:19,1,1,2
BRDA:20,2,0,3
BRDA:20,2,1,3
BRDA:44,3,0,3
BRDA:44,3,1,2
BRDA:45,4,0,3
BRDA:45,4,1,2
BRDA:59,5,0,3
BRDA:59,5,1,2
BRDA:60,6,0,1
BRDA:60,6,1,2
BRDA:60,7,0,3
BRDA:60,7,1,1
BRDA:62,8,0,1
BRDA:62,8,1,1
BRDA:73,9,0,2
BRDA:73,9,1,1
BRF:20
BRH:20
end_of_record
TN:
SF:src\services\ai.service.js
FN:8,(anonymous_0)
FN:51,(anonymous_1)
FN:55,(anonymous_2)
FN:61,(anonymous_3)
FN:67,(anonymous_4)
FN:125,(anonymous_5)
FN:131,(anonymous_6)
FN:137,(anonymous_7)
FN:143,(anonymous_8)
FNF:9
FNH:9
FNDA:18,(anonymous_0)
FNDA:1,(anonymous_1)
FNDA:8,(anonymous_2)
FNDA:1,(anonymous_3)
FNDA:4,(anonymous_4)
FNDA:1,(anonymous_5)
FNDA:1,(anonymous_6)
FNDA:1,(anonymous_7)
FNDA:2,(anonymous_8)
DA:8,2
DA:9,18
DA:10,18
DA:15,7
DA:16,7
DA:17,3
DA:18,3
DA:19,3
DA:20,4
DA:21,2
DA:22,2
DA:23,2
DA:24,2
DA:25,1
DA:26,1
DA:27,1
DA:28,26
DA:29,24
DA:30,2
DA:31,2
DA:32,1
DA:33,1
DA:39,7
DA:40,4
DA:41,4
DA:47,4
DA:51,2
DA:52,1
DA:55,2
DA:56,8
DA:57,8
DA:58,8
DA:61,2
DA:62,1
DA:63,1
DA:64,1
DA:67,2
DA:68,4
DA:69,4
DA:71,4
DA:72,4
DA:73,4
DA:75,4
DA:85,4
DA:86,4
DA:87,4
DA:89,4
DA:90,3
DA:91,3
DA:101,21
DA:106,21
DA:111,4
DA:112,4
DA:115,3
DA:116,3
DA:117,7
DA:119,3
DA:122,4
DA:125,2
DA:126,1
DA:127,1
DA:128,1
DA:131,2
DA:132,1
DA:133,1
DA:134,1
DA:137,2
DA:138,1
DA:139,1
DA:140,1
DA:143,2
DA:144,2
DA:145,2
DA:146,2
LF:74
LH:74
BRDA:16,0,0,3
BRDA:16,0,1,4
BRDA:19,1,0,2
BRDA:19,1,1,1
BRDA:20,2,0,2
BRDA:20,2,1,2
BRDA:23,3,0,1
BRDA:23,3,1,1
BRDA:24,4,0,1
BRDA:24,4,1,1
BRDA:28,5,0,2
BRDA:28,5,1,24
BRDA:29,6,0,2
BRDA:29,6,1,22
BRDA:31,7,0,1
BRDA:31,7,1,1
BRDA:39,8,0,4
BRDA:39,8,1,3
BRDA:68,9,0,4
BRDA:68,9,1,3
BRDA:69,10,0,4
BRDA:69,10,1,3
BRDA:77,11,0,4
BRDA:77,11,1,1
BRDA:78,12,0,4
BRDA:78,12,1,3
BRDA:79,13,0,4
BRDA:79,13,1,4
BRDA:80,14,0,4
BRDA:80,14,1,4
BRDA:81,15,0,4
BRDA:81,15,1,4
BRDA:82,16,0,4
BRDA:82,16,1,4
BRDA:89,17,0,3
BRDA:89,17,1,1
BRDA:101,18,0,3
BRDA:101,18,1,18
BRDA:102,19,0,2
BRDA:102,19,1,1
BRDA:106,20,0,4
BRDA:106,20,1,17
BRDA:107,21,0,21
BRDA:107,21,1,21
BRDA:107,21,2,7
BRDA:111,22,0,4
BRDA:111,22,1,1
BRDA:117,23,0,4
BRDA:117,23,1,3
BRDA:117,24,0,4
BRDA:117,24,1,1
BRDA:144,25,0,2
BRDA:144,25,1,1
BRF:53
BRH:53
end_of_record
TN:
SF:src\services\auth.service.js
FN:13,(anonymous_0)
FN:31,(anonymous_1)
FN:56,(anonymous_2)
FN:95,(anonymous_3)
FNF:4
FNH:4
FNDA:2,(anonymous_0)
FNDA:4,(anonymous_1)
FNDA:2,(anonymous_2)
FNDA:2,(anonymous_3)
DA:13,1
DA:14,2
DA:15,2
DA:16,1
DA:17,1
DA:18,1
DA:21,1
DA:22,1
DA:23,1
DA:25,1
DA:31,1
DA:32,4
DA:33,4
DA:34,2
DA:35,2
DA:36,2
DA:39,2
DA:40,2
DA:41,1
DA:42,1
DA:43,1
DA:46,1
DA:47,1
DA:48,1
DA:50,1
DA:56,1
DA:57,2
DA:60,2
DA:64,2
DA:66,1
DA:67,1
DA:68,1
DA:69,1
DA:70,1
DA:73,1
DA:82,2
DA:84,2
DA:95,1
DA:96,2
DA:98,2
DA:99,1
DA:102,1
LF:42
LH:42
BRDA:15,0,0,1
BRDA:15,0,1,1
BRDA:33,1,0,2
BRDA:33,1,1,2
BRDA:33,2,0,4
BRDA:33,2,1,3
BRDA:40,3,0,1
BRDA:40,3,1,1
BRDA:64,4,0,1
BRDA:64,4,1,1
BRDA:98,5,0,1
BRDA:98,5,1,1
BRF:12
BRH:12
end_of_record
TN:
SF:src\services\resume.service.js
FN:8,(anonymous_0)
FN:15,(anonymous_1)
FN:37,(anonymous_2)
FN:47,(anonymous_3)
FN:54,(anonymous_4)
FN:64,(anonymous_5)
FN:81,(anonymous_6)
FN:94,(anonymous_7)
FN:123,(anonymous_8)
FN:137,(anonymous_9)
FN:153,(anonymous_10)
FNF:11
FNH:11
FNDA:4,(anonymous_0)
FNDA:3,(anonymous_1)
FNDA:2,(anonymous_2)
FNDA:1,(anonymous_3)
FNDA:2,(anonymous_4)
FNDA:3,(anonymous_5)
FNDA:4,(anonymous_6)
FNDA:4,(anonymous_7)
FNDA:2,(anonymous_8)
FNDA:3,(anonymous_9)
FNDA:2,(anonymous_10)
DA:8,1
DA:9,4
DA:10,3
DA:11,3
DA:13,3
DA:14,9
DA:15,2
DA:16,3
DA:19,3
DA:20,1
DA:23,3
DA:24,1
DA:26,2
DA:32,3
DA:34,3
DA:37,1
DA:38,2
DA:44,2
DA:47,1
DA:48,1
DA:51,1
DA:54,1
DA:55,2
DA:56,2
DA:57,1
DA:58,1
DA:59,1
DA:61,1
DA:64,1
DA:65,3
DA:66,1
DA:68,3
DA:73,3
DA:74,1
DA:75,1
DA:76,1
DA:78,2
DA:81,1
DA:87,4
DA:88,4
DA:90,4
DA:92,1
DA:93,3
DA:94,1
DA:95,4
DA:98,4
DA:99,2
DA:102,4
DA:103,1
DA:105,3
DA:109,4
DA:110,4
DA:115,4
DA:116,1
DA:117,1
DA:118,1
DA:120,3
DA:123,1
DA:124,2
DA:129,2
DA:130,1
DA:131,1
DA:132,1
DA:134,1
DA:137,1
DA:143,3
DA:144,3
DA:150,3
DA:153,1
DA:154,2
DA:155,2
DA:156,1
DA:157,1
DA:158,1
DA:160,1
LF:75
LH:75
BRDA:9,0,0,1
BRDA:9,0,1,3
BRDA:14,1,0,2
BRDA:14,1,1,7
BRDA:19,2,0,1
BRDA:19,2,1,2
BRDA:19,3,0,3
BRDA:19,3,1,1
BRDA:23,4,0,1
BRDA:23,4,1,2
BRDA:23,5,0,3
BRDA:23,5,1,3
BRDA:37,6,0,1
BRDA:40,7,0,2
BRDA:40,7,1,1
BRDA:41,8,0,2
BRDA:41,8,1,1
BRDA:42,9,0,2
BRDA:42,9,1,1
BRDA:56,10,0,1
BRDA:56,10,1,1
BRDA:65,11,0,1
BRDA:65,11,1,2
BRDA:73,12,0,1
BRDA:73,12,1,2
BRDA:90,13,0,1
BRDA:90,13,1,3
BRDA:93,14,0,1
BRDA:93,14,1,2
BRDA:93,15,0,3
BRDA:93,15,1,1
BRDA:98,16,0,2
BRDA:98,16,1,2
BRDA:98,17,0,4
BRDA:98,17,1,4
BRDA:98,17,2,3
BRDA:102,18,0,1
BRDA:102,18,1,3
BRDA:102,19,0,4
BRDA:102,19,1,2
BRDA:115,20,0,1
BRDA:115,20,1,3
BRDA:129,21,0,1
BRDA:129,21,1,1
BRDA:140,22,0,2
BRDA:143,23,0,3
BRDA:143,23,1,1
BRDA:155,24,0,1
BRDA:155,24,1,1
BRF:49
BRH:49
end_of_record
TN:
SF:src\services\version.service.js
FN:4,(anonymous_0)
FN:31,(anonymous_1)
FN:38,(anonymous_2)
FN:52,(anonymous_3)
FN:70,(anonymous_4)
FNF:5
FNH:5
FNDA:3,(anonymous_0)
FNDA:1,(anonymous_1)
FNDA:3,(anonymous_2)
FNDA:1,(anonymous_3)
FNDA:2,(anonymous_4)
DA:4,1
DA:5,3
DA:6,3
DA:7,1
DA:8,1
DA:9,1
DA:12,2
DA:15,2
DA:17,2
DA:28,2
DA:31,1
DA:32,1
DA:35,1
DA:38,1
DA:39,3
DA:44,3
DA:45,1
DA:46,1
DA:47,1
DA:49,2
DA:52,1
DA:53,1
DA:55,1
DA:67,1
DA:70,1
DA:71,2
DA:76,2
DA:77,1
DA:78,1
DA:79,1
DA:81,1
LF:31
LH:31
BRDA:6,0,0,1
BRDA:6,0,1,2
BRDA:15,1,0,1
BRDA:15,1,1,1
BRDA:21,2,0,2
BRDA:21,2,1,1
BRDA:24,3,0,2
BRDA:24,3,1,1
BRDA:44,4,0,1
BRDA:44,4,1,2
BRDA:76,5,0,1
BRDA:76,5,1,1
BRF:12
BRH:12
end_of_record
TN:
SF:src\utils\formatChecker.js
FN:42,(anonymous_0)
FN:61,(anonymous_1)
FN:69,(anonymous_2)
FN:70,(anonymous_3)
FN:76,(anonymous_4)
FN:84,(anonymous_5)
FNF:6
FNH:6
FNDA:11,(anonymous_0)
FNDA:55,(anonymous_1)
FNDA:5,(anonymous_2)
FNDA:3,(anonymous_3)
FNDA:9,(anonymous_4)
FNDA:9,(anonymous_5)
DA:1,2
DA:42,2
DA:43,11
DA:45,11
DA:54,11
DA:55,11
DA:59,11
DA:60,11
DA:61,11
DA:62,55
DA:64,11
DA:68,11
DA:69,5
DA:70,3
DA:73,11
DA:76,9
DA:81,11
DA:85,9
DA:86,9
DA:93,11
DA:94,11
DA:95,10
DA:99,2
DA:100,8
DA:101,6
DA:103,2
DA:108,11
DA:109,11
DA:110,11
DA:111,11
DA:112,11
DA:113,11
DA:114,5
DA:116,11
DA:118,11
LF:35
LH:35
BRDA:46,0,0,11
BRDA:46,0,1,3
BRDA:47,1,0,11
BRDA:47,1,1,7
BRDA:48,2,0,11
BRDA:48,2,1,8
BRDA:50,3,0,11
BRDA:50,3,1,10
BRDA:50,4,0,11
BRDA:50,4,1,9
BRDA:51,5,0,10
BRDA:51,5,1,8
BRDA:52,6,0,11
BRDA:52,6,1,9
BRDA:59,7,0,11
BRDA:59,7,1,9
BRDA:62,8,0,55
BRDA:62,8,1,52
BRDA:69,9,0,11
BRDA:69,9,1,7
BRDA:69,10,0,5
BRDA:69,10,1,2
BRDA:70,11,0,11
BRDA:70,11,1,10
BRDA:70,12,0,3
BRDA:70,12,1,1
BRDA:74,13,0,2
BRDA:74,13,1,9
BRDA:82,14,0,2
BRDA:82,14,1,9
BRDA:85,15,0,9
BRDA:85,15,1,1
BRDA:94,16,0,1
BRDA:94,16,1,10
BRDA:94,17,0,11
BRDA:94,17,1,4
BRDA:95,18,0,2
BRDA:95,18,1,8
BRDA:96,19,0,10
BRDA:96,19,1,4
BRDA:96,19,2,9
BRDA:96,19,3,3
BRDA:100,20,0,6
BRDA:100,20,1,2
BRDA:109,21,0,4
BRDA:109,21,1,7
BRDA:110,22,0,8
BRDA:110,22,1,3
BRDA:111,23,0,9
BRDA:111,23,1,2
BRDA:112,24,0,9
BRDA:112,24,1,2
BRDA:113,25,0,11
BRDA:113,25,1,7
BRDA:114,26,0,3
BRDA:114,26,1,2
BRDA:114,27,0,5
BRDA:114,27,1,2
BRF:58
BRH:58
end_of_record
TN:
SF:src\utils\jwt.utils.js
FN:8,(anonymous_0)
FN:19,(anonymous_1)
FNF:2
FNH:2
FNDA:2,(anonymous_0)
FNDA:1,(anonymous_1)
DA:8,1
DA:9,2
DA:14,2
DA:19,1
DA:20,1
LF:5
LH:5
BRDA:15,0,0,2
BRDA:15,0,1,1
BRF:2
BRH:2
end_of_record
TN:
SF:src\utils\keywordAnalyzer.js
FN:83,(anonymous_0)
FN:85,(anonymous_1)
FN:88,(anonymous_2)
FN:101,(anonymous_3)
FN:103,(anonymous_4)
FN:105,(anonymous_5)
FN:106,(anonymous_6)
FNF:7
FNH:7
FNDA:8,(anonymous_0)
FNDA:161,(anonymous_1)
FNDA:5,(anonymous_2)
FNDA:42,(anonymous_3)
FNDA:34,(anonymous_4)
FNDA:34,(anonymous_5)
FNDA:34,(anonymous_6)
DA:1,2
DA:83,2
DA:84,8
DA:85,161
DA:88,2
DA:89,5
DA:90,1
DA:93,4
DA:94,4
DA:96,4
DA:97,4
DA:98,44
DA:100,4
DA:101,42
DA:103,34
DA:105,34
DA:106,34
DA:107,4
DA:109,4
LF:19
LH:19
BRDA:84,0,0,8
BRDA:84,0,1,2
BRDA:89,1,0,1
BRDA:89,1,1,4
BRDA:98,2,0,44
BRDA:98,2,1,44
BRDA:107,3,0,4
BRDA:107,3,1,2
BRF:8
BRH:8
end_of_record
TN:
SF:src\utils\logger.js
FNF:0
FNH:0
DA:3,3
LF:1
LH:1
BRDA:4,0,0,3
BRDA:4,0,1,2
BRDA:5,1,0,2
BRDA:5,1,1,1
BRF:4
BRH:4
end_of_record
TN:
SF:src\utils\normalizeCertifications.js
FN:19,(anonymous_0)
FN:25,(anonymous_1)
FN:45,(anonymous_2)
FN:60,(anonymous_3)
FN:91,(anonymous_4)
FN:106,(anonymous_5)
FN:114,(anonymous_6)
FN:140,(anonymous_7)
FNF:8
FNH:8
FNDA:12,(anonymous_0)
FNDA:11,(anonymous_1)
FNDA:12,(anonymous_2)
FNDA:37,(anonymous_3)
FNDA:4,(anonymous_4)
FNDA:17,(anonymous_5)
FNDA:10,(anonymous_6)
FNDA:12,(anonymous_7)
DA:19,1
DA:20,12
DA:21,11
DA:25,1
DA:26,11
DA:27,11
DA:34,1
DA:45,1
DA:46,12
DA:48,12
DA:49,11
DA:52,11
DA:59,11
DA:60,37
DA:61,30
DA:64,7
DA:65,7
DA:75,4
DA:83,1
DA:91,4
DA:106,1
DA:107,17
DA:109,17
DA:112,14
DA:113,5
DA:115,10
DA:118,9
DA:120,5
DA:121,5
DA:122,4
DA:126,4
DA:127,3
DA:128,3
DA:129,2
DA:132,1
DA:137,9
DA:138,8
DA:140,12
DA:146,1
DA:149,1
LF:40
LH:40
BRDA:21,0,0,2
BRDA:21,0,1,9
BRDA:27,1,0,3
BRDA:27,1,1,8
BRDA:61,2,0,7
BRDA:61,2,1,23
BRDA:76,3,0,4
BRDA:76,3,1,0
BRDA:92,4,0,4
BRDA:92,4,1,0
BRDA:93,5,0,4
BRDA:93,5,1,1
BRDA:93,6,0,4
BRDA:93,6,1,2
BRDA:94,7,0,4
BRDA:94,7,1,3
BRDA:95,8,0,4
BRDA:95,8,1,3
BRDA:109,9,0,3
BRDA:109,9,1,14
BRDA:109,10,0,17
BRDA:109,10,1,15
BRDA:112,11,0,5
BRDA:112,11,1,9
BRDA:115,12,0,1
BRDA:115,12,1,9
BRDA:118,13,0,5
BRDA:118,13,1,4
BRDA:118,14,0,9
BRDA:118,14,1,5
BRDA:120,15,0,1
BRDA:120,16,0,3
BRDA:120,17,0,4
BRDA:120,18,0,4
BRDA:121,19,0,1
BRDA:121,19,1,4
BRDA:121,20,0,5
BRDA:121,20,1,1
BRDA:121,20,2,1
BRDA:121,20,3,1
BRDA:126,21,0,3
BRDA:126,21,1,1
BRDA:128,22,0,1
BRDA:128,22,1,2
BRDA:137,23,0,8
BRDA:137,23,1,1
BRF:46
BRH:44
end_of_record
TN:
SF:src\utils\resumeParser.js
FN:3,(anonymous_0)
FN:10,(anonymous_1)
FNF:2
FNH:2
FNDA:1,(anonymous_0)
FNDA:4,(anonymous_1)
DA:3,1
DA:4,1
DA:5,1
DA:6,1
DA:7,1
DA:8,2
DA:9,2
DA:10,4
DA:11,2
DA:13,1
LF:10
LH:10
BRF:0
BRH:0
end_of_record
TN:
SF:src\utils\scoreCalculator.js
FN:14,(anonymous_0)
FN:24,(anonymous_1)
FNF:2
FNH:2
FNDA:4,(anonymous_0)
FNDA:8,(anonymous_1)
DA:1,2
DA:14,2
DA:15,4
DA:16,4
DA:17,40
DA:18,40
DA:19,40
DA:21,4
DA:24,2
DA:25,8
DA:26,6
DA:27,4
DA:28,2
LF:13
LH:13
BRDA:17,0,0,40
BRDA:17,0,1,26
BRDA:18,1,0,3
BRDA:18,1,1,37
BRDA:18,2,0,3
BRDA:18,2,1,1
BRDA:25,3,0,2
BRDA:25,3,1,6
BRDA:26,4,0,2
BRDA:26,4,1,4
BRDA:27,5,0,2
BRDA:27,5,1,2
BRF:12
BRH:12
end_of_record
