<?xml version="1.0" encoding="UTF-8"?>
<coverage generated="1779777986255" clover="3.2.0">
  <project timestamp="1779777986255" name="All files">
    <metrics statements="966" coveredstatements="801" conditionals="1188" coveredconditionals="1043" methods="399" coveredmethods="328" elements="2553" coveredelements="2172" complexity="0" loc="966" ncloc="966" packages="43" files="57" classes="57"/>
    <package name="src">
      <metrics statements="6" coveredstatements="0" conditionals="4" coveredconditionals="0" methods="2" coveredmethods="0"/>
      <file name="App.jsx" path="D:\TechWorld\All Projects\ATS RESUME BUILDER\client\src\App.jsx">
        <metrics statements="6" coveredstatements="0" conditionals="4" coveredconditionals="0" methods="2" coveredmethods="0"/>
        <line num="15" count="0" type="stmt"/>
        <line num="17" count="0" type="cond" truecount="0" falsecount="2"/>
        <line num="18" count="0" type="stmt"/>
        <line num="28" count="0" type="cond" truecount="0" falsecount="2"/>
        <line num="30" count="0" type="stmt"/>
        <line num="34" count="0" type="stmt"/>
      </file>
    </package>
    <package name="src.components.AtsChecklistItem">
      <metrics statements="12" coveredstatements="12" conditionals="17" coveredconditionals="17" methods="4" coveredmethods="4"/>
      <file name="index.jsx" path="D:\TechWorld\All Projects\ATS RESUME BUILDER\client\src\components\AtsChecklistItem\index.jsx">
        <metrics statements="12" coveredstatements="12" conditionals="17" coveredconditionals="17" methods="4" coveredmethods="4"/>
        <line num="12" count="10" type="stmt"/>
        <line num="14" count="10" type="cond" truecount="2" falsecount="0"/>
        <line num="16" count="10" type="stmt"/>
        <line num="17" count="10" type="cond" truecount="2" falsecount="0"/>
        <line num="18" count="3" type="cond" truecount="2" falsecount="0"/>
        <line num="19" count="2" type="stmt"/>
        <line num="22" count="10" type="stmt"/>
        <line num="23" count="10" type="cond" truecount="2" falsecount="0"/>
        <line num="24" count="3" type="cond" truecount="2" falsecount="0"/>
        <line num="25" count="2" type="stmt"/>
        <line num="28" count="10" type="stmt"/>
        <line num="29" count="2" type="stmt"/>
      </file>
    </package>
    <package name="src.components.AtsScoreCircle">
      <metrics statements="33" coveredstatements="33" conditionals="16" coveredconditionals="16" methods="7" coveredmethods="7"/>
      <file name="index.jsx" path="D:\TechWorld\All Projects\ATS RESUME BUILDER\client\src\components\AtsScoreCircle\index.jsx">
        <metrics statements="33" coveredstatements="33" conditionals="16" coveredconditionals="16" methods="7" coveredmethods="7"/>
        <line num="11" count="26" type="stmt"/>
        <line num="13" count="26" type="stmt"/>
        <line num="15" count="6" type="stmt"/>
        <line num="16" count="6" type="stmt"/>
        <line num="17" count="6" type="stmt"/>
        <line num="19" count="6" type="stmt"/>
        <line num="20" count="70" type="stmt"/>
        <line num="21" count="70" type="stmt"/>
        <line num="23" count="70" type="stmt"/>
        <line num="24" count="70" type="stmt"/>
        <line num="25" count="70" type="cond" truecount="2" falsecount="0"/>
        <line num="26" count="69" type="stmt"/>
        <line num="30" count="6" type="stmt"/>
        <line num="31" count="6" type="stmt"/>
        <line num="34" count="26" type="stmt"/>
        <line num="35" count="26" type="stmt"/>
        <line num="36" count="26" type="stmt"/>
        <line num="37" count="26" type="stmt"/>
        <line num="38" count="26" type="stmt"/>
        <line num="40" count="26" type="stmt"/>
        <line num="41" count="52" type="cond" truecount="2" falsecount="0"/>
        <line num="42" count="6" type="cond" truecount="2" falsecount="0"/>
        <line num="43" count="4" type="stmt"/>
        <line num="46" count="26" type="stmt"/>
        <line num="47" count="26" type="cond" truecount="2" falsecount="0"/>
        <line num="48" count="3" type="cond" truecount="2" falsecount="0"/>
        <line num="49" count="2" type="stmt"/>
        <line num="52" count="26" type="stmt"/>
        <line num="53" count="26" type="cond" truecount="2" falsecount="0"/>
        <line num="54" count="3" type="cond" truecount="2" falsecount="0"/>
        <line num="55" count="2" type="cond" truecount="2" falsecount="0"/>
        <line num="56" count="1" type="stmt"/>
        <line num="59" count="26" type="stmt"/>
      </file>
    </package>
    <package name="src.components.AtsScorePanel">
      <metrics statements="24" coveredstatements="22" conditionals="39" coveredconditionals="32" methods="6" coveredmethods="6"/>
      <file name="index.jsx" path="D:\TechWorld\All Projects\ATS RESUME BUILDER\client\src\components\AtsScorePanel\index.jsx">
        <metrics statements="24" coveredstatements="22" conditionals="39" coveredconditionals="32" methods="6" coveredmethods="6"/>
        <line num="21" count="11" type="stmt"/>
        <line num="22" count="11" type="cond" truecount="2" falsecount="0"/>
        <line num="23" count="11" type="stmt"/>
        <line num="24" count="11" type="stmt"/>
        <line num="26" count="11" type="stmt"/>
        <line num="27" count="2" type="cond" truecount="1" falsecount="1"/>
        <line num="28" count="0" type="stmt"/>
        <line num="29" count="0" type="stmt"/>
        <line num="31" count="2" type="cond" truecount="1" falsecount="1"/>
        <line num="33" count="2" type="stmt"/>
        <line num="34" count="2" type="stmt"/>
        <line num="35" count="2" type="stmt"/>
        <line num="36" count="2" type="stmt"/>
        <line num="37" count="1" type="stmt"/>
        <line num="38" count="1" type="stmt"/>
        <line num="40" count="1" type="stmt"/>
        <line num="42" count="2" type="stmt"/>
        <line num="45" count="11" type="stmt"/>
        <line num="75" count="10" type="stmt"/>
        <line num="76" count="10" type="cond" truecount="2" falsecount="0"/>
        <line num="77" count="1" type="stmt"/>
        <line num="99" count="1" type="stmt"/>
        <line num="113" count="1" type="stmt"/>
        <line num="130" count="1" type="stmt"/>
      </file>
    </package>
    <package name="src.components.BulletDiffView">
      <metrics statements="1" coveredstatements="1" conditionals="0" coveredconditionals="0" methods="1" coveredmethods="1"/>
      <file name="index.jsx" path="D:\TechWorld\All Projects\ATS RESUME BUILDER\client\src\components\BulletDiffView\index.jsx">
        <metrics statements="1" coveredstatements="1" conditionals="0" coveredconditionals="0" methods="1" coveredmethods="1"/>
        <line num="12" count="3" type="stmt"/>
      </file>
    </package>
    <package name="src.components.BulletPointEditor">
      <metrics statements="28" coveredstatements="28" conditionals="16" coveredconditionals="13" methods="11" coveredmethods="11"/>
      <file name="index.jsx" path="D:\TechWorld\All Projects\ATS RESUME BUILDER\client\src\components\BulletPointEditor\index.jsx">
        <metrics statements="28" coveredstatements="28" conditionals="16" coveredconditionals="13" methods="11" coveredmethods="11"/>
        <line num="14" count="25" type="stmt"/>
        <line num="16" count="25" type="stmt"/>
        <line num="17" count="1" type="stmt"/>
        <line num="20" count="25" type="stmt"/>
        <line num="21" count="2" type="cond" truecount="1" falsecount="1"/>
        <line num="22" count="2" type="stmt"/>
        <line num="25" count="25" type="stmt"/>
        <line num="26" count="2" type="stmt"/>
        <line num="27" count="1" type="stmt"/>
        <line num="30" count="25" type="stmt"/>
        <line num="31" count="3" type="stmt"/>
        <line num="32" count="3" type="cond" truecount="2" falsecount="0"/>
        <line num="33" count="1" type="stmt"/>
        <line num="34" count="1" type="stmt"/>
        <line num="36" count="2" type="stmt"/>
        <line num="37" count="2" type="stmt"/>
        <line num="38" count="2" type="stmt"/>
        <line num="44" count="1" type="cond" truecount="1" falsecount="1"/>
        <line num="45" count="1" type="cond" truecount="1" falsecount="1"/>
        <line num="46" count="1" type="stmt"/>
        <line num="47" count="1" type="stmt"/>
        <line num="50" count="1" type="stmt"/>
        <line num="52" count="2" type="stmt"/>
        <line num="55" count="25" type="stmt"/>
        <line num="58" count="15" type="stmt"/>
        <line num="63" count="1" type="stmt"/>
        <line num="68" count="3" type="stmt"/>
        <line num="80" count="1" type="stmt"/>
      </file>
    </package>
    <package name="src.components.CertificationsForm">
      <metrics statements="19" coveredstatements="16" conditionals="6" coveredconditionals="4" methods="12" coveredmethods="9"/>
      <file name="index.jsx" path="D:\TechWorld\All Projects\ATS RESUME BUILDER\client\src\components\CertificationsForm\index.jsx">
        <metrics statements="19" coveredstatements="16" conditionals="6" coveredconditionals="4" methods="12" coveredmethods="9"/>
        <line num="14" count="5" type="stmt"/>
        <line num="15" count="5" type="cond" truecount="1" falsecount="1"/>
        <line num="17" count="5" type="stmt"/>
        <line num="18" count="1" type="stmt"/>
        <line num="25" count="1" type="stmt"/>
        <line num="28" count="5" type="stmt"/>
        <line num="29" count="1" type="stmt"/>
        <line num="30" count="1" type="cond" truecount="1" falsecount="1"/>
        <line num="32" count="1" type="stmt"/>
        <line num="35" count="5" type="stmt"/>
        <line num="36" count="1" type="stmt"/>
        <line num="37" count="1" type="stmt"/>
        <line num="40" count="5" type="stmt"/>
        <line num="51" count="3" type="stmt"/>
        <line num="60" count="1" type="stmt"/>
        <line num="73" count="1" type="stmt"/>
        <line num="83" count="0" type="stmt"/>
        <line num="95" count="0" type="stmt"/>
        <line num="103" count="0" type="stmt"/>
      </file>
    </package>
    <package name="src.components.ChatInput">
      <metrics statements="20" coveredstatements="20" conditionals="14" coveredconditionals="12" methods="4" coveredmethods="4"/>
      <file name="index.jsx" path="D:\TechWorld\All Projects\ATS RESUME BUILDER\client\src\components\ChatInput\index.jsx">
        <metrics statements="20" coveredstatements="20" conditionals="14" coveredconditionals="12" methods="4" coveredmethods="4"/>
        <line num="12" count="25" type="stmt"/>
        <line num="13" count="25" type="stmt"/>
        <line num="15" count="25" type="stmt"/>
        <line num="16" count="3" type="stmt"/>
        <line num="17" count="3" type="cond" truecount="3" falsecount="1"/>
        <line num="18" count="3" type="stmt"/>
        <line num="19" count="3" type="stmt"/>
        <line num="21" count="3" type="cond" truecount="1" falsecount="1"/>
        <line num="22" count="3" type="stmt"/>
        <line num="26" count="25" type="stmt"/>
        <line num="27" count="3" type="cond" truecount="4" falsecount="0"/>
        <line num="28" count="2" type="stmt"/>
        <line num="29" count="2" type="stmt"/>
        <line num="33" count="25" type="stmt"/>
        <line num="34" count="5" type="stmt"/>
        <line num="36" count="5" type="stmt"/>
        <line num="37" count="5" type="stmt"/>
        <line num="38" count="5" type="stmt"/>
        <line num="41" count="25" type="cond" truecount="2" falsecount="0"/>
        <line num="43" count="25" type="stmt"/>
      </file>
    </package>
    <package name="src.components.ChatMessage">
      <metrics statements="6" coveredstatements="6" conditionals="13" coveredconditionals="13" methods="3" coveredmethods="3"/>
      <file name="index.jsx" path="D:\TechWorld\All Projects\ATS RESUME BUILDER\client\src\components\ChatMessage\index.jsx">
        <metrics statements="6" coveredstatements="6" conditionals="13" coveredconditionals="13" methods="3" coveredmethods="3"/>
        <line num="11" count="12" type="stmt"/>
        <line num="13" count="12" type="stmt"/>
        <line num="14" count="12" type="cond" truecount="2" falsecount="0"/>
        <line num="15" count="8" type="stmt"/>
        <line num="20" count="12" type="stmt"/>
        <line num="41" count="2" type="stmt"/>
      </file>
    </package>
    <package name="src.components.ChatPanel">
      <metrics statements="41" coveredstatements="37" conditionals="23" coveredconditionals="19" methods="12" coveredmethods="12"/>
      <file name="index.jsx" path="D:\TechWorld\All Projects\ATS RESUME BUILDER\client\src\components\ChatPanel\index.jsx">
        <metrics statements="41" coveredstatements="37" conditionals="23" coveredconditionals="19" methods="12" coveredmethods="12"/>
        <line num="17" count="1" type="stmt"/>
        <line num="24" count="13" type="stmt"/>
        <line num="25" count="13" type="stmt"/>
        <line num="26" count="13" type="stmt"/>
        <line num="27" count="13" type="stmt"/>
        <line num="28" count="13" type="stmt"/>
        <line num="31" count="13" type="stmt"/>
        <line num="32" count="5" type="stmt"/>
        <line num="33" count="5" type="cond" truecount="1" falsecount="1"/>
        <line num="34" count="0" type="stmt"/>
        <line num="35" count="0" type="stmt"/>
        <line num="37" count="5" type="stmt"/>
        <line num="38" count="5" type="stmt"/>
        <line num="39" count="5" type="cond" truecount="4" falsecount="0"/>
        <line num="40" count="2" type="stmt"/>
        <line num="45" count="5" type="stmt"/>
        <line num="48" count="5" type="stmt"/>
        <line num="52" count="13" type="stmt"/>
        <line num="53" count="10" type="stmt"/>
        <line num="56" count="13" type="stmt"/>
        <line num="57" count="2" type="cond" truecount="1" falsecount="1"/>
        <line num="59" count="2" type="stmt"/>
        <line num="64" count="2" type="stmt"/>
        <line num="65" count="2" type="stmt"/>
        <line num="67" count="2" type="stmt"/>
        <line num="68" count="2" type="stmt"/>
        <line num="69" count="2" type="stmt"/>
        <line num="75" count="2" type="stmt"/>
        <line num="77" count="0" type="stmt"/>
        <line num="79" count="2" type="stmt"/>
        <line num="82" count="13" type="stmt"/>
        <line num="83" count="1" type="cond" truecount="1" falsecount="1"/>
        <line num="84" count="1" type="stmt"/>
        <line num="85" count="1" type="stmt"/>
        <line num="86" count="1" type="stmt"/>
        <line num="88" count="1" type="stmt"/>
        <line num="90" count="0" type="stmt"/>
        <line num="94" count="13" type="stmt"/>
        <line num="110" count="9" type="stmt"/>
        <line num="112" count="1" type="stmt"/>
        <line num="134" count="7" type="stmt"/>
      </file>
    </package>
    <package name="src.components.DatePicker">
      <metrics statements="13" coveredstatements="13" conditionals="23" coveredconditionals="17" methods="6" coveredmethods="6"/>
      <file name="index.jsx" path="D:\TechWorld\All Projects\ATS RESUME BUILDER\client\src\components\DatePicker\index.jsx">
        <metrics statements="13" coveredstatements="13" conditionals="23" coveredconditionals="17" methods="6" coveredmethods="6"/>
        <line num="8" count="4" type="stmt"/>
        <line num="23" count="4" type="stmt"/>
        <line num="24" count="120" type="stmt"/>
        <line num="27" count="21" type="cond" truecount="2" falsecount="0"/>
        <line num="29" count="21" type="stmt"/>
        <line num="30" count="1" type="stmt"/>
        <line num="31" count="1" type="cond" truecount="3" falsecount="3"/>
        <line num="34" count="21" type="stmt"/>
        <line num="35" count="1" type="stmt"/>
        <line num="36" count="1" type="cond" truecount="3" falsecount="3"/>
        <line num="39" count="21" type="stmt"/>
        <line num="49" count="252" type="stmt"/>
        <line num="60" count="630" type="stmt"/>
      </file>
    </package>
    <package name="src.components.EducationForm">
      <metrics statements="21" coveredstatements="16" conditionals="6" coveredconditionals="4" methods="14" coveredmethods="9"/>
      <file name="index.jsx" path="D:\TechWorld\All Projects\ATS RESUME BUILDER\client\src\components\EducationForm\index.jsx">
        <metrics statements="21" coveredstatements="16" conditionals="6" coveredconditionals="4" methods="14" coveredmethods="9"/>
        <line num="14" count="5" type="stmt"/>
        <line num="15" count="5" type="cond" truecount="1" falsecount="1"/>
        <line num="17" count="5" type="stmt"/>
        <line num="18" count="1" type="stmt"/>
        <line num="27" count="1" type="stmt"/>
        <line num="30" count="5" type="stmt"/>
        <line num="31" count="1" type="stmt"/>
        <line num="32" count="1" type="cond" truecount="1" falsecount="1"/>
        <line num="34" count="1" type="stmt"/>
        <line num="37" count="5" type="stmt"/>
        <line num="38" count="1" type="stmt"/>
        <line num="39" count="1" type="stmt"/>
        <line num="42" count="5" type="stmt"/>
        <line num="53" count="3" type="stmt"/>
        <line num="62" count="1" type="stmt"/>
        <line num="74" count="1" type="stmt"/>
        <line num="86" count="0" type="stmt"/>
        <line num="96" count="0" type="stmt"/>
        <line num="108" count="0" type="stmt"/>
        <line num="115" count="0" type="stmt"/>
        <line num="124" count="0" type="stmt"/>
      </file>
    </package>
    <package name="src.components.ExperienceForm">
      <metrics statements="21" coveredstatements="17" conditionals="10" coveredconditionals="8" methods="14" coveredmethods="10"/>
      <file name="index.jsx" path="D:\TechWorld\All Projects\ATS RESUME BUILDER\client\src\components\ExperienceForm\index.jsx">
        <metrics statements="21" coveredstatements="17" conditionals="10" coveredconditionals="8" methods="14" coveredmethods="10"/>
        <line num="15" count="6" type="stmt"/>
        <line num="16" count="6" type="cond" truecount="1" falsecount="1"/>
        <line num="18" count="6" type="stmt"/>
        <line num="19" count="1" type="stmt"/>
        <line num="28" count="1" type="stmt"/>
        <line num="31" count="6" type="stmt"/>
        <line num="32" count="2" type="stmt"/>
        <line num="33" count="2" type="cond" truecount="1" falsecount="1"/>
        <line num="35" count="2" type="stmt"/>
        <line num="38" count="6" type="stmt"/>
        <line num="39" count="1" type="stmt"/>
        <line num="40" count="1" type="stmt"/>
        <line num="43" count="6" type="stmt"/>
        <line num="54" count="4" type="stmt"/>
        <line num="63" count="1" type="stmt"/>
        <line num="76" count="1" type="stmt"/>
        <line num="86" count="0" type="stmt"/>
        <line num="98" count="0" type="stmt"/>
        <line num="105" count="0" type="stmt"/>
        <line num="115" count="1" type="stmt"/>
        <line num="124" count="0" type="stmt"/>
      </file>
    </package>
    <package name="src.components.JobDescriptionInput">
      <metrics statements="2" coveredstatements="2" conditionals="8" coveredconditionals="8" methods="2" coveredmethods="2"/>
      <file name="index.jsx" path="D:\TechWorld\All Projects\ATS RESUME BUILDER\client\src\components\JobDescriptionInput\index.jsx">
        <metrics statements="2" coveredstatements="2" conditionals="8" coveredconditionals="8" methods="2" coveredmethods="2"/>
        <line num="11" count="16" type="stmt"/>
        <line num="16" count="3" type="stmt"/>
      </file>
    </package>
    <package name="src.components.Navbar">
      <metrics statements="7" coveredstatements="7" conditionals="19" coveredconditionals="16" methods="2" coveredmethods="2"/>
      <file name="index.jsx" path="D:\TechWorld\All Projects\ATS RESUME BUILDER\client\src\components\Navbar\index.jsx">
        <metrics statements="7" coveredstatements="7" conditionals="19" coveredconditionals="16" methods="2" coveredmethods="2"/>
        <line num="12" count="6" type="stmt"/>
        <line num="13" count="6" type="stmt"/>
        <line num="14" count="6" type="stmt"/>
        <line num="16" count="6" type="stmt"/>
        <line num="17" count="1" type="stmt"/>
        <line num="18" count="1" type="stmt"/>
        <line num="21" count="6" type="stmt"/>
      </file>
    </package>
    <package name="src.components.PdfDocument">
      <metrics statements="12" coveredstatements="12" conditionals="12" coveredconditionals="9" methods="3" coveredmethods="3"/>
      <file name="index.jsx" path="D:\TechWorld\All Projects\ATS RESUME BUILDER\client\src\components\PdfDocument\index.jsx">
        <metrics statements="12" coveredstatements="12" conditionals="12" coveredconditionals="9" methods="3" coveredmethods="3"/>
        <line num="17" count="19" type="cond" truecount="2" falsecount="0"/>
        <line num="18" count="5" type="stmt"/>
        <line num="19" count="5" type="stmt"/>
        <line num="21" count="5" type="stmt"/>
        <line num="22" count="5" type="stmt"/>
        <line num="28" count="5" type="cond" truecount="5" falsecount="1"/>
        <line num="30" count="1" type="stmt"/>
        <line num="32" count="1" type="stmt"/>
        <line num="34" count="1" type="stmt"/>
        <line num="36" count="1" type="stmt"/>
        <line num="39" count="1" type="stmt"/>
        <line num="43" count="5" type="stmt"/>
      </file>
    </package>
    <package name="src.components.PersonalInfoForm">
      <metrics statements="8" coveredstatements="8" conditionals="2" coveredconditionals="2" methods="4" coveredmethods="4"/>
      <file name="index.jsx" path="D:\TechWorld\All Projects\ATS RESUME BUILDER\client\src\components\PersonalInfoForm\index.jsx">
        <metrics statements="8" coveredstatements="8" conditionals="2" coveredconditionals="2" methods="4" coveredmethods="4"/>
        <line num="11" count="1" type="stmt"/>
        <line num="21" count="2" type="stmt"/>
        <line num="22" count="2" type="stmt"/>
        <line num="24" count="2" type="stmt"/>
        <line num="25" count="1" type="stmt"/>
        <line num="28" count="2" type="stmt"/>
        <line num="31" count="12" type="stmt"/>
        <line num="38" count="1" type="stmt"/>
      </file>
    </package>
    <package name="src.components.ProgressBar">
      <metrics statements="5" coveredstatements="5" conditionals="4" coveredconditionals="4" methods="2" coveredmethods="2"/>
      <file name="index.jsx" path="D:\TechWorld\All Projects\ATS RESUME BUILDER\client\src\components\ProgressBar\index.jsx">
        <metrics statements="5" coveredstatements="5" conditionals="4" coveredconditionals="4" methods="2" coveredmethods="2"/>
        <line num="8" count="4" type="stmt"/>
        <line num="9" count="4" type="cond" truecount="2" falsecount="0"/>
        <line num="10" count="3" type="cond" truecount="2" falsecount="0"/>
        <line num="11" count="2" type="stmt"/>
        <line num="14" count="4" type="stmt"/>
      </file>
    </package>
    <package name="src.components.ProjectsForm">
      <metrics statements="37" coveredstatements="34" conditionals="20" coveredconditionals="16" methods="21" coveredmethods="18"/>
      <file name="index.jsx" path="D:\TechWorld\All Projects\ATS RESUME BUILDER\client\src\components\ProjectsForm\index.jsx">
        <metrics statements="37" coveredstatements="34" conditionals="20" coveredconditionals="16" methods="21" coveredmethods="18"/>
        <line num="15" count="12" type="stmt"/>
        <line num="16" count="12" type="cond" truecount="1" falsecount="1"/>
        <line num="17" count="12" type="stmt"/>
        <line num="19" count="12" type="stmt"/>
        <line num="20" count="1" type="stmt"/>
        <line num="28" count="1" type="stmt"/>
        <line num="31" count="12" type="stmt"/>
        <line num="32" count="3" type="stmt"/>
        <line num="33" count="3" type="cond" truecount="1" falsecount="1"/>
        <line num="35" count="3" type="stmt"/>
        <line num="38" count="12" type="stmt"/>
        <line num="39" count="1" type="stmt"/>
        <line num="40" count="1" type="stmt"/>
        <line num="43" count="12" type="stmt"/>
        <line num="44" count="3" type="cond" truecount="1" falsecount="1"/>
        <line num="45" count="3" type="stmt"/>
        <line num="46" count="3" type="cond" truecount="1" falsecount="1"/>
        <line num="47" count="3" type="cond" truecount="2" falsecount="0"/>
        <line num="48" count="2" type="stmt"/>
        <line num="49" count="2" type="cond" truecount="2" falsecount="0"/>
        <line num="50" count="1" type="stmt"/>
        <line num="51" count="1" type="stmt"/>
        <line num="55" count="12" type="stmt"/>
        <line num="56" count="1" type="stmt"/>
        <line num="57" count="2" type="stmt"/>
        <line num="58" count="1" type="stmt"/>
        <line num="61" count="12" type="stmt"/>
        <line num="72" count="10" type="stmt"/>
        <line num="81" count="1" type="stmt"/>
        <line num="94" count="1" type="stmt"/>
        <line num="104" count="0" type="stmt"/>
        <line num="115" count="0" type="stmt"/>
        <line num="127" count="10" type="stmt"/>
        <line num="133" count="1" type="stmt"/>
        <line num="145" count="3" type="stmt"/>
        <line num="146" count="3" type="stmt"/>
        <line num="157" count="0" type="stmt"/>
      </file>
    </package>
    <package name="src.components.ProtectedRoute">
      <metrics statements="5" coveredstatements="5" conditionals="4" coveredconditionals="4" methods="1" coveredmethods="1"/>
      <file name="index.jsx" path="D:\TechWorld\All Projects\ATS RESUME BUILDER\client\src\components\ProtectedRoute\index.jsx">
        <metrics statements="5" coveredstatements="5" conditionals="4" coveredconditionals="4" methods="1" coveredmethods="1"/>
        <line num="6" count="3" type="stmt"/>
        <line num="8" count="3" type="cond" truecount="2" falsecount="0"/>
        <line num="9" count="1" type="stmt"/>
        <line num="19" count="2" type="cond" truecount="2" falsecount="0"/>
        <line num="21" count="1" type="stmt"/>
      </file>
    </package>
    <package name="src.components.ResumePreview">
      <metrics statements="42" coveredstatements="39" conditionals="14" coveredconditionals="10" methods="7" coveredmethods="7"/>
      <file name="index.jsx" path="D:\TechWorld\All Projects\ATS RESUME BUILDER\client\src\components\ResumePreview\index.jsx">
        <metrics statements="42" coveredstatements="39" conditionals="14" coveredconditionals="10" methods="7" coveredmethods="7"/>
        <line num="21" count="10" type="stmt"/>
        <line num="22" count="10" type="stmt"/>
        <line num="23" count="10" type="stmt"/>
        <line num="24" count="10" type="stmt"/>
        <line num="25" count="10" type="stmt"/>
        <line num="27" count="24" type="cond" truecount="2" falsecount="0"/>
        <line num="28" count="10" type="stmt"/>
        <line num="31" count="10" type="stmt"/>
        <line num="33" count="10" type="stmt"/>
        <line num="34" count="4" type="cond" truecount="1" falsecount="1"/>
        <line num="35" count="4" type="stmt"/>
        <line num="36" count="4" type="stmt"/>
        <line num="37" count="4" type="stmt"/>
        <line num="41" count="10" type="stmt"/>
        <line num="42" count="4" type="stmt"/>
        <line num="43" count="4" type="stmt"/>
        <line num="44" count="4" type="stmt"/>
        <line num="47" count="10" type="stmt"/>
        <line num="48" count="10" type="stmt"/>
        <line num="54" count="10" type="cond" truecount="4" falsecount="2"/>
        <line num="56" count="2" type="stmt"/>
        <line num="58" count="2" type="stmt"/>
        <line num="60" count="0" type="stmt"/>
        <line num="62" count="0" type="stmt"/>
        <line num="65" count="6" type="stmt"/>
        <line num="69" count="10" type="stmt"/>
        <line num="70" count="1" type="stmt"/>
        <line num="71" count="1" type="stmt"/>
        <line num="72" count="1" type="stmt"/>
        <line num="73" count="1" type="stmt"/>
        <line num="75" count="1" type="stmt"/>
        <line num="76" count="1" type="stmt"/>
        <line num="77" count="1" type="stmt"/>
        <line num="78" count="1" type="stmt"/>
        <line num="79" count="1" type="cond" truecount="1" falsecount="1"/>
        <line num="80" count="1" type="stmt"/>
        <line num="81" count="1" type="stmt"/>
        <line num="82" count="1" type="stmt"/>
        <line num="83" count="1" type="stmt"/>
        <line num="85" count="0" type="stmt"/>
        <line num="87" count="1" type="stmt"/>
        <line num="91" count="10" type="stmt"/>
      </file>
    </package>
    <package name="src.components.SectionEditor">
      <metrics statements="15" coveredstatements="14" conditionals="18" coveredconditionals="17" methods="4" coveredmethods="4"/>
      <file name="index.jsx" path="D:\TechWorld\All Projects\ATS RESUME BUILDER\client\src\components\SectionEditor\index.jsx">
        <metrics statements="15" coveredstatements="14" conditionals="18" coveredconditionals="17" methods="4" coveredmethods="4"/>
        <line num="22" count="10" type="stmt"/>
        <line num="24" count="10" type="stmt"/>
        <line num="25" count="8" type="cond" truecount="7" falsecount="1"/>
        <line num="27" count="2" type="stmt"/>
        <line num="29" count="1" type="stmt"/>
        <line num="31" count="1" type="stmt"/>
        <line num="33" count="1" type="stmt"/>
        <line num="35" count="1" type="stmt"/>
        <line num="37" count="1" type="stmt"/>
        <line num="39" count="1" type="stmt"/>
        <line num="41" count="0" type="stmt"/>
        <line num="45" count="10" type="stmt"/>
        <line num="48" count="70" type="stmt"/>
        <line num="50" count="70" type="stmt"/>
        <line num="53" count="2" type="cond" truecount="2" falsecount="0"/>
      </file>
    </package>
    <package name="src.components.Sidebar">
      <metrics statements="12" coveredstatements="12" conditionals="7" coveredconditionals="7" methods="4" coveredmethods="4"/>
      <file name="index.jsx" path="D:\TechWorld\All Projects\ATS RESUME BUILDER\client\src\components\Sidebar\index.jsx">
        <metrics statements="12" coveredstatements="12" conditionals="7" coveredconditionals="7" methods="4" coveredmethods="4"/>
        <line num="17" count="1" type="stmt"/>
        <line num="25" count="7" type="stmt"/>
        <line num="27" count="7" type="stmt"/>
        <line num="28" count="7" type="cond" truecount="5" falsecount="0"/>
        <line num="30" count="3" type="stmt"/>
        <line num="32" count="1" type="stmt"/>
        <line num="34" count="1" type="stmt"/>
        <line num="36" count="1" type="stmt"/>
        <line num="38" count="1" type="stmt"/>
        <line num="42" count="7" type="stmt"/>
        <line num="47" count="28" type="stmt"/>
        <line num="49" count="1" type="stmt"/>
      </file>
    </package>
    <package name="src.components.SkillGapCard">
      <metrics statements="13" coveredstatements="13" conditionals="24" coveredconditionals="24" methods="4" coveredmethods="4"/>
      <file name="index.jsx" path="D:\TechWorld\All Projects\ATS RESUME BUILDER\client\src\components\SkillGapCard\index.jsx">
        <metrics statements="13" coveredstatements="13" conditionals="24" coveredconditionals="24" methods="4" coveredmethods="4"/>
        <line num="11" count="7" type="cond" truecount="4" falsecount="0"/>
        <line num="13" count="6" type="stmt"/>
        <line num="14" count="7" type="cond" truecount="4" falsecount="0"/>
        <line num="16" count="2" type="stmt"/>
        <line num="18" count="3" type="stmt"/>
        <line num="20" count="1" type="stmt"/>
        <line num="22" count="1" type="stmt"/>
        <line num="26" count="6" type="stmt"/>
        <line num="37" count="7" type="cond" truecount="2" falsecount="0"/>
        <line num="38" count="7" type="cond" truecount="2" falsecount="0"/>
        <line num="39" count="7" type="cond" truecount="2" falsecount="0"/>
        <line num="41" count="7" type="stmt"/>
        <line num="65" count="3" type="stmt"/>
      </file>
    </package>
    <package name="src.components.SkillsForm">
      <metrics statements="23" coveredstatements="23" conditionals="10" coveredconditionals="7" methods="11" coveredmethods="11"/>
      <file name="index.jsx" path="D:\TechWorld\All Projects\ATS RESUME BUILDER\client\src\components\SkillsForm\index.jsx">
        <metrics statements="23" coveredstatements="23" conditionals="10" coveredconditionals="7" methods="11" coveredmethods="11"/>
        <line num="12" count="1" type="stmt"/>
        <line num="19" count="9" type="stmt"/>
        <line num="20" count="9" type="cond" truecount="1" falsecount="1"/>
        <line num="21" count="9" type="stmt"/>
        <line num="23" count="9" type="stmt"/>
        <line num="24" count="3" type="cond" truecount="1" falsecount="1"/>
        <line num="25" count="3" type="stmt"/>
        <line num="26" count="3" type="stmt"/>
        <line num="27" count="3" type="cond" truecount="2" falsecount="0"/>
        <line num="28" count="2" type="cond" truecount="2" falsecount="0"/>
        <line num="30" count="1" type="stmt"/>
        <line num="31" count="1" type="stmt"/>
        <line num="32" count="1" type="stmt"/>
        <line num="36" count="9" type="stmt"/>
        <line num="37" count="1" type="stmt"/>
        <line num="39" count="2" type="stmt"/>
        <line num="41" count="1" type="stmt"/>
        <line num="44" count="9" type="stmt"/>
        <line num="47" count="27" type="stmt"/>
        <line num="53" count="11" type="stmt"/>
        <line num="59" count="1" type="stmt"/>
        <line num="73" count="3" type="stmt"/>
        <line num="74" count="3" type="stmt"/>
      </file>
    </package>
    <package name="src.components.SummaryForm">
      <metrics statements="14" coveredstatements="14" conditionals="12" coveredconditionals="10" methods="3" coveredmethods="3"/>
      <file name="index.jsx" path="D:\TechWorld\All Projects\ATS RESUME BUILDER\client\src\components\SummaryForm\index.jsx">
        <metrics statements="14" coveredstatements="14" conditionals="12" coveredconditionals="10" methods="3" coveredmethods="3"/>
        <line num="15" count="8" type="stmt"/>
        <line num="16" count="8" type="stmt"/>
        <line num="18" count="8" type="stmt"/>
        <line num="19" count="1" type="stmt"/>
        <line num="22" count="8" type="stmt"/>
        <line num="23" count="2" type="cond" truecount="1" falsecount="1"/>
        <line num="24" count="2" type="stmt"/>
        <line num="25" count="2" type="stmt"/>
        <line num="26" count="2" type="stmt"/>
        <line num="27" count="1" type="cond" truecount="1" falsecount="1"/>
        <line num="28" count="1" type="stmt"/>
        <line num="30" count="1" type="stmt"/>
        <line num="32" count="2" type="stmt"/>
        <line num="35" count="8" type="stmt"/>
      </file>
    </package>
    <package name="src.components.TemplateCard">
      <metrics statements="4" coveredstatements="4" conditionals="6" coveredconditionals="6" methods="1" coveredmethods="1"/>
      <file name="index.jsx" path="D:\TechWorld\All Projects\ATS RESUME BUILDER\client\src\components\TemplateCard\index.jsx">
        <metrics statements="4" coveredstatements="4" conditionals="6" coveredconditionals="6" methods="1" coveredmethods="1"/>
        <line num="16" count="2" type="stmt"/>
        <line num="29" count="2" type="stmt"/>
        <line num="35" count="24" type="cond" truecount="2" falsecount="0"/>
        <line num="37" count="24" type="stmt"/>
      </file>
    </package>
    <package name="src.components.TemplateSelector">
      <metrics statements="4" coveredstatements="4" conditionals="0" coveredconditionals="0" methods="3" coveredmethods="3"/>
      <file name="index.jsx" path="D:\TechWorld\All Projects\ATS RESUME BUILDER\client\src\components\TemplateSelector\index.jsx">
        <metrics statements="4" coveredstatements="4" conditionals="0" coveredconditionals="0" methods="3" coveredmethods="3"/>
        <line num="14" count="4" type="stmt"/>
        <line num="16" count="4" type="stmt"/>
        <line num="25" count="20" type="stmt"/>
        <line num="29" count="1" type="stmt"/>
      </file>
    </package>
    <package name="src.components.VersionCard">
      <metrics statements="11" coveredstatements="11" conditionals="12" coveredconditionals="12" methods="5" coveredmethods="5"/>
      <file name="index.jsx" path="D:\TechWorld\All Projects\ATS RESUME BUILDER\client\src\components\VersionCard\index.jsx">
        <metrics statements="11" coveredstatements="11" conditionals="12" coveredconditionals="12" methods="5" coveredmethods="5"/>
        <line num="12" count="13" type="stmt"/>
        <line num="13" count="4" type="cond" truecount="2" falsecount="0"/>
        <line num="14" count="2" type="cond" truecount="2" falsecount="0"/>
        <line num="15" count="1" type="stmt"/>
        <line num="18" count="13" type="stmt"/>
        <line num="19" count="13" type="cond" truecount="2" falsecount="0"/>
        <line num="20" count="6" type="stmt"/>
        <line num="21" count="6" type="stmt"/>
        <line num="27" count="13" type="stmt"/>
        <line num="60" count="3" type="stmt"/>
        <line num="68" count="3" type="stmt"/>
      </file>
    </package>
    <package name="src.components.VersionList">
      <metrics statements="2" coveredstatements="2" conditionals="0" coveredconditionals="0" methods="2" coveredmethods="2"/>
      <file name="index.jsx" path="D:\TechWorld\All Projects\ATS RESUME BUILDER\client\src\components\VersionList\index.jsx">
        <metrics statements="2" coveredstatements="2" conditionals="0" coveredconditionals="0" methods="2" coveredmethods="2"/>
        <line num="10" count="6" type="stmt"/>
        <line num="13" count="7" type="stmt"/>
      </file>
    </package>
    <package name="src.components.pdf-templates">
      <metrics statements="55" coveredstatements="55" conditionals="348" coveredconditionals="340" methods="44" coveredmethods="44"/>
      <file name="ClassicPdf.jsx" path="D:\TechWorld\All Projects\ATS RESUME BUILDER\client\src\components\pdf-templates\ClassicPdf.jsx">
        <metrics statements="9" coveredstatements="9" conditionals="75" coveredconditionals="74" methods="7" coveredmethods="7"/>
        <line num="11" count="2" type="stmt"/>
        <line num="13" count="2" type="stmt"/>
        <line num="36" count="2" type="stmt"/>
        <line num="82" count="2" type="stmt"/>
        <line num="94" count="2" type="stmt"/>
        <line num="109" count="2" type="stmt"/>
        <line num="154" count="2" type="stmt"/>
        <line num="166" count="2" type="stmt"/>
        <line num="181" count="2" type="stmt"/>
      </file>
      <file name="CreativePdf.jsx" path="D:\TechWorld\All Projects\ATS RESUME BUILDER\client\src\components\pdf-templates\CreativePdf.jsx">
        <metrics statements="12" coveredstatements="12" conditionals="65" coveredconditionals="63" methods="10" coveredmethods="10"/>
        <line num="11" count="2" type="stmt"/>
        <line num="13" count="2" type="stmt"/>
        <line num="58" count="2" type="stmt"/>
        <line num="90" count="2" type="stmt"/>
        <line num="104" count="2" type="stmt"/>
        <line num="121" count="2" type="stmt"/>
        <line num="124" count="2" type="stmt"/>
        <line num="140" count="2" type="stmt"/>
        <line num="149" count="2" type="stmt"/>
        <line num="154" count="2" type="stmt"/>
        <line num="169" count="2" type="stmt"/>
        <line num="196" count="2" type="stmt"/>
      </file>
      <file name="ExecutivePdf.jsx" path="D:\TechWorld\All Projects\ATS RESUME BUILDER\client\src\components\pdf-templates\ExecutivePdf.jsx">
        <metrics statements="9" coveredstatements="9" conditionals="75" coveredconditionals="72" methods="7" coveredmethods="7"/>
        <line num="11" count="2" type="stmt"/>
        <line num="13" count="2" type="stmt"/>
        <line num="120" count="2" type="stmt"/>
        <line num="158" count="2" type="stmt"/>
        <line num="170" count="2" type="stmt"/>
        <line num="213" count="2" type="stmt"/>
        <line num="233" count="2" type="stmt"/>
        <line num="245" count="2" type="stmt"/>
        <line num="260" count="2" type="stmt"/>
      </file>
      <file name="MinimalPdf.jsx" path="D:\TechWorld\All Projects\ATS RESUME BUILDER\client\src\components\pdf-templates\MinimalPdf.jsx">
        <metrics statements="9" coveredstatements="9" conditionals="70" coveredconditionals="69" methods="7" coveredmethods="7"/>
        <line num="11" count="2" type="stmt"/>
        <line num="13" count="2" type="stmt"/>
        <line num="102" count="2" type="stmt"/>
        <line num="140" count="2" type="stmt"/>
        <line num="152" count="2" type="stmt"/>
        <line num="169" count="2" type="stmt"/>
        <line num="206" count="2" type="stmt"/>
        <line num="218" count="2" type="stmt"/>
        <line num="234" count="2" type="stmt"/>
      </file>
      <file name="ModernPdf.jsx" path="D:\TechWorld\All Projects\ATS RESUME BUILDER\client\src\components\pdf-templates\ModernPdf.jsx">
        <metrics statements="16" coveredstatements="16" conditionals="63" coveredconditionals="62" methods="13" coveredmethods="13"/>
        <line num="11" count="2" type="stmt"/>
        <line num="13" count="2" type="stmt"/>
        <line num="14" count="2" type="cond" truecount="2" falsecount="0"/>
        <line num="15" count="2" type="stmt"/>
        <line num="18" count="2" type="stmt"/>
        <line num="52" count="2" type="stmt"/>
        <line num="97" count="2" type="stmt"/>
        <line num="100" count="2" type="stmt"/>
        <line num="111" count="2" type="stmt"/>
        <line num="121" count="2" type="stmt"/>
        <line num="152" count="2" type="stmt"/>
        <line num="162" count="2" type="stmt"/>
        <line num="177" count="2" type="stmt"/>
        <line num="199" count="2" type="stmt"/>
        <line num="208" count="2" type="stmt"/>
        <line num="213" count="2" type="stmt"/>
      </file>
    </package>
    <package name="src.components.templates">
      <metrics statements="55" coveredstatements="55" conditionals="349" coveredconditionals="345" methods="44" coveredmethods="44"/>
      <file name="ClassicTemplate.jsx" path="D:\TechWorld\All Projects\ATS RESUME BUILDER\client\src\components\templates\ClassicTemplate.jsx">
        <metrics statements="9" coveredstatements="9" conditionals="76" coveredconditionals="76" methods="7" coveredmethods="7"/>
        <line num="6" count="8" type="stmt"/>
        <line num="8" count="8" type="stmt"/>
        <line num="27" count="8" type="stmt"/>
        <line num="71" count="14" type="cond" truecount="2" falsecount="0"/>
        <line num="85" count="32" type="stmt"/>
        <line num="99" count="8" type="stmt"/>
        <line num="135" count="8" type="stmt"/>
        <line num="147" count="8" type="stmt"/>
        <line num="161" count="8" type="stmt"/>
      </file>
      <file name="CreativeTemplate.jsx" path="D:\TechWorld\All Projects\ATS RESUME BUILDER\client\src\components\templates\CreativeTemplate.jsx">
        <metrics statements="12" coveredstatements="12" conditionals="64" coveredconditionals="63" methods="10" coveredmethods="10"/>
        <line num="8" count="7" type="stmt"/>
        <line num="10" count="7" type="stmt"/>
        <line num="34" count="7" type="stmt"/>
        <line num="80" count="12" type="stmt"/>
        <line num="101" count="27" type="stmt"/>
        <line num="117" count="32" type="stmt"/>
        <line num="120" count="12" type="stmt"/>
        <line num="136" count="7" type="stmt"/>
        <line num="145" count="17" type="stmt"/>
        <line num="152" count="7" type="stmt"/>
        <line num="166" count="7" type="stmt"/>
        <line num="193" count="7" type="stmt"/>
      </file>
      <file name="ExecutiveTemplate.jsx" path="D:\TechWorld\All Projects\ATS RESUME BUILDER\client\src\components\templates\ExecutiveTemplate.jsx">
        <metrics statements="9" coveredstatements="9" conditionals="75" coveredconditionals="73" methods="7" coveredmethods="7"/>
        <line num="9" count="6" type="stmt"/>
        <line num="11" count="6" type="stmt"/>
        <line num="121" count="6" type="stmt"/>
        <line num="159" count="10" type="cond" truecount="2" falsecount="0"/>
        <line num="173" count="22" type="stmt"/>
        <line num="206" count="6" type="stmt"/>
        <line num="226" count="6" type="stmt"/>
        <line num="238" count="6" type="stmt"/>
        <line num="252" count="6" type="stmt"/>
      </file>
      <file name="MinimalTemplate.jsx" path="D:\TechWorld\All Projects\ATS RESUME BUILDER\client\src\components\templates\MinimalTemplate.jsx">
        <metrics statements="9" coveredstatements="9" conditionals="74" coveredconditionals="73" methods="7" coveredmethods="7"/>
        <line num="9" count="6" type="stmt"/>
        <line num="11" count="6" type="stmt"/>
        <line num="95" count="6" type="stmt"/>
        <line num="133" count="10" type="cond" truecount="2" falsecount="0"/>
        <line num="147" count="22" type="stmt"/>
        <line num="165" count="6" type="stmt"/>
        <line num="203" count="6" type="stmt"/>
        <line num="215" count="6" type="stmt"/>
        <line num="232" count="6" type="stmt"/>
      </file>
      <file name="ModernTemplate.jsx" path="D:\TechWorld\All Projects\ATS RESUME BUILDER\client\src\components\templates\ModernTemplate.jsx">
        <metrics statements="16" coveredstatements="16" conditionals="60" coveredconditionals="60" methods="13" coveredmethods="13"/>
        <line num="8" count="7" type="stmt"/>
        <line num="10" count="7" type="stmt"/>
        <line num="11" count="7" type="cond" truecount="2" falsecount="0"/>
        <line num="12" count="12" type="stmt"/>
        <line num="15" count="7" type="stmt"/>
        <line num="37" count="7" type="stmt"/>
        <line num="82" count="32" type="stmt"/>
        <line num="85" count="12" type="stmt"/>
        <line num="95" count="12" type="stmt"/>
        <line num="104" count="7" type="stmt"/>
        <line num="132" count="12" type="stmt"/>
        <line num="144" count="27" type="stmt"/>
        <line num="157" count="7" type="stmt"/>
        <line num="178" count="7" type="stmt"/>
        <line num="187" count="17" type="stmt"/>
        <line num="194" count="7" type="stmt"/>
      </file>
    </package>
    <package name="src.constants">
      <metrics statements="3" coveredstatements="3" conditionals="0" coveredconditionals="0" methods="0" coveredmethods="0"/>
      <file name="atsMetrics.js" path="D:\TechWorld\All Projects\ATS RESUME BUILDER\client\src\constants\atsMetrics.js">
        <metrics statements="1" coveredstatements="1" conditionals="0" coveredconditionals="0" methods="0" coveredmethods="0"/>
        <line num="5" count="1" type="stmt"/>
      </file>
      <file name="sectionTypes.js" path="D:\TechWorld\All Projects\ATS RESUME BUILDER\client\src\constants\sectionTypes.js">
        <metrics statements="1" coveredstatements="1" conditionals="0" coveredconditionals="0" methods="0" coveredmethods="0"/>
        <line num="7" count="1" type="stmt"/>
      </file>
      <file name="templates.js" path="D:\TechWorld\All Projects\ATS RESUME BUILDER\client\src\constants\templates.js">
        <metrics statements="1" coveredstatements="1" conditionals="0" coveredconditionals="0" methods="0" coveredmethods="0"/>
        <line num="1" count="6" type="stmt"/>
      </file>
    </package>
    <package name="src.context">
      <metrics statements="53" coveredstatements="53" conditionals="2" coveredconditionals="2" methods="17" coveredmethods="17"/>
      <file name="AuthContext.jsx" path="D:\TechWorld\All Projects\ATS RESUME BUILDER\client\src\context\AuthContext.jsx">
        <metrics statements="22" coveredstatements="22" conditionals="2" coveredconditionals="2" methods="5" coveredmethods="5"/>
        <line num="8" count="4" type="stmt"/>
        <line num="11" count="13" type="stmt"/>
        <line num="12" count="13" type="stmt"/>
        <line num="14" count="13" type="stmt"/>
        <line num="15" count="5" type="stmt"/>
        <line num="16" count="5" type="stmt"/>
        <line num="17" count="5" type="cond" truecount="2" falsecount="0"/>
        <line num="18" count="3" type="stmt"/>
        <line num="19" count="3" type="stmt"/>
        <line num="22" count="2" type="stmt"/>
        <line num="23" count="2" type="stmt"/>
        <line num="24" count="1" type="stmt"/>
        <line num="26" count="1" type="stmt"/>
        <line num="28" count="2" type="stmt"/>
        <line num="31" count="5" type="stmt"/>
        <line num="34" count="13" type="stmt"/>
        <line num="35" count="2" type="stmt"/>
        <line num="36" count="2" type="stmt"/>
        <line num="39" count="13" type="stmt"/>
        <line num="40" count="1" type="stmt"/>
        <line num="41" count="1" type="stmt"/>
        <line num="44" count="13" type="stmt"/>
      </file>
      <file name="ResumeContext.jsx" path="D:\TechWorld\All Projects\ATS RESUME BUILDER\client\src\context\ResumeContext.jsx">
        <metrics statements="31" coveredstatements="31" conditionals="0" coveredconditionals="0" methods="12" coveredmethods="12"/>
        <line num="10" count="15" type="stmt"/>
        <line num="12" count="15" type="stmt"/>
        <line num="34" count="21" type="stmt"/>
        <line num="35" count="21" type="stmt"/>
        <line num="36" count="21" type="stmt"/>
        <line num="37" count="21" type="stmt"/>
        <line num="38" count="21" type="stmt"/>
        <line num="39" count="21" type="stmt"/>
        <line num="41" count="21" type="stmt"/>
        <line num="42" count="1" type="stmt"/>
        <line num="46" count="1" type="stmt"/>
        <line num="49" count="21" type="stmt"/>
        <line num="50" count="1" type="stmt"/>
        <line num="51" count="1" type="stmt"/>
        <line num="54" count="21" type="stmt"/>
        <line num="55" count="1" type="stmt"/>
        <line num="58" count="21" type="stmt"/>
        <line num="59" count="3" type="stmt"/>
        <line num="60" count="3" type="stmt"/>
        <line num="63" count="21" type="stmt"/>
        <line num="64" count="2" type="stmt"/>
        <line num="65" count="2" type="stmt"/>
        <line num="68" count="21" type="stmt"/>
        <line num="69" count="1" type="stmt"/>
        <line num="70" count="1" type="stmt"/>
        <line num="73" count="21" type="stmt"/>
        <line num="74" count="19" type="stmt"/>
        <line num="82" count="19" type="stmt"/>
        <line num="83" count="19" type="stmt"/>
        <line num="86" count="21" type="stmt"/>
        <line num="97" count="21" type="stmt"/>
      </file>
    </package>
    <package name="src.pages.BuilderPage">
      <metrics statements="30" coveredstatements="19" conditionals="12" coveredconditionals="6" methods="8" coveredmethods="5"/>
      <file name="index.jsx" path="D:\TechWorld\All Projects\ATS RESUME BUILDER\client\src\pages\BuilderPage\index.jsx">
        <metrics statements="30" coveredstatements="19" conditionals="12" coveredconditionals="6" methods="8" coveredmethods="5"/>
        <line num="22" count="5" type="stmt"/>
        <line num="27" count="5" type="stmt"/>
        <line num="28" count="5" type="stmt"/>
        <line num="31" count="5" type="stmt"/>
        <line num="32" count="3" type="stmt"/>
        <line num="33" count="3" type="stmt"/>
        <line num="34" count="3" type="stmt"/>
        <line num="35" count="1" type="stmt"/>
        <line num="37" count="1" type="stmt"/>
        <line num="39" count="2" type="stmt"/>
        <line num="42" count="3" type="stmt"/>
        <line num="46" count="5" type="stmt"/>
        <line num="47" count="4" type="cond" truecount="2" falsecount="2"/>
        <line num="49" count="0" type="stmt"/>
        <line num="50" count="0" type="stmt"/>
        <line num="51" count="0" type="stmt"/>
        <line num="52" count="0" type="stmt"/>
        <line num="59" count="0" type="stmt"/>
        <line num="60" count="0" type="stmt"/>
        <line num="62" count="0" type="stmt"/>
        <line num="64" count="0" type="stmt"/>
        <line num="67" count="0" type="stmt"/>
        <line num="70" count="5" type="stmt"/>
        <line num="71" count="0" type="cond" truecount="0" falsecount="2"/>
        <line num="72" count="0" type="stmt"/>
        <line num="77" count="5" type="cond" truecount="2" falsecount="0"/>
        <line num="78" count="3" type="stmt"/>
        <line num="88" count="2" type="stmt"/>
        <line num="90" count="2" type="stmt"/>
        <line num="131" count="3" type="stmt"/>
      </file>
    </package>
    <package name="src.pages.DashboardPage">
      <metrics statements="27" coveredstatements="0" conditionals="22" coveredconditionals="0" methods="12" coveredmethods="0"/>
      <file name="index.jsx" path="D:\TechWorld\All Projects\ATS RESUME BUILDER\client\src\pages\DashboardPage\index.jsx">
        <metrics statements="27" coveredstatements="0" conditionals="22" coveredconditionals="0" methods="12" coveredmethods="0"/>
        <line num="15" count="0" type="stmt"/>
        <line num="16" count="0" type="stmt"/>
        <line num="17" count="0" type="stmt"/>
        <line num="19" count="0" type="stmt"/>
        <line num="20" count="0" type="stmt"/>
        <line num="23" count="0" type="stmt"/>
        <line num="24" count="0" type="stmt"/>
        <line num="25" count="0" type="stmt"/>
        <line num="26" count="0" type="stmt"/>
        <line num="28" count="0" type="stmt"/>
        <line num="30" count="0" type="stmt"/>
        <line num="33" count="0" type="stmt"/>
        <line num="34" count="0" type="stmt"/>
        <line num="35" count="0" type="cond" truecount="0" falsecount="2"/>
        <line num="36" count="0" type="stmt"/>
        <line num="37" count="0" type="stmt"/>
        <line num="38" count="0" type="stmt"/>
        <line num="39" count="0" type="stmt"/>
        <line num="41" count="0" type="stmt"/>
        <line num="45" count="0" type="stmt"/>
        <line num="46" count="0" type="stmt"/>
        <line num="51" count="0" type="cond" truecount="0" falsecount="2"/>
        <line num="53" count="0" type="stmt"/>
        <line num="90" count="0" type="stmt"/>
        <line num="91" count="0" type="stmt"/>
        <line num="94" count="0" type="stmt"/>
        <line num="111" count="0" type="stmt"/>
      </file>
    </package>
    <package name="src.pages.HomePage">
      <metrics statements="65" coveredstatements="40" conditionals="31" coveredconditionals="16" methods="27" coveredmethods="15"/>
      <file name="index.jsx" path="D:\TechWorld\All Projects\ATS RESUME BUILDER\client\src\pages\HomePage\index.jsx">
        <metrics statements="65" coveredstatements="40" conditionals="31" coveredconditionals="16" methods="27" coveredmethods="15"/>
        <line num="21" count="1" type="stmt"/>
        <line num="30" count="20" type="stmt"/>
        <line num="31" count="20" type="stmt"/>
        <line num="33" count="20" type="stmt"/>
        <line num="34" count="20" type="stmt"/>
        <line num="35" count="20" type="stmt"/>
        <line num="36" count="20" type="stmt"/>
        <line num="37" count="20" type="stmt"/>
        <line num="38" count="20" type="stmt"/>
        <line num="39" count="20" type="stmt"/>
        <line num="40" count="20" type="stmt"/>
        <line num="41" count="20" type="stmt"/>
        <line num="42" count="20" type="stmt"/>
        <line num="44" count="20" type="stmt"/>
        <line num="45" count="6" type="stmt"/>
        <line num="48" count="20" type="stmt"/>
        <line num="49" count="6" type="stmt"/>
        <line num="50" count="6" type="stmt"/>
        <line num="51" count="5" type="stmt"/>
        <line num="53" count="1" type="stmt"/>
        <line num="55" count="6" type="stmt"/>
        <line num="58" count="20" type="stmt"/>
        <line num="59" count="1" type="stmt"/>
        <line num="60" count="1" type="stmt"/>
        <line num="61" count="1" type="stmt"/>
        <line num="66" count="1" type="stmt"/>
        <line num="67" count="1" type="stmt"/>
        <line num="69" count="0" type="stmt"/>
        <line num="73" count="20" type="stmt"/>
        <line num="74" count="0" type="cond" truecount="0" falsecount="2"/>
        <line num="75" count="0" type="stmt"/>
        <line num="76" count="0" type="stmt"/>
        <line num="77" count="0" type="stmt"/>
        <line num="78" count="0" type="stmt"/>
        <line num="79" count="0" type="stmt"/>
        <line num="80" count="0" type="stmt"/>
        <line num="81" count="0" type="stmt"/>
        <line num="83" count="0" type="cond" truecount="0" falsecount="2"/>
        <line num="85" count="0" type="stmt"/>
        <line num="88" count="20" type="stmt"/>
        <line num="100" count="2" type="stmt"/>
        <line num="106" count="1" type="stmt"/>
        <line num="112" count="0" type="stmt"/>
        <line num="129" count="60" type="stmt"/>
        <line num="144" count="60" type="stmt"/>
        <line num="148" count="0" type="stmt"/>
        <line num="170" count="3" type="cond" truecount="1" falsecount="1"/>
        <line num="171" count="2" type="stmt"/>
        <line num="174" count="0" type="stmt"/>
        <line num="200" count="0" type="cond" truecount="0" falsecount="2"/>
        <line num="201" count="0" type="stmt"/>
        <line num="202" count="0" type="stmt"/>
        <line num="203" count="0" type="stmt"/>
        <line num="206" count="0" type="stmt"/>
        <line num="216" count="0" type="stmt"/>
        <line num="217" count="0" type="stmt"/>
        <line num="218" count="0" type="stmt"/>
        <line num="246" count="1" type="stmt"/>
        <line num="256" count="1" type="stmt"/>
        <line num="265" count="25" type="stmt"/>
        <line num="269" count="0" type="stmt"/>
        <line num="277" count="1" type="stmt"/>
        <line num="305" count="0" type="cond" truecount="0" falsecount="2"/>
        <line num="319" count="0" type="stmt"/>
        <line num="324" count="1" type="stmt"/>
      </file>
    </package>
    <package name="src.pages.LandingPage">
      <metrics statements="6" coveredstatements="6" conditionals="0" coveredconditionals="0" methods="5" coveredmethods="4"/>
      <file name="index.jsx" path="D:\TechWorld\All Projects\ATS RESUME BUILDER\client\src\pages\LandingPage\index.jsx">
        <metrics statements="6" coveredstatements="6" conditionals="0" coveredconditionals="0" methods="5" coveredmethods="4"/>
        <line num="21" count="6" type="stmt"/>
        <line num="44" count="6" type="stmt"/>
        <line num="50" count="6" type="stmt"/>
        <line num="148" count="24" type="stmt"/>
        <line num="167" count="18" type="stmt"/>
        <line num="184" count="18" type="stmt"/>
      </file>
    </package>
    <package name="src.pages.LoginPage">
      <metrics statements="35" coveredstatements="0" conditionals="24" coveredconditionals="0" methods="10" coveredmethods="0"/>
      <file name="index.jsx" path="D:\TechWorld\All Projects\ATS RESUME BUILDER\client\src\pages\LoginPage\index.jsx">
        <metrics statements="35" coveredstatements="0" conditionals="24" coveredconditionals="0" methods="10" coveredmethods="0"/>
        <line num="17" count="0" type="stmt"/>
        <line num="18" count="0" type="stmt"/>
        <line num="19" count="0" type="stmt"/>
        <line num="20" count="0" type="stmt"/>
        <line num="21" count="0" type="stmt"/>
        <line num="22" count="0" type="stmt"/>
        <line num="23" count="0" type="stmt"/>
        <line num="26" count="0" type="stmt"/>
        <line num="27" count="0" type="stmt"/>
        <line num="28" count="0" type="stmt"/>
        <line num="29" count="0" type="stmt"/>
        <line num="30" count="0" type="cond" truecount="0" falsecount="2"/>
        <line num="33" count="0" type="stmt"/>
        <line num="34" count="0" type="cond" truecount="0" falsecount="2"/>
        <line num="35" count="0" type="stmt"/>
        <line num="37" count="0" type="cond" truecount="0" falsecount="2"/>
        <line num="39" count="0" type="stmt"/>
        <line num="42" count="0" type="stmt"/>
        <line num="43" count="0" type="stmt"/>
        <line num="45" count="0" type="stmt"/>
        <line num="46" count="0" type="stmt"/>
        <line num="47" count="0" type="stmt"/>
        <line num="48" count="0" type="stmt"/>
        <line num="50" count="0" type="stmt"/>
        <line num="51" count="0" type="stmt"/>
        <line num="55" count="0" type="stmt"/>
        <line num="57" count="0" type="stmt"/>
        <line num="61" count="0" type="stmt"/>
        <line num="67" count="0" type="stmt"/>
        <line num="97" count="0" type="stmt"/>
        <line num="133" count="0" type="stmt"/>
        <line num="161" count="0" type="stmt"/>
        <line num="173" count="0" type="stmt"/>
        <line num="184" count="0" type="stmt"/>
        <line num="204" count="0" type="stmt"/>
      </file>
    </package>
    <package name="src.pages.TemplatesPage">
      <metrics statements="30" coveredstatements="0" conditionals="10" coveredconditionals="0" methods="13" coveredmethods="0"/>
      <file name="index.jsx" path="D:\TechWorld\All Projects\ATS RESUME BUILDER\client\src\pages\TemplatesPage\index.jsx">
        <metrics statements="30" coveredstatements="0" conditionals="10" coveredconditionals="0" methods="13" coveredmethods="0"/>
        <line num="20" count="0" type="stmt"/>
        <line num="25" count="0" type="stmt"/>
        <line num="28" count="0" type="stmt"/>
        <line num="29" count="0" type="stmt"/>
        <line num="30" count="0" type="stmt"/>
        <line num="31" count="0" type="stmt"/>
        <line num="32" count="0" type="stmt"/>
        <line num="33" count="0" type="stmt"/>
        <line num="35" count="0" type="stmt"/>
        <line num="36" count="0" type="stmt"/>
        <line num="37" count="0" type="stmt"/>
        <line num="38" count="0" type="stmt"/>
        <line num="43" count="0" type="stmt"/>
        <line num="44" count="0" type="stmt"/>
        <line num="46" count="0" type="stmt"/>
        <line num="50" count="0" type="stmt"/>
        <line num="61" count="0" type="stmt"/>
        <line num="68" count="0" type="stmt"/>
        <line num="77" count="0" type="cond" truecount="0" falsecount="2"/>
        <line num="78" count="0" type="stmt"/>
        <line num="79" count="0" type="stmt"/>
        <line num="80" count="0" type="stmt"/>
        <line num="83" count="0" type="stmt"/>
        <line num="93" count="0" type="stmt"/>
        <line num="94" count="0" type="stmt"/>
        <line num="95" count="0" type="stmt"/>
        <line num="129" count="0" type="stmt"/>
        <line num="139" count="0" type="stmt"/>
        <line num="145" count="0" type="stmt"/>
        <line num="148" count="0" type="stmt"/>
      </file>
    </package>
    <package name="src.pages.VersionsPage">
      <metrics statements="44" coveredstatements="43" conditionals="14" coveredconditionals="12" methods="12" coveredmethods="11"/>
      <file name="index.jsx" path="D:\TechWorld\All Projects\ATS RESUME BUILDER\client\src\pages\VersionsPage\index.jsx">
        <metrics statements="44" coveredstatements="43" conditionals="14" coveredconditionals="12" methods="12" coveredmethods="11"/>
        <line num="17" count="28" type="stmt"/>
        <line num="18" count="28" type="stmt"/>
        <line num="19" count="28" type="stmt"/>
        <line num="20" count="28" type="stmt"/>
        <line num="21" count="28" type="stmt"/>
        <line num="22" count="28" type="stmt"/>
        <line num="24" count="28" type="stmt"/>
        <line num="25" count="9" type="stmt"/>
        <line num="28" count="28" type="stmt"/>
        <line num="29" count="10" type="stmt"/>
        <line num="30" count="10" type="stmt"/>
        <line num="31" count="10" type="stmt"/>
        <line num="32" count="8" type="stmt"/>
        <line num="34" count="1" type="stmt"/>
        <line num="36" count="9" type="stmt"/>
        <line num="40" count="28" type="stmt"/>
        <line num="41" count="3" type="cond" truecount="2" falsecount="0"/>
        <line num="42" count="1" type="stmt"/>
        <line num="43" count="1" type="stmt"/>
        <line num="45" count="2" type="stmt"/>
        <line num="46" count="2" type="stmt"/>
        <line num="47" count="2" type="stmt"/>
        <line num="48" count="1" type="stmt"/>
        <line num="49" count="1" type="stmt"/>
        <line num="50" count="1" type="stmt"/>
        <line num="51" count="1" type="stmt"/>
        <line num="53" count="1" type="stmt"/>
        <line num="55" count="2" type="stmt"/>
        <line num="59" count="28" type="stmt"/>
        <line num="60" count="2" type="stmt"/>
        <line num="61" count="2" type="stmt"/>
        <line num="62" count="1" type="stmt"/>
        <line num="64" count="1" type="stmt"/>
        <line num="68" count="28" type="stmt"/>
        <line num="69" count="2" type="stmt"/>
        <line num="70" count="2" type="stmt"/>
        <line num="71" count="1" type="stmt"/>
        <line num="72" count="1" type="stmt"/>
        <line num="74" count="1" type="stmt"/>
        <line num="78" count="28" type="stmt"/>
        <line num="91" count="3" type="stmt"/>
        <line num="105" count="2" type="stmt"/>
        <line num="108" count="0" type="cond" truecount="0" falsecount="2"/>
        <line num="118" count="1" type="stmt"/>
      </file>
    </package>
    <package name="src.services">
      <metrics statements="97" coveredstatements="97" conditionals="15" coveredconditionals="15" methods="30" coveredmethods="30"/>
      <file name="aiService.js" path="D:\TechWorld\All Projects\ATS RESUME BUILDER\client\src\services\aiService.js">
        <metrics statements="24" coveredstatements="24" conditionals="1" coveredconditionals="1" methods="8" coveredmethods="8"/>
        <line num="8" count="7" type="cond" truecount="1" falsecount="0"/>
        <line num="9" count="4" type="stmt"/>
        <line num="10" count="4" type="stmt"/>
        <line num="13" count="7" type="stmt"/>
        <line num="14" count="3" type="stmt"/>
        <line num="15" count="2" type="stmt"/>
        <line num="18" count="7" type="stmt"/>
        <line num="19" count="3" type="stmt"/>
        <line num="20" count="2" type="stmt"/>
        <line num="23" count="7" type="stmt"/>
        <line num="24" count="3" type="stmt"/>
        <line num="25" count="2" type="stmt"/>
        <line num="28" count="7" type="stmt"/>
        <line num="29" count="1" type="stmt"/>
        <line num="30" count="1" type="stmt"/>
        <line num="33" count="7" type="stmt"/>
        <line num="34" count="1" type="stmt"/>
        <line num="35" count="1" type="stmt"/>
        <line num="38" count="7" type="stmt"/>
        <line num="39" count="1" type="stmt"/>
        <line num="40" count="1" type="stmt"/>
        <line num="43" count="7" type="stmt"/>
        <line num="44" count="6" type="stmt"/>
        <line num="45" count="6" type="stmt"/>
      </file>
      <file name="api.js" path="D:\TechWorld\All Projects\ATS RESUME BUILDER\client\src\services\api.js">
        <metrics statements="20" coveredstatements="20" conditionals="13" coveredconditionals="13" methods="5" coveredmethods="5"/>
        <line num="6" count="14" type="cond" truecount="2" falsecount="0"/>
        <line num="8" count="14" type="cond" truecount="1" falsecount="0"/>
        <line num="9" count="49" type="stmt"/>
        <line num="10" count="49" type="stmt"/>
        <line num="12" count="49" type="cond" truecount="2" falsecount="0"/>
        <line num="13" count="3" type="stmt"/>
        <line num="17" count="49" type="cond" truecount="2" falsecount="0"/>
        <line num="18" count="47" type="stmt"/>
        <line num="21" count="49" type="stmt"/>
        <line num="26" count="49" type="stmt"/>
        <line num="28" count="48" type="cond" truecount="2" falsecount="0"/>
        <line num="29" count="5" type="cond" truecount="2" falsecount="0"/>
        <line num="30" count="5" type="stmt"/>
        <line num="31" count="5" type="stmt"/>
        <line num="34" count="43" type="stmt"/>
        <line num="37" count="14" type="stmt"/>
        <line num="38" count="15" type="stmt"/>
        <line num="40" count="27" type="stmt"/>
        <line num="45" count="4" type="stmt"/>
        <line num="50" count="3" type="stmt"/>
      </file>
      <file name="authService.js" path="D:\TechWorld\All Projects\ATS RESUME BUILDER\client\src\services\authService.js">
        <metrics statements="15" coveredstatements="15" conditionals="0" coveredconditionals="0" methods="5" coveredmethods="5"/>
        <line num="8" count="5" type="stmt"/>
        <line num="9" count="1" type="stmt"/>
        <line num="10" count="1" type="stmt"/>
        <line num="13" count="5" type="stmt"/>
        <line num="14" count="1" type="stmt"/>
        <line num="15" count="1" type="stmt"/>
        <line num="18" count="5" type="stmt"/>
        <line num="19" count="1" type="stmt"/>
        <line num="20" count="1" type="stmt"/>
        <line num="23" count="5" type="stmt"/>
        <line num="24" count="3" type="stmt"/>
        <line num="25" count="2" type="stmt"/>
        <line num="28" count="5" type="stmt"/>
        <line num="29" count="1" type="stmt"/>
        <line num="30" count="1" type="stmt"/>
      </file>
      <file name="resumeService.js" path="D:\TechWorld\All Projects\ATS RESUME BUILDER\client\src\services\resumeService.js">
        <metrics statements="38" coveredstatements="38" conditionals="1" coveredconditionals="1" methods="12" coveredmethods="12"/>
        <line num="8" count="1" type="cond" truecount="1" falsecount="0"/>
        <line num="9" count="2" type="stmt"/>
        <line num="10" count="2" type="stmt"/>
        <line num="13" count="1" type="stmt"/>
        <line num="14" count="1" type="stmt"/>
        <line num="15" count="1" type="stmt"/>
        <line num="18" count="1" type="stmt"/>
        <line num="19" count="1" type="stmt"/>
        <line num="20" count="1" type="stmt"/>
        <line num="23" count="1" type="stmt"/>
        <line num="24" count="1" type="stmt"/>
        <line num="25" count="1" type="stmt"/>
        <line num="28" count="1" type="stmt"/>
        <line num="29" count="1" type="stmt"/>
        <line num="30" count="1" type="stmt"/>
        <line num="33" count="1" type="stmt"/>
        <line num="34" count="1" type="stmt"/>
        <line num="35" count="1" type="stmt"/>
        <line num="38" count="1" type="stmt"/>
        <line num="39" count="1" type="stmt"/>
        <line num="40" count="1" type="stmt"/>
        <line num="43" count="1" type="stmt"/>
        <line num="44" count="1" type="stmt"/>
        <line num="45" count="1" type="stmt"/>
        <line num="48" count="1" type="stmt"/>
        <line num="49" count="1" type="stmt"/>
        <line num="50" count="1" type="stmt"/>
        <line num="53" count="1" type="stmt"/>
        <line num="54" count="1" type="stmt"/>
        <line num="55" count="1" type="stmt"/>
        <line num="58" count="1" type="stmt"/>
        <line num="59" count="1" type="stmt"/>
        <line num="60" count="1" type="stmt"/>
        <line num="63" count="1" type="stmt"/>
        <line num="64" count="1" type="stmt"/>
        <line num="65" count="1" type="stmt"/>
        <line num="66" count="1" type="stmt"/>
        <line num="67" count="1" type="stmt"/>
      </file>
    </package>
    <package name="src.utils">
      <metrics statements="5" coveredstatements="0" conditionals="2" coveredconditionals="0" methods="2" coveredmethods="0"/>
      <file name="test-utils.jsx" path="D:\TechWorld\All Projects\ATS RESUME BUILDER\client\src\utils\test-utils.jsx">
        <metrics statements="5" coveredstatements="0" conditionals="2" coveredconditionals="0" methods="2" coveredmethods="0"/>
        <line num="9" count="0" type="cond" truecount="0" falsecount="1"/>
        <line num="13" count="0" type="stmt"/>
        <line num="19" count="0" type="stmt"/>
        <line num="20" count="0" type="stmt"/>
        <line num="33" count="0" type="stmt"/>
      </file>
    </package>
  </project>
</coverage>
