{"D:\\TechWorld\\All Projects\\ATS RESUME BUILDER\\client\\src\\App.jsx": {"path":"D:\\TechWorld\\All Projects\\ATS RESUME BUILDER\\client\\src\\App.jsx","statementMap":{"0":{"start":{"line":15,"column":28},"end":{"line":15,"column":51}},"1":{"start":{"line":17,"column":2},"end":{"line":26,"column":3}},"2":{"start":{"line":18,"column":4},"end":{"line":25,"column":6}},"3":{"start":{"line":28,"column":2},"end":{"line":28,"column":43}},"4":{"start":{"line":28,"column":12},"end":{"line":28,"column":43}},"5":{"start":{"line":30,"column":2},"end":{"line":30,"column":18}},"6":{"start":{"line":34,"column":2},"end":{"line":94,"column":4}}},"fnMap":{"0":{"name":"PublicRoute","decl":{"start":{"line":14,"column":9},"end":{"line":14,"column":20}},"loc":{"start":{"line":14,"column":35},"end":{"line":31,"column":1}},"line":14},"1":{"name":"App","decl":{"start":{"line":33,"column":9},"end":{"line":33,"column":12}},"loc":{"start":{"line":33,"column":15},"end":{"line":95,"column":1}},"line":33}},"branchMap":{"0":{"loc":{"start":{"line":17,"column":2},"end":{"line":26,"column":3}},"type":"if","locations":[{"start":{"line":17,"column":2},"end":{"line":26,"column":3}},{"start":{},"end":{}}],"line":17},"1":{"loc":{"start":{"line":28,"column":2},"end":{"line":28,"column":43}},"type":"if","locations":[{"start":{"line":28,"column":2},"end":{"line":28,"column":43}},{"start":{},"end":{}}],"line":28}},"s":{"0":0,"1":0,"2":0,"3":0,"4":0,"5":0,"6":0},"f":{"0":0,"1":0},"b":{"0":[0,0],"1":[0,0]}}
,"D:\\TechWorld\\All Projects\\ATS RESUME BUILDER\\client\\src\\components\\AtsChecklistItem\\index.jsx": {"path":"D:\\TechWorld\\All Projects\\ATS RESUME BUILDER\\client\\src\\components\\AtsChecklistItem\\index.jsx","statementMap":{"0":{"start":{"line":12,"column":38},"end":{"line":12,"column":53}},"1":{"start":{"line":14,"column":23},"end":{"line":14,"column":60}},"2":{"start":{"line":16,"column":22},"end":{"line":20,"column":3}},"3":{"start":{"line":17,"column":4},"end":{"line":17,"column":50}},"4":{"start":{"line":17,"column":28},"end":{"line":17,"column":50}},"5":{"start":{"line":18,"column":4},"end":{"line":18,"column":56}},"6":{"start":{"line":18,"column":28},"end":{"line":18,"column":56}},"7":{"start":{"line":19,"column":4},"end":{"line":19,"column":26}},"8":{"start":{"line":22,"column":24},"end":{"line":26,"column":3}},"9":{"start":{"line":23,"column":4},"end":{"line":23,"column":57}},"10":{"start":{"line":23,"column":28},"end":{"line":23,"column":57}},"11":{"start":{"line":24,"column":4},"end":{"line":24,"column":50}},"12":{"start":{"line":24,"column":28},"end":{"line":24,"column":50}},"13":{"start":{"line":25,"column":4},"end":{"line":25,"column":26}},"14":{"start":{"line":28,"column":2},"end":{"line":53,"column":4}},"15":{"start":{"line":29,"column":47},"end":{"line":29,"column":73}}},"fnMap":{"0":{"name":"AtsChecklistItem","decl":{"start":{"line":11,"column":9},"end":{"line":11,"column":25}},"loc":{"start":{"line":11,"column":57},"end":{"line":54,"column":1}},"line":11},"1":{"name":"(anonymous_1)","decl":{"start":{"line":16,"column":22},"end":{"line":16,"column":23}},"loc":{"start":{"line":16,"column":28},"end":{"line":20,"column":3}},"line":16},"2":{"name":"(anonymous_2)","decl":{"start":{"line":22,"column":24},"end":{"line":22,"column":25}},"loc":{"start":{"line":22,"column":30},"end":{"line":26,"column":3}},"line":22},"3":{"name":"(anonymous_3)","decl":{"start":{"line":29,"column":41},"end":{"line":29,"column":42}},"loc":{"start":{"line":29,"column":47},"end":{"line":29,"column":73}},"line":29}},"branchMap":{"0":{"loc":{"start":{"line":14,"column":23},"end":{"line":14,"column":60}},"type":"cond-expr","locations":[{"start":{"line":14,"column":51},"end":{"line":14,"column":56}},{"start":{"line":14,"column":59},"end":{"line":14,"column":60}}],"line":14},"1":{"loc":{"start":{"line":17,"column":4},"end":{"line":17,"column":50}},"type":"if","locations":[{"start":{"line":17,"column":4},"end":{"line":17,"column":50}},{"start":{},"end":{}}],"line":17},"2":{"loc":{"start":{"line":18,"column":4},"end":{"line":18,"column":56}},"type":"if","locations":[{"start":{"line":18,"column":4},"end":{"line":18,"column":56}},{"start":{},"end":{}}],"line":18},"3":{"loc":{"start":{"line":23,"column":4},"end":{"line":23,"column":57}},"type":"if","locations":[{"start":{"line":23,"column":4},"end":{"line":23,"column":57}},{"start":{},"end":{}}],"line":23},"4":{"loc":{"start":{"line":24,"column":4},"end":{"line":24,"column":50}},"type":"if","locations":[{"start":{"line":24,"column":4},"end":{"line":24,"column":50}},{"start":{},"end":{}}],"line":24},"5":{"loc":{"start":{"line":39,"column":7},"end":{"line":48,"column":7}},"type":"binary-expr","locations":[{"start":{"line":39,"column":7},"end":{"line":39,"column":10}},{"start":{"line":40,"column":8},"end":{"line":47,"column":10}}],"line":39},"6":{"loc":{"start":{"line":42,"column":23},"end":{"line":42,"column":68}},"type":"cond-expr","locations":[{"start":{"line":42,"column":36},"end":{"line":42,"column":51}},{"start":{"line":42,"column":54},"end":{"line":42,"column":68}}],"line":42},"7":{"loc":{"start":{"line":49,"column":7},"end":{"line":51,"column":7}},"type":"binary-expr","locations":[{"start":{"line":49,"column":7},"end":{"line":49,"column":17}},{"start":{"line":49,"column":21},"end":{"line":49,"column":24}},{"start":{"line":50,"column":8},"end":{"line":50,"column":47}}],"line":49}},"s":{"0":10,"1":10,"2":10,"3":10,"4":7,"5":3,"6":1,"7":2,"8":10,"9":10,"10":7,"11":3,"12":1,"13":2,"14":10,"15":2},"f":{"0":10,"1":10,"2":10,"3":2},"b":{"0":[9,1],"1":[7,3],"2":[1,2],"3":[7,3],"4":[1,2],"5":[10,4],"6":[1,3],"7":[10,1,1]},"_coverageSchema":"1a1c01bbd47fc00a2c39e90264f33305004495a9","hash":"aaabd8dcaf1ac06e251552a29773cc1404fc1711"}
,"D:\\TechWorld\\All Projects\\ATS RESUME BUILDER\\client\\src\\components\\AtsScoreCircle\\index.jsx": {"path":"D:\\TechWorld\\All Projects\\ATS RESUME BUILDER\\client\\src\\components\\AtsScoreCircle\\index.jsx","statementMap":{"0":{"start":{"line":11,"column":44},"end":{"line":11,"column":55}},"1":{"start":{"line":13,"column":2},"end":{"line":32,"column":14}},"2":{"start":{"line":15,"column":16},"end":{"line":15,"column":17}},"3":{"start":{"line":16,"column":21},"end":{"line":16,"column":24}},"4":{"start":{"line":17,"column":22},"end":{"line":17,"column":39}},"5":{"start":{"line":19,"column":20},"end":{"line":28,"column":5}},"6":{"start":{"line":20,"column":22},"end":{"line":20,"column":45}},"7":{"start":{"line":21,"column":23},"end":{"line":21,"column":54}},"8":{"start":{"line":23,"column":20},"end":{"line":23,"column":49}},"9":{"start":{"line":24,"column":6},"end":{"line":24,"column":50}},"10":{"start":{"line":25,"column":6},"end":{"line":27,"column":7}},"11":{"start":{"line":26,"column":8},"end":{"line":26,"column":47}},"12":{"start":{"line":30,"column":4},"end":{"line":30,"column":43}},"13":{"start":{"line":31,"column":4},"end":{"line":31,"column":45}},"14":{"start":{"line":31,"column":17},"end":{"line":31,"column":44}},"15":{"start":{"line":34,"column":15},"end":{"line":34,"column":18}},"16":{"start":{"line":35,"column":22},"end":{"line":35,"column":24}},"17":{"start":{"line":36,"column":17},"end":{"line":36,"column":41}},"18":{"start":{"line":37,"column":24},"end":{"line":37,"column":44}},"19":{"start":{"line":38,"column":17},"end":{"line":38,"column":70}},"20":{"start":{"line":40,"column":19},"end":{"line":44,"column":3}},"21":{"start":{"line":41,"column":4},"end":{"line":41,"column":43}},"22":{"start":{"line":41,"column":21},"end":{"line":41,"column":43}},"23":{"start":{"line":42,"column":4},"end":{"line":42,"column":49}},"24":{"start":{"line":42,"column":21},"end":{"line":42,"column":49}},"25":{"start":{"line":43,"column":4},"end":{"line":43,"column":26}},"26":{"start":{"line":46,"column":21},"end":{"line":50,"column":3}},"27":{"start":{"line":47,"column":4},"end":{"line":47,"column":49}},"28":{"start":{"line":47,"column":21},"end":{"line":47,"column":49}},"29":{"start":{"line":48,"column":4},"end":{"line":48,"column":48}},"30":{"start":{"line":48,"column":21},"end":{"line":48,"column":48}},"31":{"start":{"line":49,"column":4},"end":{"line":49,"column":31}},"32":{"start":{"line":52,"column":19},"end":{"line":57,"column":3}},"33":{"start":{"line":53,"column":4},"end":{"line":53,"column":40}},"34":{"start":{"line":53,"column":21},"end":{"line":53,"column":40}},"35":{"start":{"line":54,"column":4},"end":{"line":54,"column":35}},"36":{"start":{"line":54,"column":21},"end":{"line":54,"column":35}},"37":{"start":{"line":55,"column":4},"end":{"line":55,"column":35}},"38":{"start":{"line":55,"column":21},"end":{"line":55,"column":35}},"39":{"start":{"line":56,"column":4},"end":{"line":56,"column":24}},"40":{"start":{"line":59,"column":2},"end":{"line":95,"column":4}}},"fnMap":{"0":{"name":"AtsScoreCircle","decl":{"start":{"line":10,"column":9},"end":{"line":10,"column":23}},"loc":{"start":{"line":10,"column":35},"end":{"line":96,"column":1}},"line":10},"1":{"name":"(anonymous_1)","decl":{"start":{"line":13,"column":12},"end":{"line":13,"column":13}},"loc":{"start":{"line":13,"column":18},"end":{"line":32,"column":3}},"line":13},"2":{"name":"(anonymous_2)","decl":{"start":{"line":19,"column":20},"end":{"line":19,"column":21}},"loc":{"start":{"line":19,"column":37},"end":{"line":28,"column":5}},"line":19},"3":{"name":"(anonymous_3)","decl":{"start":{"line":31,"column":11},"end":{"line":31,"column":12}},"loc":{"start":{"line":31,"column":17},"end":{"line":31,"column":44}},"line":31},"4":{"name":"(anonymous_4)","decl":{"start":{"line":40,"column":19},"end":{"line":40,"column":20}},"loc":{"start":{"line":40,"column":25},"end":{"line":44,"column":3}},"line":40},"5":{"name":"(anonymous_5)","decl":{"start":{"line":46,"column":21},"end":{"line":46,"column":22}},"loc":{"start":{"line":46,"column":27},"end":{"line":50,"column":3}},"line":46},"6":{"name":"(anonymous_6)","decl":{"start":{"line":52,"column":19},"end":{"line":52,"column":20}},"loc":{"start":{"line":52,"column":25},"end":{"line":57,"column":3}},"line":52}},"branchMap":{"0":{"loc":{"start":{"line":25,"column":6},"end":{"line":27,"column":7}},"type":"if","locations":[{"start":{"line":25,"column":6},"end":{"line":27,"column":7}},{"start":{},"end":{}}],"line":25},"1":{"loc":{"start":{"line":41,"column":4},"end":{"line":41,"column":43}},"type":"if","locations":[{"start":{"line":41,"column":4},"end":{"line":41,"column":43}},{"start":{},"end":{}}],"line":41},"2":{"loc":{"start":{"line":42,"column":4},"end":{"line":42,"column":49}},"type":"if","locations":[{"start":{"line":42,"column":4},"end":{"line":42,"column":49}},{"start":{},"end":{}}],"line":42},"3":{"loc":{"start":{"line":47,"column":4},"end":{"line":47,"column":49}},"type":"if","locations":[{"start":{"line":47,"column":4},"end":{"line":47,"column":49}},{"start":{},"end":{}}],"line":47},"4":{"loc":{"start":{"line":48,"column":4},"end":{"line":48,"column":48}},"type":"if","locations":[{"start":{"line":48,"column":4},"end":{"line":48,"column":48}},{"start":{},"end":{}}],"line":48},"5":{"loc":{"start":{"line":53,"column":4},"end":{"line":53,"column":40}},"type":"if","locations":[{"start":{"line":53,"column":4},"end":{"line":53,"column":40}},{"start":{},"end":{}}],"line":53},"6":{"loc":{"start":{"line":54,"column":4},"end":{"line":54,"column":35}},"type":"if","locations":[{"start":{"line":54,"column":4},"end":{"line":54,"column":35}},{"start":{},"end":{}}],"line":54},"7":{"loc":{"start":{"line":55,"column":4},"end":{"line":55,"column":35}},"type":"if","locations":[{"start":{"line":55,"column":4},"end":{"line":55,"column":35}},{"start":{},"end":{}}],"line":55}},"s":{"0":26,"1":26,"2":6,"3":6,"4":6,"5":6,"6":70,"7":70,"8":70,"9":70,"10":70,"11":69,"12":6,"13":6,"14":6,"15":26,"16":26,"17":26,"18":26,"19":26,"20":26,"21":52,"22":46,"23":6,"24":2,"25":4,"26":26,"27":26,"28":23,"29":3,"30":1,"31":2,"32":26,"33":26,"34":23,"35":3,"36":1,"37":2,"38":1,"39":1,"40":26},"f":{"0":26,"1":6,"2":70,"3":6,"4":52,"5":26,"6":26},"b":{"0":[69,1],"1":[46,6],"2":[2,4],"3":[23,3],"4":[1,2],"5":[23,3],"6":[1,2],"7":[1,1]},"_coverageSchema":"1a1c01bbd47fc00a2c39e90264f33305004495a9","hash":"6bd6806a5e9274dbec3b4f033ac6feb6849002c3"}
,"D:\\TechWorld\\All Projects\\ATS RESUME BUILDER\\client\\src\\components\\AtsScorePanel\\index.jsx": {"path":"D:\\TechWorld\\All Projects\\ATS RESUME BUILDER\\client\\src\\components\\AtsScorePanel\\index.jsx","statementMap":{"0":{"start":{"line":21,"column":50},"end":{"line":21,"column":75}},"1":{"start":{"line":22,"column":46},"end":{"line":22,"column":83}},"2":{"start":{"line":23,"column":40},"end":{"line":23,"column":55}},"3":{"start":{"line":24,"column":19},"end":{"line":24,"column":34}},"4":{"start":{"line":26,"column":24},"end":{"line":43,"column":3}},"5":{"start":{"line":27,"column":4},"end":{"line":30,"column":5}},"6":{"start":{"line":28,"column":6},"end":{"line":28,"column":51}},"7":{"start":{"line":29,"column":6},"end":{"line":29,"column":13}},"8":{"start":{"line":31,"column":4},"end":{"line":31,"column":28}},"9":{"start":{"line":31,"column":21},"end":{"line":31,"column":28}},"10":{"start":{"line":33,"column":4},"end":{"line":33,"column":25}},"11":{"start":{"line":34,"column":4},"end":{"line":41,"column":5}},"12":{"start":{"line":35,"column":6},"end":{"line":35,"column":52}},"13":{"start":{"line":36,"column":21},"end":{"line":36,"column":66}},"14":{"start":{"line":37,"column":6},"end":{"line":37,"column":29}},"15":{"start":{"line":38,"column":6},"end":{"line":38,"column":46}},"16":{"start":{"line":40,"column":6},"end":{"line":40,"column":46}},"17":{"start":{"line":42,"column":4},"end":{"line":42,"column":26}},"18":{"start":{"line":45,"column":2},"end":{"line":157,"column":4}},"19":{"start":{"line":75,"column":29},"end":{"line":75,"column":59}},"20":{"start":{"line":76,"column":16},"end":{"line":76,"column":39}},"21":{"start":{"line":76,"column":27},"end":{"line":76,"column":39}},"22":{"start":{"line":77,"column":16},"end":{"line":85,"column":18}},"23":{"start":{"line":99,"column":18},"end":{"line":101,"column":25}},"24":{"start":{"line":113,"column":18},"end":{"line":115,"column":25}},"25":{"start":{"line":130,"column":18},"end":{"line":132,"column":24}}},"fnMap":{"0":{"name":"AtsScorePanel","decl":{"start":{"line":20,"column":9},"end":{"line":20,"column":22}},"loc":{"start":{"line":20,"column":25},"end":{"line":158,"column":1}},"line":20},"1":{"name":"(anonymous_1)","decl":{"start":{"line":26,"column":24},"end":{"line":26,"column":25}},"loc":{"start":{"line":26,"column":36},"end":{"line":43,"column":3}},"line":26},"2":{"name":"(anonymous_2)","decl":{"start":{"line":74,"column":31},"end":{"line":74,"column":32}},"loc":{"start":{"line":74,"column":43},"end":{"line":86,"column":15}},"line":74},"3":{"name":"(anonymous_3)","decl":{"start":{"line":98,"column":46},"end":{"line":98,"column":47}},"loc":{"start":{"line":99,"column":18},"end":{"line":101,"column":25}},"line":99},"4":{"name":"(anonymous_4)","decl":{"start":{"line":112,"column":46},"end":{"line":112,"column":47}},"loc":{"start":{"line":113,"column":18},"end":{"line":115,"column":25}},"line":113},"5":{"name":"(anonymous_5)","decl":{"start":{"line":129,"column":42},"end":{"line":129,"column":43}},"loc":{"start":{"line":130,"column":18},"end":{"line":132,"column":24}},"line":130}},"branchMap":{"0":{"loc":{"start":{"line":22,"column":55},"end":{"line":22,"column":82}},"type":"binary-expr","locations":[{"start":{"line":22,"column":55},"end":{"line":22,"column":76}},{"start":{"line":22,"column":80},"end":{"line":22,"column":82}}],"line":22},"1":{"loc":{"start":{"line":27,"column":4},"end":{"line":30,"column":5}},"type":"if","locations":[{"start":{"line":27,"column":4},"end":{"line":30,"column":5}},{"start":{},"end":{}}],"line":27},"2":{"loc":{"start":{"line":31,"column":4},"end":{"line":31,"column":28}},"type":"if","locations":[{"start":{"line":31,"column":4},"end":{"line":31,"column":28}},{"start":{},"end":{}}],"line":31},"3":{"loc":{"start":{"line":56,"column":7},"end":{"line":60,"column":7}},"type":"binary-expr","locations":[{"start":{"line":56,"column":7},"end":{"line":56,"column":18}},{"start":{"line":57,"column":8},"end":{"line":59,"column":14}}],"line":56},"4":{"loc":{"start":{"line":63,"column":7},"end":{"line":146,"column":7}},"type":"binary-expr","locations":[{"start":{"line":63,"column":7},"end":{"line":63,"column":15}},{"start":{"line":64,"column":8},"end":{"line":145,"column":11}}],"line":63},"5":{"loc":{"start":{"line":67,"column":35},"end":{"line":67,"column":56}},"type":"binary-expr","locations":[{"start":{"line":67,"column":35},"end":{"line":67,"column":51}},{"start":{"line":67,"column":55},"end":{"line":67,"column":56}}],"line":67},"6":{"loc":{"start":{"line":71,"column":11},"end":{"line":88,"column":11}},"type":"binary-expr","locations":[{"start":{"line":71,"column":11},"end":{"line":71,"column":29}},{"start":{"line":72,"column":12},"end":{"line":87,"column":18}}],"line":71},"7":{"loc":{"start":{"line":76,"column":16},"end":{"line":76,"column":39}},"type":"if","locations":[{"start":{"line":76,"column":16},"end":{"line":76,"column":39}},{"start":{},"end":{}}],"line":76},"8":{"loc":{"start":{"line":81,"column":27},"end":{"line":81,"column":45}},"type":"binary-expr","locations":[{"start":{"line":81,"column":27},"end":{"line":81,"column":37}},{"start":{"line":81,"column":41},"end":{"line":81,"column":45}}],"line":81},"9":{"loc":{"start":{"line":82,"column":25},"end":{"line":82,"column":58}},"type":"binary-expr","locations":[{"start":{"line":82,"column":25},"end":{"line":82,"column":33}},{"start":{"line":82,"column":37},"end":{"line":82,"column":52}},{"start":{"line":82,"column":56},"end":{"line":82,"column":58}}],"line":82},"10":{"loc":{"start":{"line":91,"column":11},"end":{"line":105,"column":11}},"type":"binary-expr","locations":[{"start":{"line":91,"column":11},"end":{"line":91,"column":35}},{"start":{"line":91,"column":39},"end":{"line":91,"column":74}},{"start":{"line":92,"column":12},"end":{"line":104,"column":18}}],"line":91},"11":{"loc":{"start":{"line":108,"column":11},"end":{"line":119,"column":11}},"type":"binary-expr","locations":[{"start":{"line":108,"column":11},"end":{"line":108,"column":35}},{"start":{"line":108,"column":39},"end":{"line":108,"column":74}},{"start":{"line":109,"column":12},"end":{"line":118,"column":18}}],"line":108},"12":{"loc":{"start":{"line":122,"column":11},"end":{"line":136,"column":11}},"type":"binary-expr","locations":[{"start":{"line":122,"column":11},"end":{"line":122,"column":31}},{"start":{"line":122,"column":35},"end":{"line":122,"column":66}},{"start":{"line":123,"column":12},"end":{"line":135,"column":18}}],"line":122},"13":{"loc":{"start":{"line":139,"column":11},"end":{"line":144,"column":11}},"type":"binary-expr","locations":[{"start":{"line":139,"column":11},"end":{"line":139,"column":29}},{"start":{"line":140,"column":12},"end":{"line":143,"column":14}}],"line":139},"14":{"loc":{"start":{"line":141,"column":29},"end":{"line":141,"column":61}},"type":"binary-expr","locations":[{"start":{"line":141,"column":29},"end":{"line":141,"column":55}},{"start":{"line":141,"column":59},"end":{"line":141,"column":61}}],"line":141},"15":{"loc":{"start":{"line":142,"column":31},"end":{"line":142,"column":71}},"type":"binary-expr","locations":[{"start":{"line":142,"column":31},"end":{"line":142,"column":65}},{"start":{"line":142,"column":69},"end":{"line":142,"column":71}}],"line":142},"16":{"loc":{"start":{"line":149,"column":7},"end":{"line":155,"column":7}},"type":"binary-expr","locations":[{"start":{"line":149,"column":7},"end":{"line":149,"column":16}},{"start":{"line":149,"column":20},"end":{"line":149,"column":32}},{"start":{"line":150,"column":8},"end":{"line":154,"column":14}}],"line":149}},"s":{"0":11,"1":11,"2":11,"3":11,"4":11,"5":2,"6":0,"7":0,"8":2,"9":0,"10":2,"11":2,"12":2,"13":2,"14":1,"15":1,"16":1,"17":2,"18":11,"19":10,"20":10,"21":9,"22":1,"23":1,"24":1,"25":1},"f":{"0":11,"1":2,"2":10,"3":1,"4":1,"5":1},"b":{"0":[11,11],"1":[0,2],"2":[0,2],"3":[11,2],"4":[11,1],"5":[1,0],"6":[1,1],"7":[9,1],"8":[1,0],"9":[1,0,0],"10":[1,1,1],"11":[1,1,1],"12":[1,1,1],"13":[1,1],"14":[1,0],"15":[1,1],"16":[11,10,8]},"_coverageSchema":"1a1c01bbd47fc00a2c39e90264f33305004495a9","hash":"d83ad012a10a718268510b5a0df51a49b3d37e31"}
,"D:\\TechWorld\\All Projects\\ATS RESUME BUILDER\\client\\src\\components\\BulletDiffView\\index.jsx": {"path":"D:\\TechWorld\\All Projects\\ATS RESUME BUILDER\\client\\src\\components\\BulletDiffView\\index.jsx","statementMap":{"0":{"start":{"line":12,"column":2},"end":{"line":54,"column":4}}},"fnMap":{"0":{"name":"BulletDiffView","decl":{"start":{"line":11,"column":9},"end":{"line":11,"column":23}},"loc":{"start":{"line":11,"column":68},"end":{"line":55,"column":1}},"line":11}},"branchMap":{},"s":{"0":3},"f":{"0":3},"b":{},"_coverageSchema":"1a1c01bbd47fc00a2c39e90264f33305004495a9","hash":"7f50c43ccf89234e6bd3eb23fcba503f4ed487d1"}
,"D:\\TechWorld\\All Projects\\ATS RESUME BUILDER\\client\\src\\components\\BulletPointEditor\\index.jsx": {"path":"D:\\TechWorld\\All Projects\\ATS RESUME BUILDER\\client\\src\\components\\BulletPointEditor\\index.jsx","statementMap":{"0":{"start":{"line":14,"column":42},"end":{"line":14,"column":56}},"1":{"start":{"line":16,"column":20},"end":{"line":18,"column":3}},"2":{"start":{"line":17,"column":4},"end":{"line":17,"column":31}},"3":{"start":{"line":20,"column":23},"end":{"line":23,"column":3}},"4":{"start":{"line":21,"column":20},"end":{"line":21,"column":68}},"5":{"start":{"line":21,"column":43},"end":{"line":21,"column":66}},"6":{"start":{"line":22,"column":4},"end":{"line":22,"column":22}},"7":{"start":{"line":25,"column":23},"end":{"line":28,"column":3}},"8":{"start":{"line":26,"column":20},"end":{"line":26,"column":57}},"9":{"start":{"line":26,"column":45},"end":{"line":26,"column":56}},"10":{"start":{"line":27,"column":4},"end":{"line":27,"column":22}},"11":{"start":{"line":30,"column":24},"end":{"line":53,"column":3}},"12":{"start":{"line":31,"column":19},"end":{"line":31,"column":33}},"13":{"start":{"line":32,"column":4},"end":{"line":35,"column":5}},"14":{"start":{"line":33,"column":6},"end":{"line":33,"column":48}},"15":{"start":{"line":34,"column":6},"end":{"line":34,"column":13}},"16":{"start":{"line":36,"column":4},"end":{"line":36,"column":27}},"17":{"start":{"line":37,"column":4},"end":{"line":51,"column":5}},"18":{"start":{"line":38,"column":21},"end":{"line":43,"column":8}},"19":{"start":{"line":44,"column":23},"end":{"line":44,"column":52}},"20":{"start":{"line":45,"column":6},"end":{"line":48,"column":7}},"21":{"start":{"line":46,"column":8},"end":{"line":46,"column":38}},"22":{"start":{"line":47,"column":8},"end":{"line":47,"column":42}},"23":{"start":{"line":50,"column":6},"end":{"line":50,"column":46}},"24":{"start":{"line":52,"column":4},"end":{"line":52,"column":26}},"25":{"start":{"line":55,"column":2},"end":{"line":96,"column":4}},"26":{"start":{"line":58,"column":8},"end":{"line":85,"column":14}},"27":{"start":{"line":63,"column":29},"end":{"line":63,"column":64}},"28":{"start":{"line":68,"column":27},"end":{"line":68,"column":47}},"29":{"start":{"line":80,"column":27},"end":{"line":80,"column":46}}},"fnMap":{"0":{"name":"BulletPointEditor","decl":{"start":{"line":13,"column":9},"end":{"line":13,"column":26}},"loc":{"start":{"line":13,"column":69},"end":{"line":97,"column":1}},"line":13},"1":{"name":"(anonymous_1)","decl":{"start":{"line":16,"column":20},"end":{"line":16,"column":21}},"loc":{"start":{"line":16,"column":26},"end":{"line":18,"column":3}},"line":16},"2":{"name":"(anonymous_2)","decl":{"start":{"line":20,"column":23},"end":{"line":20,"column":24}},"loc":{"start":{"line":20,"column":41},"end":{"line":23,"column":3}},"line":20},"3":{"name":"(anonymous_3)","decl":{"start":{"line":21,"column":32},"end":{"line":21,"column":33}},"loc":{"start":{"line":21,"column":43},"end":{"line":21,"column":66}},"line":21},"4":{"name":"(anonymous_4)","decl":{"start":{"line":25,"column":23},"end":{"line":25,"column":24}},"loc":{"start":{"line":25,"column":34},"end":{"line":28,"column":3}},"line":25},"5":{"name":"(anonymous_5)","decl":{"start":{"line":26,"column":35},"end":{"line":26,"column":36}},"loc":{"start":{"line":26,"column":45},"end":{"line":26,"column":56}},"line":26},"6":{"name":"(anonymous_6)","decl":{"start":{"line":30,"column":24},"end":{"line":30,"column":25}},"loc":{"start":{"line":30,"column":41},"end":{"line":53,"column":3}},"line":30},"7":{"name":"(anonymous_7)","decl":{"start":{"line":57,"column":19},"end":{"line":57,"column":20}},"loc":{"start":{"line":58,"column":8},"end":{"line":85,"column":14}},"line":58},"8":{"name":"(anonymous_8)","decl":{"start":{"line":63,"column":22},"end":{"line":63,"column":23}},"loc":{"start":{"line":63,"column":29},"end":{"line":63,"column":64}},"line":63},"9":{"name":"(anonymous_9)","decl":{"start":{"line":68,"column":21},"end":{"line":68,"column":22}},"loc":{"start":{"line":68,"column":27},"end":{"line":68,"column":47}},"line":68},"10":{"name":"(anonymous_10)","decl":{"start":{"line":80,"column":21},"end":{"line":80,"column":22}},"loc":{"start":{"line":80,"column":27},"end":{"line":80,"column":46}},"line":80}},"branchMap":{"0":{"loc":{"start":{"line":21,"column":43},"end":{"line":21,"column":66}},"type":"cond-expr","locations":[{"start":{"line":21,"column":57},"end":{"line":21,"column":62}},{"start":{"line":21,"column":65},"end":{"line":21,"column":66}}],"line":21},"1":{"loc":{"start":{"line":32,"column":4},"end":{"line":35,"column":5}},"type":"if","locations":[{"start":{"line":32,"column":4},"end":{"line":35,"column":5}},{"start":{},"end":{}}],"line":32},"2":{"loc":{"start":{"line":41,"column":17},"end":{"line":41,"column":39}},"type":"binary-expr","locations":[{"start":{"line":41,"column":17},"end":{"line":41,"column":33}},{"start":{"line":41,"column":37},"end":{"line":41,"column":39}}],"line":41},"3":{"loc":{"start":{"line":42,"column":14},"end":{"line":42,"column":33}},"type":"binary-expr","locations":[{"start":{"line":42,"column":14},"end":{"line":42,"column":27}},{"start":{"line":42,"column":31},"end":{"line":42,"column":33}}],"line":42},"4":{"loc":{"start":{"line":44,"column":23},"end":{"line":44,"column":52}},"type":"binary-expr","locations":[{"start":{"line":44,"column":23},"end":{"line":44,"column":42}},{"start":{"line":44,"column":46},"end":{"line":44,"column":52}}],"line":44},"5":{"loc":{"start":{"line":45,"column":6},"end":{"line":48,"column":7}},"type":"if","locations":[{"start":{"line":45,"column":6},"end":{"line":48,"column":7}},{"start":{},"end":{}}],"line":45},"6":{"loc":{"start":{"line":70,"column":65},"end":{"line":70,"column":109}},"type":"cond-expr","locations":[{"start":{"line":70,"column":90},"end":{"line":70,"column":104}},{"start":{"line":70,"column":107},"end":{"line":70,"column":109}}],"line":70},"7":{"loc":{"start":{"line":73,"column":13},"end":{"line":77,"column":13}},"type":"cond-expr","locations":[{"start":{"line":74,"column":14},"end":{"line":74,"column":52}},{"start":{"line":76,"column":14},"end":{"line":76,"column":28}}],"line":73}},"s":{"0":25,"1":25,"2":1,"3":25,"4":2,"5":2,"6":2,"7":25,"8":1,"9":2,"10":1,"11":25,"12":3,"13":3,"14":1,"15":1,"16":2,"17":2,"18":2,"19":1,"20":1,"21":1,"22":1,"23":1,"24":2,"25":25,"26":15,"27":1,"28":3,"29":1},"f":{"0":25,"1":1,"2":2,"3":2,"4":1,"5":2,"6":3,"7":15,"8":1,"9":3,"10":1},"b":{"0":[2,0],"1":[1,2],"2":[2,2],"3":[2,2],"4":[1,0],"5":[1,0],"6":[2,13],"7":[2,13]},"_coverageSchema":"1a1c01bbd47fc00a2c39e90264f33305004495a9","hash":"e59931ed974153fcfd4b1831f3208b3c09066ed1"}
,"D:\\TechWorld\\All Projects\\ATS RESUME BUILDER\\client\\src\\components\\CertificationsForm\\index.jsx": {"path":"D:\\TechWorld\\All Projects\\ATS RESUME BUILDER\\client\\src\\components\\CertificationsForm\\index.jsx","statementMap":{"0":{"start":{"line":14,"column":36},"end":{"line":14,"column":61}},"1":{"start":{"line":15,"column":16},"end":{"line":15,"column":52}},"2":{"start":{"line":17,"column":19},"end":{"line":26,"column":3}},"3":{"start":{"line":18,"column":21},"end":{"line":24,"column":5}},"4":{"start":{"line":25,"column":4},"end":{"line":25,"column":58}},"5":{"start":{"line":28,"column":22},"end":{"line":33,"column":3}},"6":{"start":{"line":29,"column":20},"end":{"line":31,"column":5}},"7":{"start":{"line":30,"column":6},"end":{"line":30,"column":54}},"8":{"start":{"line":32,"column":4},"end":{"line":32,"column":45}},"9":{"start":{"line":35,"column":22},"end":{"line":38,"column":3}},"10":{"start":{"line":36,"column":20},"end":{"line":36,"column":55}},"11":{"start":{"line":36,"column":43},"end":{"line":36,"column":54}},"12":{"start":{"line":37,"column":4},"end":{"line":37,"column":45}},"13":{"start":{"line":40,"column":2},"end":{"line":118,"column":4}},"14":{"start":{"line":51,"column":8},"end":{"line":109,"column":14}},"15":{"start":{"line":60,"column":29},"end":{"line":60,"column":47}},"16":{"start":{"line":73,"column":33},"end":{"line":73,"column":75}},"17":{"start":{"line":83,"column":33},"end":{"line":83,"column":77}},"18":{"start":{"line":95,"column":35},"end":{"line":95,"column":66}},"19":{"start":{"line":103,"column":33},"end":{"line":103,"column":75}}},"fnMap":{"0":{"name":"CertificationsForm","decl":{"start":{"line":13,"column":9},"end":{"line":13,"column":27}},"loc":{"start":{"line":13,"column":30},"end":{"line":119,"column":1}},"line":13},"1":{"name":"(anonymous_1)","decl":{"start":{"line":17,"column":19},"end":{"line":17,"column":20}},"loc":{"start":{"line":17,"column":25},"end":{"line":26,"column":3}},"line":17},"2":{"name":"(anonymous_2)","decl":{"start":{"line":28,"column":22},"end":{"line":28,"column":23}},"loc":{"start":{"line":28,"column":47},"end":{"line":33,"column":3}},"line":28},"3":{"name":"(anonymous_3)","decl":{"start":{"line":29,"column":30},"end":{"line":29,"column":31}},"loc":{"start":{"line":30,"column":6},"end":{"line":30,"column":54}},"line":30},"4":{"name":"(anonymous_4)","decl":{"start":{"line":35,"column":22},"end":{"line":35,"column":23}},"loc":{"start":{"line":35,"column":33},"end":{"line":38,"column":3}},"line":35},"5":{"name":"(anonymous_5)","decl":{"start":{"line":36,"column":33},"end":{"line":36,"column":34}},"loc":{"start":{"line":36,"column":43},"end":{"line":36,"column":54}},"line":36},"6":{"name":"(anonymous_6)","decl":{"start":{"line":50,"column":17},"end":{"line":50,"column":18}},"loc":{"start":{"line":51,"column":8},"end":{"line":109,"column":14}},"line":51},"7":{"name":"(anonymous_7)","decl":{"start":{"line":60,"column":23},"end":{"line":60,"column":24}},"loc":{"start":{"line":60,"column":29},"end":{"line":60,"column":47}},"line":60},"8":{"name":"(anonymous_8)","decl":{"start":{"line":73,"column":26},"end":{"line":73,"column":27}},"loc":{"start":{"line":73,"column":33},"end":{"line":73,"column":75}},"line":73},"9":{"name":"(anonymous_9)","decl":{"start":{"line":83,"column":26},"end":{"line":83,"column":27}},"loc":{"start":{"line":83,"column":33},"end":{"line":83,"column":77}},"line":83},"10":{"name":"(anonymous_10)","decl":{"start":{"line":95,"column":26},"end":{"line":95,"column":27}},"loc":{"start":{"line":95,"column":35},"end":{"line":95,"column":66}},"line":95},"11":{"name":"(anonymous_11)","decl":{"start":{"line":103,"column":26},"end":{"line":103,"column":27}},"loc":{"start":{"line":103,"column":33},"end":{"line":103,"column":75}},"line":103}},"branchMap":{"0":{"loc":{"start":{"line":15,"column":16},"end":{"line":15,"column":52}},"type":"binary-expr","locations":[{"start":{"line":15,"column":16},"end":{"line":15,"column":46}},{"start":{"line":15,"column":50},"end":{"line":15,"column":52}}],"line":15},"1":{"loc":{"start":{"line":30,"column":6},"end":{"line":30,"column":54}},"type":"cond-expr","locations":[{"start":{"line":30,"column":20},"end":{"line":30,"column":47}},{"start":{"line":30,"column":50},"end":{"line":30,"column":54}}],"line":30},"2":{"loc":{"start":{"line":112,"column":7},"end":{"line":116,"column":7}},"type":"binary-expr","locations":[{"start":{"line":112,"column":7},"end":{"line":112,"column":25}},{"start":{"line":113,"column":8},"end":{"line":115,"column":12}}],"line":112}},"s":{"0":5,"1":5,"2":5,"3":1,"4":1,"5":5,"6":1,"7":1,"8":1,"9":5,"10":1,"11":1,"12":1,"13":5,"14":3,"15":1,"16":1,"17":0,"18":0,"19":0},"f":{"0":5,"1":1,"2":1,"3":1,"4":1,"5":1,"6":3,"7":1,"8":1,"9":0,"10":0,"11":0},"b":{"0":[5,0],"1":[1,0],"2":[5,2]},"_coverageSchema":"1a1c01bbd47fc00a2c39e90264f33305004495a9","hash":"888a5d6ddee5857f41d87ed14bf97ea7ab874ab5"}
,"D:\\TechWorld\\All Projects\\ATS RESUME BUILDER\\client\\src\\components\\ChatInput\\index.jsx": {"path":"D:\\TechWorld\\All Projects\\ATS RESUME BUILDER\\client\\src\\components\\ChatInput\\index.jsx","statementMap":{"0":{"start":{"line":12,"column":26},"end":{"line":12,"column":38}},"1":{"start":{"line":13,"column":22},"end":{"line":13,"column":34}},"2":{"start":{"line":15,"column":21},"end":{"line":24,"column":3}},"3":{"start":{"line":16,"column":20},"end":{"line":16,"column":31}},"4":{"start":{"line":17,"column":4},"end":{"line":17,"column":38}},"5":{"start":{"line":17,"column":31},"end":{"line":17,"column":38}},"6":{"start":{"line":18,"column":4},"end":{"line":18,"column":20}},"7":{"start":{"line":19,"column":4},"end":{"line":19,"column":16}},"8":{"start":{"line":21,"column":4},"end":{"line":23,"column":5}},"9":{"start":{"line":22,"column":6},"end":{"line":22,"column":48}},"10":{"start":{"line":26,"column":24},"end":{"line":31,"column":3}},"11":{"start":{"line":27,"column":4},"end":{"line":30,"column":5}},"12":{"start":{"line":28,"column":6},"end":{"line":28,"column":25}},"13":{"start":{"line":29,"column":6},"end":{"line":29,"column":19}},"14":{"start":{"line":33,"column":22},"end":{"line":39,"column":3}},"15":{"start":{"line":34,"column":4},"end":{"line":34,"column":28}},"16":{"start":{"line":36,"column":15},"end":{"line":36,"column":23}},"17":{"start":{"line":37,"column":4},"end":{"line":37,"column":29}},"18":{"start":{"line":38,"column":4},"end":{"line":38,"column":60}},"19":{"start":{"line":41,"column":18},"end":{"line":41,"column":43}},"20":{"start":{"line":43,"column":2},"end":{"line":63,"column":4}}},"fnMap":{"0":{"name":"ChatInput","decl":{"start":{"line":11,"column":9},"end":{"line":11,"column":18}},"loc":{"start":{"line":11,"column":42},"end":{"line":64,"column":1}},"line":11},"1":{"name":"(anonymous_1)","decl":{"start":{"line":15,"column":21},"end":{"line":15,"column":22}},"loc":{"start":{"line":15,"column":27},"end":{"line":24,"column":3}},"line":15},"2":{"name":"(anonymous_2)","decl":{"start":{"line":26,"column":24},"end":{"line":26,"column":25}},"loc":{"start":{"line":26,"column":31},"end":{"line":31,"column":3}},"line":26},"3":{"name":"(anonymous_3)","decl":{"start":{"line":33,"column":22},"end":{"line":33,"column":23}},"loc":{"start":{"line":33,"column":29},"end":{"line":39,"column":3}},"line":33}},"branchMap":{"0":{"loc":{"start":{"line":17,"column":4},"end":{"line":17,"column":38}},"type":"if","locations":[{"start":{"line":17,"column":4},"end":{"line":17,"column":38}},{"start":{},"end":{}}],"line":17},"1":{"loc":{"start":{"line":17,"column":8},"end":{"line":17,"column":29}},"type":"binary-expr","locations":[{"start":{"line":17,"column":8},"end":{"line":17,"column":16}},{"start":{"line":17,"column":20},"end":{"line":17,"column":29}}],"line":17},"2":{"loc":{"start":{"line":21,"column":4},"end":{"line":23,"column":5}},"type":"if","locations":[{"start":{"line":21,"column":4},"end":{"line":23,"column":5}},{"start":{},"end":{}}],"line":21},"3":{"loc":{"start":{"line":27,"column":4},"end":{"line":30,"column":5}},"type":"if","locations":[{"start":{"line":27,"column":4},"end":{"line":30,"column":5}},{"start":{},"end":{}}],"line":27},"4":{"loc":{"start":{"line":27,"column":8},"end":{"line":27,"column":40}},"type":"binary-expr","locations":[{"start":{"line":27,"column":8},"end":{"line":27,"column":25}},{"start":{"line":27,"column":29},"end":{"line":27,"column":40}}],"line":27},"5":{"loc":{"start":{"line":41,"column":18},"end":{"line":41,"column":43}},"type":"binary-expr","locations":[{"start":{"line":41,"column":18},"end":{"line":41,"column":29}},{"start":{"line":41,"column":33},"end":{"line":41,"column":43}}],"line":41},"6":{"loc":{"start":{"line":58,"column":19},"end":{"line":58,"column":71}},"type":"cond-expr","locations":[{"start":{"line":58,"column":29},"end":{"line":58,"column":44}},{"start":{"line":58,"column":47},"end":{"line":58,"column":71}}],"line":58}},"s":{"0":25,"1":25,"2":25,"3":3,"4":3,"5":0,"6":3,"7":3,"8":3,"9":3,"10":25,"11":3,"12":2,"13":2,"14":25,"15":5,"16":5,"17":5,"18":5,"19":25,"20":25},"f":{"0":25,"1":3,"2":3,"3":5},"b":{"0":[0,3],"1":[3,3],"2":[3,0],"3":[2,1],"4":[3,3],"5":[25,4],"6":[4,21]},"_coverageSchema":"1a1c01bbd47fc00a2c39e90264f33305004495a9","hash":"d15af94757caf37c5f130aa8238e33cf6ef1bb9b"}
,"D:\\TechWorld\\All Projects\\ATS RESUME BUILDER\\client\\src\\components\\ChatMessage\\index.jsx": {"path":"D:\\TechWorld\\All Projects\\ATS RESUME BUILDER\\client\\src\\components\\ChatMessage\\index.jsx","statementMap":{"0":{"start":{"line":11,"column":17},"end":{"line":11,"column":32}},"1":{"start":{"line":13,"column":21},"end":{"line":18,"column":3}},"2":{"start":{"line":14,"column":4},"end":{"line":14,"column":23}},"3":{"start":{"line":14,"column":13},"end":{"line":14,"column":23}},"4":{"start":{"line":15,"column":4},"end":{"line":17,"column":7}},"5":{"start":{"line":20,"column":2},"end":{"line":51,"column":4}},"6":{"start":{"line":41,"column":29},"end":{"line":41,"column":51}}},"fnMap":{"0":{"name":"ChatMessage","decl":{"start":{"line":10,"column":9},"end":{"line":10,"column":20}},"loc":{"start":{"line":10,"column":75},"end":{"line":52,"column":1}},"line":10},"1":{"name":"(anonymous_1)","decl":{"start":{"line":13,"column":21},"end":{"line":13,"column":22}},"loc":{"start":{"line":13,"column":29},"end":{"line":18,"column":3}},"line":13},"2":{"name":"(anonymous_2)","decl":{"start":{"line":41,"column":23},"end":{"line":41,"column":24}},"loc":{"start":{"line":41,"column":29},"end":{"line":41,"column":51}},"line":41}},"branchMap":{"0":{"loc":{"start":{"line":14,"column":4},"end":{"line":14,"column":23}},"type":"if","locations":[{"start":{"line":14,"column":4},"end":{"line":14,"column":23}},{"start":{},"end":{}}],"line":14},"1":{"loc":{"start":{"line":21,"column":32},"end":{"line":21,"column":72}},"type":"cond-expr","locations":[{"start":{"line":21,"column":41},"end":{"line":21,"column":54}},{"start":{"line":21,"column":57},"end":{"line":21,"column":72}}],"line":21},"2":{"loc":{"start":{"line":22,"column":37},"end":{"line":22,"column":90}},"type":"cond-expr","locations":[{"start":{"line":22,"column":46},"end":{"line":22,"column":64}},{"start":{"line":22,"column":67},"end":{"line":22,"column":90}}],"line":22},"3":{"loc":{"start":{"line":23,"column":9},"end":{"line":28,"column":9}},"type":"binary-expr","locations":[{"start":{"line":23,"column":9},"end":{"line":23,"column":16}},{"start":{"line":24,"column":10},"end":{"line":27,"column":16}}],"line":23},"4":{"loc":{"start":{"line":34,"column":62},"end":{"line":34,"column":101}},"type":"cond-expr","locations":[{"start":{"line":34,"column":71},"end":{"line":34,"column":84}},{"start":{"line":34,"column":87},"end":{"line":34,"column":101}}],"line":34},"5":{"loc":{"start":{"line":39,"column":11},"end":{"line":47,"column":11}},"type":"binary-expr","locations":[{"start":{"line":39,"column":11},"end":{"line":39,"column":24}},{"start":{"line":39,"column":28},"end":{"line":39,"column":35}},{"start":{"line":40,"column":12},"end":{"line":46,"column":21}}],"line":39}},"s":{"0":12,"1":12,"2":12,"3":4,"4":8,"5":12,"6":2},"f":{"0":12,"1":12,"2":2},"b":{"0":[4,8],"1":[7,5],"2":[7,5],"3":[12,5],"4":[7,5],"5":[12,3,2]},"_coverageSchema":"1a1c01bbd47fc00a2c39e90264f33305004495a9","hash":"ab83da65212e351eec9d184db603b8ebaa6e8190"}
,"D:\\TechWorld\\All Projects\\ATS RESUME BUILDER\\client\\src\\components\\ChatPanel\\index.jsx": {"path":"D:\\TechWorld\\All Projects\\ATS RESUME BUILDER\\client\\src\\components\\ChatPanel\\index.jsx","statementMap":{"0":{"start":{"line":17,"column":22},"end":{"line":21,"column":1}},"1":{"start":{"line":24,"column":36},"end":{"line":24,"column":61}},"2":{"start":{"line":25,"column":34},"end":{"line":25,"column":46}},"3":{"start":{"line":26,"column":36},"end":{"line":26,"column":51}},"4":{"start":{"line":27,"column":50},"end":{"line":27,"column":64}},"5":{"start":{"line":28,"column":25},"end":{"line":28,"column":37}},"6":{"start":{"line":31,"column":2},"end":{"line":49,"column":19}},"7":{"start":{"line":32,"column":24},"end":{"line":46,"column":5}},"8":{"start":{"line":33,"column":6},"end":{"line":36,"column":7}},"9":{"start":{"line":34,"column":8},"end":{"line":34,"column":35}},"10":{"start":{"line":35,"column":8},"end":{"line":35,"column":15}},"11":{"start":{"line":37,"column":6},"end":{"line":44,"column":7}},"12":{"start":{"line":38,"column":24},"end":{"line":38,"column":56}},"13":{"start":{"line":39,"column":8},"end":{"line":41,"column":9}},"14":{"start":{"line":40,"column":10},"end":{"line":40,"column":31}},"15":{"start":{"line":45,"column":6},"end":{"line":45,"column":33}},"16":{"start":{"line":48,"column":4},"end":{"line":48,"column":18}},"17":{"start":{"line":52,"column":2},"end":{"line":54,"column":17}},"18":{"start":{"line":53,"column":4},"end":{"line":53,"column":67}},"19":{"start":{"line":56,"column":21},"end":{"line":80,"column":3}},"20":{"start":{"line":57,"column":4},"end":{"line":57,"column":28}},"21":{"start":{"line":57,"column":21},"end":{"line":57,"column":28}},"22":{"start":{"line":59,"column":24},"end":{"line":63,"column":5}},"23":{"start":{"line":64,"column":4},"end":{"line":64,"column":50}},"24":{"start":{"line":64,"column":26},"end":{"line":64,"column":48}},"25":{"start":{"line":65,"column":4},"end":{"line":65,"column":23}},"26":{"start":{"line":67,"column":4},"end":{"line":78,"column":5}},"27":{"start":{"line":68,"column":23},"end":{"line":68,"column":60}},"28":{"start":{"line":69,"column":31},"end":{"line":74,"column":7}},"29":{"start":{"line":75,"column":6},"end":{"line":75,"column":57}},"30":{"start":{"line":75,"column":28},"end":{"line":75,"column":55}},"31":{"start":{"line":77,"column":6},"end":{"line":77,"column":47}},"32":{"start":{"line":79,"column":4},"end":{"line":79,"column":24}},"33":{"start":{"line":82,"column":26},"end":{"line":92,"column":3}},"34":{"start":{"line":83,"column":4},"end":{"line":83,"column":31}},"35":{"start":{"line":83,"column":24},"end":{"line":83,"column":31}},"36":{"start":{"line":84,"column":4},"end":{"line":91,"column":5}},"37":{"start":{"line":85,"column":6},"end":{"line":87,"column":9}},"38":{"start":{"line":86,"column":8},"end":{"line":86,"column":37}},"39":{"start":{"line":88,"column":6},"end":{"line":88,"column":42}},"40":{"start":{"line":90,"column":6},"end":{"line":90,"column":42}},"41":{"start":{"line":94,"column":2},"end":{"line":160,"column":4}},"42":{"start":{"line":110,"column":14},"end":{"line":117,"column":23}},"43":{"start":{"line":112,"column":31},"end":{"line":112,"column":50}},"44":{"start":{"line":134,"column":12},"end":{"line":141,"column":14}}},"fnMap":{"0":{"name":"ChatPanel","decl":{"start":{"line":23,"column":9},"end":{"line":23,"column":18}},"loc":{"start":{"line":23,"column":21},"end":{"line":161,"column":1}},"line":23},"1":{"name":"(anonymous_1)","decl":{"start":{"line":31,"column":12},"end":{"line":31,"column":13}},"loc":{"start":{"line":31,"column":18},"end":{"line":49,"column":3}},"line":31},"2":{"name":"(anonymous_2)","decl":{"start":{"line":32,"column":24},"end":{"line":32,"column":25}},"loc":{"start":{"line":32,"column":36},"end":{"line":46,"column":5}},"line":32},"3":{"name":"(anonymous_3)","decl":{"start":{"line":52,"column":12},"end":{"line":52,"column":13}},"loc":{"start":{"line":52,"column":18},"end":{"line":54,"column":3}},"line":52},"4":{"name":"(anonymous_4)","decl":{"start":{"line":56,"column":21},"end":{"line":56,"column":22}},"loc":{"start":{"line":56,"column":37},"end":{"line":80,"column":3}},"line":56},"5":{"name":"(anonymous_5)","decl":{"start":{"line":64,"column":16},"end":{"line":64,"column":17}},"loc":{"start":{"line":64,"column":26},"end":{"line":64,"column":48}},"line":64},"6":{"name":"(anonymous_6)","decl":{"start":{"line":75,"column":18},"end":{"line":75,"column":19}},"loc":{"start":{"line":75,"column":28},"end":{"line":75,"column":55}},"line":75},"7":{"name":"(anonymous_7)","decl":{"start":{"line":82,"column":26},"end":{"line":82,"column":27}},"loc":{"start":{"line":82,"column":45},"end":{"line":92,"column":3}},"line":82},"8":{"name":"(anonymous_8)","decl":{"start":{"line":85,"column":44},"end":{"line":85,"column":45}},"loc":{"start":{"line":85,"column":65},"end":{"line":87,"column":7}},"line":85},"9":{"name":"(anonymous_9)","decl":{"start":{"line":109,"column":31},"end":{"line":109,"column":32}},"loc":{"start":{"line":110,"column":14},"end":{"line":117,"column":23}},"line":110},"10":{"name":"(anonymous_10)","decl":{"start":{"line":112,"column":25},"end":{"line":112,"column":26}},"loc":{"start":{"line":112,"column":31},"end":{"line":112,"column":50}},"line":112},"11":{"name":"(anonymous_11)","decl":{"start":{"line":133,"column":24},"end":{"line":133,"column":25}},"loc":{"start":{"line":134,"column":12},"end":{"line":141,"column":14}},"line":134}},"branchMap":{"0":{"loc":{"start":{"line":33,"column":6},"end":{"line":36,"column":7}},"type":"if","locations":[{"start":{"line":33,"column":6},"end":{"line":36,"column":7}},{"start":{},"end":{}}],"line":33},"1":{"loc":{"start":{"line":39,"column":8},"end":{"line":41,"column":9}},"type":"if","locations":[{"start":{"line":39,"column":8},"end":{"line":41,"column":9}},{"start":{},"end":{}}],"line":39},"2":{"loc":{"start":{"line":39,"column":12},"end":{"line":39,"column":41}},"type":"binary-expr","locations":[{"start":{"line":39,"column":12},"end":{"line":39,"column":19}},{"start":{"line":39,"column":23},"end":{"line":39,"column":41}}],"line":39},"3":{"loc":{"start":{"line":57,"column":4},"end":{"line":57,"column":28}},"type":"if","locations":[{"start":{"line":57,"column":4},"end":{"line":57,"column":28}},{"start":{},"end":{}}],"line":57},"4":{"loc":{"start":{"line":71,"column":17},"end":{"line":71,"column":45}},"type":"binary-expr","locations":[{"start":{"line":71,"column":17},"end":{"line":71,"column":33}},{"start":{"line":71,"column":37},"end":{"line":71,"column":45}}],"line":71},"5":{"loc":{"start":{"line":73,"column":23},"end":{"line":73,"column":53}},"type":"binary-expr","locations":[{"start":{"line":73,"column":23},"end":{"line":73,"column":45}},{"start":{"line":73,"column":49},"end":{"line":73,"column":53}}],"line":73},"6":{"loc":{"start":{"line":83,"column":4},"end":{"line":83,"column":31}},"type":"if","locations":[{"start":{"line":83,"column":4},"end":{"line":83,"column":31}},{"start":{},"end":{}}],"line":83},"7":{"loc":{"start":{"line":97,"column":7},"end":{"line":121,"column":7}},"type":"binary-expr","locations":[{"start":{"line":97,"column":7},"end":{"line":97,"column":28}},{"start":{"line":97,"column":32},"end":{"line":97,"column":49}},{"start":{"line":98,"column":8},"end":{"line":120,"column":14}}],"line":97},"8":{"loc":{"start":{"line":124,"column":7},"end":{"line":128,"column":7}},"type":"binary-expr","locations":[{"start":{"line":124,"column":7},"end":{"line":124,"column":23}},{"start":{"line":125,"column":8},"end":{"line":127,"column":14}}],"line":124},"9":{"loc":{"start":{"line":131,"column":7},"end":{"line":153,"column":7}},"type":"binary-expr","locations":[{"start":{"line":131,"column":7},"end":{"line":131,"column":26}},{"start":{"line":132,"column":8},"end":{"line":152,"column":14}}],"line":131},"10":{"loc":{"start":{"line":144,"column":11},"end":{"line":149,"column":11}},"type":"binary-expr","locations":[{"start":{"line":144,"column":11},"end":{"line":144,"column":20}},{"start":{"line":145,"column":12},"end":{"line":148,"column":18}}],"line":144}},"s":{"0":1,"1":13,"2":13,"3":13,"4":13,"5":13,"6":13,"7":5,"8":5,"9":0,"10":0,"11":5,"12":5,"13":5,"14":2,"15":5,"16":5,"17":13,"18":10,"19":13,"20":2,"21":0,"22":2,"23":2,"24":2,"25":2,"26":2,"27":2,"28":2,"29":2,"30":1,"31":0,"32":2,"33":13,"34":1,"35":0,"36":1,"37":1,"38":1,"39":1,"40":0,"41":13,"42":9,"43":1,"44":7},"f":{"0":13,"1":5,"2":5,"3":10,"4":2,"5":2,"6":1,"7":1,"8":1,"9":9,"10":1,"11":7},"b":{"0":[0,5],"1":[2,3],"2":[5,5],"3":[0,2],"4":[2,0],"5":[2,2],"6":[0,1],"7":[13,8,3],"8":[13,5],"9":[13,5],"10":[5,2]},"_coverageSchema":"1a1c01bbd47fc00a2c39e90264f33305004495a9","hash":"40edf7c8daf7c14500dfcc9ddad28afff9fbf41b"}
,"D:\\TechWorld\\All Projects\\ATS RESUME BUILDER\\client\\src\\components\\DatePicker\\index.jsx": {"path":"D:\\TechWorld\\All Projects\\ATS RESUME BUILDER\\client\\src\\components\\DatePicker\\index.jsx","statementMap":{"0":{"start":{"line":8,"column":15},"end":{"line":21,"column":1}},"1":{"start":{"line":23,"column":20},"end":{"line":23,"column":44}},"2":{"start":{"line":24,"column":14},"end":{"line":24,"column":67}},"3":{"start":{"line":24,"column":51},"end":{"line":24,"column":66}},"4":{"start":{"line":27,"column":24},"end":{"line":27,"column":48}},"5":{"start":{"line":29,"column":28},"end":{"line":32,"column":3}},"6":{"start":{"line":30,"column":14},"end":{"line":30,"column":28}},"7":{"start":{"line":31,"column":4},"end":{"line":31,"column":74}},"8":{"start":{"line":34,"column":27},"end":{"line":37,"column":3}},"9":{"start":{"line":35,"column":14},"end":{"line":35,"column":28}},"10":{"start":{"line":36,"column":4},"end":{"line":36,"column":64}},"11":{"start":{"line":39,"column":2},"end":{"line":64,"column":4}},"12":{"start":{"line":49,"column":10},"end":{"line":49,"column":66}},"13":{"start":{"line":60,"column":10},"end":{"line":60,"column":48}}},"fnMap":{"0":{"name":"(anonymous_0)","decl":{"start":{"line":24,"column":41},"end":{"line":24,"column":42}},"loc":{"start":{"line":24,"column":51},"end":{"line":24,"column":66}},"line":24},"1":{"name":"DatePicker","decl":{"start":{"line":26,"column":9},"end":{"line":26,"column":19}},"loc":{"start":{"line":26,"column":59},"end":{"line":65,"column":1}},"line":26},"2":{"name":"(anonymous_2)","decl":{"start":{"line":29,"column":28},"end":{"line":29,"column":29}},"loc":{"start":{"line":29,"column":35},"end":{"line":32,"column":3}},"line":29},"3":{"name":"(anonymous_3)","decl":{"start":{"line":34,"column":27},"end":{"line":34,"column":28}},"loc":{"start":{"line":34,"column":34},"end":{"line":37,"column":3}},"line":34},"4":{"name":"(anonymous_4)","decl":{"start":{"line":48,"column":20},"end":{"line":48,"column":21}},"loc":{"start":{"line":49,"column":10},"end":{"line":49,"column":66}},"line":49},"5":{"name":"(anonymous_5)","decl":{"start":{"line":59,"column":19},"end":{"line":59,"column":20}},"loc":{"start":{"line":60,"column":10},"end":{"line":60,"column":48}},"line":60}},"branchMap":{"0":{"loc":{"start":{"line":26,"column":39},"end":{"line":26,"column":55}},"type":"default-arg","locations":[{"start":{"line":26,"column":50},"end":{"line":26,"column":55}}],"line":26},"1":{"loc":{"start":{"line":27,"column":25},"end":{"line":27,"column":36}},"type":"binary-expr","locations":[{"start":{"line":27,"column":25},"end":{"line":27,"column":30}},{"start":{"line":27,"column":34},"end":{"line":27,"column":36}}],"line":27},"2":{"loc":{"start":{"line":31,"column":13},"end":{"line":31,"column":72}},"type":"cond-expr","locations":[{"start":{"line":31,"column":25},"end":{"line":31,"column":39}},{"start":{"line":31,"column":42},"end":{"line":31,"column":72}}],"line":31},"3":{"loc":{"start":{"line":31,"column":13},"end":{"line":31,"column":22}},"type":"binary-expr","locations":[{"start":{"line":31,"column":13},"end":{"line":31,"column":17}},{"start":{"line":31,"column":21},"end":{"line":31,"column":22}}],"line":31},"4":{"loc":{"start":{"line":31,"column":42},"end":{"line":31,"column":72}},"type":"cond-expr","locations":[{"start":{"line":31,"column":46},"end":{"line":31,"column":67}},{"start":{"line":31,"column":70},"end":{"line":31,"column":72}}],"line":31},"5":{"loc":{"start":{"line":36,"column":13},"end":{"line":36,"column":62}},"type":"cond-expr","locations":[{"start":{"line":36,"column":26},"end":{"line":36,"column":41}},{"start":{"line":36,"column":44},"end":{"line":36,"column":62}}],"line":36},"6":{"loc":{"start":{"line":36,"column":13},"end":{"line":36,"column":23}},"type":"binary-expr","locations":[{"start":{"line":36,"column":13},"end":{"line":36,"column":14}},{"start":{"line":36,"column":18},"end":{"line":36,"column":23}}],"line":36},"7":{"loc":{"start":{"line":36,"column":44},"end":{"line":36,"column":62}},"type":"cond-expr","locations":[{"start":{"line":36,"column":48},"end":{"line":36,"column":57}},{"start":{"line":36,"column":60},"end":{"line":36,"column":62}}],"line":36},"8":{"loc":{"start":{"line":42,"column":15},"end":{"line":42,"column":26}},"type":"binary-expr","locations":[{"start":{"line":42,"column":15},"end":{"line":42,"column":20}},{"start":{"line":42,"column":24},"end":{"line":42,"column":26}}],"line":42},"9":{"loc":{"start":{"line":45,"column":46},"end":{"line":45,"column":76}},"type":"cond-expr","locations":[{"start":{"line":45,"column":57},"end":{"line":45,"column":71}},{"start":{"line":45,"column":74},"end":{"line":45,"column":76}}],"line":45},"10":{"loc":{"start":{"line":53,"column":15},"end":{"line":53,"column":25}},"type":"binary-expr","locations":[{"start":{"line":53,"column":15},"end":{"line":53,"column":19}},{"start":{"line":53,"column":23},"end":{"line":53,"column":25}}],"line":53},"11":{"loc":{"start":{"line":56,"column":46},"end":{"line":56,"column":76}},"type":"cond-expr","locations":[{"start":{"line":56,"column":57},"end":{"line":56,"column":71}},{"start":{"line":56,"column":74},"end":{"line":56,"column":76}}],"line":56}},"s":{"0":4,"1":4,"2":4,"3":120,"4":21,"5":21,"6":1,"7":1,"8":21,"9":1,"10":1,"11":21,"12":252,"13":630},"f":{"0":120,"1":21,"2":1,"3":1,"4":252,"5":630},"b":{"0":[18],"1":[21,12],"2":[1,0],"3":[1,1],"4":[0,0],"5":[1,0],"6":[1,1],"7":[0,0],"8":[21,12],"9":[1,20],"10":[21,12],"11":[1,20]},"_coverageSchema":"1a1c01bbd47fc00a2c39e90264f33305004495a9","hash":"0c39071480eb874b0fbd9fe546a3c26645656f3b"}
,"D:\\TechWorld\\All Projects\\ATS RESUME BUILDER\\client\\src\\components\\EducationForm\\index.jsx": {"path":"D:\\TechWorld\\All Projects\\ATS RESUME BUILDER\\client\\src\\components\\EducationForm\\index.jsx","statementMap":{"0":{"start":{"line":14,"column":36},"end":{"line":14,"column":61}},"1":{"start":{"line":15,"column":18},"end":{"line":15,"column":49}},"2":{"start":{"line":17,"column":19},"end":{"line":28,"column":3}},"3":{"start":{"line":18,"column":21},"end":{"line":26,"column":5}},"4":{"start":{"line":27,"column":4},"end":{"line":27,"column":55}},"5":{"start":{"line":30,"column":22},"end":{"line":35,"column":3}},"6":{"start":{"line":31,"column":20},"end":{"line":33,"column":5}},"7":{"start":{"line":32,"column":6},"end":{"line":32,"column":52}},"8":{"start":{"line":34,"column":4},"end":{"line":34,"column":40}},"9":{"start":{"line":37,"column":22},"end":{"line":40,"column":3}},"10":{"start":{"line":38,"column":20},"end":{"line":38,"column":57}},"11":{"start":{"line":38,"column":45},"end":{"line":38,"column":56}},"12":{"start":{"line":39,"column":4},"end":{"line":39,"column":40}},"13":{"start":{"line":42,"column":2},"end":{"line":139,"column":4}},"14":{"start":{"line":53,"column":8},"end":{"line":130,"column":14}},"15":{"start":{"line":62,"column":29},"end":{"line":62,"column":47}},"16":{"start":{"line":74,"column":31},"end":{"line":74,"column":80}},"17":{"start":{"line":86,"column":33},"end":{"line":86,"column":77}},"18":{"start":{"line":96,"column":33},"end":{"line":96,"column":76}},"19":{"start":{"line":108,"column":35},"end":{"line":108,"column":71}},"20":{"start":{"line":115,"column":35},"end":{"line":115,"column":69}},"21":{"start":{"line":124,"column":31},"end":{"line":124,"column":72}}},"fnMap":{"0":{"name":"EducationForm","decl":{"start":{"line":13,"column":9},"end":{"line":13,"column":22}},"loc":{"start":{"line":13,"column":25},"end":{"line":140,"column":1}},"line":13},"1":{"name":"(anonymous_1)","decl":{"start":{"line":17,"column":19},"end":{"line":17,"column":20}},"loc":{"start":{"line":17,"column":25},"end":{"line":28,"column":3}},"line":17},"2":{"name":"(anonymous_2)","decl":{"start":{"line":30,"column":22},"end":{"line":30,"column":23}},"loc":{"start":{"line":30,"column":47},"end":{"line":35,"column":3}},"line":30},"3":{"name":"(anonymous_3)","decl":{"start":{"line":31,"column":32},"end":{"line":31,"column":33}},"loc":{"start":{"line":32,"column":6},"end":{"line":32,"column":52}},"line":32},"4":{"name":"(anonymous_4)","decl":{"start":{"line":37,"column":22},"end":{"line":37,"column":23}},"loc":{"start":{"line":37,"column":33},"end":{"line":40,"column":3}},"line":37},"5":{"name":"(anonymous_5)","decl":{"start":{"line":38,"column":35},"end":{"line":38,"column":36}},"loc":{"start":{"line":38,"column":45},"end":{"line":38,"column":56}},"line":38},"6":{"name":"(anonymous_6)","decl":{"start":{"line":52,"column":19},"end":{"line":52,"column":20}},"loc":{"start":{"line":53,"column":8},"end":{"line":130,"column":14}},"line":53},"7":{"name":"(anonymous_7)","decl":{"start":{"line":62,"column":23},"end":{"line":62,"column":24}},"loc":{"start":{"line":62,"column":29},"end":{"line":62,"column":47}},"line":62},"8":{"name":"(anonymous_8)","decl":{"start":{"line":74,"column":24},"end":{"line":74,"column":25}},"loc":{"start":{"line":74,"column":31},"end":{"line":74,"column":80}},"line":74},"9":{"name":"(anonymous_9)","decl":{"start":{"line":86,"column":26},"end":{"line":86,"column":27}},"loc":{"start":{"line":86,"column":33},"end":{"line":86,"column":77}},"line":86},"10":{"name":"(anonymous_10)","decl":{"start":{"line":96,"column":26},"end":{"line":96,"column":27}},"loc":{"start":{"line":96,"column":33},"end":{"line":96,"column":76}},"line":96},"11":{"name":"(anonymous_11)","decl":{"start":{"line":108,"column":26},"end":{"line":108,"column":27}},"loc":{"start":{"line":108,"column":35},"end":{"line":108,"column":71}},"line":108},"12":{"name":"(anonymous_12)","decl":{"start":{"line":115,"column":26},"end":{"line":115,"column":27}},"loc":{"start":{"line":115,"column":35},"end":{"line":115,"column":69}},"line":115},"13":{"name":"(anonymous_13)","decl":{"start":{"line":124,"column":24},"end":{"line":124,"column":25}},"loc":{"start":{"line":124,"column":31},"end":{"line":124,"column":72}},"line":124}},"branchMap":{"0":{"loc":{"start":{"line":15,"column":18},"end":{"line":15,"column":49}},"type":"binary-expr","locations":[{"start":{"line":15,"column":18},"end":{"line":15,"column":43}},{"start":{"line":15,"column":47},"end":{"line":15,"column":49}}],"line":15},"1":{"loc":{"start":{"line":32,"column":6},"end":{"line":32,"column":52}},"type":"cond-expr","locations":[{"start":{"line":32,"column":20},"end":{"line":32,"column":46}},{"start":{"line":32,"column":49},"end":{"line":32,"column":52}}],"line":32},"2":{"loc":{"start":{"line":133,"column":7},"end":{"line":137,"column":7}},"type":"binary-expr","locations":[{"start":{"line":133,"column":7},"end":{"line":133,"column":27}},{"start":{"line":134,"column":8},"end":{"line":136,"column":12}}],"line":133}},"s":{"0":5,"1":5,"2":5,"3":1,"4":1,"5":5,"6":1,"7":1,"8":1,"9":5,"10":1,"11":1,"12":1,"13":5,"14":3,"15":1,"16":1,"17":0,"18":0,"19":0,"20":0,"21":0},"f":{"0":5,"1":1,"2":1,"3":1,"4":1,"5":1,"6":3,"7":1,"8":1,"9":0,"10":0,"11":0,"12":0,"13":0},"b":{"0":[5,0],"1":[1,0],"2":[5,2]},"_coverageSchema":"1a1c01bbd47fc00a2c39e90264f33305004495a9","hash":"2caa081064465e1fe8bc1caad438aab44df2de24"}
,"D:\\TechWorld\\All Projects\\ATS RESUME BUILDER\\client\\src\\components\\ExperienceForm\\index.jsx": {"path":"D:\\TechWorld\\All Projects\\ATS RESUME BUILDER\\client\\src\\components\\ExperienceForm\\index.jsx","statementMap":{"0":{"start":{"line":15,"column":36},"end":{"line":15,"column":61}},"1":{"start":{"line":16,"column":22},"end":{"line":16,"column":54}},"2":{"start":{"line":18,"column":19},"end":{"line":29,"column":3}},"3":{"start":{"line":19,"column":21},"end":{"line":27,"column":5}},"4":{"start":{"line":28,"column":4},"end":{"line":28,"column":60}},"5":{"start":{"line":31,"column":22},"end":{"line":36,"column":3}},"6":{"start":{"line":32,"column":20},"end":{"line":34,"column":5}},"7":{"start":{"line":33,"column":6},"end":{"line":33,"column":52}},"8":{"start":{"line":35,"column":4},"end":{"line":35,"column":41}},"9":{"start":{"line":38,"column":22},"end":{"line":41,"column":3}},"10":{"start":{"line":39,"column":20},"end":{"line":39,"column":61}},"11":{"start":{"line":39,"column":49},"end":{"line":39,"column":60}},"12":{"start":{"line":40,"column":4},"end":{"line":40,"column":41}},"13":{"start":{"line":43,"column":2},"end":{"line":138,"column":4}},"14":{"start":{"line":54,"column":8},"end":{"line":129,"column":14}},"15":{"start":{"line":63,"column":29},"end":{"line":63,"column":47}},"16":{"start":{"line":76,"column":33},"end":{"line":76,"column":78}},"17":{"start":{"line":86,"column":33},"end":{"line":86,"column":75}},"18":{"start":{"line":98,"column":35},"end":{"line":98,"column":71}},"19":{"start":{"line":105,"column":35},"end":{"line":105,"column":69}},"20":{"start":{"line":115,"column":31},"end":{"line":115,"column":78}},"21":{"start":{"line":124,"column":37},"end":{"line":124,"column":75}}},"fnMap":{"0":{"name":"ExperienceForm","decl":{"start":{"line":14,"column":9},"end":{"line":14,"column":23}},"loc":{"start":{"line":14,"column":26},"end":{"line":139,"column":1}},"line":14},"1":{"name":"(anonymous_1)","decl":{"start":{"line":18,"column":19},"end":{"line":18,"column":20}},"loc":{"start":{"line":18,"column":25},"end":{"line":29,"column":3}},"line":18},"2":{"name":"(anonymous_2)","decl":{"start":{"line":31,"column":22},"end":{"line":31,"column":23}},"loc":{"start":{"line":31,"column":47},"end":{"line":36,"column":3}},"line":31},"3":{"name":"(anonymous_3)","decl":{"start":{"line":32,"column":36},"end":{"line":32,"column":37}},"loc":{"start":{"line":33,"column":6},"end":{"line":33,"column":52}},"line":33},"4":{"name":"(anonymous_4)","decl":{"start":{"line":38,"column":22},"end":{"line":38,"column":23}},"loc":{"start":{"line":38,"column":33},"end":{"line":41,"column":3}},"line":38},"5":{"name":"(anonymous_5)","decl":{"start":{"line":39,"column":39},"end":{"line":39,"column":40}},"loc":{"start":{"line":39,"column":49},"end":{"line":39,"column":60}},"line":39},"6":{"name":"(anonymous_6)","decl":{"start":{"line":53,"column":23},"end":{"line":53,"column":24}},"loc":{"start":{"line":54,"column":8},"end":{"line":129,"column":14}},"line":54},"7":{"name":"(anonymous_7)","decl":{"start":{"line":63,"column":23},"end":{"line":63,"column":24}},"loc":{"start":{"line":63,"column":29},"end":{"line":63,"column":47}},"line":63},"8":{"name":"(anonymous_8)","decl":{"start":{"line":76,"column":26},"end":{"line":76,"column":27}},"loc":{"start":{"line":76,"column":33},"end":{"line":76,"column":78}},"line":76},"9":{"name":"(anonymous_9)","decl":{"start":{"line":86,"column":26},"end":{"line":86,"column":27}},"loc":{"start":{"line":86,"column":33},"end":{"line":86,"column":75}},"line":86},"10":{"name":"(anonymous_10)","decl":{"start":{"line":98,"column":26},"end":{"line":98,"column":27}},"loc":{"start":{"line":98,"column":35},"end":{"line":98,"column":71}},"line":98},"11":{"name":"(anonymous_11)","decl":{"start":{"line":105,"column":26},"end":{"line":105,"column":27}},"loc":{"start":{"line":105,"column":35},"end":{"line":105,"column":69}},"line":105},"12":{"name":"(anonymous_12)","decl":{"start":{"line":115,"column":24},"end":{"line":115,"column":25}},"loc":{"start":{"line":115,"column":31},"end":{"line":115,"column":78}},"line":115},"13":{"name":"(anonymous_13)","decl":{"start":{"line":124,"column":24},"end":{"line":124,"column":25}},"loc":{"start":{"line":124,"column":37},"end":{"line":124,"column":75}},"line":124}},"branchMap":{"0":{"loc":{"start":{"line":16,"column":22},"end":{"line":16,"column":54}},"type":"binary-expr","locations":[{"start":{"line":16,"column":22},"end":{"line":16,"column":48}},{"start":{"line":16,"column":52},"end":{"line":16,"column":54}}],"line":16},"1":{"loc":{"start":{"line":33,"column":6},"end":{"line":33,"column":52}},"type":"cond-expr","locations":[{"start":{"line":33,"column":20},"end":{"line":33,"column":46}},{"start":{"line":33,"column":49},"end":{"line":33,"column":52}}],"line":33},"2":{"loc":{"start":{"line":114,"column":23},"end":{"line":114,"column":43}},"type":"binary-expr","locations":[{"start":{"line":114,"column":23},"end":{"line":114,"column":34}},{"start":{"line":114,"column":38},"end":{"line":114,"column":43}}],"line":114},"3":{"loc":{"start":{"line":123,"column":23},"end":{"line":123,"column":40}},"type":"binary-expr","locations":[{"start":{"line":123,"column":23},"end":{"line":123,"column":34}},{"start":{"line":123,"column":38},"end":{"line":123,"column":40}}],"line":123},"4":{"loc":{"start":{"line":132,"column":7},"end":{"line":136,"column":7}},"type":"binary-expr","locations":[{"start":{"line":132,"column":7},"end":{"line":132,"column":31}},{"start":{"line":133,"column":8},"end":{"line":135,"column":12}}],"line":132}},"s":{"0":6,"1":6,"2":6,"3":1,"4":1,"5":6,"6":2,"7":2,"8":2,"9":6,"10":1,"11":1,"12":1,"13":6,"14":4,"15":1,"16":1,"17":0,"18":0,"19":0,"20":1,"21":0},"f":{"0":6,"1":1,"2":2,"3":2,"4":1,"5":1,"6":4,"7":1,"8":1,"9":0,"10":0,"11":0,"12":1,"13":0},"b":{"0":[6,0],"1":[2,0],"2":[4,4],"3":[4,3],"4":[6,2]},"_coverageSchema":"1a1c01bbd47fc00a2c39e90264f33305004495a9","hash":"c112d3107508ab448e3b7ff5248bf99d51dc7132"}
,"D:\\TechWorld\\All Projects\\ATS RESUME BUILDER\\client\\src\\components\\JobDescriptionInput\\index.jsx": {"path":"D:\\TechWorld\\All Projects\\ATS RESUME BUILDER\\client\\src\\components\\JobDescriptionInput\\index.jsx","statementMap":{"0":{"start":{"line":11,"column":2},"end":{"line":39,"column":4}},"1":{"start":{"line":16,"column":25},"end":{"line":16,"column":49}}},"fnMap":{"0":{"name":"JobDescriptionInput","decl":{"start":{"line":10,"column":9},"end":{"line":10,"column":28}},"loc":{"start":{"line":10,"column":72},"end":{"line":40,"column":1}},"line":10},"1":{"name":"(anonymous_1)","decl":{"start":{"line":16,"column":18},"end":{"line":16,"column":19}},"loc":{"start":{"line":16,"column":25},"end":{"line":16,"column":49}},"line":16}},"branchMap":{"0":{"loc":{"start":{"line":23,"column":18},"end":{"line":23,"column":44}},"type":"binary-expr","locations":[{"start":{"line":23,"column":18},"end":{"line":23,"column":27}},{"start":{"line":23,"column":31},"end":{"line":23,"column":44}}],"line":23},"1":{"loc":{"start":{"line":24,"column":56},"end":{"line":24,"column":104}},"type":"cond-expr","locations":[{"start":{"line":24,"column":85},"end":{"line":24,"column":99}},{"start":{"line":24,"column":102},"end":{"line":24,"column":104}}],"line":24},"2":{"loc":{"start":{"line":24,"column":56},"end":{"line":24,"column":82}},"type":"binary-expr","locations":[{"start":{"line":24,"column":56},"end":{"line":24,"column":65}},{"start":{"line":24,"column":69},"end":{"line":24,"column":82}}],"line":24},"3":{"loc":{"start":{"line":26,"column":9},"end":{"line":36,"column":9}},"type":"cond-expr","locations":[{"start":{"line":27,"column":10},"end":{"line":30,"column":13}},{"start":{"line":32,"column":10},"end":{"line":35,"column":13}}],"line":26}},"s":{"0":16,"1":3},"f":{"0":16,"1":3},"b":{"0":[16,13],"1":[11,5],"2":[16,13],"3":[3,13]},"_coverageSchema":"1a1c01bbd47fc00a2c39e90264f33305004495a9","hash":"e95ca95626b96cd9a62cb97bd7df63a95cc7e6d0"}
,"D:\\TechWorld\\All Projects\\ATS RESUME BUILDER\\client\\src\\components\\Navbar\\index.jsx": {"path":"D:\\TechWorld\\All Projects\\ATS RESUME BUILDER\\client\\src\\components\\Navbar\\index.jsx","statementMap":{"0":{"start":{"line":12,"column":27},"end":{"line":12,"column":50}},"1":{"start":{"line":13,"column":19},"end":{"line":13,"column":32}},"2":{"start":{"line":14,"column":19},"end":{"line":14,"column":32}},"3":{"start":{"line":16,"column":23},"end":{"line":19,"column":3}},"4":{"start":{"line":17,"column":4},"end":{"line":17,"column":13}},"5":{"start":{"line":18,"column":4},"end":{"line":18,"column":23}},"6":{"start":{"line":21,"column":2},"end":{"line":90,"column":4}}},"fnMap":{"0":{"name":"Navbar","decl":{"start":{"line":11,"column":9},"end":{"line":11,"column":15}},"loc":{"start":{"line":11,"column":45},"end":{"line":91,"column":1}},"line":11},"1":{"name":"(anonymous_1)","decl":{"start":{"line":16,"column":23},"end":{"line":16,"column":24}},"loc":{"start":{"line":16,"column":29},"end":{"line":19,"column":3}},"line":16}},"branchMap":{"0":{"loc":{"start":{"line":11,"column":25},"end":{"line":11,"column":41}},"type":"default-arg","locations":[{"start":{"line":11,"column":36},"end":{"line":11,"column":41}}],"line":11},"1":{"loc":{"start":{"line":24,"column":9},"end":{"line":29,"column":9}},"type":"binary-expr","locations":[{"start":{"line":24,"column":9},"end":{"line":24,"column":17}},{"start":{"line":25,"column":10},"end":{"line":28,"column":17}}],"line":24},"2":{"loc":{"start":{"line":30,"column":9},"end":{"line":61,"column":9}},"type":"binary-expr","locations":[{"start":{"line":30,"column":9},"end":{"line":30,"column":18}},{"start":{"line":31,"column":10},"end":{"line":60,"column":13}}],"line":30},"3":{"loc":{"start":{"line":38,"column":13},"end":{"line":59,"column":13}},"type":"binary-expr","locations":[{"start":{"line":38,"column":13},"end":{"line":38,"column":17}},{"start":{"line":39,"column":14},"end":{"line":58,"column":20}}],"line":38},"4":{"loc":{"start":{"line":42,"column":41},"end":{"line":42,"column":95}},"type":"cond-expr","locations":[{"start":{"line":42,"column":73},"end":{"line":42,"column":90}},{"start":{"line":42,"column":93},"end":{"line":42,"column":95}}],"line":42},"5":{"loc":{"start":{"line":48,"column":41},"end":{"line":48,"column":100}},"type":"cond-expr","locations":[{"start":{"line":48,"column":78},"end":{"line":48,"column":95}},{"start":{"line":48,"column":98},"end":{"line":48,"column":100}}],"line":48},"6":{"loc":{"start":{"line":54,"column":41},"end":{"line":54,"column":100}},"type":"cond-expr","locations":[{"start":{"line":54,"column":78},"end":{"line":54,"column":95}},{"start":{"line":54,"column":98},"end":{"line":54,"column":100}}],"line":54},"7":{"loc":{"start":{"line":62,"column":9},"end":{"line":67,"column":9}},"type":"binary-expr","locations":[{"start":{"line":62,"column":9},"end":{"line":62,"column":14}},{"start":{"line":63,"column":10},"end":{"line":66,"column":13}}],"line":62},"8":{"loc":{"start":{"line":71,"column":9},"end":{"line":87,"column":9}},"type":"binary-expr","locations":[{"start":{"line":71,"column":9},"end":{"line":71,"column":13}},{"start":{"line":72,"column":10},"end":{"line":86,"column":13}}],"line":71},"9":{"loc":{"start":{"line":74,"column":15},"end":{"line":80,"column":15}},"type":"cond-expr","locations":[{"start":{"line":75,"column":16},"end":{"line":75,"column":82}},{"start":{"line":77,"column":16},"end":{"line":79,"column":22}}],"line":74}},"s":{"0":6,"1":6,"2":6,"3":6,"4":1,"5":1,"6":6},"f":{"0":6,"1":1},"b":{"0":[5],"1":[6,1],"2":[6,5],"3":[5,3],"4":[3,0],"5":[0,3],"6":[0,3],"7":[6,1],"8":[6,3],"9":[1,2]},"_coverageSchema":"1a1c01bbd47fc00a2c39e90264f33305004495a9","hash":"2e2b7b51e34c7ec29e7136f0fb3ea507240104f0"}
,"D:\\TechWorld\\All Projects\\ATS RESUME BUILDER\\client\\src\\components\\PdfDocument\\index.jsx": {"path":"D:\\TechWorld\\All Projects\\ATS RESUME BUILDER\\client\\src\\components\\PdfDocument\\index.jsx","statementMap":{"0":{"start":{"line":17,"column":19},"end":{"line":17,"column":84}},"1":{"start":{"line":17,"column":41},"end":{"line":17,"column":67}},"2":{"start":{"line":18,"column":17},"end":{"line":18,"column":32}},"3":{"start":{"line":19,"column":23},"end":{"line":19,"column":29}},"4":{"start":{"line":21,"column":25},"end":{"line":41,"column":3}},"5":{"start":{"line":22,"column":18},"end":{"line":26,"column":5}},"6":{"start":{"line":28,"column":4},"end":{"line":40,"column":5}},"7":{"start":{"line":30,"column":8},"end":{"line":30,"column":40}},"8":{"start":{"line":32,"column":8},"end":{"line":32,"column":42}},"9":{"start":{"line":34,"column":8},"end":{"line":34,"column":41}},"10":{"start":{"line":36,"column":8},"end":{"line":36,"column":43}},"11":{"start":{"line":39,"column":8},"end":{"line":39,"column":41}},"12":{"start":{"line":43,"column":2},"end":{"line":49,"column":4}}},"fnMap":{"0":{"name":"PdfDocument","decl":{"start":{"line":16,"column":9},"end":{"line":16,"column":20}},"loc":{"start":{"line":16,"column":33},"end":{"line":50,"column":1}},"line":16},"1":{"name":"(anonymous_1)","decl":{"start":{"line":17,"column":34},"end":{"line":17,"column":35}},"loc":{"start":{"line":17,"column":41},"end":{"line":17,"column":67}},"line":17},"2":{"name":"(anonymous_2)","decl":{"start":{"line":21,"column":25},"end":{"line":21,"column":26}},"loc":{"start":{"line":21,"column":31},"end":{"line":41,"column":3}},"line":21}},"branchMap":{"0":{"loc":{"start":{"line":17,"column":19},"end":{"line":17,"column":84}},"type":"binary-expr","locations":[{"start":{"line":17,"column":19},"end":{"line":17,"column":68}},{"start":{"line":17,"column":72},"end":{"line":17,"column":84}}],"line":17},"1":{"loc":{"start":{"line":28,"column":4},"end":{"line":40,"column":5}},"type":"switch","locations":[{"start":{"line":29,"column":6},"end":{"line":30,"column":40}},{"start":{"line":31,"column":6},"end":{"line":32,"column":42}},{"start":{"line":33,"column":6},"end":{"line":34,"column":41}},{"start":{"line":35,"column":6},"end":{"line":36,"column":43}},{"start":{"line":37,"column":6},"end":{"line":37,"column":21}},{"start":{"line":38,"column":6},"end":{"line":39,"column":41}}],"line":28},"2":{"loc":{"start":{"line":44,"column":21},"end":{"line":44,"column":45}},"type":"binary-expr","locations":[{"start":{"line":44,"column":21},"end":{"line":44,"column":33}},{"start":{"line":44,"column":37},"end":{"line":44,"column":45}}],"line":44},"3":{"loc":{"start":{"line":44,"column":55},"end":{"line":44,"column":95}},"type":"binary-expr","locations":[{"start":{"line":44,"column":55},"end":{"line":44,"column":85}},{"start":{"line":44,"column":89},"end":{"line":44,"column":95}}],"line":44}},"s":{"0":5,"1":19,"2":5,"3":5,"4":5,"5":5,"6":5,"7":1,"8":1,"9":1,"10":1,"11":1,"12":5},"f":{"0":5,"1":19,"2":5},"b":{"0":[5,1],"1":[1,1,1,1,0,1],"2":[5,0],"3":[5,0]},"_coverageSchema":"1a1c01bbd47fc00a2c39e90264f33305004495a9","hash":"2b83bcffe7eb63ed372a329a5f1af71ae425ea30"}
,"D:\\TechWorld\\All Projects\\ATS RESUME BUILDER\\client\\src\\components\\PersonalInfoForm\\index.jsx": {"path":"D:\\TechWorld\\All Projects\\ATS RESUME BUILDER\\client\\src\\components\\PersonalInfoForm\\index.jsx","statementMap":{"0":{"start":{"line":11,"column":15},"end":{"line":18,"column":1}},"1":{"start":{"line":21,"column":36},"end":{"line":21,"column":61}},"2":{"start":{"line":22,"column":23},"end":{"line":22,"column":51}},"3":{"start":{"line":24,"column":23},"end":{"line":26,"column":3}},"4":{"start":{"line":25,"column":4},"end":{"line":25,"column":69}},"5":{"start":{"line":28,"column":2},"end":{"line":45,"column":4}},"6":{"start":{"line":31,"column":8},"end":{"line":42,"column":14}},"7":{"start":{"line":38,"column":29},"end":{"line":38,"column":62}}},"fnMap":{"0":{"name":"PersonalInfoForm","decl":{"start":{"line":20,"column":9},"end":{"line":20,"column":25}},"loc":{"start":{"line":20,"column":28},"end":{"line":46,"column":1}},"line":20},"1":{"name":"(anonymous_1)","decl":{"start":{"line":24,"column":23},"end":{"line":24,"column":24}},"loc":{"start":{"line":24,"column":39},"end":{"line":26,"column":3}},"line":24},"2":{"name":"(anonymous_2)","decl":{"start":{"line":30,"column":18},"end":{"line":30,"column":19}},"loc":{"start":{"line":31,"column":8},"end":{"line":42,"column":14}},"line":31},"3":{"name":"(anonymous_3)","decl":{"start":{"line":38,"column":22},"end":{"line":38,"column":23}},"loc":{"start":{"line":38,"column":29},"end":{"line":38,"column":62}},"line":38}},"branchMap":{"0":{"loc":{"start":{"line":37,"column":19},"end":{"line":37,"column":42}},"type":"binary-expr","locations":[{"start":{"line":37,"column":19},"end":{"line":37,"column":36}},{"start":{"line":37,"column":40},"end":{"line":37,"column":42}}],"line":37}},"s":{"0":1,"1":2,"2":2,"3":2,"4":1,"5":2,"6":12,"7":1},"f":{"0":2,"1":1,"2":12,"3":1},"b":{"0":[12,8]},"_coverageSchema":"1a1c01bbd47fc00a2c39e90264f33305004495a9","hash":"11a5227cc3800ef17b8c3a970ace72da65706f43"}
,"D:\\TechWorld\\All Projects\\ATS RESUME BUILDER\\client\\src\\components\\ProgressBar\\index.jsx": {"path":"D:\\TechWorld\\All Projects\\ATS RESUME BUILDER\\client\\src\\components\\ProgressBar\\index.jsx","statementMap":{"0":{"start":{"line":8,"column":23},"end":{"line":12,"column":3}},"1":{"start":{"line":9,"column":4},"end":{"line":9,"column":55}},"2":{"start":{"line":9,"column":26},"end":{"line":9,"column":55}},"3":{"start":{"line":10,"column":4},"end":{"line":10,"column":55}},"4":{"start":{"line":10,"column":26},"end":{"line":10,"column":55}},"5":{"start":{"line":11,"column":4},"end":{"line":11,"column":34}},"6":{"start":{"line":14,"column":2},"end":{"line":26,"column":4}}},"fnMap":{"0":{"name":"ProgressBar","decl":{"start":{"line":7,"column":9},"end":{"line":7,"column":20}},"loc":{"start":{"line":7,"column":37},"end":{"line":27,"column":1}},"line":7},"1":{"name":"(anonymous_1)","decl":{"start":{"line":8,"column":23},"end":{"line":8,"column":24}},"loc":{"start":{"line":8,"column":29},"end":{"line":12,"column":3}},"line":8}},"branchMap":{"0":{"loc":{"start":{"line":9,"column":4},"end":{"line":9,"column":55}},"type":"if","locations":[{"start":{"line":9,"column":4},"end":{"line":9,"column":55}},{"start":{},"end":{}}],"line":9},"1":{"loc":{"start":{"line":10,"column":4},"end":{"line":10,"column":55}},"type":"if","locations":[{"start":{"line":10,"column":4},"end":{"line":10,"column":55}},{"start":{},"end":{}}],"line":10}},"s":{"0":4,"1":4,"2":1,"3":3,"4":1,"5":2,"6":4},"f":{"0":4,"1":4},"b":{"0":[1,3],"1":[1,2]},"_coverageSchema":"1a1c01bbd47fc00a2c39e90264f33305004495a9","hash":"c2eaface8dc6b57bbbe4515f74a8c9d92beb2f28"}
[...]
"(anonymous_11)","decl":{"start":{"line":118,"column":25},"end":{"line":118,"column":26}},"loc":{"start":{"line":118,"column":31},"end":{"line":118,"column":81}},"line":118}},"branchMap":{"0":{"loc":{"start":{"line":41,"column":4},"end":{"line":44,"column":5}},"type":"if","locations":[{"start":{"line":41,"column":4},"end":{"line":44,"column":5}},{"start":{},"end":{}}],"line":41},"1":{"loc":{"start":{"line":98,"column":9},"end":{"line":125,"column":9}},"type":"binary-expr","locations":[{"start":{"line":98,"column":9},"end":{"line":98,"column":23}},{"start":{"line":99,"column":10},"end":{"line":124,"column":16}}],"line":98},"2":{"loc":{"start":{"line":108,"column":34},"end":{"line":108,"column":74}},"type":"binary-expr","locations":[{"start":{"line":108,"column":34},"end":{"line":108,"column":51}},{"start":{"line":108,"column":55},"end":{"line":108,"column":74}}],"line":108},"3":{"loc":{"start":{"line":113,"column":53},"end":{"line":113,"column":83}},"type":"cond-expr","locations":[{"start":{"line":113,"column":64},"end":{"line":113,"column":78}},{"start":{"line":113,"column":81},"end":{"line":113,"column":83}}],"line":113},"4":{"loc":{"start":{"line":115,"column":17},"end":{"line":115,"column":48}},"type":"cond-expr","locations":[{"start":{"line":115,"column":28},"end":{"line":115,"column":39}},{"start":{"line":115,"column":42},"end":{"line":115,"column":48}}],"line":115},"5":{"loc":{"start":{"line":128,"column":9},"end":{"line":149,"column":9}},"type":"cond-expr","locations":[{"start":{"line":129,"column":10},"end":{"line":131,"column":16}},{"start":{"line":132,"column":12},"end":{"line":149,"column":9}}],"line":128},"6":{"loc":{"start":{"line":132,"column":12},"end":{"line":149,"column":9}},"type":"cond-expr","locations":[{"start":{"line":133,"column":10},"end":{"line":141,"column":16}},{"start":{"line":143,"column":10},"end":{"line":148,"column":12}}],"line":132}},"s":{"0":28,"1":28,"2":28,"3":28,"4":28,"5":28,"6":28,"7":9,"8":28,"9":10,"10":10,"11":10,"12":8,"13":1,"14":9,"15":28,"16":3,"17":1,"18":1,"19":2,"20":2,"21":2,"22":1,"23":1,"24":1,"25":1,"26":1,"27":2,"28":28,"29":2,"30":2,"31":1,"32":1,"33":28,"34":2,"35":2,"36":1,"37":1,"38":1,"39":1,"40":1,"41":28,"42":3,"43":2,"44":0,"45":1,"46":1},"f":{"0":28,"1":9,"2":10,"3":3,"4":2,"5":2,"6":1,"7":1,"8":3,"9":2,"10":0,"11":1},"b":{"0":[1,2],"1":[28,8],"2":[0,0],"3":[2,6],"4":[2,6],"5":[9,19],"6":[15,4]},"_coverageSchema":"1a1c01bbd47fc00a2c39e90264f33305004495a9","hash":"1f9a68a128ef6c6f6ce8be5606f99d8bee0b87f5"}
,"D:\\TechWorld\\All Projects\\ATS RESUME BUILDER\\client\\src\\services\\aiService.js": {"path":"D:\\TechWorld\\All Projects\\ATS RESUME BUILDER\\client\\src\\services\\aiService.js","statementMap":{"0":{"start":{"line":8,"column":22},"end":{"line":11,"column":1}},"1":{"start":{"line":9,"column":19},"end":{"line":9,"column":85}},"2":{"start":{"line":10,"column":2},"end":{"line":10,"column":23}},"3":{"start":{"line":13,"column":24},"end":{"line":16,"column":1}},"4":{"start":{"line":14,"column":19},"end":{"line":14,"column":63}},"5":{"start":{"line":15,"column":2},"end":{"line":15,"column":23}},"6":{"start":{"line":18,"column":24},"end":{"line":21,"column":1}},"7":{"start":{"line":19,"column":19},"end":{"line":19,"column":71}},"8":{"start":{"line":20,"column":2},"end":{"line":20,"column":23}},"9":{"start":{"line":23,"column":20},"end":{"line":26,"column":1}},"10":{"start":{"line":24,"column":19},"end":{"line":24,"column":80}},"11":{"start":{"line":25,"column":2},"end":{"line":25,"column":23}},"12":{"start":{"line":28,"column":21},"end":{"line":31,"column":1}},"13":{"start":{"line":29,"column":19},"end":{"line":29,"column":61}},"14":{"start":{"line":30,"column":2},"end":{"line":30,"column":23}},"15":{"start":{"line":33,"column":17},"end":{"line":36,"column":1}},"16":{"start":{"line":34,"column":19},"end":{"line":34,"column":80}},"17":{"start":{"line":35,"column":2},"end":{"line":35,"column":23}},"18":{"start":{"line":38,"column":24},"end":{"line":41,"column":1}},"19":{"start":{"line":39,"column":19},"end":{"line":39,"column":81}},"20":{"start":{"line":40,"column":2},"end":{"line":40,"column":23}},"21":{"start":{"line":43,"column":23},"end":{"line":46,"column":1}},"22":{"start":{"line":44,"column":19},"end":{"line":44,"column":64}},"23":{"start":{"line":45,"column":2},"end":{"line":45,"column":23}}},"fnMap":{"0":{"name":"(anonymous_0)","decl":{"start":{"line":8,"column":22},"end":{"line":8,"column":23}},"loc":{"start":{"line":8,"column":73},"end":{"line":11,"column":1}},"line":8},"1":{"name":"(anonymous_1)","decl":{"start":{"line":13,"column":24},"end":{"line":13,"column":25}},"loc":{"start":{"line":13,"column":40},"end":{"line":16,"column":1}},"line":13},"2":{"name":"(anonymous_2)","decl":{"start":{"line":18,"column":24},"end":{"line":18,"column":25}},"loc":{"start":{"line":18,"column":44},"end":{"line":21,"column":1}},"line":18},"3":{"name":"(anonymous_3)","decl":{"start":{"line":23,"column":20},"end":{"line":23,"column":21}},"loc":{"start":{"line":23,"column":56},"end":{"line":26,"column":1}},"line":23},"4":{"name":"(anonymous_4)","decl":{"start":{"line":28,"column":21},"end":{"line":28,"column":22}},"loc":{"start":{"line":28,"column":41},"end":{"line":31,"column":1}},"line":28},"5":{"name":"(anonymous_5)","decl":{"start":{"line":33,"column":17},"end":{"line":33,"column":18}},"loc":{"start":{"line":33,"column":53},"end":{"line":36,"column":1}},"line":33},"6":{"name":"(anonymous_6)","decl":{"start":{"line":38,"column":24},"end":{"line":38,"column":25}},"loc":{"start":{"line":38,"column":60},"end":{"line":41,"column":1}},"line":38},"7":{"name":"(anonymous_7)","decl":{"start":{"line":43,"column":23},"end":{"line":43,"column":24}},"loc":{"start":{"line":43,"column":43},"end":{"line":46,"column":1}},"line":43}},"branchMap":{"0":{"loc":{"start":{"line":8,"column":48},"end":{"line":8,"column":68}},"type":"default-arg","locations":[{"start":{"line":8,"column":66},"end":{"line":8,"column":68}}],"line":8}},"s":{"0":7,"1":4,"2":4,"3":7,"4":3,"5":2,"6":7,"7":3,"8":2,"9":7,"10":3,"11":2,"12":7,"13":1,"14":1,"15":7,"16":1,"17":1,"18":7,"19":1,"20":1,"21":7,"22":6,"23":6},"f":{"0":4,"1":3,"2":3,"3":3,"4":1,"5":1,"6":1,"7":6},"b":{"0":[3]},"_coverageSchema":"1a1c01bbd47fc00a2c39e90264f33305004495a9","hash":"11de7d146a458bb9bfb386930300ae841e84402d"}
,"D:\\TechWorld\\All Projects\\ATS RESUME BUILDER\\client\\src\\services\\api.js": {"path":"D:\\TechWorld\\All Projects\\ATS RESUME BUILDER\\client\\src\\services\\api.js","statementMap":{"0":{"start":{"line":6,"column":17},"end":{"line":6,"column":77}},"1":{"start":{"line":8,"column":17},"end":{"line":35,"column":1}},"2":{"start":{"line":9,"column":16},"end":{"line":9,"column":45}},"3":{"start":{"line":10,"column":18},"end":{"line":10,"column":40}},"4":{"start":{"line":12,"column":2},"end":{"line":14,"column":3}},"5":{"start":{"line":13,"column":4},"end":{"line":13,"column":49}},"6":{"start":{"line":17,"column":2},"end":{"line":19,"column":3}},"7":{"start":{"line":18,"column":4},"end":{"line":18,"column":49}},"8":{"start":{"line":21,"column":19},"end":{"line":24,"column":4}},"9":{"start":{"line":26,"column":15},"end":{"line":26,"column":36}},"10":{"start":{"line":28,"column":2},"end":{"line":32,"column":3}},"11":{"start":{"line":29,"column":18},"end":{"line":29,"column":61}},"12":{"start":{"line":30,"column":4},"end":{"line":30,"column":55}},"13":{"start":{"line":31,"column":4},"end":{"line":31,"column":16}},"14":{"start":{"line":34,"column":2},"end":{"line":34,"column":14}},"15":{"start":{"line":37,"column":12},"end":{"line":53,"column":1}},"16":{"start":{"line":38,"column":21},"end":{"line":38,"column":39}},"17":{"start":{"line":40,"column":28},"end":{"line":43,"column":4}},"18":{"start":{"line":45,"column":27},"end":{"line":48,"column":4}},"19":{"start":{"line":50,"column":24},"end":{"line":52,"column":4}}},"fnMap":{"0":{"name":"(anonymous_0)","decl":{"start":{"line":8,"column":17},"end":{"line":8,"column":18}},"loc":{"start":{"line":8,"column":51},"end":{"line":35,"column":1}},"line":8},"1":{"name":"(anonymous_1)","decl":{"start":{"line":38,"column":7},"end":{"line":38,"column":8}},"loc":{"start":{"line":38,"column":21},"end":{"line":38,"column":39}},"line":38},"2":{"name":"(anonymous_2)","decl":{"start":{"line":40,"column":8},"end":{"line":40,"column":9}},"loc":{"start":{"line":40,"column":28},"end":{"line":43,"column":4}},"line":40},"3":{"name":"(anonymous_3)","decl":{"start":{"line":45,"column":7},"end":{"line":45,"column":8}},"loc":{"start":{"line":45,"column":27},"end":{"line":48,"column":4}},"line":45},"4":{"name":"(anonymous_4)","decl":{"start":{"line":50,"column":10},"end":{"line":50,"column":11}},"loc":{"start":{"line":50,"column":24},"end":{"line":52,"column":4}},"line":50}},"branchMap":{"0":{"loc":{"start":{"line":6,"column":17},"end":{"line":6,"column":77}},"type":"binary-expr","locations":[{"start":{"line":6,"column":17},"end":{"line":6,"column":46}},{"start":{"line":6,"column":50},"end":{"line":6,"column":77}}],"line":6},"1":{"loc":{"start":{"line":8,"column":34},"end":{"line":8,"column":46}},"type":"default-arg","locations":[{"start":{"line":8,"column":44},"end":{"line":8,"column":46}}],"line":8},"2":{"loc":{"start":{"line":12,"column":2},"end":{"line":14,"column":3}},"type":"if","locations":[{"start":{"line":12,"column":2},"end":{"line":14,"column":3}},{"start":{},"end":{}}],"line":12},"3":{"loc":{"start":{"line":17,"column":2},"end":{"line":19,"column":3}},"type":"if","locations":[{"start":{"line":17,"column":2},"end":{"line":19,"column":3}},{"start":{},"end":{}}],"line":17},"4":{"loc":{"start":{"line":28,"column":2},"end":{"line":32,"column":3}},"type":"if","locations":[{"start":{"line":28,"column":2},"end":{"line":32,"column":3}},{"start":{},"end":{}}],"line":28},"5":{"loc":{"start":{"line":29,"column":28},"end":{"line":29,"column":60}},"type":"binary-expr","locations":[{"start":{"line":29,"column":28},"end":{"line":29,"column":40}},{"start":{"line":29,"column":44},"end":{"line":29,"column":60}}],"line":29},"6":{"loc":{"start":{"line":42,"column":10},"end":{"line":42,"column":64}},"type":"cond-expr","locations":[{"start":{"line":42,"column":37},"end":{"line":42,"column":41}},{"start":{"line":42,"column":44},"end":{"line":42,"column":64}}],"line":42}},"s":{"0":14,"1":14,"2":49,"3":49,"4":49,"5":3,"6":49,"7":47,"8":49,"9":49,"10":48,"11":5,"12":5,"13":5,"14":43,"15":14,"16":15,"17":27,"18":4,"19":3},"f":{"0":49,"1":15,"2":27,"3":4,"4":3},"b":{"0":[14,14],"1":[15],"2":[3,46],"3":[47,2],"4":[5,43],"5":[5,3],"6":[2,25]},"_coverageSchema":"1a1c01bbd47fc00a2c39e90264f33305004495a9","hash":"4c4f03de3040bb3e51df0e41a8fca2dd8a28aedf"}
,"D:\\TechWorld\\All Projects\\ATS RESUME BUILDER\\client\\src\\services\\authService.js": {"path":"D:\\TechWorld\\All Projects\\ATS RESUME BUILDER\\client\\src\\services\\authService.js","statementMap":{"0":{"start":{"line":8,"column":17},"end":{"line":11,"column":1}},"1":{"start":{"line":9,"column":19},"end":{"line":9,"column":78}},"2":{"start":{"line":10,"column":2},"end":{"line":10,"column":23}},"3":{"start":{"line":13,"column":19},"end":{"line":16,"column":1}},"4":{"start":{"line":14,"column":19},"end":{"line":14,"column":69}},"5":{"start":{"line":15,"column":2},"end":{"line":15,"column":23}},"6":{"start":{"line":18,"column":20},"end":{"line":21,"column":1}},"7":{"start":{"line":19,"column":19},"end":{"line":19,"column":65}},"8":{"start":{"line":20,"column":2},"end":{"line":20,"column":23}},"9":{"start":{"line":23,"column":14},"end":{"line":26,"column":1}},"10":{"start":{"line":24,"column":19},"end":{"line":24,"column":44}},"11":{"start":{"line":25,"column":2},"end":{"line":25,"column":23}},"12":{"start":{"line":28,"column":15},"end":{"line":31,"column":1}},"13":{"start":{"line":29,"column":19},"end":{"line":29,"column":49}},"14":{"start":{"line":30,"column":2},"end":{"line":30,"column":18}}},"fnMap":{"0":{"name":"(anonymous_0)","decl":{"start":{"line":8,"column":17},"end":{"line":8,"column":18}},"loc":{"start":{"line":8,"column":50},"end":{"line":11,"column":1}},"line":8},"1":{"name":"(anonymous_1)","decl":{"start":{"line":13,"column":19},"end":{"line":13,"column":20}},"loc":{"start":{"line":13,"column":46},"end":{"line":16,"column":1}},"line":13},"2":{"name":"(anonymous_2)","decl":{"start":{"line":18,"column":20},"end":{"line":18,"column":21}},"loc":{"start":{"line":18,"column":42},"end":{"line":21,"column":1}},"line":18},"3":{"name":"(anonymous_3)","decl":{"start":{"line":23,"column":14},"end":{"line":23,"column":15}},"loc":{"start":{"line":23,"column":26},"end":{"line":26,"column":1}},"line":23},"4":{"name":"(anonymous_4)","decl":{"start":{"line":28,"column":15},"end":{"line":28,"column":16}},"loc":{"start":{"line":28,"column":27},"end":{"line":31,"column":1}},"line":28}},"branchMap":{},"s":{"0":5,"1":1,"2":1,"3":5,"4":1,"5":1,"6":5,"7":1,"8":1,"9":5,"10":3,"11":2,"12":5,"13":1,"14":1},"f":{"0":1,"1":1,"2":1,"3":3,"4":1},"b":{},"_coverageSchema":"1a1c01bbd47fc00a2c39e90264f33305004495a9","hash":"ebf0f96c56d75eae77782bc3bb7dd5e40065a38a"}
,"D:\\TechWorld\\All Projects\\ATS RESUME BUILDER\\client\\src\\services\\resumeService.js": {"path":"D:\\TechWorld\\All Projects\\ATS RESUME BUILDER\\client\\src\\services\\resumeService.js","statementMap":{"0":{"start":{"line":8,"column":21},"end":{"line":11,"column":1}},"1":{"start":{"line":9,"column":19},"end":{"line":9,"column":51}},"2":{"start":{"line":10,"column":2},"end":{"line":10,"column":23}},"3":{"start":{"line":13,"column":19},"end":{"line":16,"column":1}},"4":{"start":{"line":14,"column":19},"end":{"line":14,"column":44}},"5":{"start":{"line":15,"column":2},"end":{"line":15,"column":23}},"6":{"start":{"line":18,"column":18},"end":{"line":21,"column":1}},"7":{"start":{"line":19,"column":19},"end":{"line":19,"column":50}},"8":{"start":{"line":20,"column":2},"end":{"line":20,"column":23}},"9":{"start":{"line":23,"column":21},"end":{"line":26,"column":1}},"10":{"start":{"line":24,"column":19},"end":{"line":24,"column":56}},"11":{"start":{"line":25,"column":2},"end":{"line":25,"column":23}},"12":{"start":{"line":28,"column":22},"end":{"line":31,"column":1}},"13":{"start":{"line":29,"column":19},"end":{"line":29,"column":80}},"14":{"start":{"line":30,"column":2},"end":{"line":30,"column":23}},"15":{"start":{"line":33,"column":23},"end":{"line":36,"column":1}},"16":{"start":{"line":34,"column":19},"end":{"line":34,"column":75}},"17":{"start":{"line":35,"column":2},"end":{"line":35,"column":23}},"18":{"start":{"line":38,"column":21},"end":{"line":41,"column":1}},"19":{"start":{"line":39,"column":19},"end":{"line":39,"column":53}},"20":{"start":{"line":40,"column":2},"end":{"line":40,"column":23}},"21":{"start":{"line":43,"column":20},"end":{"line":46,"column":1}},"22":{"start":{"line":44,"column":19},"end":{"line":44,"column":69}},"23":{"start":{"line":45,"column":2},"end":{"line":45,"column":23}},"24":{"start":{"line":48,"column":20},"end":{"line":51,"column":1}},"25":{"start":{"line":49,"column":19},"end":{"line":49,"column":57}},"26":{"start":{"line":50,"column":2},"end":{"line":50,"column":23}},"27":{"start":{"line":53,"column":23},"end":{"line":56,"column":1}},"28":{"start":{"line":54,"column":19},"end":{"line":54,"column":79}},"29":{"start":{"line":55,"column":2},"end":{"line":55,"column":23}},"30":{"start":{"line":58,"column":22},"end":{"line":61,"column":1}},"31":{"start":{"line":59,"column":19},"end":{"line":59,"column":73}},"32":{"start":{"line":60,"column":2},"end":{"line":60,"column":23}},"33":{"start":{"line":63,"column":21},"end":{"line":68,"column":1}},"34":{"start":{"line":64,"column":19},"end":{"line":64,"column":33}},"35":{"start":{"line":65,"column":2},"end":{"line":65,"column":32}},"36":{"start":{"line":66,"column":19},"end":{"line":66,"column":62}},"37":{"start":{"line":67,"column":2},"end":{"line":67,"column":23}}},"fnMap":{"0":{"name":"(anonymous_0)","decl":{"start":{"line":8,"column":21},"end":{"line":8,"column":22}},"loc":{"start":{"line":8,"column":42},"end":{"line":11,"column":1}},"line":8},"1":{"name":"(anonymous_1)","decl":{"start":{"line":13,"column":19},"end":{"line":13,"column":20}},"loc":{"start":{"line":13,"column":31},"end":{"line":16,"column":1}},"line":13},"2":{"name":"(anonymous_2)","decl":{"start":{"line":18,"column":18},"end":{"line":18,"column":19}},"loc":{"start":{"line":18,"column":32},"end":{"line":21,"column":1}},"line":18},"3":{"name":"(anonymous_3)","decl":{"start":{"line":23,"column":21},"end":{"line":23,"column":22}},"loc":{"start":{"line":23,"column":41},"end":{"line":26,"column":1}},"line":23},"4":{"name":"(anonymous_4)","decl":{"start":{"line":28,"column":22},"end":{"line":28,"column":23}},"loc":{"start":{"line":28,"column":51},"end":{"line":31,"column":1}},"line":28},"5":{"name":"(anonymous_5)","decl":{"start":{"line":33,"column":23},"end":{"line":33,"column":24}},"loc":{"start":{"line":33,"column":49},"end":{"line":36,"column":1}},"line":33},"6":{"name":"(anonymous_6)","decl":{"start":{"line":38,"column":21},"end":{"line":38,"column":22}},"loc":{"start":{"line":38,"column":35},"end":{"line":41,"column":1}},"line":38},"7":{"name":"(anonymous_7)","decl":{"start":{"line":43,"column":20},"end":{"line":43,"column":21}},"loc":{"start":{"line":43,"column":47},"end":{"line":46,"column":1}},"line":43},"8":{"name":"(anonymous_8)","decl":{"start":{"line":48,"column":20},"end":{"line":48,"column":21}},"loc":{"start":{"line":48,"column":40},"end":{"line":51,"column":1}},"line":48},"9":{"name":"(anonymous_9)","decl":{"start":{"line":53,"column":23},"end":{"line":53,"column":24}},"loc":{"start":{"line":53,"column":54},"end":{"line":56,"column":1}},"line":53},"10":{"name":"(anonymous_10)","decl":{"start":{"line":58,"column":22},"end":{"line":58,"column":23}},"loc":{"start":{"line":58,"column":53},"end":{"line":61,"column":1}},"line":58},"11":{"name":"(anonymous_11)","decl":{"start":{"line":63,"column":21},"end":{"line":63,"column":22}},"loc":{"start":{"line":63,"column":37},"end":{"line":68,"column":1}},"line":63}},"branchMap":{"0":{"loc":{"start":{"line":8,"column":28},"end":{"line":8,"column":37}},"type":"default-arg","locations":[{"start":{"line":8,"column":35},"end":{"line":8,"column":37}}],"line":8}},"s":{"0":1,"1":2,"2":2,"3":1,"4":1,"5":1,"6":1,"7":1,"8":1,"9":1,"10":1,"11":1,"12":1,"13":1,"14":1,"15":1,"16":1,"17":1,"18":1,"19":1,"20":1,"21":1,"22":1,"23":1,"24":1,"25":1,"26":1,"27":1,"28":1,"29":1,"30":1,"31":1,"32":1,"33":1,"34":1,"35":1,"36":1,"37":1},"f":{"0":2,"1":1,"2":1,"3":1,"4":1,"5":1,"6":1,"7":1,"8":1,"9":1,"10":1,"11":1},"b":{"0":[1]},"_coverageSchema":"1a1c01bbd47fc00a2c39e90264f33305004495a9","hash":"8f668dd207b48389144e9f16137b6938bc897449"}
,"D:\\TechWorld\\All Projects\\ATS RESUME BUILDER\\client\\src\\utils\\test-utils.jsx": {"path":"D:\\TechWorld\\All Projects\\ATS RESUME BUILDER\\client\\src\\utils\\test-utils.jsx","statementMap":{"0":{"start":{"line":9,"column":21},"end":{"line":34,"column":1}},"1":{"start":{"line":13,"column":6},"end":{"line":13,"column":13}},"2":{"start":{"line":19,"column":26},"end":{"line":31,"column":3}},"3":{"start":{"line":20,"column":4},"end":{"line":30,"column":6}},"4":{"start":{"line":33,"column":2},"end":{"line":33,"column":68}}},"fnMap":{"0":{"name":"(anonymous_0)","decl":{"start":{"line":9,"column":21},"end":{"line":9,"column":22}},"loc":{"start":{"line":9,"column":43},"end":{"line":34,"column":1}},"line":9},"1":{"name":"(anonymous_1)","decl":{"start":{"line":19,"column":26},"end":{"line":19,"column":27}},"loc":{"start":{"line":19,"column":44},"end":{"line":31,"column":3}},"line":19}},"branchMap":{"0":{"loc":{"start":{"line":9,"column":26},"end":{"line":9,"column":38}},"type":"default-arg","locations":[{"start":{"line":9,"column":36},"end":{"line":9,"column":38}}],"line":9},"1":{"loc":{"start":{"line":11,"column":4},"end":{"line":11,"column":22}},"type":"default-arg","locations":[{"start":{"line":11,"column":19},"end":{"line":11,"column":22}}],"line":11}},"s":{"0":0,"1":0,"2":0,"3":0,"4":0},"f":{"0":0,"1":0},"b":{"0":[0],"1":[0]}}
}
