TN:
SF:src\App.jsx
FN:14,PublicRoute
FN:33,App
FNF:2
FNH:0
FNDA:0,PublicRoute
FNDA:0,App
DA:15,0
DA:17,0
DA:18,0
DA:28,0
DA:30,0
DA:34,0
LF:6
LH:0
BRDA:17,0,0,0
BRDA:17,0,1,0
BRDA:28,1,0,0
BRDA:28,1,1,0
BRF:4
BRH:0
end_of_record
TN:
SF:src\components\AtsChecklistItem\index.jsx
FN:11,AtsChecklistItem
FN:16,(anonymous_1)
FN:22,(anonymous_2)
FN:29,(anonymous_3)
FNF:4
FNH:4
FNDA:10,AtsChecklistItem
FNDA:10,(anonymous_1)
FNDA:10,(anonymous_2)
FNDA:2,(anonymous_3)
DA:12,10
DA:14,10
DA:16,10
DA:17,10
DA:18,3
DA:19,2
DA:22,10
DA:23,10
DA:24,3
DA:25,2
DA:28,10
DA:29,2
LF:12
LH:12
BRDA:14,0,0,9
BRDA:14,0,1,1
BRDA:17,1,0,7
BRDA:17,1,1,3
BRDA:18,2,0,1
BRDA:18,2,1,2
BRDA:23,3,0,7
BRDA:23,3,1,3
BRDA:24,4,0,1
BRDA:24,4,1,2
BRDA:39,5,0,10
BRDA:39,5,1,4
BRDA:42,6,0,1
BRDA:42,6,1,3
BRDA:49,7,0,10
BRDA:49,7,1,1
BRDA:49,7,2,1
BRF:17
BRH:17
end_of_record
TN:
SF:src\components\AtsScoreCircle\index.jsx
FN:10,AtsScoreCircle
FN:13,(anonymous_1)
FN:19,(anonymous_2)
FN:31,(anonymous_3)
FN:40,(anonymous_4)
FN:46,(anonymous_5)
FN:52,(anonymous_6)
FNF:7
FNH:7
FNDA:26,AtsScoreCircle
FNDA:6,(anonymous_1)
FNDA:70,(anonymous_2)
FNDA:6,(anonymous_3)
FNDA:52,(anonymous_4)
FNDA:26,(anonymous_5)
FNDA:26,(anonymous_6)
DA:11,26
DA:13,26
DA:15,6
DA:16,6
DA:17,6
DA:19,6
DA:20,70
DA:21,70
DA:23,70
DA:24,70
DA:25,70
DA:26,69
DA:30,6
DA:31,6
DA:34,26
DA:35,26
DA:36,26
DA:37,26
DA:38,26
DA:40,26
DA:41,52
DA:42,6
DA:43,4
DA:46,26
DA:47,26
DA:48,3
DA:49,2
DA:52,26
DA:53,26
DA:54,3
DA:55,2
DA:56,1
DA:59,26
LF:33
LH:33
BRDA:25,0,0,69
BRDA:25,0,1,1
BRDA:41,1,0,46
BRDA:41,1,1,6
BRDA:42,2,0,2
BRDA:42,2,1,4
BRDA:47,3,0,23
BRDA:47,3,1,3
BRDA:48,4,0,1
BRDA:48,4,1,2
BRDA:53,5,0,23
BRDA:53,5,1,3
BRDA:54,6,0,1
BRDA:54,6,1,2
BRDA:55,7,0,1
BRDA:55,7,1,1
BRF:16
BRH:16
end_of_record
TN:
SF:src\components\AtsScorePanel\index.jsx
FN:20,AtsScorePanel
FN:26,(anonymous_1)
FN:74,(anonymous_2)
FN:98,(anonymous_3)
FN:112,(anonymous_4)
FN:129,(anonymous_5)
FNF:6
FNH:6
FNDA:11,AtsScorePanel
FNDA:2,(anonymous_1)
FNDA:10,(anonymous_2)
FNDA:1,(anonymous_3)
FNDA:1,(anonymous_4)
FNDA:1,(anonymous_5)
DA:21,11
DA:22,11
DA:23,11
DA:24,11
DA:26,11
DA:27,2
DA:28,0
DA:29,0
DA:31,2
DA:33,2
DA:34,2
DA:35,2
DA:36,2
DA:37,1
DA:38,1
DA:40,1
DA:42,2
DA:45,11
DA:75,10
DA:76,10
DA:77,1
DA:99,1
DA:113,1
DA:130,1
LF:24
LH:22
BRDA:22,0,0,11
BRDA:22,0,1,11
BRDA:27,1,0,0
BRDA:27,1,1,2
BRDA:31,2,0,0
BRDA:31,2,1,2
BRDA:56,3,0,11
BRDA:56,3,1,2
BRDA:63,4,0,11
BRDA:63,4,1,1
BRDA:67,5,0,1
BRDA:67,5,1,0
BRDA:71,6,0,1
BRDA:71,6,1,1
BRDA:76,7,0,9
BRDA:76,7,1,1
BRDA:81,8,0,1
BRDA:81,8,1,0
BRDA:82,9,0,1
BRDA:82,9,1,0
BRDA:82,9,2,0
BRDA:91,10,0,1
BRDA:91,10,1,1
BRDA:91,10,2,1
BRDA:108,11,0,1
BRDA:108,11,1,1
BRDA:108,11,2,1
BRDA:122,12,0,1
BRDA:122,12,1,1
BRDA:122,12,2,1
BRDA:139,13,0,1
BRDA:139,13,1,1
BRDA:141,14,0,1
BRDA:141,14,1,0
BRDA:142,15,0,1
BRDA:142,15,1,1
BRDA:149,16,0,11
BRDA:149,16,1,10
BRDA:149,16,2,8
BRF:39
BRH:32
end_of_record
TN:
SF:src\components\BulletDiffView\index.jsx
FN:11,BulletDiffView
FNF:1
FNH:1
FNDA:3,BulletDiffView
DA:12,3
LF:1
LH:1
BRF:0
BRH:0
end_of_record
TN:
SF:src\components\BulletPointEditor\index.jsx
FN:13,BulletPointEditor
FN:16,(anonymous_1)
FN:20,(anonymous_2)
FN:21,(anonymous_3)
FN:25,(anonymous_4)
FN:26,(anonymous_5)
FN:30,(anonymous_6)
FN:57,(anonymous_7)
FN:63,(anonymous_8)
FN:68,(anonymous_9)
FN:80,(anonymous_10)
FNF:11
FNH:11
FNDA:25,BulletPointEditor
FNDA:1,(anonymous_1)
FNDA:2,(anonymous_2)
FNDA:2,(anonymous_3)
FNDA:1,(anonymous_4)
FNDA:2,(anonymous_5)
FNDA:3,(anonymous_6)
FNDA:15,(anonymous_7)
FNDA:1,(anonymous_8)
FNDA:3,(anonymous_9)
FNDA:1,(anonymous_10)
DA:14,25
DA:16,25
DA:17,1
DA:20,25
DA:21,2
DA:22,2
DA:25,25
DA:26,2
DA:27,1
DA:30,25
DA:31,3
DA:32,3
DA:33,1
DA:34,1
DA:36,2
DA:37,2
DA:38,2
DA:44,1
DA:45,1
DA:46,1
DA:47,1
DA:50,1
DA:52,2
DA:55,25
DA:58,15
DA:63,1
DA:68,3
DA:80,1
LF:28
LH:28
BRDA:21,0,0,2
BRDA:21,0,1,0
BRDA:32,1,0,1
BRDA:32,1,1,2
BRDA:41,2,0,2
BRDA:41,2,1,2
BRDA:42,3,0,2
BRDA:42,3,1,2
BRDA:44,4,0,1
BRDA:44,4,1,0
BRDA:45,5,0,1
BRDA:45,5,1,0
BRDA:70,6,0,2
BRDA:70,6,1,13
BRDA:73,7,0,2
BRDA:73,7,1,13
BRF:16
BRH:13
end_of_record
TN:
SF:src\components\CertificationsForm\index.jsx
FN:13,CertificationsForm
FN:17,(anonymous_1)
FN:28,(anonymous_2)
FN:29,(anonymous_3)
FN:35,(anonymous_4)
FN:36,(anonymous_5)
FN:50,(anonymous_6)
FN:60,(anonymous_7)
FN:73,(anonymous_8)
FN:83,(anonymous_9)
FN:95,(anonymous_10)
FN:103,(anonymous_11)
FNF:12
FNH:9
FNDA:5,CertificationsForm
FNDA:1,(anonymous_1)
FNDA:1,(anonymous_2)
FNDA:1,(anonymous_3)
FNDA:1,(anonymous_4)
FNDA:1,(anonymous_5)
FNDA:3,(anonymous_6)
FNDA:1,(anonymous_7)
FNDA:1,(anonymous_8)
FNDA:0,(anonymous_9)
FNDA:0,(anonymous_10)
FNDA:0,(anonymous_11)
DA:14,5
DA:15,5
DA:17,5
DA:18,1
DA:25,1
DA:28,5
DA:29,1
DA:30,1
DA:32,1
DA:35,5
DA:36,1
DA:37,1
DA:40,5
DA:51,3
DA:60,1
DA:73,1
DA:83,0
DA:95,0
DA:103,0
LF:19
LH:16
BRDA:15,0,0,5
BRDA:15,0,1,0
BRDA:30,1,0,1
BRDA:30,1,1,0
BRDA:112,2,0,5
BRDA:112,2,1,2
BRF:6
BRH:4
end_of_record
TN:
SF:src\components\ChatInput\index.jsx
FN:11,ChatInput
FN:15,(anonymous_1)
FN:26,(anonymous_2)
FN:33,(anonymous_3)
FNF:4
FNH:4
FNDA:25,ChatInput
FNDA:3,(anonymous_1)
FNDA:3,(anonymous_2)
FNDA:5,(anonymous_3)
DA:12,25
DA:13,25
DA:15,25
DA:16,3
DA:17,3
DA:18,3
DA:19,3
DA:21,3
DA:22,3
DA:26,25
DA:27,3
DA:28,2
DA:29,2
DA:33,25
DA:34,5
DA:36,5
DA:37,5
DA:38,5
DA:41,25
DA:43,25
LF:20
LH:20
BRDA:17,0,0,0
BRDA:17,0,1,3
BRDA:17,1,0,3
BRDA:17,1,1,3
BRDA:21,2,0,3
BRDA:21,2,1,0
BRDA:27,3,0,2
BRDA:27,3,1,1
BRDA:27,4,0,3
BRDA:27,4,1,3
BRDA:41,5,0,25
BRDA:41,5,1,4
BRDA:58,6,0,4
BRDA:58,6,1,21
BRF:14
BRH:12
end_of_record
TN:
SF:src\components\ChatMessage\index.jsx
FN:10,ChatMessage
FN:13,(anonymous_1)
FN:41,(anonymous_2)
FNF:3
FNH:3
FNDA:12,ChatMessage
FNDA:12,(anonymous_1)
FNDA:2,(anonymous_2)
DA:11,12
DA:13,12
DA:14,12
DA:15,8
DA:20,12
DA:41,2
LF:6
LH:6
BRDA:14,0,0,4
BRDA:14,0,1,8
BRDA:21,1,0,7
BRDA:21,1,1,5
BRDA:22,2,0,7
BRDA:22,2,1,5
BRDA:23,3,0,12
BRDA:23,3,1,5
BRDA:34,4,0,7
BRDA:34,4,1,5
BRDA:39,5,0,12
BRDA:39,5,1,3
BRDA:39,5,2,2
BRF:13
BRH:13
end_of_record
TN:
SF:src\components\ChatPanel\index.jsx
FN:23,ChatPanel
FN:31,(anonymous_1)
FN:32,(anonymous_2)
FN:52,(anonymous_3)
FN:56,(anonymous_4)
FN:64,(anonymous_5)
FN:75,(anonymous_6)
FN:82,(anonymous_7)
FN:85,(anonymous_8)
FN:109,(anonymous_9)
FN:112,(anonymous_10)
FN:133,(anonymous_11)
FNF:12
FNH:12
FNDA:13,ChatPanel
FNDA:5,(anonymous_1)
FNDA:5,(anonymous_2)
FNDA:10,(anonymous_3)
FNDA:2,(anonymous_4)
FNDA:2,(anonymous_5)
FNDA:1,(anonymous_6)
FNDA:1,(anonymous_7)
FNDA:1,(anonymous_8)
FNDA:9,(anonymous_9)
FNDA:1,(anonymous_10)
FNDA:7,(anonymous_11)
DA:17,1
DA:24,13
DA:25,13
DA:26,13
DA:27,13
DA:28,13
DA:31,13
DA:32,5
DA:33,5
DA:34,0
DA:35,0
DA:37,5
DA:38,5
DA:39,5
DA:40,2
DA:45,5
DA:48,5
DA:52,13
DA:53,10
DA:56,13
DA:57,2
DA:59,2
DA:64,2
DA:65,2
DA:67,2
DA:68,2
DA:69,2
DA:75,2
DA:77,0
DA:79,2
DA:82,13
DA:83,1
DA:84,1
DA:85,1
DA:86,1
DA:88,1
DA:90,0
DA:94,13
DA:110,9
DA:112,1
DA:134,7
LF:41
LH:37
BRDA:33,0,0,0
BRDA:33,0,1,5
BRDA:39,1,0,2
BRDA:39,1,1,3
BRDA:39,2,0,5
BRDA:39,2,1,5
BRDA:57,3,0,0
BRDA:57,3,1,2
BRDA:71,4,0,2
BRDA:71,4,1,0
BRDA:73,5,0,2
BRDA:73,5,1,2
BRDA:83,6,0,0
BRDA:83,6,1,1
BRDA:97,7,0,13
BRDA:97,7,1,8
BRDA:97,7,2,3
BRDA:124,8,0,13
BRDA:124,8,1,5
BRDA:131,9,0,13
BRDA:131,9,1,5
BRDA:144,10,0,5
BRDA:144,10,1,2
BRF:23
BRH:19
end_of_record
TN:
SF:src\components\DatePicker\index.jsx
FN:24,(anonymous_0)
FN:26,DatePicker
FN:29,(anonymous_2)
FN:34,(anonymous_3)
FN:48,(anonymous_4)
FN:59,(anonymous_5)
FNF:6
FNH:6
FNDA:120,(anonymous_0)
FNDA:21,DatePicker
FNDA:1,(anonymous_2)
FNDA:1,(anonymous_3)
FNDA:252,(anonymous_4)
FNDA:630,(anonymous_5)
DA:8,4
DA:23,4
DA:24,120
DA:27,21
DA:29,21
DA:30,1
DA:31,1
DA:34,21
DA:35,1
DA:36,1
DA:39,21
DA:49,252
DA:60,630
LF:13
LH:13
BRDA:26,0,0,18
BRDA:27,1,0,21
BRDA:27,1,1,12
BRDA:31,2,0,1
BRDA:31,2,1,0
BRDA:31,3,0,1
BRDA:31,3,1,1
BRDA:31,4,0,0
BRDA:31,4,1,0
BRDA:36,5,0,1
BRDA:36,5,1,0
BRDA:36,6,0,1
BRDA:36,6,1,1
BRDA:36,7,0,0
BRDA:36,7,1,0
BRDA:42,8,0,21
BRDA:42,8,1,12
BRDA:45,9,0,1
BRDA:45,9,1,20
BRDA:53,10,0,21
BRDA:53,10,1,12
BRDA:56,11,0,1
BRDA:56,11,1,20
BRF:23
BRH:17
end_of_record
TN:
SF:src\components\EducationForm\index.jsx
FN:13,EducationForm
FN:17,(anonymous_1)
FN:30,(anonymous_2)
FN:31,(anonymous_3)
FN:37,(anonymous_4)
FN:38,(anonymous_5)
FN:52,(anonymous_6)
FN:62,(anonymous_7)
FN:74,(anonymous_8)
FN:86,(anonymous_9)
FN:96,(anonymous_10)
FN:108,(anonymous_11)
FN:115,(anonymous_12)
FN:124,(anonymous_13)
FNF:14
FNH:9
FNDA:5,EducationForm
FNDA:1,(anonymous_1)
FNDA:1,(anonymous_2)
FNDA:1,(anonymous_3)
FNDA:1,(anonymous_4)
FNDA:1,(anonymous_5)
FNDA:3,(anonymous_6)
FNDA:1,(anonymous_7)
FNDA:1,(anonymous_8)
FNDA:0,(anonymous_9)
FNDA:0,(anonymous_10)
FNDA:0,(anonymous_11)
FNDA:0,(anonymous_12)
FNDA:0,(anonymous_13)
DA:14,5
DA:15,5
DA:17,5
DA:18,1
DA:27,1
DA:30,5
DA:31,1
DA:32,1
DA:34,1
DA:37,5
DA:38,1
DA:39,1
DA:42,5
DA:53,3
DA:62,1
DA:74,1
DA:86,0
DA:96,0
DA:108,0
DA:115,0
DA:124,0
LF:21
LH:16
BRDA:15,0,0,5
BRDA:15,0,1,0
BRDA:32,1,0,1
BRDA:32,1,1,0
BRDA:133,2,0,5
BRDA:133,2,1,2
BRF:6
BRH:4
end_of_record
TN:
SF:src\components\ExperienceForm\index.jsx
FN:14,ExperienceForm
FN:18,(anonymous_1)
FN:31,(anonymous_2)
FN:32,(anonymous_3)
FN:38,(anonymous_4)
FN:39,(anonymous_5)
FN:53,(anonymous_6)
FN:63,(anonymous_7)
FN:76,(anonymous_8)
FN:86,(anonymous_9)
FN:98,(anonymous_10)
FN:105,(anonymous_11)
FN:115,(anonymous_12)
FN:124,(anonymous_13)
FNF:14
FNH:10
FNDA:6,ExperienceForm
FNDA:1,(anonymous_1)
FNDA:2,(anonymous_2)
FNDA:2,(anonymous_3)
FNDA:1,(anonymous_4)
FNDA:1,(anonymous_5)
FNDA:4,(anonymous_6)
FNDA:1,(anonymous_7)
FNDA:1,(anonymous_8)
FNDA:0,(anonymous_9)
FNDA:0,(anonymous_10)
FNDA:0,(anonymous_11)
FNDA:1,(anonymous_12)
FNDA:0,(anonymous_13)
DA:15,6
DA:16,6
DA:18,6
DA:19,1
DA:28,1
DA:31,6
DA:32,2
DA:33,2
DA:35,2
DA:38,6
DA:39,1
DA:40,1
DA:43,6
DA:54,4
DA:63,1
DA:76,1
DA:86,0
DA:98,0
DA:105,0
DA:115,1
DA:124,0
LF:21
LH:17
BRDA:16,0,0,6
BRDA:16,0,1,0
BRDA:33,1,0,2
BRDA:33,1,1,0
BRDA:114,2,0,4
BRDA:114,2,1,4
BRDA:123,3,0,4
BRDA:123,3,1,3
BRDA:132,4,0,6
BRDA:132,4,1,2
BRF:10
BRH:8
end_of_record
TN:
SF:src\components\JobDescriptionInput\index.jsx
FN:10,JobDescriptionInput
FN:16,(anonymous_1)
FNF:2
FNH:2
FNDA:16,JobDescriptionInput
FNDA:3,(anonymous_1)
DA:11,16
DA:16,3
LF:2
LH:2
BRDA:23,0,0,16
BRDA:23,0,1,13
BRDA:24,1,0,11
BRDA:24,1,1,5
BRDA:24,2,0,16
BRDA:24,2,1,13
BRDA:26,3,0,3
BRDA:26,3,1,13
BRF:8
BRH:8
end_of_record
TN:
SF:src\components\Navbar\index.jsx
FN:11,Navbar
FN:16,(anonymous_1)
FNF:2
FNH:2
FNDA:6,Navbar
FNDA:1,(anonymous_1)
DA:12,6
DA:13,6
DA:14,6
DA:16,6
DA:17,1
DA:18,1
DA:21,6
LF:7
LH:7
BRDA:11,0,0,5
BRDA:24,1,0,6
BRDA:24,1,1,1
BRDA:30,2,0,6
BRDA:30,2,1,5
BRDA:38,3,0,5
BRDA:38,3,1,3
BRDA:42,4,0,3
BRDA:42,4,1,0
BRDA:48,5,0,0
BRDA:48,5,1,3
BRDA:54,6,0,0
BRDA:54,6,1,3
BRDA:62,7,0,6
BRDA:62,7,1,1
BRDA:71,8,0,6
BRDA:71,8,1,3
BRDA:74,9,0,1
BRDA:74,9,1,2
BRF:19
BRH:16
end_of_record
TN:
SF:src\components\PdfDocument\index.jsx
FN:16,PdfDocument
FN:17,(anonymous_1)
FN:21,(anonymous_2)
FNF:3
FNH:3
FNDA:5,PdfDocument
FNDA:19,(anonymous_1)
FNDA:5,(anonymous_2)
DA:17,19
DA:18,5
DA:19,5
DA:21,5
DA:22,5
DA:28,5
DA:30,1
DA:32,1
DA:34,1
DA:36,1
DA:39,1
DA:43,5
LF:12
LH:12
BRDA:17,0,0,5
BRDA:17,0,1,1
BRDA:28,1,0,1
BRDA:28,1,1,1
BRDA:28,1,2,1
BRDA:28,1,3,1
BRDA:28,1,4,0
BRDA:28,1,5,1
BRDA:44,2,0,5
BRDA:44,2,1,0
BRDA:44,3,0,5
BRDA:44,3,1,0
BRF:12
BRH:9
end_of_record
TN:
SF:src\components\PersonalInfoForm\index.jsx
FN:20,PersonalInfoForm
FN:24,(anonymous_1)
FN:30,(anonymous_2)
FN:38,(anonymous_3)
FNF:4
FNH:4
FNDA:2,PersonalInfoForm
FNDA:1,(anonymous_1)
FNDA:12,(anonymous_2)
FNDA:1,(anonymous_3)
DA:11,1
DA:21,2
DA:22,2
DA:24,2
DA:25,1
DA:28,2
DA:31,12
DA:38,1
LF:8
LH:8
BRDA:37,0,0,12
BRDA:37,0,1,8
BRF:2
BRH:2
end_of_record
TN:
SF:src\components\ProgressBar\index.jsx
FN:7,ProgressBar
FN:8,(anonymous_1)
FNF:2
FNH:2
FNDA:4,ProgressBar
FNDA:4,(anonymous_1)
DA:8,4
DA:9,4
DA:10,3
DA:11,2
DA:14,4
LF:5
LH:5
BRDA:9,0,0,1
BRDA:9,0,1,3
BRDA:10,1,0,1
BRDA:10,1,1,2
BRF:4
BRH:4
end_of_record
TN:
SF:src\components\ProjectsForm\index.jsx
FN:14,ProjectsForm
FN:19,(anonymous_1)
FN:31,(anonymous_2)
FN:32,(anonymous_3)
FN:38,(anonymous_4)
FN:39,(anonymous_5)
FN:43,(anonymous_6)
FN:51,(anonymous_7)
FN:55,(anonymous_8)
FN:57,(anonymous_9)
FN:71,(anonymous_10)
FN:81,(anonymous_11)
FN:94,(anonymous_12)
FN:104,(anonymous_13)
FN:115,(anonymous_14)
FN:126,(anonymous_15)
FN:133,(anonymous_16)
FN:145,(anonymous_17)
FN:145,(anonymous_18)
FN:146,(anonymous_19)
FN:157,(anonymous_20)
FNF:21
FNH:18
FNDA:12,ProjectsForm
FNDA:1,(anonymous_1)
FNDA:3,(anonymous_2)
FNDA:3,(anonymous_3)
FNDA:1,(anonymous_4)
FNDA:1,(anonymous_5)
FNDA:3,(anonymous_6)
FNDA:1,(anonymous_7)
FNDA:1,(anonymous_8)
FNDA:2,(anonymous_9)
FNDA:10,(anonymous_10)
FNDA:1,(anonymous_11)
FNDA:1,(anonymous_12)
FNDA:0,(anonymous_13)
FNDA:0,(anonymous_14)
FNDA:10,(anonymous_15)
FNDA:1,(anonymous_16)
FNDA:3,(anonymous_17)
FNDA:3,(anonymous_18)
FNDA:3,(anonymous_19)
FNDA:0,(anonymous_20)
DA:15,12
DA:16,12
DA:17,12
DA:19,12
DA:20,1
DA:28,1
DA:31,12
DA:32,3
DA:33,3
DA:35,3
DA:38,12
DA:39,1
DA:40,1
DA:43,12
DA:44,3
DA:45,3
DA:46,3
DA:47,3
DA:48,2
DA:49,2
DA:50,1
DA:51,1
DA:55,12
DA:56,1
DA:57,2
DA:58,1
DA:61,12
DA:72,10
DA:81,1
DA:94,1
DA:104,0
DA:115,0
DA:127,10
DA:133,1
DA:145,3
DA:146,3
DA:157,0
LF:37
LH:34
BRDA:16,0,0,12
BRDA:16,0,1,0
BRDA:33,1,0,3
BRDA:33,1,1,0
BRDA:44,2,0,3
BRDA:44,2,1,0
BRDA:46,3,0,3
BRDA:46,3,1,0
BRDA:47,4,0,1
BRDA:47,4,1,2
BRDA:49,5,0,1
BRDA:49,5,1,1
BRDA:126,6,0,10
BRDA:126,6,1,2
BRDA:144,7,0,10
BRDA:144,7,1,7
BRDA:156,8,0,10
BRDA:156,8,1,9
BRDA:165,9,0,12
BRDA:165,9,1,2
BRF:20
BRH:16
end_of_record
TN:
SF:src\components\ProtectedRoute\index.jsx
FN:5,ProtectedRoute
FNF:1
FNH:1
FNDA:3,ProtectedRoute
DA:6,3
DA:8,3
DA:9,1
DA:19,2
DA:21,1
LF:5
LH:5
BRDA:8,0,0,1
BRDA:8,0,1,2
BRDA:19,1,0,1
BRDA:19,1,1,1
BRF:4
BRH:4
end_of_record
TN:
SF:src\components\ResumePreview\index.jsx
FN:20,ResumePreview
FN:27,(anonymous_1)
FN:33,(anonymous_2)
FN:41,(anonymous_3)
FN:44,(anonymous_4)
FN:47,(anonymous_5)
FN:69,(anonymous_6)
FNF:7
FNH:7
FNDA:10,ResumePreview
FNDA:24,(anonymous_1)
FNDA:4,(anonymous_2)
FNDA:4,(anonymous_3)
FNDA:4,(anonymous_4)
FNDA:10,(anonymous_5)
FNDA:1,(anonymous_6)
DA:21,10
DA:22,10
DA:23,10
DA:24,10
DA:25,10
DA:27,24
DA:28,10
DA:31,10
DA:33,10
DA:34,4
DA:35,4
DA:36,4
DA:37,4
DA:41,10
DA:42,4
DA:43,4
DA:44,4
DA:47,10
DA:48,10
DA:54,10
DA:56,2
DA:58,2
DA:60,0
DA:62,0
DA:65,6
DA:69,10
DA:70,1
DA:71,1
DA:72,1
DA:73,1
DA:75,1
DA:76,1
DA:77,1
DA:78,1
DA:79,1
DA:80,1
DA:81,1
DA:82,1
DA:83,1
DA:85,0
DA:87,1
DA:91,10
LF:42
LH:39
BRDA:27,0,0,10
BRDA:27,0,1,2
BRDA:34,1,0,4
BRDA:34,1,1,0
BRDA:54,2,0,2
BRDA:54,2,1,2
BRDA:54,2,2,0
BRDA:54,2,3,0
BRDA:54,2,4,4
BRDA:54,2,5,6
BRDA:79,3,0,1
BRDA:79,3,1,0
BRDA:102,4,0,1
BRDA:102,4,1,9
BRF:14
BRH:10
end_of_record
TN:
SF:src\components\SectionEditor\index.jsx
FN:21,SectionEditor
FN:24,(anonymous_1)
FN:47,(anonymous_2)
FN:53,(anonymous_3)
FNF:4
FNH:4
FNDA:10,SectionEditor
FNDA:8,(anonymous_1)
FNDA:70,(anonymous_2)
FNDA:2,(anonymous_3)
DA:22,10
DA:24,10
DA:25,8
DA:27,2
DA:29,1
DA:31,1
DA:33,1
DA:35,1
DA:37,1
DA:39,1
DA:41,0
DA:45,10
DA:48,70
DA:50,70
DA:53,2
LF:15
LH:14
BRDA:25,0,0,2
BRDA:25,0,1,1
BRDA:25,0,2,1
BRDA:25,0,3,1
BRDA:25,0,4,1
BRDA:25,0,5,1
BRDA:25,0,6,1
BRDA:25,0,7,0
BRDA:53,1,0,1
BRDA:53,1,1,1
BRDA:54,2,0,8
BRDA:54,2,1,62
BRDA:59,3,0,8
BRDA:59,3,1,62
BRDA:60,4,0,8
BRDA:60,4,1,62
BRDA:64,5,0,70
BRDA:64,5,1,8
BRF:18
BRH:17
end_of_record
TN:
SF:src\components\Sidebar\index.jsx
FN:24,Sidebar
FN:27,(anonymous_1)
FN:46,(anonymous_2)
FN:49,(anonymous_3)
FNF:4
FNH:4
FNDA:7,Sidebar
FNDA:7,(anonymous_1)
FNDA:28,(anonymous_2)
FNDA:1,(anonymous_3)
DA:17,1
DA:25,7
DA:27,7
DA:28,7
DA:30,3
DA:32,1
DA:34,1
DA:36,1
DA:38,1
DA:42,7
DA:47,28
DA:49,1
LF:12
LH:12
BRDA:28,0,0,3
BRDA:28,0,1,1
BRDA:28,0,2,1
BRDA:28,0,3,1
BRDA:28,0,4,1
BRDA:50,1,0,6
BRDA:50,1,1,22
BRF:7
BRH:7
end_of_record
TN:
SF:src\components\SkillGapCard\index.jsx
FN:10,SkillGapCard
FN:13,(anonymous_1)
FN:36,(anonymous_2)
FN:64,(anonymous_3)
FNF:4
FNH:4
FNDA:7,SkillGapCard
FNDA:7,(anonymous_1)
FNDA:7,(anonymous_2)
FNDA:3,(anonymous_3)
DA:11,7
DA:13,6
DA:14,7
DA:16,2
DA:18,3
DA:20,1
DA:22,1
DA:26,6
DA:37,7
DA:38,7
DA:39,7
DA:41,7
DA:65,3
LF:13
LH:13
BRDA:11,0,0,1
BRDA:11,0,1,6
BRDA:11,1,0,7
BRDA:11,1,1,3
BRDA:14,2,0,2
BRDA:14,2,1,3
BRDA:14,2,2,1
BRDA:14,2,3,1
BRDA:29,3,0,6
BRDA:29,3,1,4
BRDA:37,4,0,2
BRDA:37,4,1,5
BRDA:38,5,0,2
BRDA:38,5,1,5
BRDA:39,6,0,2
BRDA:39,6,1,5
BRDA:46,7,0,7
BRDA:46,7,1,1
BRDA:57,8,0,6
BRDA:57,8,1,2
BRDA:66,9,0,1
BRDA:66,9,1,2
BRDA:66,10,0,2
BRDA:66,10,1,1
BRF:24
BRH:24
end_of_record
TN:
SF:src\components\SkillsForm\index.jsx
FN:18,SkillsForm
FN:23,(anonymous_1)
FN:32,(anonymous_2)
FN:36,(anonymous_3)
FN:39,(anonymous_4)
FN:46,(anonymous_5)
FN:52,(anonymous_6)
FN:59,(anonymous_7)
FN:73,(anonymous_8)
FN:73,(anonymous_9)
FN:74,(anonymous_10)
FNF:11
FNH:11
FNDA:9,SkillsForm
FNDA:3,(anonymous_1)
FNDA:1,(anonymous_2)
FNDA:1,(anonymous_3)
FNDA:2,(anonymous_4)
FNDA:27,(anonymous_5)
FNDA:11,(anonymous_6)
FNDA:1,(anonymous_7)
FNDA:3,(anonymous_8)
FNDA:3,(anonymous_9)
FNDA:3,(anonymous_10)
DA:12,1
DA:19,9
DA:20,9
DA:21,9
DA:23,9
DA:24,3
DA:25,3
DA:26,3
DA:27,3
DA:28,2
DA:30,1
DA:31,1
DA:32,1
DA:36,9
DA:37,1
DA:39,2
DA:41,1
DA:44,9
DA:47,27
DA:53,11
DA:59,1
DA:73,3
DA:74,3
LF:23
LH:23
BRDA:20,0,0,9
BRDA:20,0,1,0
BRDA:24,1,0,3
BRDA:24,1,1,0
BRDA:27,2,0,1
BRDA:27,2,1,2
BRDA:28,3,0,1
BRDA:28,3,1,1
BRDA:52,4,0,27
BRDA:52,4,1,0
BRF:10
BRH:7
end_of_record
TN:
SF:src\components\SummaryForm\index.jsx
FN:14,SummaryForm
FN:18,(anonymous_1)
FN:22,(anonymous_2)
FNF:3
FNH:3
FNDA:8,SummaryForm
FNDA:1,(anonymous_1)
FNDA:2,(anonymous_2)
DA:15,8
DA:16,8
DA:18,8
DA:19,1
DA:22,8
DA:23,2
DA:24,2
DA:25,2
DA:26,2
DA:27,1
DA:28,1
DA:30,1
DA:32,2
DA:35,8
LF:14
LH:14
BRDA:23,0,0,0
BRDA:23,0,1,2
BRDA:27,1,0,1
BRDA:27,1,1,0
BRDA:44,2,0,2
BRDA:44,2,1,6
BRDA:47,3,0,2
BRDA:47,3,1,6
BRDA:51,4,0,8
BRDA:51,4,1,6
BRDA:58,5,0,8
BRDA:58,5,1,6
BRF:12
BRH:10
end_of_record
TN:
SF:src\components\TemplateCard\index.jsx
FN:34,TemplateCard
FNF:1
FNH:1
FNDA:24,TemplateCard
DA:16,2
DA:29,2
DA:35,24
DA:37,24
LF:4
LH:4
BRDA:35,0,0,24
BRDA:35,0,1,1
BRDA:40,1,0,5
BRDA:40,1,1,19
BRDA:44,2,0,24
BRDA:44,2,1,5
BRF:6
BRH:6
end_of_record
TN:
SF:src\components\TemplateSelector\index.jsx
FN:13,TemplateSelector
FN:24,(anonymous_1)
FN:29,(anonymous_2)
FNF:3
FNH:3
FNDA:4,TemplateSelector
FNDA:20,(anonymous_1)
FNDA:1,(anonymous_2)
DA:14,4
DA:16,4
DA:25,20
DA:29,1
LF:4
LH:4
BRF:0
BRH:0
end_of_record
TN:
SF:src\components\VersionCard\index.jsx
FN:11,VersionCard
FN:12,(anonymous_1)
FN:18,(anonymous_2)
FN:60,(anonymous_3)
FN:68,(anonymous_4)
FNF:5
FNH:5
FNDA:13,VersionCard
FNDA:4,(anonymous_1)
FNDA:13,(anonymous_2)
FNDA:3,(anonymous_3)
FNDA:3,(anonymous_4)
DA:12,13
DA:13,4
DA:14,2
DA:15,1
DA:18,13
DA:19,13
DA:20,6
DA:21,6
DA:27,13
DA:60,3
DA:68,3
LF:11
LH:11
BRDA:13,0,0,2
BRDA:13,0,1,2
BRDA:14,1,0,1
BRDA:14,1,1,1
BRDA:19,2,0,7
BRDA:19,2,1,6
BRDA:33,3,0,13
BRDA:33,3,1,5
BRDA:37,4,0,13
BRDA:37,4,1,4
BRDA:50,5,0,13
BRDA:50,5,1,1
BRF:12
BRH:12
end_of_record
TN:
SF:src\components\VersionList\index.jsx
FN:9,VersionList
FN:12,(anonymous_1)
FNF:2
FNH:2
FNDA:6,VersionList
FNDA:7,(anonymous_1)
DA:10,6
DA:13,7
LF:2
LH:2
BRF:0
BRH:0
end_of_record
TN:
SF:src\components\pdf-templates\ClassicPdf.jsx
FN:10,ClassicPdf
FN:81,(anonymous_1)
FN:93,(anonymous_2)
FN:108,(anonymous_3)
FN:153,(anonymous_4)
FN:165,(anonymous_5)
FN:180,(anonymous_6)
FNF:7
FNH:7
FNDA:2,ClassicPdf
FNDA:2,(anonymous_1)
FNDA:2,(anonymous_2)
FNDA:2,(anonymous_3)
FNDA:2,(anonymous_4)
FNDA:2,(anonymous_5)
FNDA:2,(anonymous_6)
DA:11,2
DA:13,2
DA:36,2
DA:82,2
DA:94,2
DA:109,2
DA:154,2
DA:166,2
DA:181,2
LF:9
LH:9
BRDA:40,0,0,2
BRDA:40,0,1,1
BRDA:41,1,0,2
BRDA:41,1,1,1
BRDA:47,2,0,2
BRDA:47,2,1,1
BRDA:48,3,0,2
BRDA:48,3,1,1
BRDA:48,3,2,1
BRDA:49,4,0,2
BRDA:49,4,1,1
BRDA:50,5,0,2
BRDA:50,5,1,1
BRDA:50,5,2,1
BRDA:51,6,0,2
BRDA:51,6,1,1
BRDA:52,7,0,2
BRDA:52,7,1,1
BRDA:58,8,0,2
BRDA:58,8,1,1
BRDA:70,9,0,1
BRDA:70,9,1,1
BRDA:78,10,0,2
BRDA:78,10,1,1
BRDA:86,11,0,2
BRDA:86,11,1,1
BRDA:89,12,0,2
BRDA:89,12,1,0
BRDA:89,13,0,2
BRDA:89,13,1,2
BRDA:89,13,2,1
BRDA:90,14,0,1
BRDA:90,14,1,1
BRDA:93,15,0,2
BRDA:93,15,1,2
BRDA:105,16,0,2
BRDA:105,16,1,1
BRDA:112,17,0,2
BRDA:112,17,1,1
BRDA:113,18,0,2
BRDA:113,18,1,1
BRDA:114,19,0,2
BRDA:114,19,1,1
BRDA:117,20,0,1
BRDA:117,20,1,1
BRDA:117,21,0,2
BRDA:117,21,1,1
BRDA:125,22,0,2
BRDA:125,22,1,1
BRDA:125,22,2,1
BRDA:128,23,0,1
BRDA:128,23,1,1
BRDA:134,24,0,1
BRDA:134,24,1,1
BRDA:140,25,0,1
BRDA:140,25,1,1
BRDA:150,26,0,2
BRDA:150,26,1,1
BRDA:157,27,0,2
BRDA:157,27,1,1
BRDA:159,28,0,2
BRDA:159,28,1,1
BRDA:160,29,0,2
BRDA:160,29,1,2
BRDA:160,29,2,1
BRDA:165,30,0,2
BRDA:165,30,1,2
BRDA:177,31,0,2
BRDA:177,31,1,1
BRDA:184,32,0,2
BRDA:184,32,1,1
BRDA:185,33,0,2
BRDA:185,33,1,1
BRDA:187,34,0,2
BRDA:187,34,1,1
BRF:75
BRH:74
end_of_record
TN:
SF:src\components\pdf-templates\CreativePdf.jsx
FN:10,CreativePdf
FN:89,(anonymous_1)
FN:103,(anonymous_2)
FN:120,(anonymous_3)
FN:123,(anonymous_4)
FN:139,(anonymous_5)
FN:148,(anonymous_6)
FN:153,(anonymous_7)
FN:168,(anonymous_8)
FN:195,(anonymous_9)
FNF:10
FNH:10
FNDA:2,CreativePdf
FNDA:2,(anonymous_1)
FNDA:2,(anonymous_2)
FNDA:2,(anonymous_3)
FNDA:2,(anonymous_4)
FNDA:2,(anonymous_5)
FNDA:2,(anonymous_6)
FNDA:2,(anonymous_7)
FNDA:2,(anonymous_8)
FNDA:2,(anonymous_9)
DA:11,2
DA:13,2
DA:58,2
DA:90,2
DA:104,2
DA:121,2
DA:124,2
DA:140,2
DA:149,2
DA:154,2
DA:169,2
DA:196,2
LF:12
LH:12
BRDA:62,0,0,2
BRDA:62,0,1,1
BRDA:64,1,0,2
BRDA:64,1,1,1
BRDA:70,2,0,2
BRDA:70,2,1,1
BRDA:71,3,0,2
BRDA:71,3,1,1
BRDA:72,4,0,2
BRDA:72,4,1,1
BRDA:73,5,0,2
BRDA:73,5,1,1
BRDA:74,6,0,2
BRDA:74,6,1,1
BRDA:79,7,0,1
BRDA:79,7,1,1
BRDA:86,8,0,2
BRDA:86,8,1,1
BRDA:96,9,0,2
BRDA:96,9,1,1
BRDA:99,10,0,2
BRDA:99,10,1,0
BRDA:99,11,0,2
BRDA:99,11,1,2
BRDA:99,11,2,1
BRDA:100,12,0,1
BRDA:100,12,1,1
BRDA:103,13,0,2
BRDA:103,13,1,2
BRDA:116,14,0,2
BRDA:116,14,1,1
BRDA:116,14,2,1
BRDA:127,15,0,1
BRDA:127,15,1,1
BRDA:136,16,0,2
BRDA:136,16,1,1
BRDA:143,17,0,2
BRDA:143,17,1,1
BRDA:145,18,0,2
BRDA:145,18,1,1
BRDA:146,19,0,2
BRDA:146,19,1,2
BRDA:146,19,2,1
BRDA:153,20,0,2
BRDA:153,20,1,2
BRDA:165,21,0,2
BRDA:165,21,1,1
BRDA:171,22,0,2
BRDA:171,22,1,0
BRDA:176,23,0,1
BRDA:176,23,1,1
BRDA:179,24,0,1
BRDA:179,24,1,1
BRDA:179,25,0,2
BRDA:179,25,1,1
BRDA:183,26,0,1
BRDA:183,26,1,1
BRDA:192,27,0,2
BRDA:192,27,1,1
BRDA:199,28,0,2
BRDA:199,28,1,1
BRDA:200,29,0,2
BRDA:200,29,1,1
BRDA:202,30,0,2
BRDA:202,30,1,1
BRF:65
BRH:63
end_of_record
TN:
SF:src\components\pdf-templates\ExecutivePdf.jsx
FN:10,ExecutivePdf
FN:157,(anonymous_1)
FN:169,(anonymous_2)
FN:212,(anonymous_3)
FN:232,(anonymous_4)
FN:244,(anonymous_5)
FN:259,(anonymous_6)
FNF:7
FNH:7
FNDA:2,ExecutivePdf
FNDA:2,(anonymous_1)
FNDA:2,(anonymous_2)
FNDA:2,(anonymous_3)
FNDA:2,(anonymous_4)
FNDA:2,(anonymous_5)
FNDA:2,(anonymous_6)
DA:11,2
DA:13,2
DA:120,2
DA:158,2
DA:170,2
DA:213,2
DA:233,2
DA:245,2
DA:260,2
LF:9
LH:9
BRDA:124,0,0,2
BRDA:124,0,1,1
BRDA:125,1,0,2
BRDA:125,1,1,1
BRDA:131,2,0,2
BRDA:131,2,1,1
BRDA:132,3,0,2
BRDA:132,3,1,1
BRDA:133,4,0,2
BRDA:133,4,1,1
BRDA:134,5,0,2
BRDA:134,5,1,1
BRDA:137,6,0,2
BRDA:137,6,1,1
BRDA:146,7,0,1
BRDA:146,7,1,1
BRDA:154,8,0,2
BRDA:154,8,1,1
BRDA:162,9,0,2
BRDA:162,9,1,1
BRDA:165,10,0,2
BRDA:165,10,1,0
BRDA:165,11,0,2
BRDA:165,11,1,2
BRDA:165,11,2,1
BRDA:166,12,0,1
BRDA:166,12,1,1
BRDA:169,13,0,2
BRDA:169,13,1,2
BRDA:181,14,0,2
BRDA:181,14,1,1
BRDA:181,14,2,1
BRDA:181,14,3,1
BRDA:181,14,4,1
BRDA:184,15,0,1
BRDA:184,15,1,0
BRDA:184,15,2,0
BRDA:184,15,3,1
BRDA:187,16,0,1
BRDA:187,16,1,1
BRDA:193,17,0,1
BRDA:193,17,1,1
BRDA:199,18,0,1
BRDA:199,18,1,1
BRDA:209,19,0,1
BRDA:209,19,1,1
BRDA:215,20,0,2
BRDA:215,20,1,1
BRDA:216,21,0,2
BRDA:216,21,1,1
BRDA:218,22,0,1
BRDA:218,22,1,1
BRDA:218,23,0,2
BRDA:218,23,1,1
BRDA:219,24,0,1
BRDA:219,24,1,1
BRDA:229,25,0,2
BRDA:229,25,1,1
BRDA:236,26,0,2
BRDA:236,26,1,1
BRDA:238,27,0,2
BRDA:238,27,1,1
BRDA:239,28,0,2
BRDA:239,28,1,2
BRDA:239,28,2,1
BRDA:244,29,0,2
BRDA:244,29,1,2
BRDA:256,30,0,2
BRDA:256,30,1,1
BRDA:263,31,0,2
BRDA:263,31,1,1
BRDA:264,32,0,2
BRDA:264,32,1,1
BRDA:266,33,0,2
BRDA:266,33,1,1
BRF:75
BRH:72
end_of_record
TN:
SF:src\components\pdf-templates\MinimalPdf.jsx
FN:10,MinimalPdf
FN:139,(anonymous_1)
FN:151,(anonymous_2)
FN:168,(anonymous_3)
FN:205,(anonymous_4)
FN:217,(anonymous_5)
FN:233,(anonymous_6)
FNF:7
FNH:7
FNDA:2,MinimalPdf
FNDA:2,(anonymous_1)
FNDA:2,(anonymous_2)
FNDA:2,(anonymous_3)
FNDA:2,(anonymous_4)
FNDA:2,(anonymous_5)
FNDA:2,(anonymous_6)
DA:11,2
DA:13,2
DA:102,2
DA:140,2
DA:152,2
DA:169,2
DA:206,2
DA:218,2
DA:234,2
LF:9
LH:9
BRDA:106,0,0,2
BRDA:106,0,1,1
BRDA:107,1,0,2
BRDA:107,1,1,1
BRDA:113,2,0,2
BRDA:113,2,1,1
BRDA:114,3,0,2
BRDA:114,3,1,1
BRDA:115,4,0,2
BRDA:115,4,1,1
BRDA:116,5,0,2
BRDA:116,5,1,1
BRDA:119,6,0,2
BRDA:119,6,1,1
BRDA:128,7,0,1
BRDA:128,7,1,1
BRDA:136,8,0,2
BRDA:136,8,1,1
BRDA:144,9,0,2
BRDA:144,9,1,1
BRDA:147,10,0,2
BRDA:147,10,1,0
BRDA:147,11,0,2
BRDA:147,11,1,2
BRDA:147,11,2,1
BRDA:148,12,0,1
BRDA:148,12,1,1
BRDA:151,13,0,2
BRDA:151,13,1,2
BRDA:165,14,0,2
BRDA:165,14,1,1
BRDA:172,15,0,2
BRDA:172,15,1,1
BRDA:173,16,0,2
BRDA:173,16,1,1
BRDA:174,17,0,2
BRDA:174,17,1,1
BRDA:177,18,0,1
BRDA:177,18,1,1
BRDA:177,19,0,2
BRDA:177,19,1,1
BRDA:185,20,0,2
BRDA:185,20,1,1
BRDA:185,20,2,1
BRDA:185,20,3,1
BRDA:188,21,0,1
BRDA:188,21,1,1
BRDA:191,22,0,1
BRDA:191,22,1,1
BRDA:194,23,0,1
BRDA:194,23,1,1
BRDA:201,24,0,2
BRDA:201,24,1,1
BRDA:209,25,0,2
BRDA:209,25,1,1
BRDA:211,26,0,2
BRDA:211,26,1,1
BRDA:212,27,0,2
BRDA:212,27,1,2
BRDA:212,27,2,1
BRDA:217,28,0,2
BRDA:217,28,1,2
BRDA:229,29,0,2
BRDA:229,29,1,1
BRDA:237,30,0,2
BRDA:237,30,1,1
BRDA:238,31,0,2
BRDA:238,31,1,1
BRDA:240,32,0,2
BRDA:240,32,1,1
BRF:70
BRH:69
end_of_record
TN:
SF:src\components\pdf-templates\ModernPdf.jsx
FN:10,ModernPdf
FN:13,(anonymous_1)
FN:15,(anonymous_2)
FN:96,(anonymous_3)
FN:99,(anonymous_4)
FN:110,(anonymous_5)
FN:120,(anonymous_6)
FN:151,(anonymous_7)
FN:161,(anonymous_8)
FN:176,(anonymous_9)
FN:198,(anonymous_10)
FN:207,(anonymous_11)
FN:212,(anonymous_12)
FNF:13
FNH:13
FNDA:2,ModernPdf
FNDA:2,(anonymous_1)
FNDA:2,(anonymous_2)
FNDA:2,(anonymous_3)
FNDA:2,(anonymous_4)
FNDA:2,(anonymous_5)
FNDA:2,(anonymous_6)
FNDA:2,(anonymous_7)
FNDA:2,(anonymous_8)
FNDA:2,(anonymous_9)
FNDA:2,(anonymous_10)
FNDA:2,(anonymous_11)
FNDA:2,(anonymous_12)
DA:11,2
DA:13,2
DA:14,2
DA:15,2
DA:18,2
DA:52,2
DA:97,2
DA:100,2
DA:111,2
DA:121,2
DA:152,2
DA:162,2
DA:177,2
DA:199,2
DA:208,2
DA:213,2
LF:16
LH:16
BRDA:14,0,0,1
BRDA:14,0,1,1
BRDA:64,1,0,2
BRDA:64,1,1,1
BRDA:69,2,0,2
BRDA:69,2,1,1
BRDA:74,3,0,2
BRDA:74,3,1,1
BRDA:79,4,0,2
BRDA:79,4,1,1
BRDA:84,5,0,2
BRDA:84,5,1,1
BRDA:92,6,0,2
BRDA:92,6,1,1
BRDA:92,6,2,1
BRDA:107,7,0,2
BRDA:107,7,1,1
BRDA:117,8,0,2
BRDA:117,8,1,1
BRDA:123,9,0,2
BRDA:123,9,1,1
BRDA:124,10,0,2
BRDA:124,10,1,1
BRDA:135,11,0,2
BRDA:135,11,1,1
BRDA:136,12,0,2
BRDA:136,12,1,1
BRDA:140,13,0,1
BRDA:140,13,1,1
BRDA:148,14,0,2
BRDA:148,14,1,1
BRDA:156,15,0,2
BRDA:156,15,1,0
BRDA:156,16,0,2
BRDA:156,16,1,2
BRDA:156,16,2,1
BRDA:157,17,0,1
BRDA:157,17,1,1
BRDA:160,18,0,2
BRDA:160,18,1,1
BRDA:161,19,0,2
BRDA:161,19,1,2
BRDA:173,20,0,2
BRDA:173,20,1,1
BRDA:180,21,0,1
BRDA:180,21,1,1
BRDA:183,22,0,1
BRDA:183,22,1,1
BRDA:187,23,0,1
BRDA:187,23,1,1
BRDA:187,24,0,2
BRDA:187,24,1,1
BRDA:195,25,0,2
BRDA:195,25,1,1
BRDA:202,26,0,2
BRDA:202,26,1,1
BRDA:204,27,0,2
BRDA:204,27,1,1
BRDA:205,28,0,2
BRDA:205,28,1,2
BRDA:205,28,2,1
BRDA:212,29,0,2
BRDA:212,29,1,2
BRF:63
BRH:62
end_of_record
TN:
SF:src\components\templates\ClassicTemplate.jsx
FN:5,ClassicTemplate
FN:70,(anonymous_1)
FN:84,(anonymous_2)
FN:98,(anonymous_3)
FN:134,(anonymous_4)
FN:146,(anonymous_5)
FN:160,(anonymous_6)
FNF:7
FNH:7
FNDA:8,ClassicTemplate
FNDA:14,(anonymous_1)
FNDA:32,(anonymous_2)
FNDA:8,(anonymous_3)
FNDA:8,(anonymous_4)
FNDA:8,(anonymous_5)
FNDA:8,(anonymous_6)
DA:6,8
DA:8,8
DA:27,8
DA:71,14
DA:85,32
DA:99,8
DA:135,8
DA:147,8
DA:161,8
LF:9
LH:9
BRDA:31,0,0,8
BRDA:31,0,1,1
BRDA:33,1,0,8
BRDA:33,1,1,1
BRDA:36,2,0,8
BRDA:36,2,1,7
BRDA:37,3,0,8
BRDA:37,3,1,7
BRDA:37,3,2,7
BRDA:38,4,0,8
BRDA:38,4,1,7
BRDA:39,5,0,8
BRDA:39,5,1,7
BRDA:39,5,2,7
BRDA:40,6,0,8
BRDA:40,6,1,7
BRDA:41,7,0,8
BRDA:41,7,1,7
BRDA:47,8,0,8
BRDA:47,8,1,7
BRDA:59,9,0,8
BRDA:59,9,1,7
BRDA:67,10,0,8
BRDA:67,10,1,7
BRDA:71,11,0,7
BRDA:71,11,1,7
BRDA:75,12,0,14
BRDA:75,12,1,13
BRDA:78,13,0,14
BRDA:78,13,1,14
BRDA:78,13,2,7
BRDA:78,13,3,14
BRDA:79,14,0,7
BRDA:79,14,1,7
BRDA:82,15,0,14
BRDA:82,15,1,14
BRDA:82,15,2,13
BRDA:95,16,0,8
BRDA:95,16,1,7
BRDA:102,17,0,8
BRDA:102,17,1,7
BRDA:103,18,0,8
BRDA:103,18,1,7
BRDA:104,19,0,8
BRDA:104,19,1,7
BRDA:107,20,0,8
BRDA:107,20,1,7
BRDA:107,20,2,7
BRDA:115,21,0,8
BRDA:115,21,1,1
BRDA:115,21,2,1
BRDA:115,21,3,7
BRDA:118,22,0,7
BRDA:118,22,1,7
BRDA:121,23,0,7
BRDA:121,23,1,7
BRDA:124,24,0,7
BRDA:124,24,1,7
BRDA:131,25,0,8
BRDA:131,25,1,7
BRDA:138,26,0,8
BRDA:138,26,1,1
BRDA:140,27,0,8
BRDA:140,27,1,7
BRDA:141,28,0,8
BRDA:141,28,1,7
BRDA:144,29,0,8
BRDA:144,29,1,7
BRDA:157,30,0,8
BRDA:157,30,1,7
BRDA:164,31,0,8
BRDA:164,31,1,7
BRDA:165,32,0,8
BRDA:165,32,1,1
BRDA:167,33,0,8
BRDA:167,33,1,7
BRF:76
BRH:76
end_of_record
TN:
SF:src\components\templates\CreativeTemplate.jsx
FN:7,CreativeTemplate
FN:79,(anonymous_1)
FN:100,(anonymous_2)
FN:116,(anonymous_3)
FN:119,(anonymous_4)
FN:135,(anonymous_5)
FN:144,(anonymous_6)
FN:151,(anonymous_7)
FN:165,(anonymous_8)
FN:192,(anonymous_9)
FNF:10
FNH:10
FNDA:7,CreativeTemplate
FNDA:12,(anonymous_1)
FNDA:27,(anonymous_2)
FNDA:32,(anonymous_3)
FNDA:12,(anonymous_4)
FNDA:7,(anonymous_5)
FNDA:17,(anonymous_6)
FNDA:7,(anonymous_7)
FNDA:7,(anonymous_8)
FNDA:7,(anonymous_9)
DA:8,7
DA:10,7
DA:34,7
DA:80,12
DA:101,27
DA:117,32
DA:120,12
DA:136,7
DA:145,17
DA:152,7
DA:166,7
DA:193,7
LF:12
LH:12
BRDA:38,0,0,7
BRDA:38,0,1,1
BRDA:40,1,0,7
BRDA:40,1,1,6
BRDA:46,2,0,7
BRDA:46,2,1,6
BRDA:49,3,0,7
BRDA:49,3,1,6
BRDA:52,4,0,7
BRDA:52,4,1,6
BRDA:55,5,0,7
BRDA:55,5,1,6
BRDA:60,6,0,7
BRDA:60,6,1,6
BRDA:69,7,0,7
BRDA:69,7,1,6
BRDA:76,8,0,7
BRDA:76,8,1,6
BRDA:83,9,0,12
BRDA:83,9,1,6
BRDA:91,10,0,12
BRDA:91,10,1,11
BRDA:94,11,0,12
BRDA:94,11,1,12
BRDA:94,11,2,6
BRDA:94,11,3,12
BRDA:95,12,0,6
BRDA:95,12,1,6
BRDA:98,13,0,12
BRDA:98,13,1,11
BRDA:112,14,0,7
BRDA:112,14,1,1
BRDA:112,14,2,6
BRDA:123,15,0,6
BRDA:123,15,1,6
BRDA:132,16,0,7
BRDA:132,16,1,6
BRDA:139,17,0,7
BRDA:139,17,1,1
BRDA:141,18,0,7
BRDA:141,18,1,6
BRDA:142,19,0,7
BRDA:142,19,1,6
BRDA:149,20,0,7
BRDA:149,20,1,6
BRDA:162,21,0,7
BRDA:162,21,1,6
BRDA:168,22,0,7
BRDA:168,22,1,0
BRDA:173,23,0,7
BRDA:173,23,1,6
BRDA:176,24,0,7
BRDA:176,24,1,6
BRDA:176,24,2,6
BRDA:180,25,0,7
BRDA:180,25,1,6
BRDA:189,26,0,7
BRDA:189,26,1,6
BRDA:196,27,0,7
BRDA:196,27,1,6
BRDA:197,28,0,7
BRDA:197,28,1,1
BRDA:199,29,0,7
BRDA:199,29,1,6
BRF:64
BRH:63
end_of_record
TN:
SF:src\components\templates\ExecutiveTemplate.jsx
FN:8,ExecutiveTemplate
FN:158,(anonymous_1)
FN:172,(anonymous_2)
FN:205,(anonymous_3)
FN:225,(anonymous_4)
FN:237,(anonymous_5)
FN:251,(anonymous_6)
FNF:7
FNH:7
FNDA:6,ExecutiveTemplate
FNDA:10,(anonymous_1)
FNDA:22,(anonymous_2)
FNDA:6,(anonymous_3)
FNDA:6,(anonymous_4)
FNDA:6,(anonymous_5)
FNDA:6,(anonymous_6)
DA:9,6
DA:11,6
DA:121,6
DA:159,10
DA:173,22
DA:206,6
DA:226,6
DA:238,6
DA:252,6
LF:9
LH:9
BRDA:125,0,0,6
BRDA:125,0,1,1
BRDA:126,1,0,6
BRDA:126,1,1,5
BRDA:132,2,0,6
BRDA:132,2,1,5
BRDA:133,3,0,6
BRDA:133,3,1,5
BRDA:134,4,0,6
BRDA:134,4,1,5
BRDA:135,5,0,6
BRDA:135,5,1,5
BRDA:138,6,0,6
BRDA:138,6,1,5
BRDA:147,7,0,6
BRDA:147,7,1,5
BRDA:155,8,0,6
BRDA:155,8,1,5
BRDA:159,9,0,5
BRDA:159,9,1,5
BRDA:163,10,0,10
BRDA:163,10,1,9
BRDA:166,11,0,10
BRDA:166,11,1,10
BRDA:166,11,2,5
BRDA:166,11,3,10
BRDA:167,12,0,5
BRDA:167,12,1,5
BRDA:170,13,0,10
BRDA:170,13,1,10
BRDA:170,13,2,9
BRDA:183,14,0,6
BRDA:183,14,1,1
BRDA:183,14,2,1
BRDA:183,14,3,1
BRDA:183,14,4,5
BRDA:186,15,0,5
BRDA:186,15,1,0
BRDA:186,15,2,0
BRDA:186,15,3,5
BRDA:189,16,0,5
BRDA:189,16,1,5
BRDA:192,17,0,5
BRDA:192,17,1,5
BRDA:195,18,0,5
BRDA:195,18,1,5
BRDA:202,19,0,5
BRDA:202,19,1,5
BRDA:208,20,0,6
BRDA:208,20,1,5
BRDA:209,21,0,6
BRDA:209,21,1,5
BRDA:211,22,0,6
BRDA:211,22,1,5
BRDA:211,22,2,5
BRDA:212,23,0,6
BRDA:212,23,1,5
BRDA:222,24,0,6
BRDA:222,24,1,5
BRDA:229,25,0,6
BRDA:229,25,1,1
BRDA:231,26,0,6
BRDA:231,26,1,5
BRDA:232,27,0,6
BRDA:232,27,1,5
BRDA:235,28,0,6
BRDA:235,28,1,5
BRDA:248,29,0,6
BRDA:248,29,1,5
BRDA:255,30,0,6
BRDA:255,30,1,5
BRDA:256,31,0,6
BRDA:256,31,1,1
BRDA:258,32,0,6
BRDA:258,32,1,5
BRF:75
BRH:73
end_of_record
TN:
SF:src\components\templates\MinimalTemplate.jsx
FN:8,MinimalTemplate
FN:132,(anonymous_1)
FN:146,(anonymous_2)
FN:164,(anonymous_3)
FN:202,(anonymous_4)
FN:214,(anonymous_5)
FN:231,(anonymous_6)
FNF:7
FNH:7
FNDA:6,MinimalTemplate
FNDA:10,(anonymous_1)
FNDA:22,(anonymous_2)
FNDA:6,(anonymous_3)
FNDA:6,(anonymous_4)
FNDA:6,(anonymous_5)
FNDA:6,(anonymous_6)
DA:9,6
DA:11,6
DA:95,6
DA:133,10
DA:147,22
DA:165,6
DA:203,6
DA:215,6
DA:232,6
LF:9
LH:9
BRDA:99,0,0,6
BRDA:99,0,1,1
BRDA:100,1,0,6
BRDA:100,1,1,5
BRDA:106,2,0,6
BRDA:106,2,1,5
BRDA:107,3,0,6
BRDA:107,3,1,5
BRDA:108,4,0,6
BRDA:108,4,1,5
BRDA:109,5,0,6
BRDA:109,5,1,5
BRDA:112,6,0,6
BRDA:112,6,1,5
BRDA:121,7,0,6
BRDA:121,7,1,5
BRDA:129,8,0,6
BRDA:129,8,1,5
BRDA:133,9,0,5
BRDA:133,9,1,5
BRDA:137,10,0,10
BRDA:137,10,1,9
BRDA:140,11,0,10
BRDA:140,11,1,10
BRDA:140,11,2,5
BRDA:140,11,3,10
BRDA:141,12,0,5
BRDA:141,12,1,5
BRDA:144,13,0,10
BRDA:144,13,1,10
BRDA:144,13,2,9
BRDA:156,14,0,6
BRDA:156,14,1,5
BRDA:156,14,2,0
BRDA:156,14,3,5
BRDA:161,15,0,6
BRDA:161,15,1,5
BRDA:168,16,0,6
BRDA:168,16,1,5
BRDA:169,17,0,6
BRDA:169,17,1,5
BRDA:170,18,0,6
BRDA:170,18,1,5
BRDA:173,19,0,6
BRDA:173,19,1,5
BRDA:173,19,2,5
BRDA:181,20,0,6
BRDA:181,20,1,1
BRDA:181,20,2,1
BRDA:181,20,3,5
BRDA:184,21,0,5
BRDA:184,21,1,5
BRDA:187,22,0,5
BRDA:187,22,1,5
BRDA:190,23,0,5
BRDA:190,23,1,5
BRDA:197,24,0,6
BRDA:197,24,1,5
BRDA:206,25,0,6
BRDA:206,25,1,1
BRDA:208,26,0,6
BRDA:208,26,1,5
BRDA:209,27,0,6
BRDA:209,27,1,5
BRDA:212,28,0,6
BRDA:212,28,1,5
BRDA:226,29,0,6
BRDA:226,29,1,5
BRDA:235,30,0,6
BRDA:235,30,1,5
BRDA:236,31,0,6
BRDA:236,31,1,1
BRDA:238,32,0,6
BRDA:238,32,1,5
BRF:74
BRH:73
end_of_record
TN:
SF:src\components\templates\ModernTemplate.jsx
FN:7,ModernTemplate
FN:10,(anonymous_1)
FN:12,(anonymous_2)
FN:81,(anonymous_3)
FN:84,(anonymous_4)
FN:94,(anonymous_5)
FN:103,(anonymous_6)
FN:131,(anonymous_7)
FN:143,(anonymous_8)
FN:156,(anonymous_9)
FN:177,(anonymous_10)
FN:186,(anonymous_11)
FN:193,(anonymous_12)
FNF:13
FNH:13
FNDA:7,ModernTemplate
FNDA:7,(anonymous_1)
FNDA:12,(anonymous_2)
FNDA:32,(anonymous_3)
FNDA:12,(anonymous_4)
FNDA:12,(anonymous_5)
FNDA:7,(anonymous_6)
FNDA:12,(anonymous_7)
FNDA:27,(anonymous_8)
FNDA:7,(anonymous_9)
FNDA:7,(anonymous_10)
FNDA:17,(anonymous_11)
FNDA:7,(anonymous_12)
DA:8,7
DA:10,7
DA:11,7
DA:12,12
DA:15,7
DA:37,7
DA:82,32
DA:85,12
DA:95,12
DA:104,7
DA:132,12
DA:144,27
DA:157,7
DA:178,7
DA:187,17
DA:194,7
LF:16
LH:16
BRDA:11,0,0,1
BRDA:11,0,1,6
BRDA:45,1,0,7
BRDA:45,1,1,6
BRDA:51,2,0,7
BRDA:51,2,1,6
BRDA:57,3,0,7
BRDA:57,3,1,6
BRDA:63,4,0,7
BRDA:63,4,1,6
BRDA:69,5,0,7
BRDA:69,5,1,6
BRDA:77,6,0,7
BRDA:77,6,1,1
BRDA:77,6,2,6
BRDA:91,7,0,7
BRDA:91,7,1,6
BRDA:100,8,0,7
BRDA:100,8,1,6
BRDA:106,9,0,7
BRDA:106,9,1,6
BRDA:107,10,0,7
BRDA:107,10,1,6
BRDA:117,11,0,7
BRDA:117,11,1,1
BRDA:118,12,0,7
BRDA:118,12,1,1
BRDA:121,13,0,7
BRDA:121,13,1,6
BRDA:128,14,0,7
BRDA:128,14,1,6
BRDA:136,15,0,12
BRDA:136,15,1,12
BRDA:136,15,2,6
BRDA:136,15,3,12
BRDA:137,16,0,6
BRDA:137,16,1,6
BRDA:140,17,0,12
BRDA:140,17,1,11
BRDA:141,18,0,12
BRDA:141,18,1,11
BRDA:153,19,0,7
BRDA:153,19,1,6
BRDA:160,20,0,7
BRDA:160,20,1,6
BRDA:163,21,0,7
BRDA:163,21,1,6
BRDA:167,22,0,7
BRDA:167,22,1,6
BRDA:167,22,2,6
BRDA:174,23,0,7
BRDA:174,23,1,6
BRDA:181,24,0,7
BRDA:181,24,1,1
BRDA:183,25,0,7
BRDA:183,25,1,6
BRDA:184,26,0,7
BRDA:184,26,1,6
BRDA:191,27,0,7
BRDA:191,27,1,6
BRF:60
BRH:60
end_of_record
TN:
SF:src\constants\atsMetrics.js
FNF:0
FNH:0
DA:5,1
LF:1
LH:1
BRF:0
BRH:0
end_of_record
TN:
SF:src\constants\sectionTypes.js
FNF:0
FNH:0
DA:7,1
LF:1
LH:1
BRF:0
BRH:0
end_of_record
TN:
SF:src\constants\templates.js
FNF:0
FNH:0
DA:1,6
LF:1
LH:1
BRF:0
BRH:0
end_of_record
TN:
SF:src\context\AuthContext.jsx
FN:10,AuthProvider
FN:14,(anonymous_1)
FN:15,(anonymous_2)
FN:34,(anonymous_3)
FN:39,(anonymous_4)
FNF:5
FNH:5
FNDA:13,AuthProvider
FNDA:5,(anonymous_1)
FNDA:5,(anonymous_2)
FNDA:2,(anonymous_3)
FNDA:1,(anonymous_4)
DA:8,4
DA:11,13
DA:12,13
DA:14,13
DA:15,5
DA:16,5
DA:17,5
DA:18,3
DA:19,3
DA:22,2
DA:23,2
DA:24,1
DA:26,1
DA:28,2
DA:31,5
DA:34,13
DA:35,2
DA:36,2
DA:39,13
DA:40,1
DA:41,1
DA:44,13
LF:22
LH:22
BRDA:17,0,0,3
BRDA:17,0,1,2
BRF:2
BRH:2
end_of_record
TN:
SF:src\context\ResumeContext.jsx
FN:33,ResumeProvider
FN:41,(anonymous_1)
FN:42,(anonymous_2)
FN:49,(anonymous_3)
FN:50,(anonymous_4)
FN:54,(anonymous_5)
FN:55,(anonymous_6)
FN:58,(anonymous_7)
FN:59,(anonymous_8)
FN:63,(anonymous_9)
FN:68,(anonymous_10)
FN:73,(anonymous_11)
FNF:12
FNH:12
FNDA:21,ResumeProvider
FNDA:1,(anonymous_1)
FNDA:1,(anonymous_2)
FNDA:1,(anonymous_3)
FNDA:1,(anonymous_4)
FNDA:1,(anonymous_5)
FNDA:1,(anonymous_6)
FNDA:3,(anonymous_7)
FNDA:3,(anonymous_8)
FNDA:2,(anonymous_9)
FNDA:1,(anonymous_10)
FNDA:19,(anonymous_11)
DA:10,15
DA:12,15
DA:34,21
DA:35,21
DA:36,21
DA:37,21
DA:38,21
DA:39,21
DA:41,21
DA:42,1
DA:46,1
DA:49,21
DA:50,1
DA:51,1
DA:54,21
DA:55,1
DA:58,21
DA:59,3
DA:60,3
DA:63,21
DA:64,2
DA:65,2
DA:68,21
DA:69,1
DA:70,1
DA:73,21
DA:74,19
DA:82,19
DA:83,19
DA:86,21
DA:97,21
LF:31
LH:31
BRF:0
BRH:0
end_of_record
TN:
SF:src\pages\BuilderPage\index.jsx
FN:21,BuilderContent
FN:31,(anonymous_1)
FN:32,(anonymous_2)
FN:46,(anonymous_3)
FN:49,(anonymous_4)
FN:67,(anonymous_5)
FN:70,(anonymous_6)
FN:130,BuilderPage
FNF:8
FNH:5
FNDA:5,BuilderContent
FNDA:3,(anonymous_1)
FNDA:3,(anonymous_2)
FNDA:4,(anonymous_3)
FNDA:0,(anonymous_4)
FNDA:0,(anonymous_5)
FNDA:0,(anonymous_6)
FNDA:3,BuilderPage
DA:22,5
DA:27,5
DA:28,5
DA:31,5
DA:32,3
DA:33,3
DA:34,3
DA:35,1
DA:37,1
DA:39,2
DA:42,3
DA:46,5
DA:47,4
DA:49,0
DA:50,0
DA:51,0
DA:52,0
DA:59,0
DA:60,0
DA:62,0
DA:64,0
DA:67,0
DA:70,5
DA:71,0
DA:72,0
DA:77,5
DA:78,3
DA:88,2
DA:90,2
DA:131,3
LF:30
LH:19
BRDA:47,0,0,4
BRDA:47,0,1,0
BRDA:47,1,0,4
BRDA:47,1,1,0
BRDA:71,2,0,0
BRDA:71,2,1,0
BRDA:77,3,0,3
BRDA:77,3,1,2
BRDA:100,4,0,0
BRDA:100,4,1,2
BRDA:105,5,0,0
BRDA:105,5,1,2
BRF:12
BRH:6
end_of_record
TN:
SF:src\pages\DashboardPage\index.jsx
FN:14,DashboardPage
FN:19,(anonymous_1)
FN:23,(anonymous_2)
FN:33,(anonymous_3)
FN:38,(anonymous_4)
FN:38,(anonymous_5)
FN:45,(anonymous_6)
FN:51,(anonymous_7)
FN:51,(anonymous_8)
FN:89,(anonymous_9)
FN:94,(anonymous_10)
FN:111,(anonymous_11)
FNF:12
FNH:0
FNDA:0,DashboardPage
FNDA:0,(anonymous_1)
FNDA:0,(anonymous_2)
FNDA:0,(anonymous_3)
FNDA:0,(anonymous_4)
FNDA:0,(anonymous_5)
FNDA:0,(anonymous_6)
FNDA:0,(anonymous_7)
FNDA:0,(anonymous_8)
FNDA:0,(anonymous_9)
FNDA:0,(anonymous_10)
FNDA:0,(anonymous_11)
DA:15,0
DA:16,0
DA:17,0
DA:19,0
DA:20,0
DA:23,0
DA:24,0
DA:25,0
DA:26,0
DA:28,0
DA:30,0
DA:33,0
DA:34,0
DA:35,0
DA:36,0
DA:37,0
DA:38,0
DA:39,0
DA:41,0
DA:45,0
DA:46,0
DA:51,0
DA:53,0
DA:90,0
DA:91,0
DA:94,0
DA:111,0
LF:27
LH:0
BRDA:35,0,0,0
BRDA:35,0,1,0
BRDA:51,1,0,0
BRDA:51,1,1,0
BRDA:63,2,0,0
BRDA:63,2,1,0
BRDA:69,3,0,0
BRDA:69,3,1,0
BRDA:76,4,0,0
BRDA:76,4,1,0
BRDA:76,4,2,0
BRDA:87,5,0,0
BRDA:87,5,1,0
BRDA:87,5,2,0
BRDA:106,6,0,0
BRDA:106,6,1,0
BRDA:119,7,0,0
BRDA:119,7,1,0
BRDA:128,8,0,0
BRDA:128,8,1,0
BRDA:129,9,0,0
BRDA:129,9,1,0
BRF:22
BRH:0
end_of_record
TN:
SF:src\pages\HomePage\index.jsx
FN:29,HomePage
FN:44,(anonymous_1)
FN:48,(anonymous_2)
FN:58,(anonymous_3)
FN:73,(anonymous_4)
FN:100,(anonymous_5)
FN:106,(anonymous_6)
FN:112,(anonymous_7)
FN:128,(anonymous_8)
FN:143,(anonymous_9)
FN:148,(anonymous_10)
FN:169,(anonymous_11)
FN:170,(anonymous_12)
FN:174,(anonymous_13)
FN:199,(anonymous_14)
FN:202,(anonymous_15)
FN:203,(anonymous_16)
FN:206,(anonymous_17)
FN:215,(anonymous_18)
FN:246,(anonymous_19)
FN:256,(anonymous_20)
FN:264,(anonymous_21)
FN:269,(anonymous_22)
FN:277,(anonymous_23)
FN:305,(anonymous_24)
FN:319,(anonymous_25)
FN:324,(anonymous_26)
FNF:27
FNH:15
FNDA:20,HomePage
FNDA:6,(anonymous_1)
FNDA:6,(anonymous_2)
FNDA:1,(anonymous_3)
FNDA:0,(anonymous_4)
FNDA:2,(anonymous_5)
FNDA:1,(anonymous_6)
FNDA:0,(anonymous_7)
FNDA:60,(anonymous_8)
FNDA:60,(anonymous_9)
FNDA:0,(anonymous_10)
FNDA:2,(anonymous_11)
FNDA:3,(anonymous_12)
FNDA:0,(anonymous_13)
FNDA:0,(anonymous_14)
FNDA:0,(anonymous_15)
FNDA:0,(anonymous_16)
FNDA:0,(anonymous_17)
FNDA:0,(anonymous_18)
FNDA:1,(anonymous_19)
FNDA:1,(anonymous_20)
FNDA:25,(anonymous_21)
FNDA:0,(anonymous_22)
FNDA:1,(anonymous_23)
FNDA:0,(anonymous_24)
FNDA:0,(anonymous_25)
FNDA:1,(anonymous_26)
DA:21,1
DA:30,20
DA:31,20
DA:33,20
DA:34,20
DA:35,20
DA:36,20
DA:37,20
DA:38,20
DA:39,20
DA:40,20
DA:41,20
DA:42,20
DA:44,20
DA:45,6
DA:48,20
DA:49,6
DA:50,6
DA:51,5
DA:53,1
DA:55,6
DA:58,20
DA:59,1
DA:60,1
DA:61,1
DA:66,1
DA:67,1
DA:69,0
DA:73,20
DA:74,0
DA:75,0
DA:76,0
DA:77,0
DA:78,0
DA:79,0
DA:80,0
DA:81,0
DA:83,0
DA:85,0
DA:88,20
DA:100,2
DA:106,1
DA:112,0
DA:129,60
DA:144,60
DA:148,0
DA:170,3
DA:171,2
DA:174,0
DA:200,0
DA:201,0
DA:202,0
DA:203,0
DA:206,0
DA:216,0
DA:217,0
DA:218,0
DA:246,1
DA:256,1
DA:265,25
DA:269,0
DA:277,1
DA:305,0
DA:319,0
DA:324,1
LF:65
LH:40
BRDA:62,0,0,1
BRDA:62,0,1,0
BRDA:74,1,0,0
BRDA:74,1,1,0
BRDA:83,2,0,0
BRDA:83,2,1,0
BRDA:160,3,0,20
BRDA:160,3,1,14
BRDA:160,3,2,1
BRDA:170,4,0,2
BRDA:170,4,1,0
BRDA:183,5,0,2
BRDA:183,5,1,2
BRDA:199,6,0,20
BRDA:199,6,1,0
BRDA:200,7,0,0
BRDA:200,7,1,0
BRDA:236,8,0,20
BRDA:236,8,1,5
BRDA:292,9,0,20
BRDA:292,9,1,1
BRDA:298,10,0,1
BRDA:298,10,1,0
BRDA:300,11,0,0
BRDA:300,11,1,1
BRDA:305,12,0,0
BRDA:305,12,1,0
BRDA:312,13,0,1
BRDA:312,13,1,0
BRDA:325,14,0,1
BRDA:325,14,1,0
BRF:31
BRH:16
end_of_record
TN:
SF:src\pages\LandingPage\index.jsx
FN:20,LandingPage
FN:147,(anonymous_1)
FN:166,(anonymous_2)
FN:183,(anonymous_3)
FN:184,(anonymous_4)
FNF:5
FNH:4
FNDA:6,LandingPage
FNDA:24,(anonymous_1)
FNDA:18,(anonymous_2)
FNDA:18,(anonymous_3)
FNDA:0,(anonymous_4)
DA:21,6
DA:44,6
DA:50,6
DA:148,24
DA:167,18
DA:184,18
LF:6
LH:6
BRF:0
BRH:0
end_of_record
TN:
SF:src\pages\LoginPage\index.jsx
FN:16,LoginPage
FN:26,(anonymous_1)
FN:42,(anonymous_2)
FN:57,(anonymous_3)
FN:96,(anonymous_4)
FN:133,(anonymous_5)
FN:161,(anonymous_6)
FN:173,(anonymous_7)
FN:184,(anonymous_8)
FN:204,(anonymous_9)
FNF:10
FNH:0
FNDA:0,LoginPage
FNDA:0,(anonymous_1)
FNDA:0,(anonymous_2)
FNDA:0,(anonymous_3)
FNDA:0,(anonymous_4)
FNDA:0,(anonymous_5)
FNDA:0,(anonymous_6)
FNDA:0,(anonymous_7)
FNDA:0,(anonymous_8)
FNDA:0,(anonymous_9)
DA:17,0
DA:18,0
DA:19,0
DA:20,0
DA:21,0
DA:22,0
DA:23,0
DA:26,0
DA:27,0
DA:28,0
DA:29,0
DA:30,0
DA:33,0
DA:34,0
DA:35,0
DA:37,0
DA:39,0
DA:42,0
DA:43,0
DA:45,0
DA:46,0
DA:47,0
DA:48,0
DA:50,0
DA:51,0
DA:55,0
DA:57,0
DA:61,0
DA:67,0
DA:97,0
DA:133,0
DA:161,0
DA:173,0
DA:184,0
DA:204,0
LF:35
LH:0
BRDA:30,0,0,0
BRDA:30,0,1,0
BRDA:34,1,0,0
BRDA:34,1,1,0
BRDA:37,2,0,0
BRDA:37,2,1,0
BRDA:123,3,0,0
BRDA:123,3,1,0
BRDA:126,4,0,0
BRDA:126,4,1,0
BRDA:143,5,0,0
BRDA:143,5,1,0
BRDA:155,6,0,0
BRDA:155,6,1,0
BRDA:194,7,0,0
BRDA:194,7,1,0
BRDA:197,8,0,0
BRDA:197,8,1,0
BRDA:197,9,0,0
BRDA:197,9,1,0
BRDA:202,10,0,0
BRDA:202,10,1,0
BRDA:207,11,0,0
BRDA:207,11,1,0
BRF:24
BRH:0
end_of_record
TN:
SF:src\pages\TemplatesPage\index.jsx
FN:27,TemplatesPage
FN:35,(anonymous_1)
FN:60,(anonymous_2)
FN:68,(anonymous_3)
FN:76,(anonymous_4)
FN:79,(anonymous_5)
FN:80,(anonymous_6)
FN:83,(anonymous_7)
FN:92,(anonymous_8)
FN:129,(anonymous_9)
FN:139,(anonymous_10)
FN:145,(anonymous_11)
FN:148,(anonymous_12)
FNF:13
FNH:0
FNDA:0,TemplatesPage
FNDA:0,(anonymous_1)
FNDA:0,(anonymous_2)
FNDA:0,(anonymous_3)
FNDA:0,(anonymous_4)
FNDA:0,(anonymous_5)
FNDA:0,(anonymous_6)
FNDA:0,(anonymous_7)
FNDA:0,(anonymous_8)
FNDA:0,(anonymous_9)
FNDA:0,(anonymous_10)
FNDA:0,(anonymous_11)
FNDA:0,(anonymous_12)
DA:20,0
DA:25,0
DA:28,0
DA:29,0
DA:30,0
DA:31,0
DA:32,0
DA:33,0
DA:35,0
DA:36,0
DA:37,0
DA:38,0
DA:43,0
DA:44,0
DA:46,0
DA:50,0
DA:61,0
DA:68,0
DA:77,0
DA:78,0
DA:79,0
DA:80,0
DA:83,0
DA:93,0
DA:94,0
DA:95,0
DA:129,0
DA:139,0
DA:145,0
DA:148,0
LF:30
LH:0
BRDA:39,0,0,0
BRDA:39,0,1,0
BRDA:62,1,0,0
BRDA:62,1,1,0
BRDA:76,2,0,0
BRDA:76,2,1,0
BRDA:77,3,0,0
BRDA:77,3,1,0
BRDA:119,4,0,0
BRDA:119,4,1,0
BRF:10
BRH:0
end_of_record
TN:
SF:src\pages\VersionsPage\index.jsx
FN:16,VersionsPage
FN:24,(anonymous_1)
FN:28,(anonymous_2)
FN:40,(anonymous_3)
FN:59,(anonymous_4)
FN:68,(anonymous_5)
FN:72,(anonymous_6)
FN:72,(anonymous_7)
FN:91,(anonymous_8)
FN:105,(anonymous_9)
FN:108,(anonymous_10)
FN:118,(anonymous_11)
FNF:12
FNH:11
FNDA:28,VersionsPage
FNDA:9,(anonymous_1)
FNDA:10,(anonymous_2)
FNDA:3,(anonymous_3)
FNDA:2,(anonymous_4)
FNDA:2,(anonymous_5)
FNDA:1,(anonymous_6)
FNDA:1,(anonymous_7)
FNDA:3,(anonymous_8)
FNDA:2,(anonymous_9)
FNDA:0,(anonymous_10)
FNDA:1,(anonymous_11)
DA:17,28
DA:18,28
DA:19,28
DA:20,28
DA:21,28
DA:22,28
DA:24,28
DA:25,9
DA:28,28
DA:29,10
DA:30,10
DA:31,10
DA:32,8
DA:34,1
DA:36,9
DA:40,28
DA:41,3
DA:42,1
DA:43,1
DA:45,2
DA:46,2
DA:47,2
DA:48,1
DA:49,1
DA:50,1
DA:51,1
DA:53,1
DA:55,2
DA:59,28
DA:60,2
DA:61,2
DA:62,1
DA:64,1
DA:68,28
DA:69,2
DA:70,2
DA:71,1
DA:72,1
DA:74,1
DA:78,28
DA:91,3
DA:105,2
DA:108,0
DA:118,1
LF:44
LH:43
BRDA:41,0,0,1
BRDA:41,0,1,2
BRDA:98,1,0,28
BRDA:98,1,1,8
BRDA:108,2,0,0
BRDA:108,2,1,0
BRDA:113,3,0,2
BRDA:113,3,1,6
BRDA:115,4,0,2
BRDA:115,4,1,6
BRDA:128,5,0,9
BRDA:128,5,1,19
BRDA:132,6,0,15
BRDA:132,6,1,4
BRF:14
BRH:12
end_of_record
TN:
SF:src\services\aiService.js
FN:8,(anonymous_0)
FN:13,(anonymous_1)
FN:18,(anonymous_2)
FN:23,(anonymous_3)
FN:28,(anonymous_4)
FN:33,(anonymous_5)
FN:38,(anonymous_6)
FN:43,(anonymous_7)
FNF:8
FNH:8
FNDA:4,(anonymous_0)
FNDA:3,(anonymous_1)
FNDA:3,(anonymous_2)
FNDA:3,(anonymous_3)
FNDA:1,(anonymous_4)
FNDA:1,(anonymous_5)
FNDA:1,(anonymous_6)
FNDA:6,(anonymous_7)
DA:8,7
DA:9,4
DA:10,4
DA:13,7
DA:14,3
DA:15,2
DA:18,7
DA:19,3
DA:20,2
DA:23,7
DA:24,3
DA:25,2
DA:28,7
DA:29,1
DA:30,1
DA:33,7
DA:34,1
DA:35,1
DA:38,7
DA:39,1
DA:40,1
DA:43,7
DA:44,6
DA:45,6
LF:24
LH:24
BRDA:8,0,0,3
BRF:1
BRH:1
end_of_record
TN:
SF:src\services\api.js
FN:8,(anonymous_0)
FN:38,(anonymous_1)
FN:40,(anonymous_2)
FN:45,(anonymous_3)
FN:50,(anonymous_4)
FNF:5
FNH:5
FNDA:49,(anonymous_0)
FNDA:15,(anonymous_1)
FNDA:27,(anonymous_2)
FNDA:4,(anonymous_3)
FNDA:3,(anonymous_4)
DA:6,14
DA:8,14
DA:9,49
DA:10,49
DA:12,49
DA:13,3
DA:17,49
DA:18,47
DA:21,49
DA:26,49
DA:28,48
DA:29,5
DA:30,5
DA:31,5
DA:34,43
DA:37,14
DA:38,15
DA:40,27
DA:45,4
DA:50,3
LF:20
LH:20
BRDA:6,0,0,14
BRDA:6,0,1,14
BRDA:8,1,0,15
BRDA:12,2,0,3
BRDA:12,2,1,46
BRDA:17,3,0,47
BRDA:17,3,1,2
BRDA:28,4,0,5
BRDA:28,4,1,43
BRDA:29,5,0,5
BRDA:29,5,1,3
BRDA:42,6,0,2
BRDA:42,6,1,25
BRF:13
BRH:13
end_of_record
TN:
SF:src\services\authService.js
FN:8,(anonymous_0)
FN:13,(anonymous_1)
FN:18,(anonymous_2)
FN:23,(anonymous_3)
FN:28,(anonymous_4)
FNF:5
FNH:5
FNDA:1,(anonymous_0)
FNDA:1,(anonymous_1)
FNDA:1,(anonymous_2)
FNDA:3,(anonymous_3)
FNDA:1,(anonymous_4)
DA:8,5
DA:9,1
DA:10,1
DA:13,5
DA:14,1
DA:15,1
DA:18,5
DA:19,1
DA:20,1
DA:23,5
DA:24,3
DA:25,2
DA:28,5
DA:29,1
DA:30,1
LF:15
LH:15
BRF:0
BRH:0
end_of_record
TN:
SF:src\services\resumeService.js
FN:8,(anonymous_0)
FN:13,(anonymous_1)
FN:18,(anonymous_2)
FN:23,(anonymous_3)
FN:28,(anonymous_4)
FN:33,(anonymous_5)
FN:38,(anonymous_6)
FN:43,(anonymous_7)
FN:48,(anonymous_8)
FN:53,(anonymous_9)
FN:58,(anonymous_10)
FN:63,(anonymous_11)
FNF:12
FNH:12
FNDA:2,(anonymous_0)
FNDA:1,(anonymous_1)
FNDA:1,(anonymous_2)
FNDA:1,(anonymous_3)
FNDA:1,(anonymous_4)
FNDA:1,(anonymous_5)
FNDA:1,(anonymous_6)
FNDA:1,(anonymous_7)
FNDA:1,(anonymous_8)
FNDA:1,(anonymous_9)
FNDA:1,(anonymous_10)
FNDA:1,(anonymous_11)
DA:8,1
DA:9,2
DA:10,2
DA:13,1
DA:14,1
DA:15,1
DA:18,1
DA:19,1
DA:20,1
DA:23,1
DA:24,1
DA:25,1
DA:28,1
DA:29,1
DA:30,1
DA:33,1
DA:34,1
DA:35,1
DA:38,1
DA:39,1
DA:40,1
DA:43,1
DA:44,1
DA:45,1
DA:48,1
DA:49,1
DA:50,1
DA:53,1
DA:54,1
DA:55,1
DA:58,1
DA:59,1
DA:60,1
DA:63,1
DA:64,1
DA:65,1
DA:66,1
DA:67,1
LF:38
LH:38
BRDA:8,0,0,1
BRF:1
BRH:1
end_of_record
TN:
SF:src\utils\test-utils.jsx
FN:9,(anonymous_0)
FN:19,(anonymous_1)
FNF:2
FNH:0
FNDA:0,(anonymous_0)
FNDA:0,(anonymous_1)
DA:9,0
DA:13,0
DA:19,0
DA:20,0
DA:33,0
LF:5
LH:0
BRDA:9,0,0,0
BRDA:11,1,0,0
BRF:2
BRH:0
end_of_record
